<?xml version="1.0" encoding="UTF-8"?>
<testsuite name="kr.co.greetech.back.controller.MeasureDataControllerTest" tests="2" skipped="0" failures="0" errors="0" timestamp="2021-12-28T00:50:33" hostname="LAPTOP-JLJ2VI1H" time="1.061">
  <properties/>
  <testcase name="select()" classname="kr.co.greetech.back.controller.MeasureDataControllerTest" time="0.828"/>
  <testcase name="add()" classname="kr.co.greetech.back.controller.MeasureDataControllerTest" time="0.23"/>
  <system-out><![CDATA[2021-12-28 09:50:33.879  INFO 2316 --- [    Test worker] .b.t.c.SpringBootTestContextBootstrapper : Neither @ContextConfiguration nor @ContextHierarchy found for test class [kr.co.greetech.back.controller.MeasureDataControllerTest], using SpringBootContextLoader
2021-12-28 09:50:33.888  INFO 2316 --- [    Test worker] o.s.t.c.support.AbstractContextLoader    : Could not detect default resource locations for test class [kr.co.greetech.back.controller.MeasureDataControllerTest]: no resource found for suffixes {-context.xml, Context.groovy}.
2021-12-28 09:50:33.889  INFO 2316 --- [    Test worker] t.c.s.AnnotationConfigContextLoaderUtils : Could not detect default configuration classes for test class [kr.co.greetech.back.controller.MeasureDataControllerTest]: MeasureDataControllerTest does not declare any static, non-private, non-final, nested classes annotated with @Configuration.
2021-12-28 09:50:33.897  INFO 2316 --- [    Test worker] .b.t.c.SpringBootTestContextBootstrapper : Found @SpringBootConfiguration kr.co.greetech.back.BackApplication for test class kr.co.greetech.back.controller.MeasureDataControllerTest
2021-12-28 09:50:33.910  INFO 2316 --- [    Test worker] .b.t.c.SpringBootTestContextBootstrapper : Loaded default TestExecutionListener class names from location [META-INF/spring.factories]: [org.springframework.boot.test.autoconfigure.restdocs.RestDocsTestExecutionListener, org.springframework.boot.test.autoconfigure.web.client.MockRestServiceServerResetTestExecutionListener, org.springframework.boot.test.autoconfigure.web.servlet.MockMvcPrintOnlyOnFailureTestExecutionListener, org.springframework.boot.test.autoconfigure.web.servlet.WebDriverTestExecutionListener, org.springframework.boot.test.autoconfigure.webservices.client.MockWebServiceServerTestExecutionListener, org.springframework.boot.test.mock.mockito.MockitoTestExecutionListener, org.springframework.boot.test.mock.mockito.ResetMocksTestExecutionListener, org.springframework.test.context.web.ServletTestExecutionListener, org.springframework.test.context.support.DirtiesContextBeforeModesTestExecutionListener, org.springframework.test.context.event.ApplicationEventsTestExecutionListener, org.springframework.test.context.support.DependencyInjectionTestExecutionListener, org.springframework.test.context.support.DirtiesContextTestExecutionListener, org.springframework.test.context.transaction.TransactionalTestExecutionListener, org.springframework.test.context.jdbc.SqlScriptsTestExecutionListener, org.springframework.test.context.event.EventPublishingTestExecutionListener]
2021-12-28 09:50:33.911  INFO 2316 --- [    Test worker] .b.t.c.SpringBootTestContextBootstrapper : Using TestExecutionListeners: [org.springframework.test.context.web.ServletTestExecutionListener@12c1826, org.springframework.test.context.support.DirtiesContextBeforeModesTestExecutionListener@107ac2b6, org.springframework.test.context.event.ApplicationEventsTestExecutionListener@6e057374, org.springframework.boot.test.mock.mockito.MockitoTestExecutionListener@113b39e9, org.springframework.boot.test.autoconfigure.SpringBootDependencyInjectionTestExecutionListener@70b7fec0, org.springframework.test.context.support.DirtiesContextTestExecutionListener@361eed12, org.springframework.test.context.transaction.TransactionalTestExecutionListener@73c5b676, org.springframework.test.context.jdbc.SqlScriptsTestExecutionListener@3bf92d96, org.springframework.test.context.event.EventPublishingTestExecutionListener@747795d7, org.springframework.boot.test.autoconfigure.restdocs.RestDocsTestExecutionListener@35408036, org.springframework.boot.test.autoconfigure.web.client.MockRestServiceServerResetTestExecutionListener@6be8e6ee, org.springframework.boot.test.autoconfigure.web.servlet.MockMvcPrintOnlyOnFailureTestExecutionListener@198fe398, org.springframework.boot.test.autoconfigure.web.servlet.WebDriverTestExecutionListener@511e0453, org.springframework.boot.test.autoconfigure.webservices.client.MockWebServiceServerTestExecutionListener@60ee6f76, org.springframework.boot.test.mock.mockito.ResetMocksTestExecutionListener@4c1d2a13]
2021-12-28 09:50:33.933  INFO 2316 --- [    Test worker] o.s.t.c.transaction.TransactionContext   : Began transaction (1) for test context [DefaultTestContext@3d1b91d1 testClass = MeasureDataControllerTest, testInstance = kr.co.greetech.back.controller.MeasureDataControllerTest@5304ac92, testMethod = select@MeasureDataControllerTest, testException = [null], mergedContextConfiguration = [WebMergedContextConfiguration@71669835 testClass = MeasureDataControllerTest, locations = '{}', classes = '{class kr.co.greetech.back.BackApplication}', contextInitializerClasses = '[]', activeProfiles = '{}', propertySourceLocations = '{}', propertySourceProperties = '{org.springframework.boot.test.context.SpringBootTestContextBootstrapper=true}', contextCustomizers = set[org.springframework.boot.test.autoconfigure.actuate.metrics.MetricsExportContextCustomizerFactory$DisableMetricExportContextCustomizer@59d2103b, org.springframework.boot.test.autoconfigure.properties.PropertyMappingContextCustomizer@4b3fa0b3, org.springframework.boot.test.autoconfigure.web.servlet.WebDriverContextCustomizerFactory$Customizer@72a85671, [ImportsContextCustomizer@727d937a key = [@org.apiguardian.api.API(consumers={"*"}, since="5.0", status=STABLE), @org.springframework.test.context.BootstrapWith(value=org.springframework.boot.test.context.SpringBootTestContextBootstrapper.class), @org.springframework.boot.test.autoconfigure.web.servlet.AutoConfigureMockMvc(webDriverEnabled=true, print=DEFAULT, webClientEnabled=true, printOnlyOnFailure=true, addFilters=true), @org.springframework.boot.test.autoconfigure.properties.PropertyMapping(value="spring.test.mockmvc", skip=NO), @org.springframework.context.annotation.Import(value={org.springframework.boot.autoconfigure.AutoConfigurationImportSelector.class}), @org.springframework.boot.test.context.SpringBootTest(args={}, webEnvironment=MOCK, value={}, properties={}, classes={}), @org.junit.jupiter.api.extension.ExtendWith(value={org.springframework.test.context.junit.jupiter.SpringExtension.class}), @org.springframework.boot.autoconfigure.EnableAutoConfiguration(excludeName={}, exclude={org.springframework.boot.autoconfigure.security.servlet.SecurityAutoConfiguration.class}), @org.springframework.boot.autoconfigure.ImportAutoConfiguration(value={}, exclude={}, classes={}), @org.springframework.context.annotation.Import(value={org.springframework.boot.autoconfigure.AutoConfigurationPackages$Registrar.class}), @org.springframework.boot.autoconfigure.AutoConfigurationPackage(basePackages={}, basePackageClasses={}), @org.springframework.context.annotation.Import(value={org.springframework.boot.autoconfigure.ImportAutoConfigurationImportSelector.class}), @org.springframework.transaction.annotation.Transactional(propagation=REQUIRED, rollbackForClassName={}, readOnly=false, transactionManager="", isolation=DEFAULT, timeoutString="", label={}, noRollbackForClassName={}, noRollbackFor={}, value="", timeout=-1, rollbackFor={})]], org.springframework.boot.test.context.filter.ExcludeFilterContextCustomizer@4ae33a11, org.springframework.boot.test.json.DuplicateJsonObjectContextCustomizerFactory$DuplicateJsonObjectContextCustomizer@3a94964, org.springframework.boot.test.mock.mockito.MockitoContextCustomizer@0, org.springframework.boot.test.web.client.TestRestTemplateContextCustomizer@3185fa6b, org.springframework.boot.test.context.SpringBootTestArgs@1, org.springframework.boot.test.context.SpringBootTestWebEnvironment@7cb502c], resourceBasePath = 'src/main/webapp', contextLoader = 'org.springframework.boot.test.context.SpringBootContextLoader', parent = [null]], attributes = map['org.springframework.test.context.web.ServletTestExecutionListener.activateListener' -> true, 'org.springframework.test.context.web.ServletTestExecutionListener.populatedRequestContextHolder' -> true, 'org.springframework.test.context.web.ServletTestExecutionListener.resetRequestContextHolder' -> true, 'org.springframework.test.context.event.ApplicationEventsTestExecutionListener.recordApplicationEvents' -> false]]; transaction manager [org.springframework.orm.jpa.JpaTransactionManager@4fae8455]; rollback [true]
2021-12-28 09:50:33.946 DEBUG 2316 --- [    Test worker] org.hibernate.SQL                        : 
    call next value for hibernate_sequence
2021-12-28 09:50:33.947  INFO 2316 --- [    Test worker] p6spy                                    : #1640652633947 | took 0ms | statement | connection 11| url jdbc:h2:tcp://localhost/~/greentech
call next value for hibernate_sequence
call next value for hibernate_sequence;
2021-12-28 09:50:33.949 DEBUG 2316 --- [    Test worker] org.hibernate.SQL                        : 
    call next value for hibernate_sequence
2021-12-28 09:50:33.951  INFO 2316 --- [    Test worker] p6spy                                    : #1640652633951 | took 0ms | statement | connection 11| url jdbc:h2:tcp://localhost/~/greentech
call next value for hibernate_sequence
call next value for hibernate_sequence;
2021-12-28 09:50:34.355 DEBUG 2316 --- [    Test worker] org.hibernate.SQL                        : 
    /* select
        count(measureData) 
    from
        MeasureData measureData 
    where
        measureData.dataLogger.id = ?1 */ select
            count(measuredat0_.measure_data_id) as col_0_0_ 
        from
            measure_data measuredat0_ 
        where
            measuredat0_.data_logger_id=?
2021-12-28 09:50:34.355  INFO 2316 --- [    Test worker] p6spy                                    : #1640652634355 | took 0ms | statement | connection 11| url jdbc:h2:tcp://localhost/~/greentech
/* select count(measureData)
from MeasureData measureData
where measureData.dataLogger.id = ?1 */ select count(measuredat0_.measure_data_id) as col_0_0_ from measure_data measuredat0_ where measuredat0_.data_logger_id=?
/* select count(measureData)
from MeasureData measureData
where measureData.dataLogger.id = 91 */ select count(measuredat0_.measure_data_id) as col_0_0_ from measure_data measuredat0_ where measuredat0_.data_logger_id=NULL;
2021-12-28 09:50:34.363 DEBUG 2316 --- [    Test worker] org.hibernate.SQL                        : 
    call next value for hibernate_sequence
2021-12-28 09:50:34.371  INFO 2316 --- [    Test worker] p6spy                                    : #1640652634371 | took 0ms | statement | connection 11| url jdbc:h2:tcp://localhost/~/greentech
call next value for hibernate_sequence
call next value for hibernate_sequence;
2021-12-28 09:50:34.371 DEBUG 2316 --- [    Test worker] org.hibernate.SQL                        : 
    call next value for hibernate_sequence
2021-12-28 09:50:34.371  INFO 2316 --- [    Test worker] p6spy                                    : #1640652634371 | took 0ms | statement | connection 11| url jdbc:h2:tcp://localhost/~/greentech
call next value for hibernate_sequence
call next value for hibernate_sequence;
2021-12-28 09:50:34.371 DEBUG 2316 --- [    Test worker] org.hibernate.SQL                        : 
    call next value for hibernate_sequence
2021-12-28 09:50:34.371  INFO 2316 --- [    Test worker] p6spy                                    : #1640652634371 | took 0ms | statement | connection 11| url jdbc:h2:tcp://localhost/~/greentech
call next value for hibernate_sequence
call next value for hibernate_sequence;
2021-12-28 09:50:34.378 DEBUG 2316 --- [    Test worker] org.hibernate.SQL                        : 
    call next value for hibernate_sequence
2021-12-28 09:50:34.379  INFO 2316 --- [    Test worker] p6spy                                    : #1640652634379 | took 0ms | statement | connection 11| url jdbc:h2:tcp://localhost/~/greentech
call next value for hibernate_sequence
call next value for hibernate_sequence;
2021-12-28 09:50:34.380 DEBUG 2316 --- [    Test worker] org.hibernate.SQL                        : 
    call next value for hibernate_sequence
2021-12-28 09:50:34.380  INFO 2316 --- [    Test worker] p6spy                                    : #1640652634380 | took 0ms | statement | connection 11| url jdbc:h2:tcp://localhost/~/greentech
call next value for hibernate_sequence
call next value for hibernate_sequence;
2021-12-28 09:50:34.396 DEBUG 2316 --- [    Test worker] org.hibernate.SQL                        : 
    /* insert kr.co.greetech.back.entity.Company
        */ insert 
        into
            company
            (created_time, last_modified_time, login_id, login_pw, name, company_id) 
        values
            (?, ?, ?, ?, ?, ?)
2021-12-28 09:50:34.396  INFO 2316 --- [    Test worker] p6spy                                    : #1640652634396 | took 0ms | statement | connection 11| url jdbc:h2:tcp://localhost/~/greentech
/* insert kr.co.greetech.back.entity.Company */ insert into company (created_time, last_modified_time, login_id, login_pw, name, company_id) values (?, ?, ?, ?, ?, ?)
/* insert kr.co.greetech.back.entity.Company */ insert into company (created_time, last_modified_time, login_id, login_pw, name, company_id) values ('2021-12-28T09:50:33.945+0900', '2021-12-28T09:50:33.945+0900', 'abcdefg', 'abcdefg1!', 'company', 8);
2021-12-28 09:50:34.396 DEBUG 2316 --- [    Test worker] org.hibernate.SQL                        : 
    /* insert kr.co.greetech.back.entity.DataLogger
        */ insert 
        into
            data_logger
            (created_time, last_modified_time, channel_name, company_id, model_name, type, unit, data_logger_id) 
        values
            (?, ?, ?, ?, ?, ?, ?, ?)
2021-12-28 09:50:34.404  INFO 2316 --- [    Test worker] p6spy                                    : #1640652634404 | took 0ms | statement | connection 11| url jdbc:h2:tcp://localhost/~/greentech
/* insert kr.co.greetech.back.entity.DataLogger */ insert into data_logger (created_time, last_modified_time, channel_name, company_id, model_name, type, unit, data_logger_id) values (?, ?, ?, ?, ?, ?, ?, ?)
/* insert kr.co.greetech.back.entity.DataLogger */ insert into data_logger (created_time, last_modified_time, channel_name, company_id, model_name, type, unit, data_logger_id) values ('2021-12-28T09:50:33.949+0900', '2021-12-28T09:50:33.949+0900', '', 8, 'dataLogger', 'STATIC', '', 9);
2021-12-28 09:50:34.404 DEBUG 2316 --- [    Test worker] org.hibernate.SQL                        : 
    /* insert kr.co.greetech.back.entity.MeasureData
        */ insert 
        into
            measure_data
            (created_time, data, data_logger_id, group_count, measure_data_id) 
        values
            (?, ?, ?, ?, ?)
2021-12-28 09:50:34.404  INFO 2316 --- [    Test worker] p6spy                                    : #1640652634404 | took 0ms | statement | connection 11| url jdbc:h2:tcp://localhost/~/greentech
/* insert kr.co.greetech.back.entity.MeasureData */ insert into measure_data (created_time, data, data_logger_id, group_count, measure_data_id) values (?, ?, ?, ?, ?)
/* insert kr.co.greetech.back.entity.MeasureData */ insert into measure_data (created_time, data, data_logger_id, group_count, measure_data_id) values ('2021-12-28T09:50:33.953+0900', 'data0', 9, 0, 10);
2021-12-28 09:50:34.411 DEBUG 2316 --- [    Test worker] org.hibernate.SQL                        : 
    /* insert kr.co.greetech.back.entity.MeasureData
        */ insert 
        into
            measure_data
            (created_time, data, data_logger_id, group_count, measure_data_id) 
        values
            (?, ?, ?, ?, ?)
2021-12-28 09:50:34.414  INFO 2316 --- [    Test worker] p6spy                                    : #1640652634414 | took 0ms | statement | connection 11| url jdbc:h2:tcp://localhost/~/greentech
/* insert kr.co.greetech.back.entity.MeasureData */ insert into measure_data (created_time, data, data_logger_id, group_count, measure_data_id) values (?, ?, ?, ?, ?)
/* insert kr.co.greetech.back.entity.MeasureData */ insert into measure_data (created_time, data, data_logger_id, group_count, measure_data_id) values ('2021-12-28T09:50:33.953+0900', 'data1', 9, 1, 11);
2021-12-28 09:50:34.414 DEBUG 2316 --- [    Test worker] org.hibernate.SQL                        : 
    /* insert kr.co.greetech.back.entity.MeasureData
        */ insert 
        into
            measure_data
            (created_time, data, data_logger_id, group_count, measure_data_id) 
        values
            (?, ?, ?, ?, ?)
2021-12-28 09:50:34.414  INFO 2316 --- [    Test worker] p6spy                                    : #1640652634414 | took 0ms | statement | connection 11| url jdbc:h2:tcp://localhost/~/greentech
/* insert kr.co.greetech.back.entity.MeasureData */ insert into measure_data (created_time, data, data_logger_id, group_count, measure_data_id) values (?, ?, ?, ?, ?)
/* insert kr.co.greetech.back.entity.MeasureData */ insert into measure_data (created_time, data, data_logger_id, group_count, measure_data_id) values ('2021-12-28T09:50:33.953+0900', 'data2', 9, 2, 12);
2021-12-28 09:50:34.414 DEBUG 2316 --- [    Test worker] org.hibernate.SQL                        : 
    /* insert kr.co.greetech.back.entity.MeasureData
        */ insert 
        into
            measure_data
            (created_time, data, data_logger_id, group_count, measure_data_id) 
        values
            (?, ?, ?, ?, ?)
2021-12-28 09:50:34.414  INFO 2316 --- [    Test worker] p6spy                                    : #1640652634414 | took 0ms | statement | connection 11| url jdbc:h2:tcp://localhost/~/greentech
/* insert kr.co.greetech.back.entity.MeasureData */ insert into measure_data (created_time, data, data_logger_id, group_count, measure_data_id) values (?, ?, ?, ?, ?)
/* insert kr.co.greetech.back.entity.MeasureData */ insert into measure_data (created_time, data, data_logger_id, group_count, measure_data_id) values ('2021-12-28T09:50:33.953+0900', 'data3', 9, 3, 13);
2021-12-28 09:50:34.423 DEBUG 2316 --- [    Test worker] org.hibernate.SQL                        : 
    /* insert kr.co.greetech.back.entity.MeasureData
        */ insert 
        into
            measure_data
            (created_time, data, data_logger_id, group_count, measure_data_id) 
        values
            (?, ?, ?, ?, ?)
2021-12-28 09:50:34.425  INFO 2316 --- [    Test worker] p6spy                                    : #1640652634425 | took 0ms | statement | connection 11| url jdbc:h2:tcp://localhost/~/greentech
/* insert kr.co.greetech.back.entity.MeasureData */ insert into measure_data (created_time, data, data_logger_id, group_count, measure_data_id) values (?, ?, ?, ?, ?)
/* insert kr.co.greetech.back.entity.MeasureData */ insert into measure_data (created_time, data, data_logger_id, group_count, measure_data_id) values ('2021-12-28T09:50:33.953+0900', 'data4', 9, 4, 14);
2021-12-28 09:50:34.425 DEBUG 2316 --- [    Test worker] org.hibernate.SQL                        : 
    /* select
        generatedAlias0 
    from
        FcmToken as generatedAlias0 
    left join
        generatedAlias0.company as generatedAlias1 
    where
        generatedAlias1.id=:param0 */ select
            fcmtoken0_.fcm_token_id as fcm_toke1_2_,
            fcmtoken0_.created_time as created_2_2_,
            fcmtoken0_.last_modified_time as last_mod3_2_,
            fcmtoken0_.company_id as company_5_2_,
            fcmtoken0_.fcm_token as fcm_toke4_2_ 
        from
            fcm_token fcmtoken0_ 
        left outer join
            company company1_ 
                on fcmtoken0_.company_id=company1_.company_id 
        where
            company1_.company_id=?
2021-12-28 09:50:34.430  INFO 2316 --- [    Test worker] p6spy                                    : #1640652634430 | took 0ms | statement | connection 11| url jdbc:h2:tcp://localhost/~/greentech
/* select generatedAlias0 from FcmToken as generatedAlias0 left join generatedAlias0.company as generatedAlias1 where generatedAlias1.id=:param0 */ select fcmtoken0_.fcm_token_id as fcm_toke1_2_, fcmtoken0_.created_time as created_2_2_, fcmtoken0_.last_modified_time as last_mod3_2_, fcmtoken0_.company_id as company_5_2_, fcmtoken0_.fcm_token as fcm_toke4_2_ from fcm_token fcmtoken0_ left outer join company company1_ on fcmtoken0_.company_id=company1_.company_id where company1_.company_id=?
/* select generatedAlias0 from FcmToken as generatedAlias0 left join generatedAlias0.company as generatedAlias1 where generatedAlias1.id=:param0 */ select fcmtoken0_.fcm_token_id as fcm_toke1_2_, fcmtoken0_.created_time as created_2_2_, fcmtoken0_.last_modified_time as last_mod3_2_, fcmtoken0_.company_id as company_5_2_, fcmtoken0_.fcm_token as fcm_toke4_2_ from fcm_token fcmtoken0_ left outer join company company1_ on fcmtoken0_.company_id=company1_.company_id where company1_.company_id=8;
start date: 2021-12-27T09:50:34.430
2021-12-28 09:50:34.474 DEBUG 2316 --- [    Test worker] org.hibernate.SQL                        : 
    /* select
        count(measureData) 
    from
        MeasureData measureData 
    where
        measureData.dataLogger.id = ?1 
        and measureData.createdTime between ?2 and ?3 */ select
            count(measuredat0_.measure_data_id) as col_0_0_ 
        from
            measure_data measuredat0_ 
        where
            measuredat0_.data_logger_id=? 
            and (
                measuredat0_.created_time between ? and ?
            )
2021-12-28 09:50:34.479  INFO 2316 --- [    Test worker] p6spy                                    : #1640652634479 | took 1ms | statement | connection 11| url jdbc:h2:tcp://localhost/~/greentech
/* select count(measureData)
from MeasureData measureData
where measureData.dataLogger.id = ?1 and measureData.createdTime between ?2 and ?3 */ select count(measuredat0_.measure_data_id) as col_0_0_ from measure_data measuredat0_ where measuredat0_.data_logger_id=? and (measuredat0_.created_time between ? and ?)
/* select count(measureData)
from MeasureData measureData
where measureData.dataLogger.id = 91 and measureData.createdTime between '2021-12-27T09:50:34.430+0900'2 and '2021-12-29T09:50:34.430+0900'3 */ select count(measuredat0_.measure_data_id) as col_0_0_ from measure_data measuredat0_ where measuredat0_.data_logger_id=NULL and (measuredat0_.created_time between ? and ?);
2021-12-28 09:50:34.530 DEBUG 2316 --- [    Test worker] org.hibernate.SQL                        : 
    /* select
        measureData.data,
        measureData.createdTime 
    from
        MeasureData measureData 
    where
        measureData.dataLogger.id = ?1 
        and measureData.createdTime between ?2 and ?3 
    order by
        measureData.createdTime desc */ select
            measuredat0_.data as col_0_0_,
            measuredat0_.created_time as col_1_0_ 
        from
            measure_data measuredat0_ 
        where
            measuredat0_.data_logger_id=? 
            and (
                measuredat0_.created_time between ? and ?
            ) 
        order by
            measuredat0_.created_time desc limit ?
2021-12-28 09:50:34.539  INFO 2316 --- [    Test worker] p6spy                                    : #1640652634539 | took 0ms | statement | connection 11| url jdbc:h2:tcp://localhost/~/greentech
/* select measureData.data, measureData.createdTime
from MeasureData measureData
where measureData.dataLogger.id = ?1 and measureData.createdTime between ?2 and ?3
order by measureData.createdTime desc */ select measuredat0_.data as col_0_0_, measuredat0_.created_time as col_1_0_ from measure_data measuredat0_ where measuredat0_.data_logger_id=? and (measuredat0_.created_time between ? and ?) order by measuredat0_.created_time desc limit ?
/* select measureData.data, measureData.createdTime
from MeasureData measureData
where measureData.dataLogger.id = 91 and measureData.createdTime between '2021-12-27T09:50:34.430+0900'2 and '2021-12-29T09:50:34.430+0900'3
order by measureData.createdTime desc */ select measuredat0_.data as col_0_0_, measuredat0_.created_time as col_1_0_ from measure_data measuredat0_ where measuredat0_.data_logger_id=200 and (measuredat0_.created_time between NULL and ?) order by measuredat0_.created_time desc limit ?;
2021-12-28 09:50:34.746  INFO 2316 --- [    Test worker] p6spy                                    : #1640652634746 | took 0ms | rollback | connection 11| url jdbc:h2:tcp://localhost/~/greentech

;
2021-12-28 09:50:34.755  INFO 2316 --- [    Test worker] o.s.t.c.transaction.TransactionContext   : Rolled back transaction for test: [DefaultTestContext@3d1b91d1 testClass = MeasureDataControllerTest, testInstance = kr.co.greetech.back.controller.MeasureDataControllerTest@5304ac92, testMethod = select@MeasureDataControllerTest, testException = [null], mergedContextConfiguration = [WebMergedContextConfiguration@71669835 testClass = MeasureDataControllerTest, locations = '{}', classes = '{class kr.co.greetech.back.BackApplication}', contextInitializerClasses = '[]', activeProfiles = '{}', propertySourceLocations = '{}', propertySourceProperties = '{org.springframework.boot.test.context.SpringBootTestContextBootstrapper=true}', contextCustomizers = set[org.springframework.boot.test.autoconfigure.actuate.metrics.MetricsExportContextCustomizerFactory$DisableMetricExportContextCustomizer@59d2103b, org.springframework.boot.test.autoconfigure.properties.PropertyMappingContextCustomizer@4b3fa0b3, org.springframework.boot.test.autoconfigure.web.servlet.WebDriverContextCustomizerFactory$Customizer@72a85671, [ImportsContextCustomizer@727d937a key = [@org.apiguardian.api.API(consumers={"*"}, since="5.0", status=STABLE), @org.springframework.test.context.BootstrapWith(value=org.springframework.boot.test.context.SpringBootTestContextBootstrapper.class), @org.springframework.boot.test.autoconfigure.web.servlet.AutoConfigureMockMvc(webDriverEnabled=true, print=DEFAULT, webClientEnabled=true, printOnlyOnFailure=true, addFilters=true), @org.springframework.boot.test.autoconfigure.properties.PropertyMapping(value="spring.test.mockmvc", skip=NO), @org.springframework.context.annotation.Import(value={org.springframework.boot.autoconfigure.AutoConfigurationImportSelector.class}), @org.springframework.boot.test.context.SpringBootTest(args={}, webEnvironment=MOCK, value={}, properties={}, classes={}), @org.junit.jupiter.api.extension.ExtendWith(value={org.springframework.test.context.junit.jupiter.SpringExtension.class}), @org.springframework.boot.autoconfigure.EnableAutoConfiguration(excludeName={}, exclude={org.springframework.boot.autoconfigure.security.servlet.SecurityAutoConfiguration.class}), @org.springframework.boot.autoconfigure.ImportAutoConfiguration(value={}, exclude={}, classes={}), @org.springframework.context.annotation.Import(value={org.springframework.boot.autoconfigure.AutoConfigurationPackages$Registrar.class}), @org.springframework.boot.autoconfigure.AutoConfigurationPackage(basePackages={}, basePackageClasses={}), @org.springframework.context.annotation.Import(value={org.springframework.boot.autoconfigure.ImportAutoConfigurationImportSelector.class}), @org.springframework.transaction.annotation.Transactional(propagation=REQUIRED, rollbackForClassName={}, readOnly=false, transactionManager="", isolation=DEFAULT, timeoutString="", label={}, noRollbackForClassName={}, noRollbackFor={}, value="", timeout=-1, rollbackFor={})]], org.springframework.boot.test.context.filter.ExcludeFilterContextCustomizer@4ae33a11, org.springframework.boot.test.json.DuplicateJsonObjectContextCustomizerFactory$DuplicateJsonObjectContextCustomizer@3a94964, org.springframework.boot.test.mock.mockito.MockitoContextCustomizer@0, org.springframework.boot.test.web.client.TestRestTemplateContextCustomizer@3185fa6b, org.springframework.boot.test.context.SpringBootTestArgs@1, org.springframework.boot.test.context.SpringBootTestWebEnvironment@7cb502c], resourceBasePath = 'src/main/webapp', contextLoader = 'org.springframework.boot.test.context.SpringBootContextLoader', parent = [null]], attributes = map['org.springframework.test.context.web.ServletTestExecutionListener.activateListener' -> true, 'org.springframework.test.context.web.ServletTestExecutionListener.populatedRequestContextHolder' -> true, 'org.springframework.test.context.web.ServletTestExecutionListener.resetRequestContextHolder' -> true, 'org.springframework.test.context.event.ApplicationEventsTestExecutionListener.recordApplicationEvents' -> false]]
2021-12-28 09:50:34.762  INFO 2316 --- [    Test worker] o.s.t.c.transaction.TransactionContext   : Began transaction (1) for test context [DefaultTestContext@3d1b91d1 testClass = MeasureDataControllerTest, testInstance = kr.co.greetech.back.controller.MeasureDataControllerTest@7e17e827, testMethod = add@MeasureDataControllerTest, testException = [null], mergedContextConfiguration = [WebMergedContextConfiguration@71669835 testClass = MeasureDataControllerTest, locations = '{}', classes = '{class kr.co.greetech.back.BackApplication}', contextInitializerClasses = '[]', activeProfiles = '{}', propertySourceLocations = '{}', propertySourceProperties = '{org.springframework.boot.test.context.SpringBootTestContextBootstrapper=true}', contextCustomizers = set[org.springframework.boot.test.autoconfigure.actuate.metrics.MetricsExportContextCustomizerFactory$DisableMetricExportContextCustomizer@59d2103b, org.springframework.boot.test.autoconfigure.properties.PropertyMappingContextCustomizer@4b3fa0b3, org.springframework.boot.test.autoconfigure.web.servlet.WebDriverContextCustomizerFactory$Customizer@72a85671, [ImportsContextCustomizer@727d937a key = [@org.apiguardian.api.API(consumers={"*"}, since="5.0", status=STABLE), @org.springframework.test.context.BootstrapWith(value=org.springframework.boot.test.context.SpringBootTestContextBootstrapper.class), @org.springframework.boot.test.autoconfigure.web.servlet.AutoConfigureMockMvc(webDriverEnabled=true, print=DEFAULT, webClientEnabled=true, printOnlyOnFailure=true, addFilters=true), @org.springframework.boot.test.autoconfigure.properties.PropertyMapping(value="spring.test.mockmvc", skip=NO), @org.springframework.context.annotation.Import(value={org.springframework.boot.autoconfigure.AutoConfigurationImportSelector.class}), @org.springframework.boot.test.context.SpringBootTest(args={}, webEnvironment=MOCK, value={}, properties={}, classes={}), @org.junit.jupiter.api.extension.ExtendWith(value={org.springframework.test.context.junit.jupiter.SpringExtension.class}), @org.springframework.boot.autoconfigure.EnableAutoConfiguration(excludeName={}, exclude={org.springframework.boot.autoconfigure.security.servlet.SecurityAutoConfiguration.class}), @org.springframework.boot.autoconfigure.ImportAutoConfiguration(value={}, exclude={}, classes={}), @org.springframework.context.annotation.Import(value={org.springframework.boot.autoconfigure.AutoConfigurationPackages$Registrar.class}), @org.springframework.boot.autoconfigure.AutoConfigurationPackage(basePackages={}, basePackageClasses={}), @org.springframework.context.annotation.Import(value={org.springframework.boot.autoconfigure.ImportAutoConfigurationImportSelector.class}), @org.springframework.transaction.annotation.Transactional(propagation=REQUIRED, rollbackForClassName={}, readOnly=false, transactionManager="", isolation=DEFAULT, timeoutString="", label={}, noRollbackForClassName={}, noRollbackFor={}, value="", timeout=-1, rollbackFor={})]], org.springframework.boot.test.context.filter.ExcludeFilterContextCustomizer@4ae33a11, org.springframework.boot.test.json.DuplicateJsonObjectContextCustomizerFactory$DuplicateJsonObjectContextCustomizer@3a94964, org.springframework.boot.test.mock.mockito.MockitoContextCustomizer@0, org.springframework.boot.test.web.client.TestRestTemplateContextCustomizer@3185fa6b, org.springframework.boot.test.context.SpringBootTestArgs@1, org.springframework.boot.test.context.SpringBootTestWebEnvironment@7cb502c], resourceBasePath = 'src/main/webapp', contextLoader = 'org.springframework.boot.test.context.SpringBootContextLoader', parent = [null]], attributes = map['org.springframework.test.context.web.ServletTestExecutionListener.activateListener' -> true, 'org.springframework.test.context.web.ServletTestExecutionListener.populatedRequestContextHolder' -> true, 'org.springframework.test.context.web.ServletTestExecutionListener.resetRequestContextHolder' -> true, 'org.springframework.test.context.event.ApplicationEventsTestExecutionListener.recordApplicationEvents' -> false]]; transaction manager [org.springframework.orm.jpa.JpaTransactionManager@4fae8455]; rollback [true]
2021-12-28 09:50:34.772 DEBUG 2316 --- [    Test worker] org.hibernate.SQL                        : 
    call next value for hibernate_sequence
2021-12-28 09:50:34.772  INFO 2316 --- [    Test worker] p6spy                                    : #1640652634772 | took 0ms | statement | connection 12| url jdbc:h2:tcp://localhost/~/greentech
call next value for hibernate_sequence
call next value for hibernate_sequence;
2021-12-28 09:50:34.772 DEBUG 2316 --- [    Test worker] org.hibernate.SQL                        : 
    call next value for hibernate_sequence
2021-12-28 09:50:34.772  INFO 2316 --- [    Test worker] p6spy                                    : #1640652634772 | took 0ms | statement | connection 12| url jdbc:h2:tcp://localhost/~/greentech
call next value for hibernate_sequence
call next value for hibernate_sequence;
2021-12-28 09:50:34.880 DEBUG 2316 --- [    Test worker] org.hibernate.SQL                        : 
    /* select
        count(measureData) 
    from
        MeasureData measureData 
    where
        measureData.dataLogger.id = ?1 */ select
            count(measuredat0_.measure_data_id) as col_0_0_ 
        from
            measure_data measuredat0_ 
        where
            measuredat0_.data_logger_id=?
2021-12-28 09:50:34.889  INFO 2316 --- [    Test worker] p6spy                                    : #1640652634889 | took 0ms | statement | connection 12| url jdbc:h2:tcp://localhost/~/greentech
/* select count(measureData)
from MeasureData measureData
where measureData.dataLogger.id = ?1 */ select count(measuredat0_.measure_data_id) as col_0_0_ from measure_data measuredat0_ where measuredat0_.data_logger_id=?
/* select count(measureData)
from MeasureData measureData
where measureData.dataLogger.id = 161 */ select count(measuredat0_.measure_data_id) as col_0_0_ from measure_data measuredat0_ where measuredat0_.data_logger_id=NULL;
2021-12-28 09:50:34.890 DEBUG 2316 --- [    Test worker] org.hibernate.SQL                        : 
    call next value for hibernate_sequence
2021-12-28 09:50:34.890  INFO 2316 --- [    Test worker] p6spy                                    : #1640652634890 | took 0ms | statement | connection 12| url jdbc:h2:tcp://localhost/~/greentech
call next value for hibernate_sequence
call next value for hibernate_sequence;
2021-12-28 09:50:34.894 DEBUG 2316 --- [    Test worker] org.hibernate.SQL                        : 
    call next value for hibernate_sequence
2021-12-28 09:50:34.896  INFO 2316 --- [    Test worker] p6spy                                    : #1640652634896 | took 0ms | statement | connection 12| url jdbc:h2:tcp://localhost/~/greentech
call next value for hibernate_sequence
call next value for hibernate_sequence;
2021-12-28 09:50:34.897 DEBUG 2316 --- [    Test worker] org.hibernate.SQL                        : 
    call next value for hibernate_sequence
2021-12-28 09:50:34.899  INFO 2316 --- [    Test worker] p6spy                                    : #1640652634899 | took 0ms | statement | connection 12| url jdbc:h2:tcp://localhost/~/greentech
call next value for hibernate_sequence
call next value for hibernate_sequence;
2021-12-28 09:50:34.899 DEBUG 2316 --- [    Test worker] org.hibernate.SQL                        : 
    call next value for hibernate_sequence
2021-12-28 09:50:34.899  INFO 2316 --- [    Test worker] p6spy                                    : #1640652634899 | took 0ms | statement | connection 12| url jdbc:h2:tcp://localhost/~/greentech
call next value for hibernate_sequence
call next value for hibernate_sequence;
2021-12-28 09:50:34.899 DEBUG 2316 --- [    Test worker] org.hibernate.SQL                        : 
    call next value for hibernate_sequence
2021-12-28 09:50:34.899  INFO 2316 --- [    Test worker] p6spy                                    : #1640652634899 | took 0ms | statement | connection 12| url jdbc:h2:tcp://localhost/~/greentech
call next value for hibernate_sequence
call next value for hibernate_sequence;
2021-12-28 09:50:34.909 DEBUG 2316 --- [    Test worker] org.hibernate.SQL                        : 
    /* insert kr.co.greetech.back.entity.Company
        */ insert 
        into
            company
            (created_time, last_modified_time, login_id, login_pw, name, company_id) 
        values
            (?, ?, ?, ?, ?, ?)
2021-12-28 09:50:34.913  INFO 2316 --- [    Test worker] p6spy                                    : #1640652634913 | took 0ms | statement | connection 12| url jdbc:h2:tcp://localhost/~/greentech
/* insert kr.co.greetech.back.entity.Company */ insert into company (created_time, last_modified_time, login_id, login_pw, name, company_id) values (?, ?, ?, ?, ?, ?)
/* insert kr.co.greetech.back.entity.Company */ insert into company (created_time, last_modified_time, login_id, login_pw, name, company_id) values ('2021-12-28T09:50:34.771+0900', '2021-12-28T09:50:34.771+0900', 'abcdefg', 'abcdefg1!', 'company', 15);
2021-12-28 09:50:34.913 DEBUG 2316 --- [    Test worker] org.hibernate.SQL                        : 
    /* insert kr.co.greetech.back.entity.DataLogger
        */ insert 
        into
            data_logger
            (created_time, last_modified_time, channel_name, company_id, model_name, type, unit, data_logger_id) 
        values
            (?, ?, ?, ?, ?, ?, ?, ?)
2021-12-28 09:50:34.913  INFO 2316 --- [    Test worker] p6spy                                    : #1640652634913 | took 0ms | statement | connection 12| url jdbc:h2:tcp://localhost/~/greentech
/* insert kr.co.greetech.back.entity.DataLogger */ insert into data_logger (created_time, last_modified_time, channel_name, company_id, model_name, type, unit, data_logger_id) values (?, ?, ?, ?, ?, ?, ?, ?)
/* insert kr.co.greetech.back.entity.DataLogger */ insert into data_logger (created_time, last_modified_time, channel_name, company_id, model_name, type, unit, data_logger_id) values ('2021-12-28T09:50:34.772+0900', '2021-12-28T09:50:34.772+0900', '', 15, 'dataLogger', 'STATIC', '', 16);
2021-12-28 09:50:34.921 DEBUG 2316 --- [    Test worker] org.hibernate.SQL                        : 
    /* insert kr.co.greetech.back.entity.MeasureData
        */ insert 
        into
            measure_data
            (created_time, data, data_logger_id, group_count, measure_data_id) 
        values
            (?, ?, ?, ?, ?)
2021-12-28 09:50:34.922  INFO 2316 --- [    Test worker] p6spy                                    : #1640652634922 | took 0ms | statement | connection 12| url jdbc:h2:tcp://localhost/~/greentech
/* insert kr.co.greetech.back.entity.MeasureData */ insert into measure_data (created_time, data, data_logger_id, group_count, measure_data_id) values (?, ?, ?, ?, ?)
/* insert kr.co.greetech.back.entity.MeasureData */ insert into measure_data (created_time, data, data_logger_id, group_count, measure_data_id) values ('2021-12-28T09:50:34.772+0900', 'data0', 16, 0, 17);
2021-12-28 09:50:34.922 DEBUG 2316 --- [    Test worker] org.hibernate.SQL                        : 
    /* insert kr.co.greetech.back.entity.MeasureData
        */ insert 
        into
            measure_data
            (created_time, data, data_logger_id, group_count, measure_data_id) 
        values
            (?, ?, ?, ?, ?)
2021-12-28 09:50:34.928  INFO 2316 --- [    Test worker] p6spy                                    : #1640652634928 | took 0ms | statement | connection 12| url jdbc:h2:tcp://localhost/~/greentech
/* insert kr.co.greetech.back.entity.MeasureData */ insert into measure_data (created_time, data, data_logger_id, group_count, measure_data_id) values (?, ?, ?, ?, ?)
/* insert kr.co.greetech.back.entity.MeasureData */ insert into measure_data (created_time, data, data_logger_id, group_count, measure_data_id) values ('2021-12-28T09:50:34.772+0900', 'data1', 16, 1, 18);
2021-12-28 09:50:34.930 DEBUG 2316 --- [    Test worker] org.hibernate.SQL                        : 
    /* insert kr.co.greetech.back.entity.MeasureData
        */ insert 
        into
            measure_data
            (created_time, data, data_logger_id, group_count, measure_data_id) 
        values
            (?, ?, ?, ?, ?)
2021-12-28 09:50:34.930  INFO 2316 --- [    Test worker] p6spy                                    : #1640652634930 | took 0ms | statement | connection 12| url jdbc:h2:tcp://localhost/~/greentech
/* insert kr.co.greetech.back.entity.MeasureData */ insert into measure_data (created_time, data, data_logger_id, group_count, measure_data_id) values (?, ?, ?, ?, ?)
/* insert kr.co.greetech.back.entity.MeasureData */ insert into measure_data (created_time, data, data_logger_id, group_count, measure_data_id) values ('2021-12-28T09:50:34.772+0900', 'data2', 16, 2, 19);
2021-12-28 09:50:34.930 DEBUG 2316 --- [    Test worker] org.hibernate.SQL                        : 
    /* insert kr.co.greetech.back.entity.MeasureData
        */ insert 
        into
            measure_data
            (created_time, data, data_logger_id, group_count, measure_data_id) 
        values
            (?, ?, ?, ?, ?)
2021-12-28 09:50:34.930  INFO 2316 --- [    Test worker] p6spy                                    : #1640652634930 | took 0ms | statement | connection 12| url jdbc:h2:tcp://localhost/~/greentech
/* insert kr.co.greetech.back.entity.MeasureData */ insert into measure_data (created_time, data, data_logger_id, group_count, measure_data_id) values (?, ?, ?, ?, ?)
/* insert kr.co.greetech.back.entity.MeasureData */ insert into measure_data (created_time, data, data_logger_id, group_count, measure_data_id) values ('2021-12-28T09:50:34.772+0900', 'data3', 16, 3, 20);
2021-12-28 09:50:34.938 DEBUG 2316 --- [    Test worker] org.hibernate.SQL                        : 
    /* insert kr.co.greetech.back.entity.MeasureData
        */ insert 
        into
            measure_data
            (created_time, data, data_logger_id, group_count, measure_data_id) 
        values
            (?, ?, ?, ?, ?)
2021-12-28 09:50:34.940  INFO 2316 --- [    Test worker] p6spy                                    : #1640652634940 | took 0ms | statement | connection 12| url jdbc:h2:tcp://localhost/~/greentech
/* insert kr.co.greetech.back.entity.MeasureData */ insert into measure_data (created_time, data, data_logger_id, group_count, measure_data_id) values (?, ?, ?, ?, ?)
/* insert kr.co.greetech.back.entity.MeasureData */ insert into measure_data (created_time, data, data_logger_id, group_count, measure_data_id) values ('2021-12-28T09:50:34.772+0900', 'data4', 16, 4, 21);
2021-12-28 09:50:34.940 DEBUG 2316 --- [    Test worker] org.hibernate.SQL                        : 
    /* select
        generatedAlias0 
    from
        FcmToken as generatedAlias0 
    left join
        generatedAlias0.company as generatedAlias1 
    where
        generatedAlias1.id=:param0 */ select
            fcmtoken0_.fcm_token_id as fcm_toke1_2_,
            fcmtoken0_.created_time as created_2_2_,
            fcmtoken0_.last_modified_time as last_mod3_2_,
            fcmtoken0_.company_id as company_5_2_,
            fcmtoken0_.fcm_token as fcm_toke4_2_ 
        from
            fcm_token fcmtoken0_ 
        left outer join
            company company1_ 
                on fcmtoken0_.company_id=company1_.company_id 
        where
            company1_.company_id=?
2021-12-28 09:50:34.947  INFO 2316 --- [    Test worker] p6spy                                    : #1640652634947 | took 0ms | statement | connection 12| url jdbc:h2:tcp://localhost/~/greentech
/* select generatedAlias0 from FcmToken as generatedAlias0 left join generatedAlias0.company as generatedAlias1 where generatedAlias1.id=:param0 */ select fcmtoken0_.fcm_token_id as fcm_toke1_2_, fcmtoken0_.created_time as created_2_2_, fcmtoken0_.last_modified_time as last_mod3_2_, fcmtoken0_.company_id as company_5_2_, fcmtoken0_.fcm_token as fcm_toke4_2_ from fcm_token fcmtoken0_ left outer join company company1_ on fcmtoken0_.company_id=company1_.company_id where company1_.company_id=?
/* select generatedAlias0 from FcmToken as generatedAlias0 left join generatedAlias0.company as generatedAlias1 where generatedAlias1.id=:param0 */ select fcmtoken0_.fcm_token_id as fcm_toke1_2_, fcmtoken0_.created_time as created_2_2_, fcmtoken0_.last_modified_time as last_mod3_2_, fcmtoken0_.company_id as company_5_2_, fcmtoken0_.fcm_token as fcm_toke4_2_ from fcm_token fcmtoken0_ left outer join company company1_ on fcmtoken0_.company_id=company1_.company_id where company1_.company_id=15;
2021-12-28 09:50:34.955 DEBUG 2316 --- [    Test worker] org.hibernate.SQL                        : 
    /* select
        count(measureData) 
    from
        MeasureData measureData 
    where
        measureData.dataLogger.id = ?1 
        and measureData.createdTime between ?2 and ?3 */ select
            count(measuredat0_.measure_data_id) as col_0_0_ 
        from
            measure_data measuredat0_ 
        where
            measuredat0_.data_logger_id=? 
            and (
                measuredat0_.created_time between ? and ?
            )
2021-12-28 09:50:34.959  INFO 2316 --- [    Test worker] p6spy                                    : #1640652634959 | took 0ms | statement | connection 12| url jdbc:h2:tcp://localhost/~/greentech
/* select count(measureData)
from MeasureData measureData
where measureData.dataLogger.id = ?1 and measureData.createdTime between ?2 and ?3 */ select count(measuredat0_.measure_data_id) as col_0_0_ from measure_data measuredat0_ where measuredat0_.data_logger_id=? and (measuredat0_.created_time between ? and ?)
/* select count(measureData)
from MeasureData measureData
where measureData.dataLogger.id = 161 and measureData.createdTime between '2021-12-27T09:50:34.947+0900'2 and '2021-12-29T09:50:34.947+0900'3 */ select count(measuredat0_.measure_data_id) as col_0_0_ from measure_data measuredat0_ where measuredat0_.data_logger_id=NULL and (measuredat0_.created_time between ? and ?);
2021-12-28 09:50:34.964 DEBUG 2316 --- [    Test worker] org.hibernate.SQL                        : 
    /* select
        measureData.data,
        measureData.createdTime 
    from
        MeasureData measureData 
    where
        measureData.dataLogger.id = ?1 
        and measureData.createdTime between ?2 and ?3 
    order by
        measureData.createdTime desc */ select
            measuredat0_.data as col_0_0_,
            measuredat0_.created_time as col_1_0_ 
        from
            measure_data measuredat0_ 
        where
            measuredat0_.data_logger_id=? 
            and (
                measuredat0_.created_time between ? and ?
            ) 
        order by
            measuredat0_.created_time desc limit ?
2021-12-28 09:50:34.964  INFO 2316 --- [    Test worker] p6spy                                    : #1640652634964 | took 1ms | statement | connection 12| url jdbc:h2:tcp://localhost/~/greentech
/* select measureData.data, measureData.createdTime
from MeasureData measureData
where measureData.dataLogger.id = ?1 and measureData.createdTime between ?2 and ?3
order by measureData.createdTime desc */ select measuredat0_.data as col_0_0_, measuredat0_.created_time as col_1_0_ from measure_data measuredat0_ where measuredat0_.data_logger_id=? and (measuredat0_.created_time between ? and ?) order by measuredat0_.created_time desc limit ?
/* select measureData.data, measureData.createdTime
from MeasureData measureData
where measureData.dataLogger.id = 161 and measureData.createdTime between '2021-12-27T09:50:34.947+0900'2 and '2021-12-29T09:50:34.947+0900'3
order by measureData.createdTime desc */ select measuredat0_.data as col_0_0_, measuredat0_.created_time as col_1_0_ from measure_data measuredat0_ where measuredat0_.data_logger_id=200 and (measuredat0_.created_time between NULL and ?) order by measuredat0_.created_time desc limit ?;
2021-12-28 09:50:34.981  INFO 2316 --- [    Test worker] p6spy                                    : #1640652634981 | took 1ms | rollback | connection 12| url jdbc:h2:tcp://localhost/~/greentech

;
2021-12-28 09:50:34.989  INFO 2316 --- [    Test worker] o.s.t.c.transaction.TransactionContext   : Rolled back transaction for test: [DefaultTestContext@3d1b91d1 testClass = MeasureDataControllerTest, testInstance = kr.co.greetech.back.controller.MeasureDataControllerTest@7e17e827, testMethod = add@MeasureDataControllerTest, testException = [null], mergedContextConfiguration = [WebMergedContextConfiguration@71669835 testClass = MeasureDataControllerTest, locations = '{}', classes = '{class kr.co.greetech.back.BackApplication}', contextInitializerClasses = '[]', activeProfiles = '{}', propertySourceLocations = '{}', propertySourceProperties = '{org.springframework.boot.test.context.SpringBootTestContextBootstrapper=true}', contextCustomizers = set[org.springframework.boot.test.autoconfigure.actuate.metrics.MetricsExportContextCustomizerFactory$DisableMetricExportContextCustomizer@59d2103b, org.springframework.boot.test.autoconfigure.properties.PropertyMappingContextCustomizer@4b3fa0b3, org.springframework.boot.test.autoconfigure.web.servlet.WebDriverContextCustomizerFactory$Customizer@72a85671, [ImportsContextCustomizer@727d937a key = [@org.apiguardian.api.API(consumers={"*"}, since="5.0", status=STABLE), @org.springframework.test.context.BootstrapWith(value=org.springframework.boot.test.context.SpringBootTestContextBootstrapper.class), @org.springframework.boot.test.autoconfigure.web.servlet.AutoConfigureMockMvc(webDriverEnabled=true, print=DEFAULT, webClientEnabled=true, printOnlyOnFailure=true, addFilters=true), @org.springframework.boot.test.autoconfigure.properties.PropertyMapping(value="spring.test.mockmvc", skip=NO), @org.springframework.context.annotation.Import(value={org.springframework.boot.autoconfigure.AutoConfigurationImportSelector.class}), @org.springframework.boot.test.context.SpringBootTest(args={}, webEnvironment=MOCK, value={}, properties={}, classes={}), @org.junit.jupiter.api.extension.ExtendWith(value={org.springframework.test.context.junit.jupiter.SpringExtension.class}), @org.springframework.boot.autoconfigure.EnableAutoConfiguration(excludeName={}, exclude={org.springframework.boot.autoconfigure.security.servlet.SecurityAutoConfiguration.class}), @org.springframework.boot.autoconfigure.ImportAutoConfiguration(value={}, exclude={}, classes={}), @org.springframework.context.annotation.Import(value={org.springframework.boot.autoconfigure.AutoConfigurationPackages$Registrar.class}), @org.springframework.boot.autoconfigure.AutoConfigurationPackage(basePackages={}, basePackageClasses={}), @org.springframework.context.annotation.Import(value={org.springframework.boot.autoconfigure.ImportAutoConfigurationImportSelector.class}), @org.springframework.transaction.annotation.Transactional(propagation=REQUIRED, rollbackForClassName={}, readOnly=false, transactionManager="", isolation=DEFAULT, timeoutString="", label={}, noRollbackForClassName={}, noRollbackFor={}, value="", timeout=-1, rollbackFor={})]], org.springframework.boot.test.context.filter.ExcludeFilterContextCustomizer@4ae33a11, org.springframework.boot.test.json.DuplicateJsonObjectContextCustomizerFactory$DuplicateJsonObjectContextCustomizer@3a94964, org.springframework.boot.test.mock.mockito.MockitoContextCustomizer@0, org.springframework.boot.test.web.client.TestRestTemplateContextCustomizer@3185fa6b, org.springframework.boot.test.context.SpringBootTestArgs@1, org.springframework.boot.test.context.SpringBootTestWebEnvironment@7cb502c], resourceBasePath = 'src/main/webapp', contextLoader = 'org.springframework.boot.test.context.SpringBootContextLoader', parent = [null]], attributes = map['org.springframework.test.context.web.ServletTestExecutionListener.activateListener' -> true, 'org.springframework.test.context.web.ServletTestExecutionListener.populatedRequestContextHolder' -> true, 'org.springframework.test.context.web.ServletTestExecutionListener.resetRequestContextHolder' -> true, 'org.springframework.test.context.event.ApplicationEventsTestExecutionListener.recordApplicationEvents' -> false]]
]]></system-out>
  <system-err><![CDATA[]]></system-err>
</testsuite>
