<?xml version="1.0" encoding="UTF-8"?>
<testsuite name="kr.co.greetech.back.repository.CompanyRepositoryTest" tests="1" skipped="0" failures="0" errors="0" timestamp="2022-02-14T02:42:28" hostname="LAPTOP-JLJ2VI1H" time="0.071">
  <properties/>
  <testcase name="findByName()" classname="kr.co.greetech.back.repository.CompanyRepositoryTest" time="0.071"/>
  <system-out><![CDATA[2022-02-14 11:42:26.600  INFO 14072 --- [    Test worker] b.t.a.o.j.DataJpaTestContextBootstrapper : Neither @ContextConfiguration nor @ContextHierarchy found for test class [kr.co.greetech.back.repository.CompanyRepositoryTest], using SpringBootContextLoader
2022-02-14 11:42:26.602  INFO 14072 --- [    Test worker] o.s.t.c.support.AbstractContextLoader    : Could not detect default resource locations for test class [kr.co.greetech.back.repository.CompanyRepositoryTest]: no resource found for suffixes {-context.xml, Context.groovy}.
2022-02-14 11:42:26.602  INFO 14072 --- [    Test worker] t.c.s.AnnotationConfigContextLoaderUtils : Could not detect default configuration classes for test class [kr.co.greetech.back.repository.CompanyRepositoryTest]: CompanyRepositoryTest does not declare any static, non-private, non-final, nested classes annotated with @Configuration.
2022-02-14 11:42:26.629  INFO 14072 --- [    Test worker] .b.t.c.SpringBootTestContextBootstrapper : Found @SpringBootConfiguration kr.co.greetech.back.BackApplication for test class kr.co.greetech.back.repository.CompanyRepositoryTest
2022-02-14 11:42:26.630  INFO 14072 --- [    Test worker] b.t.a.o.j.DataJpaTestContextBootstrapper : Loaded default TestExecutionListener class names from location [META-INF/spring.factories]: [org.springframework.boot.test.autoconfigure.restdocs.RestDocsTestExecutionListener, org.springframework.boot.test.autoconfigure.web.client.MockRestServiceServerResetTestExecutionListener, org.springframework.boot.test.autoconfigure.web.servlet.MockMvcPrintOnlyOnFailureTestExecutionListener, org.springframework.boot.test.autoconfigure.web.servlet.WebDriverTestExecutionListener, org.springframework.boot.test.autoconfigure.webservices.client.MockWebServiceServerTestExecutionListener, org.springframework.boot.test.mock.mockito.MockitoTestExecutionListener, org.springframework.boot.test.mock.mockito.ResetMocksTestExecutionListener, org.springframework.test.context.web.ServletTestExecutionListener, org.springframework.test.context.support.DirtiesContextBeforeModesTestExecutionListener, org.springframework.test.context.event.ApplicationEventsTestExecutionListener, org.springframework.test.context.support.DependencyInjectionTestExecutionListener, org.springframework.test.context.support.DirtiesContextTestExecutionListener, org.springframework.test.context.transaction.TransactionalTestExecutionListener, org.springframework.test.context.jdbc.SqlScriptsTestExecutionListener, org.springframework.test.context.event.EventPublishingTestExecutionListener]
2022-02-14 11:42:26.631  INFO 14072 --- [    Test worker] b.t.a.o.j.DataJpaTestContextBootstrapper : Using TestExecutionListeners: [org.springframework.test.context.web.ServletTestExecutionListener@6701fe26, org.springframework.test.context.support.DirtiesContextBeforeModesTestExecutionListener@6ac49084, org.springframework.test.context.event.ApplicationEventsTestExecutionListener@10e542f3, org.springframework.boot.test.mock.mockito.MockitoTestExecutionListener@6cde3dac, org.springframework.boot.test.autoconfigure.SpringBootDependencyInjectionTestExecutionListener@4460edf, org.springframework.test.context.support.DirtiesContextTestExecutionListener@4a48fe63, org.springframework.test.context.transaction.TransactionalTestExecutionListener@7000df03, org.springframework.test.context.jdbc.SqlScriptsTestExecutionListener@6daeaff2, org.springframework.test.context.event.EventPublishingTestExecutionListener@59aa646e, org.springframework.boot.test.autoconfigure.restdocs.RestDocsTestExecutionListener@541c32de, org.springframework.boot.test.autoconfigure.web.client.MockRestServiceServerResetTestExecutionListener@22120799, org.springframework.boot.test.autoconfigure.web.servlet.MockMvcPrintOnlyOnFailureTestExecutionListener@3adbfd16, org.springframework.boot.test.autoconfigure.web.servlet.WebDriverTestExecutionListener@30587737, org.springframework.boot.test.autoconfigure.webservices.client.MockWebServiceServerTestExecutionListener@5672920, org.springframework.boot.test.mock.mockito.ResetMocksTestExecutionListener@377bc8da]

  .   ____          _            __ _ _
 /\\ / ___'_ __ _ _(_)_ __  __ _ \ \ \ \
( ( )\___ | '_ | '_| | '_ \/ _` | \ \ \ \
 \\/  ___)| |_)| | | | | || (_| |  ) ) ) )
  '  |____| .__|_| |_|_| |_\__, | / / / /
 =========|_|==============|___/=/_/_/_/
 :: Spring Boot ::                (v2.5.3)

2022-02-14 11:42:26.685  INFO 14072 --- [    Test worker] k.c.g.b.r.CompanyRepositoryTest          : Starting CompanyRepositoryTest using Java 11.0.11 on LAPTOP-JLJ2VI1H with PID 14072 (started by lenovo in C:\Users\lenovo\Documents\web\back)
2022-02-14 11:42:26.685  INFO 14072 --- [    Test worker] k.c.g.b.r.CompanyRepositoryTest          : The following profiles are active: test
2022-02-14 11:42:26.929  INFO 14072 --- [    Test worker] .s.d.r.c.RepositoryConfigurationDelegate : Bootstrapping Spring Data JPA repositories in DEFAULT mode.
2022-02-14 11:42:27.029  INFO 14072 --- [    Test worker] .s.d.r.c.RepositoryConfigurationDelegate : Finished Spring Data repository scanning in 99 ms. Found 5 JPA repository interfaces.
2022-02-14 11:42:27.049  INFO 14072 --- [    Test worker] beddedDataSourceBeanFactoryPostProcessor : Replacing 'dataSource' DataSource bean with embedded version
2022-02-14 11:42:27.163  INFO 14072 --- [    Test worker] o.s.j.d.e.EmbeddedDatabaseFactory        : Starting embedded database: url='jdbc:h2:mem:901a986c-e027-4122-83b0-8ae93856f440;DB_CLOSE_DELAY=-1;DB_CLOSE_ON_EXIT=false', username='sa'
2022-02-14 11:42:27.613  INFO 14072 --- [    Test worker] o.hibernate.jpa.internal.util.LogHelper  : HHH000204: Processing PersistenceUnitInfo [name: default]
2022-02-14 11:42:27.637  INFO 14072 --- [    Test worker] org.hibernate.dialect.Dialect            : HHH000400: Using dialect: org.hibernate.dialect.H2Dialect
2022-02-14 11:42:27.831 DEBUG 14072 --- [    Test worker] org.hibernate.SQL                        : 
    
    drop table if exists company CASCADE 
Hibernate: 
    
    drop table if exists company CASCADE 
2022-02-14 11:42:27.834 DEBUG 14072 --- [    Test worker] org.hibernate.SQL                        : 
    
    drop table if exists data_logger CASCADE 
Hibernate: 
    
    drop table if exists data_logger CASCADE 
2022-02-14 11:42:27.835 DEBUG 14072 --- [    Test worker] org.hibernate.SQL                        : 
    
    drop table if exists fcm_token CASCADE 
Hibernate: 
    
    drop table if exists fcm_token CASCADE 
2022-02-14 11:42:27.835 DEBUG 14072 --- [    Test worker] org.hibernate.SQL                        : 
    
    drop table if exists measure_file CASCADE 
Hibernate: 
    
    drop table if exists measure_file CASCADE 
2022-02-14 11:42:27.836 DEBUG 14072 --- [    Test worker] org.hibernate.SQL                        : 
    
    drop table if exists measure_data CASCADE 
Hibernate: 
    
    drop table if exists measure_data CASCADE 
2022-02-14 11:42:27.836 DEBUG 14072 --- [    Test worker] org.hibernate.SQL                        : 
    
    drop sequence if exists hibernate_sequence
Hibernate: 
    
    drop sequence if exists hibernate_sequence
2022-02-14 11:42:27.837 DEBUG 14072 --- [    Test worker] org.hibernate.SQL                        : create sequence hibernate_sequence start with 1 increment by 1
Hibernate: create sequence hibernate_sequence start with 1 increment by 1
2022-02-14 11:42:27.841 DEBUG 14072 --- [    Test worker] org.hibernate.SQL                        : 
    
    create table company (
       company_id bigint not null,
        created_time timestamp not null,
        last_modified_time timestamp not null,
        login_id varchar(255) not null,
        login_pw varchar(255) not null,
        name varchar(255) not null,
        primary key (company_id)
    )
Hibernate: 
    
    create table company (
       company_id bigint not null,
        created_time timestamp not null,
        last_modified_time timestamp not null,
        login_id varchar(255) not null,
        login_pw varchar(255) not null,
        name varchar(255) not null,
        primary key (company_id)
    )
2022-02-14 11:42:27.853 DEBUG 14072 --- [    Test worker] org.hibernate.SQL                        : 
    
    create table data_logger (
       data_logger_id bigint not null,
        created_time timestamp not null,
        last_modified_time timestamp not null,
        channel_name varchar(1000) not null,
        ip varchar(50),
        model_name varchar(255) not null,
        request varchar(255),
        trigger varchar(255),
        type varchar(255),
        unit varchar(1000) not null,
        company_id bigint not null,
        primary key (data_logger_id)
    )
Hibernate: 
    
    create table data_logger (
       data_logger_id bigint not null,
        created_time timestamp not null,
        last_modified_time timestamp not null,
        channel_name varchar(1000) not null,
        ip varchar(50),
        model_name varchar(255) not null,
        request varchar(255),
        trigger varchar(255),
        type varchar(255),
        unit varchar(1000) not null,
        company_id bigint not null,
        primary key (data_logger_id)
    )
2022-02-14 11:42:27.857 DEBUG 14072 --- [    Test worker] org.hibernate.SQL                        : 
    
    create table fcm_token (
       fcm_token_id bigint not null,
        created_time timestamp not null,
        last_modified_time timestamp not null,
        fcm_token varchar(255) not null,
        company_id bigint not null,
        primary key (fcm_token_id)
    )
Hibernate: 
    
    create table fcm_token (
       fcm_token_id bigint not null,
        created_time timestamp not null,
        last_modified_time timestamp not null,
        fcm_token varchar(255) not null,
        company_id bigint not null,
        primary key (fcm_token_id)
    )
2022-02-14 11:42:27.859 DEBUG 14072 --- [    Test worker] org.hibernate.SQL                        : 
    
    create table measure_file (
       measure_file_id bigint not null,
        created_time timestamp not null,
        type varchar(255),
        url varchar(255),
        company_id bigint not null,
        data_logger_id bigint not null,
        primary key (measure_file_id)
    )
Hibernate: 
    
    create table measure_file (
       measure_file_id bigint not null,
        created_time timestamp not null,
        type varchar(255),
        url varchar(255),
        company_id bigint not null,
        data_logger_id bigint not null,
        primary key (measure_file_id)
    )
2022-02-14 11:42:27.862 DEBUG 14072 --- [    Test worker] org.hibernate.SQL                        : 
    
    create table measure_data (
       measure_data_id bigint not null,
        created_time timestamp not null,
        data varchar(255) not null,
        group_count bigint,
        data_logger_id bigint not null,
        primary key (measure_data_id)
    )
Hibernate: 
    
    create table measure_data (
       measure_data_id bigint not null,
        created_time timestamp not null,
        data varchar(255) not null,
        group_count bigint,
        data_logger_id bigint not null,
        primary key (measure_data_id)
    )
2022-02-14 11:42:27.865 DEBUG 14072 --- [    Test worker] org.hibernate.SQL                        : 
    
    alter table company 
       add constraint UK_jymm78yo2olotyo1e343ct9ko unique (login_id)
Hibernate: 
    
    alter table company 
       add constraint UK_jymm78yo2olotyo1e343ct9ko unique (login_id)
2022-02-14 11:42:27.873 DEBUG 14072 --- [    Test worker] org.hibernate.SQL                        : 
    
    alter table company 
       add constraint UK_niu8sfil2gxywcru9ah3r4ec5 unique (name)
Hibernate: 
    
    alter table company 
       add constraint UK_niu8sfil2gxywcru9ah3r4ec5 unique (name)
2022-02-14 11:42:27.875 DEBUG 14072 --- [    Test worker] org.hibernate.SQL                        : 
    
    alter table data_logger 
       add constraint FK5wejnpaohywo5fhc6jhegrefe 
       foreign key (company_id) 
       references company
Hibernate: 
    
    alter table data_logger 
       add constraint FK5wejnpaohywo5fhc6jhegrefe 
       foreign key (company_id) 
       references company
2022-02-14 11:42:27.887 DEBUG 14072 --- [    Test worker] org.hibernate.SQL                        : 
    
    alter table fcm_token 
       add constraint FKfafkxygyr8u4on8xic6beum80 
       foreign key (company_id) 
       references company
Hibernate: 
    
    alter table fcm_token 
       add constraint FKfafkxygyr8u4on8xic6beum80 
       foreign key (company_id) 
       references company
2022-02-14 11:42:27.890 DEBUG 14072 --- [    Test worker] org.hibernate.SQL                        : 
    
    alter table measure_file 
       add constraint FKepubvsw8mxm69divrooff9rew 
       foreign key (company_id) 
       references company
Hibernate: 
    
    alter table measure_file 
       add constraint FKepubvsw8mxm69divrooff9rew 
       foreign key (company_id) 
       references company
2022-02-14 11:42:27.893 DEBUG 14072 --- [    Test worker] org.hibernate.SQL                        : 
    
    alter table measure_file 
       add constraint FKo05725suyb6uco3gukg2n7ba2 
       foreign key (data_logger_id) 
       references data_logger
Hibernate: 
    
    alter table measure_file 
       add constraint FKo05725suyb6uco3gukg2n7ba2 
       foreign key (data_logger_id) 
       references data_logger
2022-02-14 11:42:27.896 DEBUG 14072 --- [    Test worker] org.hibernate.SQL                        : 
    
    alter table measure_data 
       add constraint FKat8mm6oaqfehk7y9o2xb4i0jj 
       foreign key (data_logger_id) 
       references data_logger
Hibernate: 
    
    alter table measure_data 
       add constraint FKat8mm6oaqfehk7y9o2xb4i0jj 
       foreign key (data_logger_id) 
       references data_logger
2022-02-14 11:42:27.901  INFO 14072 --- [    Test worker] o.h.e.t.j.p.i.JtaPlatformInitiator       : HHH000490: Using JtaPlatform implementation: [org.hibernate.engine.transaction.jta.platform.internal.NoJtaPlatform]
2022-02-14 11:42:27.901  INFO 14072 --- [    Test worker] j.LocalContainerEntityManagerFactoryBean : Initialized JPA EntityManagerFactory for persistence unit 'default'
2022-02-14 11:42:28.304  INFO 14072 --- [    Test worker] k.c.g.b.r.CompanyRepositoryTest          : Started CompanyRepositoryTest in 1.669 seconds (JVM running for 26.864)
2022-02-14 11:42:28.318  INFO 14072 --- [    Test worker] o.s.t.c.transaction.TransactionContext   : Began transaction (1) for test context [DefaultTestContext@5039de18 testClass = CompanyRepositoryTest, testInstance = kr.co.greetech.back.repository.CompanyRepositoryTest@2f96e49f, testMethod = findByName@CompanyRepositoryTest, testException = [null], mergedContextConfiguration = [MergedContextConfiguration@24e5a4e0 testClass = CompanyRepositoryTest, locations = '{}', classes = '{class kr.co.greetech.back.BackApplication}', contextInitializerClasses = '[]', activeProfiles = '{}', propertySourceLocations = '{}', propertySourceProperties = '{org.springframework.boot.test.autoconfigure.orm.jpa.DataJpaTestContextBootstrapper=true}', contextCustomizers = set[org.springframework.boot.test.autoconfigure.OverrideAutoConfigurationContextCustomizerFactory$DisableAutoConfigurationContextCustomizer@44f433db, org.springframework.boot.test.autoconfigure.actuate.metrics.MetricsExportContextCustomizerFactory$DisableMetricExportContextCustomizer@59d2103b, org.springframework.boot.test.autoconfigure.filter.TypeExcludeFiltersContextCustomizer@351584c0, org.springframework.boot.test.autoconfigure.properties.PropertyMappingContextCustomizer@c8edc922, org.springframework.boot.test.autoconfigure.web.servlet.WebDriverContextCustomizerFactory$Customizer@72a85671, [ImportsContextCustomizer@4e2bed0f key = [org.springframework.boot.autoconfigure.cache.CacheAutoConfiguration, org.springframework.boot.autoconfigure.data.jpa.JpaRepositoriesAutoConfiguration, org.springframework.boot.autoconfigure.flyway.FlywayAutoConfiguration, org.springframework.boot.autoconfigure.jdbc.DataSourceAutoConfiguration, org.springframework.boot.autoconfigure.jdbc.DataSourceTransactionManagerAutoConfiguration, org.springframework.boot.autoconfigure.jdbc.JdbcTemplateAutoConfiguration, org.springframework.boot.autoconfigure.liquibase.LiquibaseAutoConfiguration, org.springframework.boot.autoconfigure.orm.jpa.HibernateJpaAutoConfiguration, org.springframework.boot.autoconfigure.sql.init.SqlInitializationAutoConfiguration, org.springframework.boot.autoconfigure.transaction.TransactionAutoConfiguration, org.springframework.boot.test.autoconfigure.jdbc.TestDatabaseAutoConfiguration, org.springframework.boot.test.autoconfigure.orm.jpa.TestEntityManagerAutoConfiguration]], org.springframework.boot.test.context.filter.ExcludeFilterContextCustomizer@4ae33a11, org.springframework.boot.test.json.DuplicateJsonObjectContextCustomizerFactory$DuplicateJsonObjectContextCustomizer@3a94964, org.springframework.boot.test.mock.mockito.MockitoContextCustomizer@0, org.springframework.boot.test.context.SpringBootTestArgs@1, org.springframework.boot.test.context.SpringBootTestWebEnvironment@0], contextLoader = 'org.springframework.boot.test.context.SpringBootContextLoader', parent = [null]], attributes = map['org.springframework.test.context.event.ApplicationEventsTestExecutionListener.recordApplicationEvents' -> false]]; transaction manager [org.springframework.orm.jpa.JpaTransactionManager@34ef9879]; rollback [true]
CompanyRepositoryTest.beforeEach
2022-02-14 11:42:28.340 DEBUG 14072 --- [    Test worker] org.hibernate.SQL                        : 
    call next value for hibernate_sequence
Hibernate: 
    call next value for hibernate_sequence
2022-02-14 11:42:28.344 DEBUG 14072 --- [    Test worker] org.hibernate.SQL                        : 
    call next value for hibernate_sequence
Hibernate: 
    call next value for hibernate_sequence
2022-02-14 11:42:28.345 DEBUG 14072 --- [    Test worker] org.hibernate.SQL                        : 
    call next value for hibernate_sequence
Hibernate: 
    call next value for hibernate_sequence
2022-02-14 11:42:28.347 DEBUG 14072 --- [    Test worker] org.hibernate.SQL                        : 
    call next value for hibernate_sequence
Hibernate: 
    call next value for hibernate_sequence
2022-02-14 11:42:28.348 DEBUG 14072 --- [    Test worker] org.hibernate.SQL                        : 
    call next value for hibernate_sequence
Hibernate: 
    call next value for hibernate_sequence
CompanyRepositoryTest.findByName
2022-02-14 11:42:28.358 DEBUG 14072 --- [    Test worker] org.hibernate.SQL                        : 
    /* insert kr.co.greetech.back.entity.Company
        */ insert 
        into
            company
            (created_time, last_modified_time, login_id, login_pw, name, company_id) 
        values
            (?, ?, ?, ?, ?, ?)
Hibernate: 
    /* insert kr.co.greetech.back.entity.Company
        */ insert 
        into
            company
            (created_time, last_modified_time, login_id, login_pw, name, company_id) 
        values
            (?, ?, ?, ?, ?, ?)
2022-02-14 11:42:28.363 DEBUG 14072 --- [    Test worker] org.hibernate.SQL                        : 
    /* insert kr.co.greetech.back.entity.Company
        */ insert 
        into
            company
            (created_time, last_modified_time, login_id, login_pw, name, company_id) 
        values
            (?, ?, ?, ?, ?, ?)
Hibernate: 
    /* insert kr.co.greetech.back.entity.Company
        */ insert 
        into
            company
            (created_time, last_modified_time, login_id, login_pw, name, company_id) 
        values
            (?, ?, ?, ?, ?, ?)
2022-02-14 11:42:28.365 DEBUG 14072 --- [    Test worker] org.hibernate.SQL                        : 
    /* insert kr.co.greetech.back.entity.Company
        */ insert 
        into
            company
            (created_time, last_modified_time, login_id, login_pw, name, company_id) 
        values
            (?, ?, ?, ?, ?, ?)
Hibernate: 
    /* insert kr.co.greetech.back.entity.Company
        */ insert 
        into
            company
            (created_time, last_modified_time, login_id, login_pw, name, company_id) 
        values
            (?, ?, ?, ?, ?, ?)
2022-02-14 11:42:28.366 DEBUG 14072 --- [    Test worker] org.hibernate.SQL                        : 
    /* insert kr.co.greetech.back.entity.Company
        */ insert 
        into
            company
            (created_time, last_modified_time, login_id, login_pw, name, company_id) 
        values
            (?, ?, ?, ?, ?, ?)
Hibernate: 
    /* insert kr.co.greetech.back.entity.Company
        */ insert 
        into
            company
            (created_time, last_modified_time, login_id, login_pw, name, company_id) 
        values
            (?, ?, ?, ?, ?, ?)
2022-02-14 11:42:28.367 DEBUG 14072 --- [    Test worker] org.hibernate.SQL                        : 
    /* insert kr.co.greetech.back.entity.Company
        */ insert 
        into
            company
            (created_time, last_modified_time, login_id, login_pw, name, company_id) 
        values
            (?, ?, ?, ?, ?, ?)
Hibernate: 
    /* insert kr.co.greetech.back.entity.Company
        */ insert 
        into
            company
            (created_time, last_modified_time, login_id, login_pw, name, company_id) 
        values
            (?, ?, ?, ?, ?, ?)
2022-02-14 11:42:28.368 DEBUG 14072 --- [    Test worker] org.hibernate.SQL                        : 
    /* select
        generatedAlias0 
    from
        Company as generatedAlias0 
    where
        generatedAlias0.name=:param0 */ select
            company0_.company_id as company_1_0_,
            company0_.created_time as created_2_0_,
            company0_.last_modified_time as last_mod3_0_,
            company0_.login_id as login_id4_0_,
            company0_.login_pw as login_pw5_0_,
            company0_.name as name6_0_ 
        from
            company company0_ 
        where
            company0_.name=?
Hibernate: 
    /* select
        generatedAlias0 
    from
        Company as generatedAlias0 
    where
        generatedAlias0.name=:param0 */ select
            company0_.company_id as company_1_0_,
            company0_.created_time as created_2_0_,
            company0_.last_modified_time as last_mod3_0_,
            company0_.login_id as login_id4_0_,
            company0_.login_pw as login_pw5_0_,
            company0_.name as name6_0_ 
        from
            company company0_ 
        where
            company0_.name=?
2022-02-14 11:42:28.383  INFO 14072 --- [    Test worker] o.s.t.c.transaction.TransactionContext   : Rolled back transaction for test: [DefaultTestContext@5039de18 testClass = CompanyRepositoryTest, testInstance = kr.co.greetech.back.repository.CompanyRepositoryTest@2f96e49f, testMethod = findByName@CompanyRepositoryTest, testException = [null], mergedContextConfiguration = [MergedContextConfiguration@24e5a4e0 testClass = CompanyRepositoryTest, locations = '{}', classes = '{class kr.co.greetech.back.BackApplication}', contextInitializerClasses = '[]', activeProfiles = '{}', propertySourceLocations = '{}', propertySourceProperties = '{org.springframework.boot.test.autoconfigure.orm.jpa.DataJpaTestContextBootstrapper=true}', contextCustomizers = set[org.springframework.boot.test.autoconfigure.OverrideAutoConfigurationContextCustomizerFactory$DisableAutoConfigurationContextCustomizer@44f433db, org.springframework.boot.test.autoconfigure.actuate.metrics.MetricsExportContextCustomizerFactory$DisableMetricExportContextCustomizer@59d2103b, org.springframework.boot.test.autoconfigure.filter.TypeExcludeFiltersContextCustomizer@351584c0, org.springframework.boot.test.autoconfigure.properties.PropertyMappingContextCustomizer@c8edc922, org.springframework.boot.test.autoconfigure.web.servlet.WebDriverContextCustomizerFactory$Customizer@72a85671, [ImportsContextCustomizer@4e2bed0f key = [org.springframework.boot.autoconfigure.cache.CacheAutoConfiguration, org.springframework.boot.autoconfigure.data.jpa.JpaRepositoriesAutoConfiguration, org.springframework.boot.autoconfigure.flyway.FlywayAutoConfiguration, org.springframework.boot.autoconfigure.jdbc.DataSourceAutoConfiguration, org.springframework.boot.autoconfigure.jdbc.DataSourceTransactionManagerAutoConfiguration, org.springframework.boot.autoconfigure.jdbc.JdbcTemplateAutoConfiguration, org.springframework.boot.autoconfigure.liquibase.LiquibaseAutoConfiguration, org.springframework.boot.autoconfigure.orm.jpa.HibernateJpaAutoConfiguration, org.springframework.boot.autoconfigure.sql.init.SqlInitializationAutoConfiguration, org.springframework.boot.autoconfigure.transaction.TransactionAutoConfiguration, org.springframework.boot.test.autoconfigure.jdbc.TestDatabaseAutoConfiguration, org.springframework.boot.test.autoconfigure.orm.jpa.TestEntityManagerAutoConfiguration]], org.springframework.boot.test.context.filter.ExcludeFilterContextCustomizer@4ae33a11, org.springframework.boot.test.json.DuplicateJsonObjectContextCustomizerFactory$DuplicateJsonObjectContextCustomizer@3a94964, org.springframework.boot.test.mock.mockito.MockitoContextCustomizer@0, org.springframework.boot.test.context.SpringBootTestArgs@1, org.springframework.boot.test.context.SpringBootTestWebEnvironment@0], contextLoader = 'org.springframework.boot.test.context.SpringBootContextLoader', parent = [null]], attributes = map['org.springframework.test.context.event.ApplicationEventsTestExecutionListener.recordApplicationEvents' -> false]]
]]></system-out>
  <system-err><![CDATA[]]></system-err>
</testsuite>
