<?xml version="1.0" encoding="UTF-8"?>
<testsuite name="kr.co.greetech.back.controller.DataLoggerControllerTest" tests="3" skipped="0" failures="0" errors="0" timestamp="2021-09-08T02:26:38" hostname="LAPTOP-JLJ2VI1H" time="0.085">
  <properties/>
  <testcase name="create()" classname="kr.co.greetech.back.controller.DataLoggerControllerTest" time="0.027"/>
  <testcase name="one()" classname="kr.co.greetech.back.controller.DataLoggerControllerTest" time="0.015"/>
  <testcase name="list()" classname="kr.co.greetech.back.controller.DataLoggerControllerTest" time="0.041"/>
  <system-out><![CDATA[2021-09-08 11:26:38.398  INFO 16324 --- [    Test worker] .b.t.c.SpringBootTestContextBootstrapper : Neither @ContextConfiguration nor @ContextHierarchy found for test class [kr.co.greetech.back.controller.DataLoggerControllerTest], using SpringBootContextLoader
2021-09-08 11:26:38.398  INFO 16324 --- [    Test worker] o.s.t.c.support.AbstractContextLoader    : Could not detect default resource locations for test class [kr.co.greetech.back.controller.DataLoggerControllerTest]: no resource found for suffixes {-context.xml, Context.groovy}.
2021-09-08 11:26:38.398  INFO 16324 --- [    Test worker] t.c.s.AnnotationConfigContextLoaderUtils : Could not detect default configuration classes for test class [kr.co.greetech.back.controller.DataLoggerControllerTest]: DataLoggerControllerTest does not declare any static, non-private, non-final, nested classes annotated with @Configuration.
2021-09-08 11:26:38.398  INFO 16324 --- [    Test worker] .b.t.c.SpringBootTestContextBootstrapper : Found @SpringBootConfiguration kr.co.greetech.back.BackApplication for test class kr.co.greetech.back.controller.DataLoggerControllerTest
2021-09-08 11:26:38.398  INFO 16324 --- [    Test worker] .b.t.c.SpringBootTestContextBootstrapper : Loaded default TestExecutionListener class names from location [META-INF/spring.factories]: [org.springframework.boot.test.autoconfigure.restdocs.RestDocsTestExecutionListener, org.springframework.boot.test.autoconfigure.web.client.MockRestServiceServerResetTestExecutionListener, org.springframework.boot.test.autoconfigure.web.servlet.MockMvcPrintOnlyOnFailureTestExecutionListener, org.springframework.boot.test.autoconfigure.web.servlet.WebDriverTestExecutionListener, org.springframework.boot.test.autoconfigure.webservices.client.MockWebServiceServerTestExecutionListener, org.springframework.boot.test.mock.mockito.MockitoTestExecutionListener, org.springframework.boot.test.mock.mockito.ResetMocksTestExecutionListener, org.springframework.test.context.web.ServletTestExecutionListener, org.springframework.test.context.support.DirtiesContextBeforeModesTestExecutionListener, org.springframework.test.context.event.ApplicationEventsTestExecutionListener, org.springframework.test.context.support.DependencyInjectionTestExecutionListener, org.springframework.test.context.support.DirtiesContextTestExecutionListener, org.springframework.test.context.transaction.TransactionalTestExecutionListener, org.springframework.test.context.jdbc.SqlScriptsTestExecutionListener, org.springframework.test.context.event.EventPublishingTestExecutionListener]
2021-09-08 11:26:38.398  INFO 16324 --- [    Test worker] .b.t.c.SpringBootTestContextBootstrapper : Using TestExecutionListeners: [org.springframework.test.context.web.ServletTestExecutionListener@7fd96a46, org.springframework.test.context.support.DirtiesContextBeforeModesTestExecutionListener@1976e3bc, org.springframework.test.context.event.ApplicationEventsTestExecutionListener@1568777d, org.springframework.boot.test.mock.mockito.MockitoTestExecutionListener@35f1b1fc, org.springframework.boot.test.autoconfigure.SpringBootDependencyInjectionTestExecutionListener@14e765e, org.springframework.test.context.support.DirtiesContextTestExecutionListener@2f8b0ec8, org.springframework.test.context.transaction.TransactionalTestExecutionListener@790e47db, org.springframework.test.context.jdbc.SqlScriptsTestExecutionListener@41486757, org.springframework.test.context.event.EventPublishingTestExecutionListener@334615a6, org.springframework.boot.test.autoconfigure.restdocs.RestDocsTestExecutionListener@44ccb048, org.springframework.boot.test.autoconfigure.web.client.MockRestServiceServerResetTestExecutionListener@4ff70795, org.springframework.boot.test.autoconfigure.web.servlet.MockMvcPrintOnlyOnFailureTestExecutionListener@4d87b3e3, org.springframework.boot.test.autoconfigure.web.servlet.WebDriverTestExecutionListener@4eef64d0, org.springframework.boot.test.autoconfigure.webservices.client.MockWebServiceServerTestExecutionListener@6f00d3b5, org.springframework.boot.test.mock.mockito.ResetMocksTestExecutionListener@18bcaa6f]
2021-09-08 11:26:38.413  INFO 16324 --- [    Test worker] o.s.t.c.transaction.TransactionContext   : Began transaction (1) for test context [DefaultTestContext@17c90e85 testClass = DataLoggerControllerTest, testInstance = kr.co.greetech.back.controller.DataLoggerControllerTest@5309db0, testMethod = create@DataLoggerControllerTest, testException = [null], mergedContextConfiguration = [WebMergedContextConfiguration@3ff64111 testClass = DataLoggerControllerTest, locations = '{}', classes = '{class kr.co.greetech.back.BackApplication}', contextInitializerClasses = '[]', activeProfiles = '{}', propertySourceLocations = '{}', propertySourceProperties = '{org.springframework.boot.test.context.SpringBootTestContextBootstrapper=true}', contextCustomizers = set[org.springframework.boot.test.autoconfigure.actuate.metrics.MetricsExportContextCustomizerFactory$DisableMetricExportContextCustomizer@6def2cea, org.springframework.boot.test.autoconfigure.properties.PropertyMappingContextCustomizer@4b3fa0b3, org.springframework.boot.test.autoconfigure.web.servlet.WebDriverContextCustomizerFactory$Customizer@392a620a, [ImportsContextCustomizer@c11ed64 key = [org.springframework.boot.test.autoconfigure.web.servlet.MockMvcAutoConfiguration, org.springframework.boot.test.autoconfigure.web.servlet.MockMvcWebClientAutoConfiguration, org.springframework.boot.test.autoconfigure.web.servlet.MockMvcWebDriverAutoConfiguration, org.springframework.boot.autoconfigure.security.oauth2.client.servlet.OAuth2ClientAutoConfiguration, org.springframework.boot.autoconfigure.security.oauth2.resource.servlet.OAuth2ResourceServerAutoConfiguration, org.springframework.boot.autoconfigure.security.servlet.SecurityAutoConfiguration, org.springframework.boot.autoconfigure.security.servlet.SecurityFilterAutoConfiguration, org.springframework.boot.autoconfigure.security.servlet.UserDetailsServiceAutoConfiguration, org.springframework.boot.test.autoconfigure.web.servlet.MockMvcSecurityConfiguration]], org.springframework.boot.test.context.filter.ExcludeFilterContextCustomizer@1dd4c245, org.springframework.boot.test.json.DuplicateJsonObjectContextCustomizerFactory$DuplicateJsonObjectContextCustomizer@f90cd2c, org.springframework.boot.test.mock.mockito.MockitoContextCustomizer@0, org.springframework.boot.test.web.client.TestRestTemplateContextCustomizer@524d3e4b, org.springframework.boot.test.context.SpringBootTestArgs@1, org.springframework.boot.test.context.SpringBootTestWebEnvironment@6a9dab23], resourceBasePath = 'src/main/webapp', contextLoader = 'org.springframework.boot.test.context.SpringBootContextLoader', parent = [null]], attributes = map['org.springframework.test.context.web.ServletTestExecutionListener.activateListener' -> true, 'org.springframework.test.context.web.ServletTestExecutionListener.populatedRequestContextHolder' -> true, 'org.springframework.test.context.web.ServletTestExecutionListener.resetRequestContextHolder' -> true, 'org.springframework.test.context.event.ApplicationEventsTestExecutionListener.recordApplicationEvents' -> false]]; transaction manager [org.springframework.orm.jpa.JpaTransactionManager@521f9478]; rollback [true]
2021-09-08 11:26:38.413 DEBUG 16324 --- [    Test worker] org.hibernate.SQL                        : 
    call next value for hibernate_sequence
2021-09-08 11:26:38.413  INFO 16324 --- [    Test worker] p6spy                                    : #1631067998413 | took 0ms | statement | connection 13| url jdbc:h2:tcp://localhost/~/greentech
call next value for hibernate_sequence
call next value for hibernate_sequence;
2021-09-08 11:26:38.429 DEBUG 16324 --- [    Test worker] org.hibernate.SQL                        : 
    call next value for hibernate_sequence
2021-09-08 11:26:38.429  INFO 16324 --- [    Test worker] p6spy                                    : #1631067998429 | took 0ms | statement | connection 13| url jdbc:h2:tcp://localhost/~/greentech
call next value for hibernate_sequence
call next value for hibernate_sequence;
2021-09-08 11:26:38.429  INFO 16324 --- [    Test worker] p6spy                                    : #1631067998429 | took 0ms | rollback | connection 13| url jdbc:h2:tcp://localhost/~/greentech

;
2021-09-08 11:26:38.429  INFO 16324 --- [    Test worker] o.s.t.c.transaction.TransactionContext   : Rolled back transaction for test: [DefaultTestContext@17c90e85 testClass = DataLoggerControllerTest, testInstance = kr.co.greetech.back.controller.DataLoggerControllerTest@5309db0, testMethod = create@DataLoggerControllerTest, testException = [null], mergedContextConfiguration = [WebMergedContextConfiguration@3ff64111 testClass = DataLoggerControllerTest, locations = '{}', classes = '{class kr.co.greetech.back.BackApplication}', contextInitializerClasses = '[]', activeProfiles = '{}', propertySourceLocations = '{}', propertySourceProperties = '{org.springframework.boot.test.context.SpringBootTestContextBootstrapper=true}', contextCustomizers = set[org.springframework.boot.test.autoconfigure.actuate.metrics.MetricsExportContextCustomizerFactory$DisableMetricExportContextCustomizer@6def2cea, org.springframework.boot.test.autoconfigure.properties.PropertyMappingContextCustomizer@4b3fa0b3, org.springframework.boot.test.autoconfigure.web.servlet.WebDriverContextCustomizerFactory$Customizer@392a620a, [ImportsContextCustomizer@c11ed64 key = [org.springframework.boot.test.autoconfigure.web.servlet.MockMvcAutoConfiguration, org.springframework.boot.test.autoconfigure.web.servlet.MockMvcWebClientAutoConfiguration, org.springframework.boot.test.autoconfigure.web.servlet.MockMvcWebDriverAutoConfiguration, org.springframework.boot.autoconfigure.security.oauth2.client.servlet.OAuth2ClientAutoConfiguration, org.springframework.boot.autoconfigure.security.oauth2.resource.servlet.OAuth2ResourceServerAutoConfiguration, org.springframework.boot.autoconfigure.security.servlet.SecurityAutoConfiguration, org.springframework.boot.autoconfigure.security.servlet.SecurityFilterAutoConfiguration, org.springframework.boot.autoconfigure.security.servlet.UserDetailsServiceAutoConfiguration, org.springframework.boot.test.autoconfigure.web.servlet.MockMvcSecurityConfiguration]], org.springframework.boot.test.context.filter.ExcludeFilterContextCustomizer@1dd4c245, org.springframework.boot.test.json.DuplicateJsonObjectContextCustomizerFactory$DuplicateJsonObjectContextCustomizer@f90cd2c, org.springframework.boot.test.mock.mockito.MockitoContextCustomizer@0, org.springframework.boot.test.web.client.TestRestTemplateContextCustomizer@524d3e4b, org.springframework.boot.test.context.SpringBootTestArgs@1, org.springframework.boot.test.context.SpringBootTestWebEnvironment@6a9dab23], resourceBasePath = 'src/main/webapp', contextLoader = 'org.springframework.boot.test.context.SpringBootContextLoader', parent = [null]], attributes = map['org.springframework.test.context.web.ServletTestExecutionListener.activateListener' -> true, 'org.springframework.test.context.web.ServletTestExecutionListener.populatedRequestContextHolder' -> true, 'org.springframework.test.context.web.ServletTestExecutionListener.resetRequestContextHolder' -> true, 'org.springframework.test.context.event.ApplicationEventsTestExecutionListener.recordApplicationEvents' -> false]]
2021-09-08 11:26:38.445  INFO 16324 --- [    Test worker] o.s.t.c.transaction.TransactionContext   : Began transaction (1) for test context [DefaultTestContext@17c90e85 testClass = DataLoggerControllerTest, testInstance = kr.co.greetech.back.controller.DataLoggerControllerTest@646f0a8b, testMethod = one@DataLoggerControllerTest, testException = [null], mergedContextConfiguration = [WebMergedContextConfiguration@3ff64111 testClass = DataLoggerControllerTest, locations = '{}', classes = '{class kr.co.greetech.back.BackApplication}', contextInitializerClasses = '[]', activeProfiles = '{}', propertySourceLocations = '{}', propertySourceProperties = '{org.springframework.boot.test.context.SpringBootTestContextBootstrapper=true}', contextCustomizers = set[org.springframework.boot.test.autoconfigure.actuate.metrics.MetricsExportContextCustomizerFactory$DisableMetricExportContextCustomizer@6def2cea, org.springframework.boot.test.autoconfigure.properties.PropertyMappingContextCustomizer@4b3fa0b3, org.springframework.boot.test.autoconfigure.web.servlet.WebDriverContextCustomizerFactory$Customizer@392a620a, [ImportsContextCustomizer@c11ed64 key = [org.springframework.boot.test.autoconfigure.web.servlet.MockMvcAutoConfiguration, org.springframework.boot.test.autoconfigure.web.servlet.MockMvcWebClientAutoConfiguration, org.springframework.boot.test.autoconfigure.web.servlet.MockMvcWebDriverAutoConfiguration, org.springframework.boot.autoconfigure.security.oauth2.client.servlet.OAuth2ClientAutoConfiguration, org.springframework.boot.autoconfigure.security.oauth2.resource.servlet.OAuth2ResourceServerAutoConfiguration, org.springframework.boot.autoconfigure.security.servlet.SecurityAutoConfiguration, org.springframework.boot.autoconfigure.security.servlet.SecurityFilterAutoConfiguration, org.springframework.boot.autoconfigure.security.servlet.UserDetailsServiceAutoConfiguration, org.springframework.boot.test.autoconfigure.web.servlet.MockMvcSecurityConfiguration]], org.springframework.boot.test.context.filter.ExcludeFilterContextCustomizer@1dd4c245, org.springframework.boot.test.json.DuplicateJsonObjectContextCustomizerFactory$DuplicateJsonObjectContextCustomizer@f90cd2c, org.springframework.boot.test.mock.mockito.MockitoContextCustomizer@0, org.springframework.boot.test.web.client.TestRestTemplateContextCustomizer@524d3e4b, org.springframework.boot.test.context.SpringBootTestArgs@1, org.springframework.boot.test.context.SpringBootTestWebEnvironment@6a9dab23], resourceBasePath = 'src/main/webapp', contextLoader = 'org.springframework.boot.test.context.SpringBootContextLoader', parent = [null]], attributes = map['org.springframework.test.context.web.ServletTestExecutionListener.activateListener' -> true, 'org.springframework.test.context.web.ServletTestExecutionListener.populatedRequestContextHolder' -> true, 'org.springframework.test.context.web.ServletTestExecutionListener.resetRequestContextHolder' -> true, 'org.springframework.test.context.event.ApplicationEventsTestExecutionListener.recordApplicationEvents' -> false]]; transaction manager [org.springframework.orm.jpa.JpaTransactionManager@521f9478]; rollback [true]
2021-09-08 11:26:38.445 DEBUG 16324 --- [    Test worker] org.hibernate.SQL                        : 
    call next value for hibernate_sequence
2021-09-08 11:26:38.445  INFO 16324 --- [    Test worker] p6spy                                    : #1631067998445 | took 0ms | statement | connection 14| url jdbc:h2:tcp://localhost/~/greentech
call next value for hibernate_sequence
call next value for hibernate_sequence;
2021-09-08 11:26:38.445  INFO 16324 --- [    Test worker] p6spy                                    : #1631067998445 | took 0ms | rollback | connection 14| url jdbc:h2:tcp://localhost/~/greentech

;
2021-09-08 11:26:38.445  INFO 16324 --- [    Test worker] o.s.t.c.transaction.TransactionContext   : Rolled back transaction for test: [DefaultTestContext@17c90e85 testClass = DataLoggerControllerTest, testInstance = kr.co.greetech.back.controller.DataLoggerControllerTest@646f0a8b, testMethod = one@DataLoggerControllerTest, testException = [null], mergedContextConfiguration = [WebMergedContextConfiguration@3ff64111 testClass = DataLoggerControllerTest, locations = '{}', classes = '{class kr.co.greetech.back.BackApplication}', contextInitializerClasses = '[]', activeProfiles = '{}', propertySourceLocations = '{}', propertySourceProperties = '{org.springframework.boot.test.context.SpringBootTestContextBootstrapper=true}', contextCustomizers = set[org.springframework.boot.test.autoconfigure.actuate.metrics.MetricsExportContextCustomizerFactory$DisableMetricExportContextCustomizer@6def2cea, org.springframework.boot.test.autoconfigure.properties.PropertyMappingContextCustomizer@4b3fa0b3, org.springframework.boot.test.autoconfigure.web.servlet.WebDriverContextCustomizerFactory$Customizer@392a620a, [ImportsContextCustomizer@c11ed64 key = [org.springframework.boot.test.autoconfigure.web.servlet.MockMvcAutoConfiguration, org.springframework.boot.test.autoconfigure.web.servlet.MockMvcWebClientAutoConfiguration, org.springframework.boot.test.autoconfigure.web.servlet.MockMvcWebDriverAutoConfiguration, org.springframework.boot.autoconfigure.security.oauth2.client.servlet.OAuth2ClientAutoConfiguration, org.springframework.boot.autoconfigure.security.oauth2.resource.servlet.OAuth2ResourceServerAutoConfiguration, org.springframework.boot.autoconfigure.security.servlet.SecurityAutoConfiguration, org.springframework.boot.autoconfigure.security.servlet.SecurityFilterAutoConfiguration, org.springframework.boot.autoconfigure.security.servlet.UserDetailsServiceAutoConfiguration, org.springframework.boot.test.autoconfigure.web.servlet.MockMvcSecurityConfiguration]], org.springframework.boot.test.context.filter.ExcludeFilterContextCustomizer@1dd4c245, org.springframework.boot.test.json.DuplicateJsonObjectContextCustomizerFactory$DuplicateJsonObjectContextCustomizer@f90cd2c, org.springframework.boot.test.mock.mockito.MockitoContextCustomizer@0, org.springframework.boot.test.web.client.TestRestTemplateContextCustomizer@524d3e4b, org.springframework.boot.test.context.SpringBootTestArgs@1, org.springframework.boot.test.context.SpringBootTestWebEnvironment@6a9dab23], resourceBasePath = 'src/main/webapp', contextLoader = 'org.springframework.boot.test.context.SpringBootContextLoader', parent = [null]], attributes = map['org.springframework.test.context.web.ServletTestExecutionListener.activateListener' -> true, 'org.springframework.test.context.web.ServletTestExecutionListener.populatedRequestContextHolder' -> true, 'org.springframework.test.context.web.ServletTestExecutionListener.resetRequestContextHolder' -> true, 'org.springframework.test.context.event.ApplicationEventsTestExecutionListener.recordApplicationEvents' -> false]]
2021-09-08 11:26:38.460  INFO 16324 --- [    Test worker] o.s.t.c.transaction.TransactionContext   : Began transaction (1) for test context [DefaultTestContext@17c90e85 testClass = DataLoggerControllerTest, testInstance = kr.co.greetech.back.controller.DataLoggerControllerTest@2139edad, testMethod = list@DataLoggerControllerTest, testException = [null], mergedContextConfiguration = [WebMergedContextConfiguration@3ff64111 testClass = DataLoggerControllerTest, locations = '{}', classes = '{class kr.co.greetech.back.BackApplication}', contextInitializerClasses = '[]', activeProfiles = '{}', propertySourceLocations = '{}', propertySourceProperties = '{org.springframework.boot.test.context.SpringBootTestContextBootstrapper=true}', contextCustomizers = set[org.springframework.boot.test.autoconfigure.actuate.metrics.MetricsExportContextCustomizerFactory$DisableMetricExportContextCustomizer@6def2cea, org.springframework.boot.test.autoconfigure.properties.PropertyMappingContextCustomizer@4b3fa0b3, org.springframework.boot.test.autoconfigure.web.servlet.WebDriverContextCustomizerFactory$Customizer@392a620a, [ImportsContextCustomizer@c11ed64 key = [org.springframework.boot.test.autoconfigure.web.servlet.MockMvcAutoConfiguration, org.springframework.boot.test.autoconfigure.web.servlet.MockMvcWebClientAutoConfiguration, org.springframework.boot.test.autoconfigure.web.servlet.MockMvcWebDriverAutoConfiguration, org.springframework.boot.autoconfigure.security.oauth2.client.servlet.OAuth2ClientAutoConfiguration, org.springframework.boot.autoconfigure.security.oauth2.resource.servlet.OAuth2ResourceServerAutoConfiguration, org.springframework.boot.autoconfigure.security.servlet.SecurityAutoConfiguration, org.springframework.boot.autoconfigure.security.servlet.SecurityFilterAutoConfiguration, org.springframework.boot.autoconfigure.security.servlet.UserDetailsServiceAutoConfiguration, org.springframework.boot.test.autoconfigure.web.servlet.MockMvcSecurityConfiguration]], org.springframework.boot.test.context.filter.ExcludeFilterContextCustomizer@1dd4c245, org.springframework.boot.test.json.DuplicateJsonObjectContextCustomizerFactory$DuplicateJsonObjectContextCustomizer@f90cd2c, org.springframework.boot.test.mock.mockito.MockitoContextCustomizer@0, org.springframework.boot.test.web.client.TestRestTemplateContextCustomizer@524d3e4b, org.springframework.boot.test.context.SpringBootTestArgs@1, org.springframework.boot.test.context.SpringBootTestWebEnvironment@6a9dab23], resourceBasePath = 'src/main/webapp', contextLoader = 'org.springframework.boot.test.context.SpringBootContextLoader', parent = [null]], attributes = map['org.springframework.test.context.web.ServletTestExecutionListener.activateListener' -> true, 'org.springframework.test.context.web.ServletTestExecutionListener.populatedRequestContextHolder' -> true, 'org.springframework.test.context.web.ServletTestExecutionListener.resetRequestContextHolder' -> true, 'org.springframework.test.context.event.ApplicationEventsTestExecutionListener.recordApplicationEvents' -> false]]; transaction manager [org.springframework.orm.jpa.JpaTransactionManager@521f9478]; rollback [true]
2021-09-08 11:26:38.460 DEBUG 16324 --- [    Test worker] org.hibernate.SQL                        : 
    call next value for hibernate_sequence
2021-09-08 11:26:38.460  INFO 16324 --- [    Test worker] p6spy                                    : #1631067998460 | took 0ms | statement | connection 15| url jdbc:h2:tcp://localhost/~/greentech
call next value for hibernate_sequence
call next value for hibernate_sequence;
2021-09-08 11:26:38.460 DEBUG 16324 --- [    Test worker] org.hibernate.SQL                        : 
    call next value for hibernate_sequence
2021-09-08 11:26:38.460  INFO 16324 --- [    Test worker] p6spy                                    : #1631067998460 | took 0ms | statement | connection 15| url jdbc:h2:tcp://localhost/~/greentech
call next value for hibernate_sequence
call next value for hibernate_sequence;
2021-09-08 11:26:38.460 DEBUG 16324 --- [    Test worker] org.hibernate.SQL                        : 
    call next value for hibernate_sequence
2021-09-08 11:26:38.460  INFO 16324 --- [    Test worker] p6spy                                    : #1631067998460 | took 0ms | statement | connection 15| url jdbc:h2:tcp://localhost/~/greentech
call next value for hibernate_sequence
call next value for hibernate_sequence;
2021-09-08 11:26:38.460 DEBUG 16324 --- [    Test worker] org.hibernate.SQL                        : 
    call next value for hibernate_sequence
2021-09-08 11:26:38.460  INFO 16324 --- [    Test worker] p6spy                                    : #1631067998460 | took 0ms | statement | connection 15| url jdbc:h2:tcp://localhost/~/greentech
call next value for hibernate_sequence
call next value for hibernate_sequence;
2021-09-08 11:26:38.476 DEBUG 16324 --- [    Test worker] org.hibernate.SQL                        : 
    /* insert kr.co.greetech.back.entity.Company
        */ insert 
        into
            company
            (created_time, last_modified_time, login_id, login_pw, name, company_id) 
        values
            (?, ?, ?, ?, ?, ?)
2021-09-08 11:26:38.476  INFO 16324 --- [    Test worker] p6spy                                    : #1631067998476 | took 0ms | statement | connection 15| url jdbc:h2:tcp://localhost/~/greentech
/* insert kr.co.greetech.back.entity.Company */ insert into company (created_time, last_modified_time, login_id, login_pw, name, company_id) values (?, ?, ?, ?, ?, ?)
/* insert kr.co.greetech.back.entity.Company */ insert into company (created_time, last_modified_time, login_id, login_pw, name, company_id) values ('2021-09-08T11:26:38.460+0900', '2021-09-08T11:26:38.460+0900', 'abcdefg', 'abcdefg1!', 'company', 10);
2021-09-08 11:26:38.476 DEBUG 16324 --- [    Test worker] org.hibernate.SQL                        : 
    /* insert kr.co.greetech.back.entity.DataLogger
        */ insert 
        into
            data_logger
            (created_time, last_modified_time, company_id, model_name, data_logger_id) 
        values
            (?, ?, ?, ?, ?)
2021-09-08 11:26:38.476  INFO 16324 --- [    Test worker] p6spy                                    : #1631067998476 | took 0ms | statement | connection 15| url jdbc:h2:tcp://localhost/~/greentech
/* insert kr.co.greetech.back.entity.DataLogger */ insert into data_logger (created_time, last_modified_time, company_id, model_name, data_logger_id) values (?, ?, ?, ?, ?)
/* insert kr.co.greetech.back.entity.DataLogger */ insert into data_logger (created_time, last_modified_time, company_id, model_name, data_logger_id) values ('2021-09-08T11:26:38.460+0900', '2021-09-08T11:26:38.460+0900', NULL, 'dataLogger', 11);
2021-09-08 11:26:38.476 DEBUG 16324 --- [    Test worker] org.hibernate.SQL                        : 
    /* insert kr.co.greetech.back.entity.DataLogger
        */ insert 
        into
            data_logger
            (created_time, last_modified_time, company_id, model_name, data_logger_id) 
        values
            (?, ?, ?, ?, ?)
2021-09-08 11:26:38.476  INFO 16324 --- [    Test worker] p6spy                                    : #1631067998476 | took 0ms | statement | connection 15| url jdbc:h2:tcp://localhost/~/greentech
/* insert kr.co.greetech.back.entity.DataLogger */ insert into data_logger (created_time, last_modified_time, company_id, model_name, data_logger_id) values (?, ?, ?, ?, ?)
/* insert kr.co.greetech.back.entity.DataLogger */ insert into data_logger (created_time, last_modified_time, company_id, model_name, data_logger_id) values ('2021-09-08T11:26:38.460+0900', '2021-09-08T11:26:38.460+0900', NULL, 'dataLogger', 12);
2021-09-08 11:26:38.476 DEBUG 16324 --- [    Test worker] org.hibernate.SQL                        : 
    /* insert kr.co.greetech.back.entity.DataLogger
        */ insert 
        into
            data_logger
            (created_time, last_modified_time, company_id, model_name, data_logger_id) 
        values
            (?, ?, ?, ?, ?)
2021-09-08 11:26:38.476  INFO 16324 --- [    Test worker] p6spy                                    : #1631067998476 | took 0ms | statement | connection 15| url jdbc:h2:tcp://localhost/~/greentech
/* insert kr.co.greetech.back.entity.DataLogger */ insert into data_logger (created_time, last_modified_time, company_id, model_name, data_logger_id) values (?, ?, ?, ?, ?)
/* insert kr.co.greetech.back.entity.DataLogger */ insert into data_logger (created_time, last_modified_time, company_id, model_name, data_logger_id) values ('2021-09-08T11:26:38.460+0900', '2021-09-08T11:26:38.460+0900', NULL, 'dataLogger', 13);
2021-09-08 11:26:38.476 DEBUG 16324 --- [    Test worker] org.hibernate.SQL                        : 
    /* select
        generatedAlias0 
    from
        DataLogger as generatedAlias0 
    left join
        generatedAlias0.company as generatedAlias1 
    where
        generatedAlias1.id=:param0 */ select
            datalogger0_.data_logger_id as data_log1_1_,
            datalogger0_.created_time as created_2_1_,
            datalogger0_.last_modified_time as last_mod3_1_,
            datalogger0_.company_id as company_5_1_,
            datalogger0_.model_name as model_na4_1_ 
        from
            data_logger datalogger0_ 
        left outer join
            company company1_ 
                on datalogger0_.company_id=company1_.company_id 
        where
            company1_.company_id=?
2021-09-08 11:26:38.491  INFO 16324 --- [    Test worker] p6spy                                    : #1631067998491 | took 0ms | statement | connection 15| url jdbc:h2:tcp://localhost/~/greentech
/* select generatedAlias0 from DataLogger as generatedAlias0 left join generatedAlias0.company as generatedAlias1 where generatedAlias1.id=:param0 */ select datalogger0_.data_logger_id as data_log1_1_, datalogger0_.created_time as created_2_1_, datalogger0_.last_modified_time as last_mod3_1_, datalogger0_.company_id as company_5_1_, datalogger0_.model_name as model_na4_1_ from data_logger datalogger0_ left outer join company company1_ on datalogger0_.company_id=company1_.company_id where company1_.company_id=?
/* select generatedAlias0 from DataLogger as generatedAlias0 left join generatedAlias0.company as generatedAlias1 where generatedAlias1.id=:param0 */ select datalogger0_.data_logger_id as data_log1_1_, datalogger0_.created_time as created_2_1_, datalogger0_.last_modified_time as last_mod3_1_, datalogger0_.company_id as company_5_1_, datalogger0_.model_name as model_na4_1_ from data_logger datalogger0_ left outer join company company1_ on datalogger0_.company_id=company1_.company_id where company1_.company_id=10;
2021-09-08 11:26:38.491  INFO 16324 --- [    Test worker] p6spy                                    : #1631067998491 | took 0ms | rollback | connection 15| url jdbc:h2:tcp://localhost/~/greentech

;
2021-09-08 11:26:38.491  INFO 16324 --- [    Test worker] o.s.t.c.transaction.TransactionContext   : Rolled back transaction for test: [DefaultTestContext@17c90e85 testClass = DataLoggerControllerTest, testInstance = kr.co.greetech.back.controller.DataLoggerControllerTest@2139edad, testMethod = list@DataLoggerControllerTest, testException = [null], mergedContextConfiguration = [WebMergedContextConfiguration@3ff64111 testClass = DataLoggerControllerTest, locations = '{}', classes = '{class kr.co.greetech.back.BackApplication}', contextInitializerClasses = '[]', activeProfiles = '{}', propertySourceLocations = '{}', propertySourceProperties = '{org.springframework.boot.test.context.SpringBootTestContextBootstrapper=true}', contextCustomizers = set[org.springframework.boot.test.autoconfigure.actuate.metrics.MetricsExportContextCustomizerFactory$DisableMetricExportContextCustomizer@6def2cea, org.springframework.boot.test.autoconfigure.properties.PropertyMappingContextCustomizer@4b3fa0b3, org.springframework.boot.test.autoconfigure.web.servlet.WebDriverContextCustomizerFactory$Customizer@392a620a, [ImportsContextCustomizer@c11ed64 key = [org.springframework.boot.test.autoconfigure.web.servlet.MockMvcAutoConfiguration, org.springframework.boot.test.autoconfigure.web.servlet.MockMvcWebClientAutoConfiguration, org.springframework.boot.test.autoconfigure.web.servlet.MockMvcWebDriverAutoConfiguration, org.springframework.boot.autoconfigure.security.oauth2.client.servlet.OAuth2ClientAutoConfiguration, org.springframework.boot.autoconfigure.security.oauth2.resource.servlet.OAuth2ResourceServerAutoConfiguration, org.springframework.boot.autoconfigure.security.servlet.SecurityAutoConfiguration, org.springframework.boot.autoconfigure.security.servlet.SecurityFilterAutoConfiguration, org.springframework.boot.autoconfigure.security.servlet.UserDetailsServiceAutoConfiguration, org.springframework.boot.test.autoconfigure.web.servlet.MockMvcSecurityConfiguration]], org.springframework.boot.test.context.filter.ExcludeFilterContextCustomizer@1dd4c245, org.springframework.boot.test.json.DuplicateJsonObjectContextCustomizerFactory$DuplicateJsonObjectContextCustomizer@f90cd2c, org.springframework.boot.test.mock.mockito.MockitoContextCustomizer@0, org.springframework.boot.test.web.client.TestRestTemplateContextCustomizer@524d3e4b, org.springframework.boot.test.context.SpringBootTestArgs@1, org.springframework.boot.test.context.SpringBootTestWebEnvironment@6a9dab23], resourceBasePath = 'src/main/webapp', contextLoader = 'org.springframework.boot.test.context.SpringBootContextLoader', parent = [null]], attributes = map['org.springframework.test.context.web.ServletTestExecutionListener.activateListener' -> true, 'org.springframework.test.context.web.ServletTestExecutionListener.populatedRequestContextHolder' -> true, 'org.springframework.test.context.web.ServletTestExecutionListener.resetRequestContextHolder' -> true, 'org.springframework.test.context.event.ApplicationEventsTestExecutionListener.recordApplicationEvents' -> false]]
]]></system-out>
  <system-err><![CDATA[]]></system-err>
</testsuite>
