<?xml version="1.0" encoding="UTF-8"?>
<testsuite name="kr.co.greetech.back.BackApplicationTests" tests="1" skipped="0" failures="0" errors="0" timestamp="2021-09-14T07:49:23" hostname="LAPTOP-JLJ2VI1H" time="0.004">
  <properties/>
  <testcase name="contextLoads()" classname="kr.co.greetech.back.BackApplicationTests" time="0.004"/>
  <system-out><![CDATA[2021-09-14 16:49:23.262  INFO 23712 --- [    Test worker] .b.t.c.SpringBootTestContextBootstrapper : Neither @ContextConfiguration nor @ContextHierarchy found for test class [kr.co.greetech.back.BackApplicationTests], using SpringBootContextLoader
2021-09-14 16:49:23.263  INFO 23712 --- [    Test worker] o.s.t.c.support.AbstractContextLoader    : Could not detect default resource locations for test class [kr.co.greetech.back.BackApplicationTests]: no resource found for suffixes {-context.xml, Context.groovy}.
2021-09-14 16:49:23.263  INFO 23712 --- [    Test worker] t.c.s.AnnotationConfigContextLoaderUtils : Could not detect default configuration classes for test class [kr.co.greetech.back.BackApplicationTests]: BackApplicationTests does not declare any static, non-private, non-final, nested classes annotated with @Configuration.
2021-09-14 16:49:23.268  INFO 23712 --- [    Test worker] .b.t.c.SpringBootTestContextBootstrapper : Found @SpringBootConfiguration kr.co.greetech.back.BackApplication for test class kr.co.greetech.back.BackApplicationTests
2021-09-14 16:49:23.270  INFO 23712 --- [    Test worker] .b.t.c.SpringBootTestContextBootstrapper : Loaded default TestExecutionListener class names from location [META-INF/spring.factories]: [org.springframework.boot.test.autoconfigure.restdocs.RestDocsTestExecutionListener, org.springframework.boot.test.autoconfigure.web.client.MockRestServiceServerResetTestExecutionListener, org.springframework.boot.test.autoconfigure.web.servlet.MockMvcPrintOnlyOnFailureTestExecutionListener, org.springframework.boot.test.autoconfigure.web.servlet.WebDriverTestExecutionListener, org.springframework.boot.test.autoconfigure.webservices.client.MockWebServiceServerTestExecutionListener, org.springframework.boot.test.mock.mockito.MockitoTestExecutionListener, org.springframework.boot.test.mock.mockito.ResetMocksTestExecutionListener, org.springframework.test.context.web.ServletTestExecutionListener, org.springframework.test.context.support.DirtiesContextBeforeModesTestExecutionListener, org.springframework.test.context.event.ApplicationEventsTestExecutionListener, org.springframework.test.context.support.DependencyInjectionTestExecutionListener, org.springframework.test.context.support.DirtiesContextTestExecutionListener, org.springframework.test.context.transaction.TransactionalTestExecutionListener, org.springframework.test.context.jdbc.SqlScriptsTestExecutionListener, org.springframework.test.context.event.EventPublishingTestExecutionListener]
2021-09-14 16:49:23.271  INFO 23712 --- [    Test worker] .b.t.c.SpringBootTestContextBootstrapper : Using TestExecutionListeners: [org.springframework.test.context.web.ServletTestExecutionListener@5373a6a6, org.springframework.test.context.support.DirtiesContextBeforeModesTestExecutionListener@66940805, org.springframework.test.context.event.ApplicationEventsTestExecutionListener@1f63a496, org.springframework.boot.test.mock.mockito.MockitoTestExecutionListener@c93ba35, org.springframework.boot.test.autoconfigure.SpringBootDependencyInjectionTestExecutionListener@421b6b97, org.springframework.test.context.support.DirtiesContextTestExecutionListener@40987f1, org.springframework.test.context.transaction.TransactionalTestExecutionListener@6ccd4f2, org.springframework.test.context.jdbc.SqlScriptsTestExecutionListener@171f940c, org.springframework.test.context.event.EventPublishingTestExecutionListener@e4102ab, org.springframework.boot.test.autoconfigure.restdocs.RestDocsTestExecutionListener@463f3a9d, org.springframework.boot.test.autoconfigure.web.client.MockRestServiceServerResetTestExecutionListener@26b41dec, org.springframework.boot.test.autoconfigure.web.servlet.MockMvcPrintOnlyOnFailureTestExecutionListener@4de042c2, org.springframework.boot.test.autoconfigure.web.servlet.WebDriverTestExecutionListener@4bb2458f, org.springframework.boot.test.autoconfigure.webservices.client.MockWebServiceServerTestExecutionListener@74e675b6, org.springframework.boot.test.mock.mockito.ResetMocksTestExecutionListener@72bb4dbb]
]]></system-out>
  <system-err><![CDATA[]]></system-err>
</testsuite>
