<?xml version="1.0" encoding="UTF-8"?>
<testsuite name="kr.co.greetech.back.service.MeasureDataServiceTest" tests="2" skipped="0" failures="0" errors="0" timestamp="2021-12-28T00:50:38" hostname="LAPTOP-JLJ2VI1H" time="0.171">
  <properties/>
  <testcase name="addMeasureDataDtos()" classname="kr.co.greetech.back.service.MeasureDataServiceTest" time="0.104"/>
  <testcase name="last()" classname="kr.co.greetech.back.service.MeasureDataServiceTest" time="0.065"/>
  <system-out><![CDATA[2021-12-28 09:50:38.445  INFO 2316 --- [    Test worker] .b.t.c.SpringBootTestContextBootstrapper : Neither @ContextConfiguration nor @ContextHierarchy found for test class [kr.co.greetech.back.service.MeasureDataServiceTest], using SpringBootContextLoader
2021-12-28 09:50:38.446  INFO 2316 --- [    Test worker] o.s.t.c.support.AbstractContextLoader    : Could not detect default resource locations for test class [kr.co.greetech.back.service.MeasureDataServiceTest]: no resource found for suffixes {-context.xml, Context.groovy}.
2021-12-28 09:50:38.446  INFO 2316 --- [    Test worker] t.c.s.AnnotationConfigContextLoaderUtils : Could not detect default configuration classes for test class [kr.co.greetech.back.service.MeasureDataServiceTest]: MeasureDataServiceTest does not declare any static, non-private, non-final, nested classes annotated with @Configuration.
2021-12-28 09:50:38.455  INFO 2316 --- [    Test worker] .b.t.c.SpringBootTestContextBootstrapper : Found @SpringBootConfiguration kr.co.greetech.back.BackApplication for test class kr.co.greetech.back.service.MeasureDataServiceTest
2021-12-28 09:50:38.461  INFO 2316 --- [    Test worker] .b.t.c.SpringBootTestContextBootstrapper : Loaded default TestExecutionListener class names from location [META-INF/spring.factories]: [org.springframework.boot.test.autoconfigure.restdocs.RestDocsTestExecutionListener, org.springframework.boot.test.autoconfigure.web.client.MockRestServiceServerResetTestExecutionListener, org.springframework.boot.test.autoconfigure.web.servlet.MockMvcPrintOnlyOnFailureTestExecutionListener, org.springframework.boot.test.autoconfigure.web.servlet.WebDriverTestExecutionListener, org.springframework.boot.test.autoconfigure.webservices.client.MockWebServiceServerTestExecutionListener, org.springframework.boot.test.mock.mockito.MockitoTestExecutionListener, org.springframework.boot.test.mock.mockito.ResetMocksTestExecutionListener, org.springframework.test.context.web.ServletTestExecutionListener, org.springframework.test.context.support.DirtiesContextBeforeModesTestExecutionListener, org.springframework.test.context.event.ApplicationEventsTestExecutionListener, org.springframework.test.context.support.DependencyInjectionTestExecutionListener, org.springframework.test.context.support.DirtiesContextTestExecutionListener, org.springframework.test.context.transaction.TransactionalTestExecutionListener, org.springframework.test.context.jdbc.SqlScriptsTestExecutionListener, org.springframework.test.context.event.EventPublishingTestExecutionListener]
2021-12-28 09:50:38.462  INFO 2316 --- [    Test worker] .b.t.c.SpringBootTestContextBootstrapper : Using TestExecutionListeners: [org.springframework.test.context.web.ServletTestExecutionListener@435d648d, org.springframework.test.context.support.DirtiesContextBeforeModesTestExecutionListener@379899f4, org.springframework.test.context.event.ApplicationEventsTestExecutionListener@1a4eb337, org.springframework.boot.test.mock.mockito.MockitoTestExecutionListener@cec9f23, org.springframework.boot.test.autoconfigure.SpringBootDependencyInjectionTestExecutionListener@243deb3f, org.springframework.test.context.support.DirtiesContextTestExecutionListener@57999175, org.springframework.test.context.transaction.TransactionalTestExecutionListener@38a147ba, org.springframework.test.context.jdbc.SqlScriptsTestExecutionListener@50dcc20a, org.springframework.test.context.event.EventPublishingTestExecutionListener@1bf3af3d, org.springframework.boot.test.autoconfigure.restdocs.RestDocsTestExecutionListener@7a970f, org.springframework.boot.test.autoconfigure.web.client.MockRestServiceServerResetTestExecutionListener@32549c2d, org.springframework.boot.test.autoconfigure.web.servlet.MockMvcPrintOnlyOnFailureTestExecutionListener@4aed4ff, org.springframework.boot.test.autoconfigure.web.servlet.WebDriverTestExecutionListener@2220910, org.springframework.boot.test.autoconfigure.webservices.client.MockWebServiceServerTestExecutionListener@563434b4, org.springframework.boot.test.mock.mockito.ResetMocksTestExecutionListener@40977fab]
2021-12-28 09:50:38.472  INFO 2316 --- [    Test worker] o.s.t.c.transaction.TransactionContext   : Began transaction (1) for test context [DefaultTestContext@2c63f1fe testClass = MeasureDataServiceTest, testInstance = kr.co.greetech.back.service.MeasureDataServiceTest@7c4c091a, testMethod = addMeasureDataDtos@MeasureDataServiceTest, testException = [null], mergedContextConfiguration = [WebMergedContextConfiguration@7960e87a testClass = MeasureDataServiceTest, locations = '{}', classes = '{class kr.co.greetech.back.BackApplication}', contextInitializerClasses = '[]', activeProfiles = '{}', propertySourceLocations = '{}', propertySourceProperties = '{org.springframework.boot.test.context.SpringBootTestContextBootstrapper=true}', contextCustomizers = set[org.springframework.boot.test.autoconfigure.actuate.metrics.MetricsExportContextCustomizerFactory$DisableMetricExportContextCustomizer@59d2103b, org.springframework.boot.test.autoconfigure.properties.PropertyMappingContextCustomizer@0, org.springframework.boot.test.autoconfigure.web.servlet.WebDriverContextCustomizerFactory$Customizer@72a85671, org.springframework.boot.test.context.filter.ExcludeFilterContextCustomizer@4ae33a11, org.springframework.boot.test.json.DuplicateJsonObjectContextCustomizerFactory$DuplicateJsonObjectContextCustomizer@3a94964, org.springframework.boot.test.mock.mockito.MockitoContextCustomizer@0, org.springframework.boot.test.web.client.TestRestTemplateContextCustomizer@3185fa6b, org.springframework.boot.test.context.SpringBootTestArgs@1, org.springframework.boot.test.context.SpringBootTestWebEnvironment@7cb502c], resourceBasePath = 'src/main/webapp', contextLoader = 'org.springframework.boot.test.context.SpringBootContextLoader', parent = [null]], attributes = map['org.springframework.test.context.web.ServletTestExecutionListener.activateListener' -> true, 'org.springframework.test.context.web.ServletTestExecutionListener.populatedRequestContextHolder' -> true, 'org.springframework.test.context.web.ServletTestExecutionListener.resetRequestContextHolder' -> true, 'org.springframework.test.context.event.ApplicationEventsTestExecutionListener.recordApplicationEvents' -> false]]; transaction manager [org.springframework.orm.jpa.JpaTransactionManager@6b3284]; rollback [true]
2021-12-28 09:50:38.477 DEBUG 2316 --- [    Test worker] org.hibernate.SQL                        : 
    call next value for hibernate_sequence
2021-12-28 09:50:38.478  INFO 2316 --- [    Test worker] p6spy                                    : #1640652638478 | took 0ms | statement | connection 13| url jdbc:h2:tcp://localhost/~/greentech
call next value for hibernate_sequence
call next value for hibernate_sequence;
2021-12-28 09:50:38.479 DEBUG 2316 --- [    Test worker] org.hibernate.SQL                        : 
    call next value for hibernate_sequence
2021-12-28 09:50:38.479  INFO 2316 --- [    Test worker] p6spy                                    : #1640652638479 | took 0ms | statement | connection 13| url jdbc:h2:tcp://localhost/~/greentech
call next value for hibernate_sequence
call next value for hibernate_sequence;
2021-12-28 09:50:38.485 DEBUG 2316 --- [    Test worker] org.hibernate.SQL                        : 
    /* select
        count(measureData) 
    from
        MeasureData measureData 
    where
        measureData.dataLogger.id = ?1 */ select
            count(measuredat0_.measure_data_id) as col_0_0_ 
        from
            measure_data measuredat0_ 
        where
            measuredat0_.data_logger_id=?
2021-12-28 09:50:38.485  INFO 2316 --- [    Test worker] p6spy                                    : #1640652638485 | took 0ms | statement | connection 13| url jdbc:h2:tcp://localhost/~/greentech
/* select count(measureData)
from MeasureData measureData
where measureData.dataLogger.id = ?1 */ select count(measuredat0_.measure_data_id) as col_0_0_ from measure_data measuredat0_ where measuredat0_.data_logger_id=?
/* select count(measureData)
from MeasureData measureData
where measureData.dataLogger.id = 231 */ select count(measuredat0_.measure_data_id) as col_0_0_ from measure_data measuredat0_ where measuredat0_.data_logger_id=NULL;
2021-12-28 09:50:38.485 DEBUG 2316 --- [    Test worker] org.hibernate.SQL                        : 
    call next value for hibernate_sequence
2021-12-28 09:50:38.485  INFO 2316 --- [    Test worker] p6spy                                    : #1640652638485 | took 0ms | statement | connection 13| url jdbc:h2:tcp://localhost/~/greentech
call next value for hibernate_sequence
call next value for hibernate_sequence;
2021-12-28 09:50:38.485 DEBUG 2316 --- [    Test worker] org.hibernate.SQL                        : 
    call next value for hibernate_sequence
2021-12-28 09:50:38.485  INFO 2316 --- [    Test worker] p6spy                                    : #1640652638485 | took 0ms | statement | connection 13| url jdbc:h2:tcp://localhost/~/greentech
call next value for hibernate_sequence
call next value for hibernate_sequence;
2021-12-28 09:50:38.493 DEBUG 2316 --- [    Test worker] org.hibernate.SQL                        : 
    call next value for hibernate_sequence
2021-12-28 09:50:38.494  INFO 2316 --- [    Test worker] p6spy                                    : #1640652638494 | took 0ms | statement | connection 13| url jdbc:h2:tcp://localhost/~/greentech
call next value for hibernate_sequence
call next value for hibernate_sequence;
2021-12-28 09:50:38.495 DEBUG 2316 --- [    Test worker] org.hibernate.SQL                        : 
    call next value for hibernate_sequence
2021-12-28 09:50:38.496  INFO 2316 --- [    Test worker] p6spy                                    : #1640652638496 | took 0ms | statement | connection 13| url jdbc:h2:tcp://localhost/~/greentech
call next value for hibernate_sequence
call next value for hibernate_sequence;
2021-12-28 09:50:38.496 DEBUG 2316 --- [    Test worker] org.hibernate.SQL                        : 
    call next value for hibernate_sequence
2021-12-28 09:50:38.496  INFO 2316 --- [    Test worker] p6spy                                    : #1640652638496 | took 0ms | statement | connection 13| url jdbc:h2:tcp://localhost/~/greentech
call next value for hibernate_sequence
call next value for hibernate_sequence;
2021-12-28 09:50:38.513 DEBUG 2316 --- [    Test worker] org.hibernate.SQL                        : 
    /* insert kr.co.greetech.back.entity.Company
        */ insert 
        into
            company
            (created_time, last_modified_time, login_id, login_pw, name, company_id) 
        values
            (?, ?, ?, ?, ?, ?)
2021-12-28 09:50:38.514  INFO 2316 --- [    Test worker] p6spy                                    : #1640652638514 | took 1ms | statement | connection 13| url jdbc:h2:tcp://localhost/~/greentech
/* insert kr.co.greetech.back.entity.Company */ insert into company (created_time, last_modified_time, login_id, login_pw, name, company_id) values (?, ?, ?, ?, ?, ?)
/* insert kr.co.greetech.back.entity.Company */ insert into company (created_time, last_modified_time, login_id, login_pw, name, company_id) values ('2021-12-28T09:50:38.472+0900', '2021-12-28T09:50:38.472+0900', 'abcdefg', 'abcdefg1!', 'company', 22);
2021-12-28 09:50:38.514 DEBUG 2316 --- [    Test worker] org.hibernate.SQL                        : 
    /* insert kr.co.greetech.back.entity.DataLogger
        */ insert 
        into
            data_logger
            (created_time, last_modified_time, channel_name, company_id, model_name, type, unit, data_logger_id) 
        values
            (?, ?, ?, ?, ?, ?, ?, ?)
2021-12-28 09:50:38.514  INFO 2316 --- [    Test worker] p6spy                                    : #1640652638514 | took 1ms | statement | connection 13| url jdbc:h2:tcp://localhost/~/greentech
/* insert kr.co.greetech.back.entity.DataLogger */ insert into data_logger (created_time, last_modified_time, channel_name, company_id, model_name, type, unit, data_logger_id) values (?, ?, ?, ?, ?, ?, ?, ?)
/* insert kr.co.greetech.back.entity.DataLogger */ insert into data_logger (created_time, last_modified_time, channel_name, company_id, model_name, type, unit, data_logger_id) values ('2021-12-28T09:50:38.479+0900', '2021-12-28T09:50:38.479+0900', '', 22, 'dataLogger', 'STATIC', '', 23);
2021-12-28 09:50:38.522 DEBUG 2316 --- [    Test worker] org.hibernate.SQL                        : 
    /* insert kr.co.greetech.back.entity.MeasureData
        */ insert 
        into
            measure_data
            (created_time, data, data_logger_id, group_count, measure_data_id) 
        values
            (?, ?, ?, ?, ?)
2021-12-28 09:50:38.526  INFO 2316 --- [    Test worker] p6spy                                    : #1640652638526 | took 1ms | statement | connection 13| url jdbc:h2:tcp://localhost/~/greentech
/* insert kr.co.greetech.back.entity.MeasureData */ insert into measure_data (created_time, data, data_logger_id, group_count, measure_data_id) values (?, ?, ?, ?, ?)
/* insert kr.co.greetech.back.entity.MeasureData */ insert into measure_data (created_time, data, data_logger_id, group_count, measure_data_id) values ('2021-12-28T09:50:38.479+0900', 'data', 23, 0, 24);
2021-12-28 09:50:38.526 DEBUG 2316 --- [    Test worker] org.hibernate.SQL                        : 
    /* insert kr.co.greetech.back.entity.MeasureData
        */ insert 
        into
            measure_data
            (created_time, data, data_logger_id, group_count, measure_data_id) 
        values
            (?, ?, ?, ?, ?)
2021-12-28 09:50:38.528  INFO 2316 --- [    Test worker] p6spy                                    : #1640652638528 | took 0ms | statement | connection 13| url jdbc:h2:tcp://localhost/~/greentech
/* insert kr.co.greetech.back.entity.MeasureData */ insert into measure_data (created_time, data, data_logger_id, group_count, measure_data_id) values (?, ?, ?, ?, ?)
/* insert kr.co.greetech.back.entity.MeasureData */ insert into measure_data (created_time, data, data_logger_id, group_count, measure_data_id) values ('2021-12-28T09:50:38.479+0900', 'data', 23, 1, 25);
2021-12-28 09:50:38.529 DEBUG 2316 --- [    Test worker] org.hibernate.SQL                        : 
    /* insert kr.co.greetech.back.entity.MeasureData
        */ insert 
        into
            measure_data
            (created_time, data, data_logger_id, group_count, measure_data_id) 
        values
            (?, ?, ?, ?, ?)
2021-12-28 09:50:38.529  INFO 2316 --- [    Test worker] p6spy                                    : #1640652638529 | took 0ms | statement | connection 13| url jdbc:h2:tcp://localhost/~/greentech
/* insert kr.co.greetech.back.entity.MeasureData */ insert into measure_data (created_time, data, data_logger_id, group_count, measure_data_id) values (?, ?, ?, ?, ?)
/* insert kr.co.greetech.back.entity.MeasureData */ insert into measure_data (created_time, data, data_logger_id, group_count, measure_data_id) values ('2021-12-28T09:50:38.479+0900', 'data', 23, 2, 26);
2021-12-28 09:50:38.529 DEBUG 2316 --- [    Test worker] org.hibernate.SQL                        : 
    /* insert kr.co.greetech.back.entity.MeasureData
        */ insert 
        into
            measure_data
            (created_time, data, data_logger_id, group_count, measure_data_id) 
        values
            (?, ?, ?, ?, ?)
2021-12-28 09:50:38.529  INFO 2316 --- [    Test worker] p6spy                                    : #1640652638529 | took 0ms | statement | connection 13| url jdbc:h2:tcp://localhost/~/greentech
/* insert kr.co.greetech.back.entity.MeasureData */ insert into measure_data (created_time, data, data_logger_id, group_count, measure_data_id) values (?, ?, ?, ?, ?)
/* insert kr.co.greetech.back.entity.MeasureData */ insert into measure_data (created_time, data, data_logger_id, group_count, measure_data_id) values ('2021-12-28T09:50:38.479+0900', 'data', 23, 3, 27);
2021-12-28 09:50:38.529 DEBUG 2316 --- [    Test worker] org.hibernate.SQL                        : 
    /* insert kr.co.greetech.back.entity.MeasureData
        */ insert 
        into
            measure_data
            (created_time, data, data_logger_id, group_count, measure_data_id) 
        values
            (?, ?, ?, ?, ?)
2021-12-28 09:50:38.529  INFO 2316 --- [    Test worker] p6spy                                    : #1640652638529 | took 0ms | statement | connection 13| url jdbc:h2:tcp://localhost/~/greentech
/* insert kr.co.greetech.back.entity.MeasureData */ insert into measure_data (created_time, data, data_logger_id, group_count, measure_data_id) values (?, ?, ?, ?, ?)
/* insert kr.co.greetech.back.entity.MeasureData */ insert into measure_data (created_time, data, data_logger_id, group_count, measure_data_id) values ('2021-12-28T09:50:38.479+0900', 'data', 23, 4, 28);
2021-12-28 09:50:38.529 DEBUG 2316 --- [    Test worker] org.hibernate.SQL                        : 
    /* select
        generatedAlias0 
    from
        FcmToken as generatedAlias0 
    left join
        generatedAlias0.company as generatedAlias1 
    where
        generatedAlias1.id=:param0 */ select
            fcmtoken0_.fcm_token_id as fcm_toke1_2_,
            fcmtoken0_.created_time as created_2_2_,
            fcmtoken0_.last_modified_time as last_mod3_2_,
            fcmtoken0_.company_id as company_5_2_,
            fcmtoken0_.fcm_token as fcm_toke4_2_ 
        from
            fcm_token fcmtoken0_ 
        left outer join
            company company1_ 
                on fcmtoken0_.company_id=company1_.company_id 
        where
            company1_.company_id=?
2021-12-28 09:50:38.538  INFO 2316 --- [    Test worker] p6spy                                    : #1640652638538 | took 0ms | statement | connection 13| url jdbc:h2:tcp://localhost/~/greentech
/* select generatedAlias0 from FcmToken as generatedAlias0 left join generatedAlias0.company as generatedAlias1 where generatedAlias1.id=:param0 */ select fcmtoken0_.fcm_token_id as fcm_toke1_2_, fcmtoken0_.created_time as created_2_2_, fcmtoken0_.last_modified_time as last_mod3_2_, fcmtoken0_.company_id as company_5_2_, fcmtoken0_.fcm_token as fcm_toke4_2_ from fcm_token fcmtoken0_ left outer join company company1_ on fcmtoken0_.company_id=company1_.company_id where company1_.company_id=?
/* select generatedAlias0 from FcmToken as generatedAlias0 left join generatedAlias0.company as generatedAlias1 where generatedAlias1.id=:param0 */ select fcmtoken0_.fcm_token_id as fcm_toke1_2_, fcmtoken0_.created_time as created_2_2_, fcmtoken0_.last_modified_time as last_mod3_2_, fcmtoken0_.company_id as company_5_2_, fcmtoken0_.fcm_token as fcm_toke4_2_ from fcm_token fcmtoken0_ left outer join company company1_ on fcmtoken0_.company_id=company1_.company_id where company1_.company_id=22;
2021-12-28 09:50:38.546 DEBUG 2316 --- [    Test worker] org.hibernate.SQL                        : 
    /* select
        count(measureData) 
    from
        MeasureData measureData 
    where
        measureData.dataLogger.id = ?1 
        and measureData.createdTime between ?2 and ?3 */ select
            count(measuredat0_.measure_data_id) as col_0_0_ 
        from
            measure_data measuredat0_ 
        where
            measuredat0_.data_logger_id=? 
            and (
                measuredat0_.created_time between ? and ?
            )
2021-12-28 09:50:38.547  INFO 2316 --- [    Test worker] p6spy                                    : #1640652638547 | took 0ms | statement | connection 13| url jdbc:h2:tcp://localhost/~/greentech
/* select count(measureData)
from MeasureData measureData
where measureData.dataLogger.id = ?1 and measureData.createdTime between ?2 and ?3 */ select count(measuredat0_.measure_data_id) as col_0_0_ from measure_data measuredat0_ where measuredat0_.data_logger_id=? and (measuredat0_.created_time between ? and ?)
/* select count(measureData)
from MeasureData measureData
where measureData.dataLogger.id = 231 and measureData.createdTime between '2021-12-27T09:50:38.539+0900'2 and '2021-12-29T09:50:38.539+0900'3 */ select count(measuredat0_.measure_data_id) as col_0_0_ from measure_data measuredat0_ where measuredat0_.data_logger_id=NULL and (measuredat0_.created_time between ? and ?);
2021-12-28 09:50:38.557 DEBUG 2316 --- [    Test worker] org.hibernate.SQL                        : 
    /* select
        measureData.data,
        measureData.createdTime 
    from
        MeasureData measureData 
    where
        measureData.dataLogger.id = ?1 
        and measureData.createdTime between ?2 and ?3 
    order by
        measureData.createdTime desc */ select
            measuredat0_.data as col_0_0_,
            measuredat0_.created_time as col_1_0_ 
        from
            measure_data measuredat0_ 
        where
            measuredat0_.data_logger_id=? 
            and (
                measuredat0_.created_time between ? and ?
            ) 
        order by
            measuredat0_.created_time desc limit ?
2021-12-28 09:50:38.557  INFO 2316 --- [    Test worker] p6spy                                    : #1640652638557 | took 0ms | statement | connection 13| url jdbc:h2:tcp://localhost/~/greentech
/* select measureData.data, measureData.createdTime
from MeasureData measureData
where measureData.dataLogger.id = ?1 and measureData.createdTime between ?2 and ?3
order by measureData.createdTime desc */ select measuredat0_.data as col_0_0_, measuredat0_.created_time as col_1_0_ from measure_data measuredat0_ where measuredat0_.data_logger_id=? and (measuredat0_.created_time between ? and ?) order by measuredat0_.created_time desc limit ?
/* select measureData.data, measureData.createdTime
from MeasureData measureData
where measureData.dataLogger.id = 231 and measureData.createdTime between '2021-12-27T09:50:38.539+0900'2 and '2021-12-29T09:50:38.539+0900'3
order by measureData.createdTime desc */ select measuredat0_.data as col_0_0_, measuredat0_.created_time as col_1_0_ from measure_data measuredat0_ where measuredat0_.data_logger_id=200 and (measuredat0_.created_time between NULL and ?) order by measuredat0_.created_time desc limit ?;
2021-12-28 09:50:38.571  INFO 2316 --- [    Test worker] p6spy                                    : #1640652638571 | took 0ms | rollback | connection 13| url jdbc:h2:tcp://localhost/~/greentech

;
2021-12-28 09:50:38.572  INFO 2316 --- [    Test worker] o.s.t.c.transaction.TransactionContext   : Rolled back transaction for test: [DefaultTestContext@2c63f1fe testClass = MeasureDataServiceTest, testInstance = kr.co.greetech.back.service.MeasureDataServiceTest@7c4c091a, testMethod = addMeasureDataDtos@MeasureDataServiceTest, testException = [null], mergedContextConfiguration = [WebMergedContextConfiguration@7960e87a testClass = MeasureDataServiceTest, locations = '{}', classes = '{class kr.co.greetech.back.BackApplication}', contextInitializerClasses = '[]', activeProfiles = '{}', propertySourceLocations = '{}', propertySourceProperties = '{org.springframework.boot.test.context.SpringBootTestContextBootstrapper=true}', contextCustomizers = set[org.springframework.boot.test.autoconfigure.actuate.metrics.MetricsExportContextCustomizerFactory$DisableMetricExportContextCustomizer@59d2103b, org.springframework.boot.test.autoconfigure.properties.PropertyMappingContextCustomizer@0, org.springframework.boot.test.autoconfigure.web.servlet.WebDriverContextCustomizerFactory$Customizer@72a85671, org.springframework.boot.test.context.filter.ExcludeFilterContextCustomizer@4ae33a11, org.springframework.boot.test.json.DuplicateJsonObjectContextCustomizerFactory$DuplicateJsonObjectContextCustomizer@3a94964, org.springframework.boot.test.mock.mockito.MockitoContextCustomizer@0, org.springframework.boot.test.web.client.TestRestTemplateContextCustomizer@3185fa6b, org.springframework.boot.test.context.SpringBootTestArgs@1, org.springframework.boot.test.context.SpringBootTestWebEnvironment@7cb502c], resourceBasePath = 'src/main/webapp', contextLoader = 'org.springframework.boot.test.context.SpringBootContextLoader', parent = [null]], attributes = map['org.springframework.test.context.web.ServletTestExecutionListener.activateListener' -> true, 'org.springframework.test.context.web.ServletTestExecutionListener.populatedRequestContextHolder' -> true, 'org.springframework.test.context.web.ServletTestExecutionListener.resetRequestContextHolder' -> true, 'org.springframework.test.context.event.ApplicationEventsTestExecutionListener.recordApplicationEvents' -> false]]
2021-12-28 09:50:38.573  INFO 2316 --- [    Test worker] o.s.t.c.transaction.TransactionContext   : Began transaction (1) for test context [DefaultTestContext@2c63f1fe testClass = MeasureDataServiceTest, testInstance = kr.co.greetech.back.service.MeasureDataServiceTest@531f6879, testMethod = last@MeasureDataServiceTest, testException = [null], mergedContextConfiguration = [WebMergedContextConfiguration@7960e87a testClass = MeasureDataServiceTest, locations = '{}', classes = '{class kr.co.greetech.back.BackApplication}', contextInitializerClasses = '[]', activeProfiles = '{}', propertySourceLocations = '{}', propertySourceProperties = '{org.springframework.boot.test.context.SpringBootTestContextBootstrapper=true}', contextCustomizers = set[org.springframework.boot.test.autoconfigure.actuate.metrics.MetricsExportContextCustomizerFactory$DisableMetricExportContextCustomizer@59d2103b, org.springframework.boot.test.autoconfigure.properties.PropertyMappingContextCustomizer@0, org.springframework.boot.test.autoconfigure.web.servlet.WebDriverContextCustomizerFactory$Customizer@72a85671, org.springframework.boot.test.context.filter.ExcludeFilterContextCustomizer@4ae33a11, org.springframework.boot.test.json.DuplicateJsonObjectContextCustomizerFactory$DuplicateJsonObjectContextCustomizer@3a94964, org.springframework.boot.test.mock.mockito.MockitoContextCustomizer@0, org.springframework.boot.test.web.client.TestRestTemplateContextCustomizer@3185fa6b, org.springframework.boot.test.context.SpringBootTestArgs@1, org.springframework.boot.test.context.SpringBootTestWebEnvironment@7cb502c], resourceBasePath = 'src/main/webapp', contextLoader = 'org.springframework.boot.test.context.SpringBootContextLoader', parent = [null]], attributes = map['org.springframework.test.context.web.ServletTestExecutionListener.activateListener' -> true, 'org.springframework.test.context.web.ServletTestExecutionListener.populatedRequestContextHolder' -> true, 'org.springframework.test.context.web.ServletTestExecutionListener.resetRequestContextHolder' -> true, 'org.springframework.test.context.event.ApplicationEventsTestExecutionListener.recordApplicationEvents' -> false]]; transaction manager [org.springframework.orm.jpa.JpaTransactionManager@6b3284]; rollback [true]
2021-12-28 09:50:38.578 DEBUG 2316 --- [    Test worker] org.hibernate.SQL                        : 
    call next value for hibernate_sequence
2021-12-28 09:50:38.578  INFO 2316 --- [    Test worker] p6spy                                    : #1640652638578 | took 0ms | statement | connection 14| url jdbc:h2:tcp://localhost/~/greentech
call next value for hibernate_sequence
call next value for hibernate_sequence;
2021-12-28 09:50:38.578 DEBUG 2316 --- [    Test worker] org.hibernate.SQL                        : 
    call next value for hibernate_sequence
2021-12-28 09:50:38.578  INFO 2316 --- [    Test worker] p6spy                                    : #1640652638578 | took 0ms | statement | connection 14| url jdbc:h2:tcp://localhost/~/greentech
call next value for hibernate_sequence
call next value for hibernate_sequence;
2021-12-28 09:50:38.587 DEBUG 2316 --- [    Test worker] org.hibernate.SQL                        : 
    /* select
        count(measureData) 
    from
        MeasureData measureData 
    where
        measureData.dataLogger.id = ?1 */ select
            count(measuredat0_.measure_data_id) as col_0_0_ 
        from
            measure_data measuredat0_ 
        where
            measuredat0_.data_logger_id=?
2021-12-28 09:50:38.588  INFO 2316 --- [    Test worker] p6spy                                    : #1640652638588 | took 0ms | statement | connection 14| url jdbc:h2:tcp://localhost/~/greentech
/* select count(measureData)
from MeasureData measureData
where measureData.dataLogger.id = ?1 */ select count(measuredat0_.measure_data_id) as col_0_0_ from measure_data measuredat0_ where measuredat0_.data_logger_id=?
/* select count(measureData)
from MeasureData measureData
where measureData.dataLogger.id = 301 */ select count(measuredat0_.measure_data_id) as col_0_0_ from measure_data measuredat0_ where measuredat0_.data_logger_id=NULL;
2021-12-28 09:50:38.588 DEBUG 2316 --- [    Test worker] org.hibernate.SQL                        : 
    call next value for hibernate_sequence
2021-12-28 09:50:38.588  INFO 2316 --- [    Test worker] p6spy                                    : #1640652638588 | took 0ms | statement | connection 14| url jdbc:h2:tcp://localhost/~/greentech
call next value for hibernate_sequence
call next value for hibernate_sequence;
2021-12-28 09:50:38.588 DEBUG 2316 --- [    Test worker] org.hibernate.SQL                        : 
    call next value for hibernate_sequence
2021-12-28 09:50:38.588  INFO 2316 --- [    Test worker] p6spy                                    : #1640652638588 | took 0ms | statement | connection 14| url jdbc:h2:tcp://localhost/~/greentech
call next value for hibernate_sequence
call next value for hibernate_sequence;
2021-12-28 09:50:38.588 DEBUG 2316 --- [    Test worker] org.hibernate.SQL                        : 
    call next value for hibernate_sequence
2021-12-28 09:50:38.594  INFO 2316 --- [    Test worker] p6spy                                    : #1640652638594 | took 0ms | statement | connection 14| url jdbc:h2:tcp://localhost/~/greentech
call next value for hibernate_sequence
call next value for hibernate_sequence;
2021-12-28 09:50:38.595 DEBUG 2316 --- [    Test worker] org.hibernate.SQL                        : 
    call next value for hibernate_sequence
2021-12-28 09:50:38.596  INFO 2316 --- [    Test worker] p6spy                                    : #1640652638596 | took 0ms | statement | connection 14| url jdbc:h2:tcp://localhost/~/greentech
call next value for hibernate_sequence
call next value for hibernate_sequence;
2021-12-28 09:50:38.596 DEBUG 2316 --- [    Test worker] org.hibernate.SQL                        : 
    call next value for hibernate_sequence
2021-12-28 09:50:38.596  INFO 2316 --- [    Test worker] p6spy                                    : #1640652638596 | took 0ms | statement | connection 14| url jdbc:h2:tcp://localhost/~/greentech
call next value for hibernate_sequence
call next value for hibernate_sequence;
2021-12-28 09:50:38.596 DEBUG 2316 --- [    Test worker] org.hibernate.SQL                        : 
    /* insert kr.co.greetech.back.entity.Company
        */ insert 
        into
            company
            (created_time, last_modified_time, login_id, login_pw, name, company_id) 
        values
            (?, ?, ?, ?, ?, ?)
2021-12-28 09:50:38.596  INFO 2316 --- [    Test worker] p6spy                                    : #1640652638596 | took 0ms | statement | connection 14| url jdbc:h2:tcp://localhost/~/greentech
/* insert kr.co.greetech.back.entity.Company */ insert into company (created_time, last_modified_time, login_id, login_pw, name, company_id) values (?, ?, ?, ?, ?, ?)
/* insert kr.co.greetech.back.entity.Company */ insert into company (created_time, last_modified_time, login_id, login_pw, name, company_id) values ('2021-12-28T09:50:38.578+0900', '2021-12-28T09:50:38.578+0900', 'abcdefg', 'abcdefg1!', 'company', 29);
2021-12-28 09:50:38.596 DEBUG 2316 --- [    Test worker] org.hibernate.SQL                        : 
    /* insert kr.co.greetech.back.entity.DataLogger
        */ insert 
        into
            data_logger
            (created_time, last_modified_time, channel_name, company_id, model_name, type, unit, data_logger_id) 
        values
            (?, ?, ?, ?, ?, ?, ?, ?)
2021-12-28 09:50:38.605  INFO 2316 --- [    Test worker] p6spy                                    : #1640652638605 | took 0ms | statement | connection 14| url jdbc:h2:tcp://localhost/~/greentech
/* insert kr.co.greetech.back.entity.DataLogger */ insert into data_logger (created_time, last_modified_time, channel_name, company_id, model_name, type, unit, data_logger_id) values (?, ?, ?, ?, ?, ?, ?, ?)
/* insert kr.co.greetech.back.entity.DataLogger */ insert into data_logger (created_time, last_modified_time, channel_name, company_id, model_name, type, unit, data_logger_id) values ('2021-12-28T09:50:38.578+0900', '2021-12-28T09:50:38.578+0900', '', 29, 'dataLogger', 'STATIC', '', 30);
2021-12-28 09:50:38.605 DEBUG 2316 --- [    Test worker] org.hibernate.SQL                        : 
    /* insert kr.co.greetech.back.entity.MeasureData
        */ insert 
        into
            measure_data
            (created_time, data, data_logger_id, group_count, measure_data_id) 
        values
            (?, ?, ?, ?, ?)
2021-12-28 09:50:38.605  INFO 2316 --- [    Test worker] p6spy                                    : #1640652638605 | took 0ms | statement | connection 14| url jdbc:h2:tcp://localhost/~/greentech
/* insert kr.co.greetech.back.entity.MeasureData */ insert into measure_data (created_time, data, data_logger_id, group_count, measure_data_id) values (?, ?, ?, ?, ?)
/* insert kr.co.greetech.back.entity.MeasureData */ insert into measure_data (created_time, data, data_logger_id, group_count, measure_data_id) values ('2021-12-28T09:50:38.578+0900', 'data', 30, 0, 31);
2021-12-28 09:50:38.605 DEBUG 2316 --- [    Test worker] org.hibernate.SQL                        : 
    /* insert kr.co.greetech.back.entity.MeasureData
        */ insert 
        into
            measure_data
            (created_time, data, data_logger_id, group_count, measure_data_id) 
        values
            (?, ?, ?, ?, ?)
2021-12-28 09:50:38.605  INFO 2316 --- [    Test worker] p6spy                                    : #1640652638605 | took 0ms | statement | connection 14| url jdbc:h2:tcp://localhost/~/greentech
/* insert kr.co.greetech.back.entity.MeasureData */ insert into measure_data (created_time, data, data_logger_id, group_count, measure_data_id) values (?, ?, ?, ?, ?)
/* insert kr.co.greetech.back.entity.MeasureData */ insert into measure_data (created_time, data, data_logger_id, group_count, measure_data_id) values ('2021-12-28T09:50:38.578+0900', 'data', 30, 1, 32);
2021-12-28 09:50:38.611 DEBUG 2316 --- [    Test worker] org.hibernate.SQL                        : 
    /* insert kr.co.greetech.back.entity.MeasureData
        */ insert 
        into
            measure_data
            (created_time, data, data_logger_id, group_count, measure_data_id) 
        values
            (?, ?, ?, ?, ?)
2021-12-28 09:50:38.613  INFO 2316 --- [    Test worker] p6spy                                    : #1640652638613 | took 0ms | statement | connection 14| url jdbc:h2:tcp://localhost/~/greentech
/* insert kr.co.greetech.back.entity.MeasureData */ insert into measure_data (created_time, data, data_logger_id, group_count, measure_data_id) values (?, ?, ?, ?, ?)
/* insert kr.co.greetech.back.entity.MeasureData */ insert into measure_data (created_time, data, data_logger_id, group_count, measure_data_id) values ('2021-12-28T09:50:38.578+0900', 'data', 30, 2, 33);
2021-12-28 09:50:38.613 DEBUG 2316 --- [    Test worker] org.hibernate.SQL                        : 
    /* insert kr.co.greetech.back.entity.MeasureData
        */ insert 
        into
            measure_data
            (created_time, data, data_logger_id, group_count, measure_data_id) 
        values
            (?, ?, ?, ?, ?)
2021-12-28 09:50:38.613  INFO 2316 --- [    Test worker] p6spy                                    : #1640652638613 | took 0ms | statement | connection 14| url jdbc:h2:tcp://localhost/~/greentech
/* insert kr.co.greetech.back.entity.MeasureData */ insert into measure_data (created_time, data, data_logger_id, group_count, measure_data_id) values (?, ?, ?, ?, ?)
/* insert kr.co.greetech.back.entity.MeasureData */ insert into measure_data (created_time, data, data_logger_id, group_count, measure_data_id) values ('2021-12-28T09:50:38.578+0900', 'data', 30, 3, 34);
2021-12-28 09:50:38.613 DEBUG 2316 --- [    Test worker] org.hibernate.SQL                        : 
    /* insert kr.co.greetech.back.entity.MeasureData
        */ insert 
        into
            measure_data
            (created_time, data, data_logger_id, group_count, measure_data_id) 
        values
            (?, ?, ?, ?, ?)
2021-12-28 09:50:38.613  INFO 2316 --- [    Test worker] p6spy                                    : #1640652638613 | took 0ms | statement | connection 14| url jdbc:h2:tcp://localhost/~/greentech
/* insert kr.co.greetech.back.entity.MeasureData */ insert into measure_data (created_time, data, data_logger_id, group_count, measure_data_id) values (?, ?, ?, ?, ?)
/* insert kr.co.greetech.back.entity.MeasureData */ insert into measure_data (created_time, data, data_logger_id, group_count, measure_data_id) values ('2021-12-28T09:50:38.578+0900', 'data', 30, 4, 35);
2021-12-28 09:50:38.613 DEBUG 2316 --- [    Test worker] org.hibernate.SQL                        : 
    /* select
        generatedAlias0 
    from
        FcmToken as generatedAlias0 
    left join
        generatedAlias0.company as generatedAlias1 
    where
        generatedAlias1.id=:param0 */ select
            fcmtoken0_.fcm_token_id as fcm_toke1_2_,
            fcmtoken0_.created_time as created_2_2_,
            fcmtoken0_.last_modified_time as last_mod3_2_,
            fcmtoken0_.company_id as company_5_2_,
            fcmtoken0_.fcm_token as fcm_toke4_2_ 
        from
            fcm_token fcmtoken0_ 
        left outer join
            company company1_ 
                on fcmtoken0_.company_id=company1_.company_id 
        where
            company1_.company_id=?
2021-12-28 09:50:38.613  INFO 2316 --- [    Test worker] p6spy                                    : #1640652638613 | took 0ms | statement | connection 14| url jdbc:h2:tcp://localhost/~/greentech
/* select generatedAlias0 from FcmToken as generatedAlias0 left join generatedAlias0.company as generatedAlias1 where generatedAlias1.id=:param0 */ select fcmtoken0_.fcm_token_id as fcm_toke1_2_, fcmtoken0_.created_time as created_2_2_, fcmtoken0_.last_modified_time as last_mod3_2_, fcmtoken0_.company_id as company_5_2_, fcmtoken0_.fcm_token as fcm_toke4_2_ from fcm_token fcmtoken0_ left outer join company company1_ on fcmtoken0_.company_id=company1_.company_id where company1_.company_id=?
/* select generatedAlias0 from FcmToken as generatedAlias0 left join generatedAlias0.company as generatedAlias1 where generatedAlias1.id=:param0 */ select fcmtoken0_.fcm_token_id as fcm_toke1_2_, fcmtoken0_.created_time as created_2_2_, fcmtoken0_.last_modified_time as last_mod3_2_, fcmtoken0_.company_id as company_5_2_, fcmtoken0_.fcm_token as fcm_toke4_2_ from fcm_token fcmtoken0_ left outer join company company1_ on fcmtoken0_.company_id=company1_.company_id where company1_.company_id=29;
2021-12-28 09:50:38.623 DEBUG 2316 --- [    Test worker] org.hibernate.SQL                        : 
    /* select
        measureData.data,
        measureData.createdTime 
    from
        MeasureData measureData 
    where
        measureData.dataLogger.id = ?1 
    order by
        measureData.createdTime desc */ select
            measuredat0_.data as col_0_0_,
            measuredat0_.created_time as col_1_0_ 
        from
            measure_data measuredat0_ 
        where
            measuredat0_.data_logger_id=? 
        order by
            measuredat0_.created_time desc limit ?
2021-12-28 09:50:38.628  INFO 2316 --- [    Test worker] p6spy                                    : #1640652638628 | took 0ms | statement | connection 14| url jdbc:h2:tcp://localhost/~/greentech
/* select measureData.data, measureData.createdTime
from MeasureData measureData
where measureData.dataLogger.id = ?1
order by measureData.createdTime desc */ select measuredat0_.data as col_0_0_, measuredat0_.created_time as col_1_0_ from measure_data measuredat0_ where measuredat0_.data_logger_id=? order by measuredat0_.created_time desc limit ?
/* select measureData.data, measureData.createdTime
from MeasureData measureData
where measureData.dataLogger.id = 301
order by measureData.createdTime desc */ select measuredat0_.data as col_0_0_, measuredat0_.created_time as col_1_0_ from measure_data measuredat0_ where measuredat0_.data_logger_id=10 order by measuredat0_.created_time desc limit NULL;
2021-12-28 09:50:38.630  INFO 2316 --- [    Test worker] p6spy                                    : #1640652638630 | took 0ms | rollback | connection 14| url jdbc:h2:tcp://localhost/~/greentech

;
2021-12-28 09:50:38.639  INFO 2316 --- [    Test worker] o.s.t.c.transaction.TransactionContext   : Rolled back transaction for test: [DefaultTestContext@2c63f1fe testClass = MeasureDataServiceTest, testInstance = kr.co.greetech.back.service.MeasureDataServiceTest@531f6879, testMethod = last@MeasureDataServiceTest, testException = [null], mergedContextConfiguration = [WebMergedContextConfiguration@7960e87a testClass = MeasureDataServiceTest, locations = '{}', classes = '{class kr.co.greetech.back.BackApplication}', contextInitializerClasses = '[]', activeProfiles = '{}', propertySourceLocations = '{}', propertySourceProperties = '{org.springframework.boot.test.context.SpringBootTestContextBootstrapper=true}', contextCustomizers = set[org.springframework.boot.test.autoconfigure.actuate.metrics.MetricsExportContextCustomizerFactory$DisableMetricExportContextCustomizer@59d2103b, org.springframework.boot.test.autoconfigure.properties.PropertyMappingContextCustomizer@0, org.springframework.boot.test.autoconfigure.web.servlet.WebDriverContextCustomizerFactory$Customizer@72a85671, org.springframework.boot.test.context.filter.ExcludeFilterContextCustomizer@4ae33a11, org.springframework.boot.test.json.DuplicateJsonObjectContextCustomizerFactory$DuplicateJsonObjectContextCustomizer@3a94964, org.springframework.boot.test.mock.mockito.MockitoContextCustomizer@0, org.springframework.boot.test.web.client.TestRestTemplateContextCustomizer@3185fa6b, org.springframework.boot.test.context.SpringBootTestArgs@1, org.springframework.boot.test.context.SpringBootTestWebEnvironment@7cb502c], resourceBasePath = 'src/main/webapp', contextLoader = 'org.springframework.boot.test.context.SpringBootContextLoader', parent = [null]], attributes = map['org.springframework.test.context.web.ServletTestExecutionListener.activateListener' -> true, 'org.springframework.test.context.web.ServletTestExecutionListener.populatedRequestContextHolder' -> true, 'org.springframework.test.context.web.ServletTestExecutionListener.resetRequestContextHolder' -> true, 'org.springframework.test.context.event.ApplicationEventsTestExecutionListener.recordApplicationEvents' -> false]]
]]></system-out>
  <system-err><![CDATA[]]></system-err>
</testsuite>
