<?xml version="1.0" encoding="UTF-8"?>
<testsuite name="kr.co.greetech.back.controller.MeasureDataControllerTest" tests="2" skipped="0" failures="0" errors="0" timestamp="2021-09-29T06:33:45" hostname="LAPTOP-JLJ2VI1H" time="0.322">
  <properties/>
  <testcase name="select()" classname="kr.co.greetech.back.controller.MeasureDataControllerTest" time="0.256"/>
  <testcase name="add()" classname="kr.co.greetech.back.controller.MeasureDataControllerTest" time="0.064"/>
  <system-out><![CDATA[2021-09-29 15:33:45.824  INFO 13780 --- [    Test worker] .b.t.c.SpringBootTestContextBootstrapper : Neither @ContextConfiguration nor @ContextHierarchy found for test class [kr.co.greetech.back.controller.MeasureDataControllerTest], using SpringBootContextLoader
2021-09-29 15:33:45.824  INFO 13780 --- [    Test worker] o.s.t.c.support.AbstractContextLoader    : Could not detect default resource locations for test class [kr.co.greetech.back.controller.MeasureDataControllerTest]: no resource found for suffixes {-context.xml, Context.groovy}.
2021-09-29 15:33:45.824  INFO 13780 --- [    Test worker] t.c.s.AnnotationConfigContextLoaderUtils : Could not detect default configuration classes for test class [kr.co.greetech.back.controller.MeasureDataControllerTest]: MeasureDataControllerTest does not declare any static, non-private, non-final, nested classes annotated with @Configuration.
2021-09-29 15:33:45.840  INFO 13780 --- [    Test worker] .b.t.c.SpringBootTestContextBootstrapper : Found @SpringBootConfiguration kr.co.greetech.back.BackApplication for test class kr.co.greetech.back.controller.MeasureDataControllerTest
2021-09-29 15:33:45.840  INFO 13780 --- [    Test worker] .b.t.c.SpringBootTestContextBootstrapper : Loaded default TestExecutionListener class names from location [META-INF/spring.factories]: [org.springframework.boot.test.autoconfigure.restdocs.RestDocsTestExecutionListener, org.springframework.boot.test.autoconfigure.web.client.MockRestServiceServerResetTestExecutionListener, org.springframework.boot.test.autoconfigure.web.servlet.MockMvcPrintOnlyOnFailureTestExecutionListener, org.springframework.boot.test.autoconfigure.web.servlet.WebDriverTestExecutionListener, org.springframework.boot.test.autoconfigure.webservices.client.MockWebServiceServerTestExecutionListener, org.springframework.boot.test.mock.mockito.MockitoTestExecutionListener, org.springframework.boot.test.mock.mockito.ResetMocksTestExecutionListener, org.springframework.test.context.web.ServletTestExecutionListener, org.springframework.test.context.support.DirtiesContextBeforeModesTestExecutionListener, org.springframework.test.context.event.ApplicationEventsTestExecutionListener, org.springframework.test.context.support.DependencyInjectionTestExecutionListener, org.springframework.test.context.support.DirtiesContextTestExecutionListener, org.springframework.test.context.transaction.TransactionalTestExecutionListener, org.springframework.test.context.jdbc.SqlScriptsTestExecutionListener, org.springframework.test.context.event.EventPublishingTestExecutionListener]
2021-09-29 15:33:45.840  INFO 13780 --- [    Test worker] .b.t.c.SpringBootTestContextBootstrapper : Using TestExecutionListeners: [org.springframework.test.context.web.ServletTestExecutionListener@667252fd, org.springframework.test.context.support.DirtiesContextBeforeModesTestExecutionListener@4f3ec1fe, org.springframework.test.context.event.ApplicationEventsTestExecutionListener@255cef80, org.springframework.boot.test.mock.mockito.MockitoTestExecutionListener@6b262051, org.springframework.boot.test.autoconfigure.SpringBootDependencyInjectionTestExecutionListener@1f376272, org.springframework.test.context.support.DirtiesContextTestExecutionListener@263f615b, org.springframework.test.context.transaction.TransactionalTestExecutionListener@64ddaaf3, org.springframework.test.context.jdbc.SqlScriptsTestExecutionListener@3e233a91, org.springframework.test.context.event.EventPublishingTestExecutionListener@1aa3ebd5, org.springframework.boot.test.autoconfigure.restdocs.RestDocsTestExecutionListener@474b7463, org.springframework.boot.test.autoconfigure.web.client.MockRestServiceServerResetTestExecutionListener@4ec8c44b, org.springframework.boot.test.autoconfigure.web.servlet.MockMvcPrintOnlyOnFailureTestExecutionListener@691888b1, org.springframework.boot.test.autoconfigure.web.servlet.WebDriverTestExecutionListener@6c603b04, org.springframework.boot.test.autoconfigure.webservices.client.MockWebServiceServerTestExecutionListener@7094a287, org.springframework.boot.test.mock.mockito.ResetMocksTestExecutionListener@7876ca42]
2021-09-29 15:33:45.840  INFO 13780 --- [    Test worker] o.s.t.c.transaction.TransactionContext   : Began transaction (1) for test context [DefaultTestContext@236ccf6d testClass = MeasureDataControllerTest, testInstance = kr.co.greetech.back.controller.MeasureDataControllerTest@42cc7a9d, testMethod = select@MeasureDataControllerTest, testException = [null], mergedContextConfiguration = [WebMergedContextConfiguration@63340a27 testClass = MeasureDataControllerTest, locations = '{}', classes = '{class kr.co.greetech.back.BackApplication}', contextInitializerClasses = '[]', activeProfiles = '{}', propertySourceLocations = '{}', propertySourceProperties = '{org.springframework.boot.test.context.SpringBootTestContextBootstrapper=true}', contextCustomizers = set[org.springframework.boot.test.autoconfigure.actuate.metrics.MetricsExportContextCustomizerFactory$DisableMetricExportContextCustomizer@4ca1eb2e, org.springframework.boot.test.autoconfigure.properties.PropertyMappingContextCustomizer@4b3fa0b3, org.springframework.boot.test.autoconfigure.web.servlet.WebDriverContextCustomizerFactory$Customizer@4b1365e5, [ImportsContextCustomizer@3f8cf690 key = [@org.springframework.boot.test.context.SpringBootTest(args={}, webEnvironment=MOCK, value={}, properties={}, classes={}), @org.springframework.context.annotation.Import(value={org.springframework.boot.autoconfigure.ImportAutoConfigurationImportSelector.class}), @org.springframework.context.annotation.Import(value={org.springframework.boot.autoconfigure.AutoConfigurationPackages$Registrar.class}), @org.springframework.boot.test.autoconfigure.web.servlet.AutoConfigureMockMvc(webDriverEnabled=true, print=DEFAULT, webClientEnabled=true, printOnlyOnFailure=true, addFilters=true), @org.springframework.boot.test.autoconfigure.properties.PropertyMapping(value="spring.test.mockmvc", skip=NO), @org.springframework.boot.autoconfigure.EnableAutoConfiguration(exclude={org.springframework.boot.autoconfigure.security.servlet.SecurityAutoConfiguration.class}, excludeName={}), @org.springframework.test.context.BootstrapWith(value=org.springframework.boot.test.context.SpringBootTestContextBootstrapper.class), @org.springframework.boot.autoconfigure.ImportAutoConfiguration(value={}, exclude={}, classes={}), @org.junit.jupiter.api.extension.ExtendWith(value={org.springframework.test.context.junit.jupiter.SpringExtension.class}), @org.apiguardian.api.API(consumers={"*"}, since="5.0", status=STABLE), @org.springframework.transaction.annotation.Transactional(propagation=REQUIRED, rollbackForClassName={}, readOnly=false, transactionManager="", isolation=DEFAULT, timeoutString="", label={}, noRollbackFor={}, noRollbackForClassName={}, value="", timeout=-1, rollbackFor={}), @org.springframework.boot.autoconfigure.AutoConfigurationPackage(basePackages={}, basePackageClasses={}), @org.springframework.context.annotation.Import(value={org.springframework.boot.autoconfigure.AutoConfigurationImportSelector.class})]], org.springframework.boot.test.context.filter.ExcludeFilterContextCustomizer@28e59e6, org.springframework.boot.test.json.DuplicateJsonObjectContextCustomizerFactory$DuplicateJsonObjectContextCustomizer@49b63416, org.springframework.boot.test.mock.mockito.MockitoContextCustomizer@0, org.springframework.boot.test.web.client.TestRestTemplateContextCustomizer@1fb4fa85, org.springframework.boot.test.context.SpringBootTestArgs@1, org.springframework.boot.test.context.SpringBootTestWebEnvironment@3bff073], resourceBasePath = 'src/main/webapp', contextLoader = 'org.springframework.boot.test.context.SpringBootContextLoader', parent = [null]], attributes = map['org.springframework.test.context.web.ServletTestExecutionListener.activateListener' -> true, 'org.springframework.test.context.web.ServletTestExecutionListener.populatedRequestContextHolder' -> true, 'org.springframework.test.context.web.ServletTestExecutionListener.resetRequestContextHolder' -> true, 'org.springframework.test.context.event.ApplicationEventsTestExecutionListener.recordApplicationEvents' -> false]]; transaction manager [org.springframework.orm.jpa.JpaTransactionManager@7d3df1e]; rollback [true]
2021-09-29 15:33:45.840 DEBUG 13780 --- [    Test worker] org.hibernate.SQL                        : 
    call next value for hibernate_sequence
2021-09-29 15:33:45.840  INFO 13780 --- [    Test worker] p6spy                                    : #1632897225840 | took 0ms | statement | connection 10| url jdbc:h2:tcp://localhost/~/greentech
call next value for hibernate_sequence
call next value for hibernate_sequence;
2021-09-29 15:33:45.855 DEBUG 13780 --- [    Test worker] org.hibernate.SQL                        : 
    call next value for hibernate_sequence
2021-09-29 15:33:45.855  INFO 13780 --- [    Test worker] p6spy                                    : #1632897225855 | took 0ms | statement | connection 10| url jdbc:h2:tcp://localhost/~/greentech
call next value for hibernate_sequence
call next value for hibernate_sequence;
2021-09-29 15:33:45.855 DEBUG 13780 --- [    Test worker] org.hibernate.SQL                        : 
    call next value for hibernate_sequence
2021-09-29 15:33:45.855  INFO 13780 --- [    Test worker] p6spy                                    : #1632897225855 | took 0ms | statement | connection 10| url jdbc:h2:tcp://localhost/~/greentech
call next value for hibernate_sequence
call next value for hibernate_sequence;
2021-09-29 15:33:45.855 DEBUG 13780 --- [    Test worker] org.hibernate.SQL                        : 
    call next value for hibernate_sequence
2021-09-29 15:33:45.855  INFO 13780 --- [    Test worker] p6spy                                    : #1632897225855 | took 0ms | statement | connection 10| url jdbc:h2:tcp://localhost/~/greentech
call next value for hibernate_sequence
call next value for hibernate_sequence;
2021-09-29 15:33:45.855 DEBUG 13780 --- [    Test worker] org.hibernate.SQL                        : 
    call next value for hibernate_sequence
2021-09-29 15:33:45.855  INFO 13780 --- [    Test worker] p6spy                                    : #1632897225855 | took 0ms | statement | connection 10| url jdbc:h2:tcp://localhost/~/greentech
call next value for hibernate_sequence
call next value for hibernate_sequence;
2021-09-29 15:33:45.855 DEBUG 13780 --- [    Test worker] org.hibernate.SQL                        : 
    call next value for hibernate_sequence
2021-09-29 15:33:45.855  INFO 13780 --- [    Test worker] p6spy                                    : #1632897225855 | took 0ms | statement | connection 10| url jdbc:h2:tcp://localhost/~/greentech
call next value for hibernate_sequence
call next value for hibernate_sequence;
start date: 2021-09-28T15:33:45.855
2021-09-29 15:33:46.005 DEBUG 13780 --- [    Test worker] org.hibernate.SQL                        : 
    /* insert kr.co.greetech.back.entity.DataLogger
        */ insert 
        into
            data_logger
            (created_time, last_modified_time, company_id, model_name, data_logger_id) 
        values
            (?, ?, ?, ?, ?)
2021-09-29 15:33:46.005  INFO 13780 --- [    Test worker] p6spy                                    : #1632897226005 | took 0ms | statement | connection 10| url jdbc:h2:tcp://localhost/~/greentech
/* insert kr.co.greetech.back.entity.DataLogger */ insert into data_logger (created_time, last_modified_time, company_id, model_name, data_logger_id) values (?, ?, ?, ?, ?)
/* insert kr.co.greetech.back.entity.DataLogger */ insert into data_logger (created_time, last_modified_time, company_id, model_name, data_logger_id) values ('2021-09-29T15:33:45.840+0900', '2021-09-29T15:33:45.840+0900', NULL, 'dataLogger', 8);
2021-09-29 15:33:46.005 DEBUG 13780 --- [    Test worker] org.hibernate.SQL                        : 
    /* insert kr.co.greetech.back.entity.MeasureData
        */ insert 
        into
            measure_data
            (created_time, data, data_logger_id, measure_data_id) 
        values
            (?, ?, ?, ?)
2021-09-29 15:33:46.021  INFO 13780 --- [    Test worker] p6spy                                    : #1632897226021 | took 0ms | statement | connection 10| url jdbc:h2:tcp://localhost/~/greentech
/* insert kr.co.greetech.back.entity.MeasureData */ insert into measure_data (created_time, data, data_logger_id, measure_data_id) values (?, ?, ?, ?)
/* insert kr.co.greetech.back.entity.MeasureData */ insert into measure_data (created_time, data, data_logger_id, measure_data_id) values ('2021-09-29T15:33:45.840+0900', 'data0', 8, 9);
2021-09-29 15:33:46.021 DEBUG 13780 --- [    Test worker] org.hibernate.SQL                        : 
    /* insert kr.co.greetech.back.entity.MeasureData
        */ insert 
        into
            measure_data
            (created_time, data, data_logger_id, measure_data_id) 
        values
            (?, ?, ?, ?)
2021-09-29 15:33:46.021  INFO 13780 --- [    Test worker] p6spy                                    : #1632897226021 | took 0ms | statement | connection 10| url jdbc:h2:tcp://localhost/~/greentech
/* insert kr.co.greetech.back.entity.MeasureData */ insert into measure_data (created_time, data, data_logger_id, measure_data_id) values (?, ?, ?, ?)
/* insert kr.co.greetech.back.entity.MeasureData */ insert into measure_data (created_time, data, data_logger_id, measure_data_id) values ('2021-09-29T15:33:45.840+0900', 'data1', 8, 10);
2021-09-29 15:33:46.021 DEBUG 13780 --- [    Test worker] org.hibernate.SQL                        : 
    /* insert kr.co.greetech.back.entity.MeasureData
        */ insert 
        into
            measure_data
            (created_time, data, data_logger_id, measure_data_id) 
        values
            (?, ?, ?, ?)
2021-09-29 15:33:46.021  INFO 13780 --- [    Test worker] p6spy                                    : #1632897226021 | took 0ms | statement | connection 10| url jdbc:h2:tcp://localhost/~/greentech
/* insert kr.co.greetech.back.entity.MeasureData */ insert into measure_data (created_time, data, data_logger_id, measure_data_id) values (?, ?, ?, ?)
/* insert kr.co.greetech.back.entity.MeasureData */ insert into measure_data (created_time, data, data_logger_id, measure_data_id) values ('2021-09-29T15:33:45.840+0900', 'data2', 8, 11);
2021-09-29 15:33:46.021 DEBUG 13780 --- [    Test worker] org.hibernate.SQL                        : 
    /* insert kr.co.greetech.back.entity.MeasureData
        */ insert 
        into
            measure_data
            (created_time, data, data_logger_id, measure_data_id) 
        values
            (?, ?, ?, ?)
2021-09-29 15:33:46.021  INFO 13780 --- [    Test worker] p6spy                                    : #1632897226021 | took 0ms | statement | connection 10| url jdbc:h2:tcp://localhost/~/greentech
/* insert kr.co.greetech.back.entity.MeasureData */ insert into measure_data (created_time, data, data_logger_id, measure_data_id) values (?, ?, ?, ?)
/* insert kr.co.greetech.back.entity.MeasureData */ insert into measure_data (created_time, data, data_logger_id, measure_data_id) values ('2021-09-29T15:33:45.840+0900', 'data3', 8, 12);
2021-09-29 15:33:46.021 DEBUG 13780 --- [    Test worker] org.hibernate.SQL                        : 
    /* insert kr.co.greetech.back.entity.MeasureData
        */ insert 
        into
            measure_data
            (created_time, data, data_logger_id, measure_data_id) 
        values
            (?, ?, ?, ?)
2021-09-29 15:33:46.021  INFO 13780 --- [    Test worker] p6spy                                    : #1632897226021 | took 0ms | statement | connection 10| url jdbc:h2:tcp://localhost/~/greentech
/* insert kr.co.greetech.back.entity.MeasureData */ insert into measure_data (created_time, data, data_logger_id, measure_data_id) values (?, ?, ?, ?)
/* insert kr.co.greetech.back.entity.MeasureData */ insert into measure_data (created_time, data, data_logger_id, measure_data_id) values ('2021-09-29T15:33:45.840+0900', 'data4', 8, 13);
2021-09-29 15:33:46.021 DEBUG 13780 --- [    Test worker] org.hibernate.SQL                        : 
    /* select
        measureData.data,
        measureData.createdTime 
    from
        MeasureData measureData 
    where
        measureData.dataLogger.id = ?1 
        and measureData.createdTime between ?2 and ?3 
    order by
        measureData.createdTime desc */ select
            measuredat0_.data as col_0_0_,
            measuredat0_.created_time as col_1_0_ 
        from
            measure_data measuredat0_ 
        where
            measuredat0_.data_logger_id=? 
            and (
                measuredat0_.created_time between ? and ?
            ) 
        order by
            measuredat0_.created_time desc limit ?
2021-09-29 15:33:46.021  INFO 13780 --- [    Test worker] p6spy                                    : #1632897226021 | took 0ms | statement | connection 10| url jdbc:h2:tcp://localhost/~/greentech
/* select measureData.data, measureData.createdTime
from MeasureData measureData
where measureData.dataLogger.id = ?1 and measureData.createdTime between ?2 and ?3
order by measureData.createdTime desc */ select measuredat0_.data as col_0_0_, measuredat0_.created_time as col_1_0_ from measure_data measuredat0_ where measuredat0_.data_logger_id=? and (measuredat0_.created_time between ? and ?) order by measuredat0_.created_time desc limit ?
/* select measureData.data, measureData.createdTime
from MeasureData measureData
where measureData.dataLogger.id = 81 and measureData.createdTime between '2021-09-28T15:33:45.855+0900'2 and '2021-09-30T15:33:45.855+0900'3
order by measureData.createdTime desc */ select measuredat0_.data as col_0_0_, measuredat0_.created_time as col_1_0_ from measure_data measuredat0_ where measuredat0_.data_logger_id=100 and (measuredat0_.created_time between NULL and ?) order by measuredat0_.created_time desc limit ?;
2021-09-29 15:33:46.088  INFO 13780 --- [    Test worker] p6spy                                    : #1632897226088 | took 0ms | rollback | connection 10| url jdbc:h2:tcp://localhost/~/greentech

;
2021-09-29 15:33:46.103  INFO 13780 --- [    Test worker] o.s.t.c.transaction.TransactionContext   : Rolled back transaction for test: [DefaultTestContext@236ccf6d testClass = MeasureDataControllerTest, testInstance = kr.co.greetech.back.controller.MeasureDataControllerTest@42cc7a9d, testMethod = select@MeasureDataControllerTest, testException = [null], mergedContextConfiguration = [WebMergedContextConfiguration@63340a27 testClass = MeasureDataControllerTest, locations = '{}', classes = '{class kr.co.greetech.back.BackApplication}', contextInitializerClasses = '[]', activeProfiles = '{}', propertySourceLocations = '{}', propertySourceProperties = '{org.springframework.boot.test.context.SpringBootTestContextBootstrapper=true}', contextCustomizers = set[org.springframework.boot.test.autoconfigure.actuate.metrics.MetricsExportContextCustomizerFactory$DisableMetricExportContextCustomizer@4ca1eb2e, org.springframework.boot.test.autoconfigure.properties.PropertyMappingContextCustomizer@4b3fa0b3, org.springframework.boot.test.autoconfigure.web.servlet.WebDriverContextCustomizerFactory$Customizer@4b1365e5, [ImportsContextCustomizer@3f8cf690 key = [@org.springframework.boot.test.context.SpringBootTest(args={}, webEnvironment=MOCK, value={}, properties={}, classes={}), @org.springframework.context.annotation.Import(value={org.springframework.boot.autoconfigure.ImportAutoConfigurationImportSelector.class}), @org.springframework.context.annotation.Import(value={org.springframework.boot.autoconfigure.AutoConfigurationPackages$Registrar.class}), @org.springframework.boot.test.autoconfigure.web.servlet.AutoConfigureMockMvc(webDriverEnabled=true, print=DEFAULT, webClientEnabled=true, printOnlyOnFailure=true, addFilters=true), @org.springframework.boot.test.autoconfigure.properties.PropertyMapping(value="spring.test.mockmvc", skip=NO), @org.springframework.boot.autoconfigure.EnableAutoConfiguration(exclude={org.springframework.boot.autoconfigure.security.servlet.SecurityAutoConfiguration.class}, excludeName={}), @org.springframework.test.context.BootstrapWith(value=org.springframework.boot.test.context.SpringBootTestContextBootstrapper.class), @org.springframework.boot.autoconfigure.ImportAutoConfiguration(value={}, exclude={}, classes={}), @org.junit.jupiter.api.extension.ExtendWith(value={org.springframework.test.context.junit.jupiter.SpringExtension.class}), @org.apiguardian.api.API(consumers={"*"}, since="5.0", status=STABLE), @org.springframework.transaction.annotation.Transactional(propagation=REQUIRED, rollbackForClassName={}, readOnly=false, transactionManager="", isolation=DEFAULT, timeoutString="", label={}, noRollbackFor={}, noRollbackForClassName={}, value="", timeout=-1, rollbackFor={}), @org.springframework.boot.autoconfigure.AutoConfigurationPackage(basePackages={}, basePackageClasses={}), @org.springframework.context.annotation.Import(value={org.springframework.boot.autoconfigure.AutoConfigurationImportSelector.class})]], org.springframework.boot.test.context.filter.ExcludeFilterContextCustomizer@28e59e6, org.springframework.boot.test.json.DuplicateJsonObjectContextCustomizerFactory$DuplicateJsonObjectContextCustomizer@49b63416, org.springframework.boot.test.mock.mockito.MockitoContextCustomizer@0, org.springframework.boot.test.web.client.TestRestTemplateContextCustomizer@1fb4fa85, org.springframework.boot.test.context.SpringBootTestArgs@1, org.springframework.boot.test.context.SpringBootTestWebEnvironment@3bff073], resourceBasePath = 'src/main/webapp', contextLoader = 'org.springframework.boot.test.context.SpringBootContextLoader', parent = [null]], attributes = map['org.springframework.test.context.web.ServletTestExecutionListener.activateListener' -> true, 'org.springframework.test.context.web.ServletTestExecutionListener.populatedRequestContextHolder' -> true, 'org.springframework.test.context.web.ServletTestExecutionListener.resetRequestContextHolder' -> true, 'org.springframework.test.context.event.ApplicationEventsTestExecutionListener.recordApplicationEvents' -> false]]
2021-09-29 15:33:46.103  INFO 13780 --- [    Test worker] o.s.t.c.transaction.TransactionContext   : Began transaction (1) for test context [DefaultTestContext@236ccf6d testClass = MeasureDataControllerTest, testInstance = kr.co.greetech.back.controller.MeasureDataControllerTest@52299da0, testMethod = add@MeasureDataControllerTest, testException = [null], mergedContextConfiguration = [WebMergedContextConfiguration@63340a27 testClass = MeasureDataControllerTest, locations = '{}', classes = '{class kr.co.greetech.back.BackApplication}', contextInitializerClasses = '[]', activeProfiles = '{}', propertySourceLocations = '{}', propertySourceProperties = '{org.springframework.boot.test.context.SpringBootTestContextBootstrapper=true}', contextCustomizers = set[org.springframework.boot.test.autoconfigure.actuate.metrics.MetricsExportContextCustomizerFactory$DisableMetricExportContextCustomizer@4ca1eb2e, org.springframework.boot.test.autoconfigure.properties.PropertyMappingContextCustomizer@4b3fa0b3, org.springframework.boot.test.autoconfigure.web.servlet.WebDriverContextCustomizerFactory$Customizer@4b1365e5, [ImportsContextCustomizer@3f8cf690 key = [@org.springframework.boot.test.context.SpringBootTest(args={}, webEnvironment=MOCK, value={}, properties={}, classes={}), @org.springframework.context.annotation.Import(value={org.springframework.boot.autoconfigure.ImportAutoConfigurationImportSelector.class}), @org.springframework.context.annotation.Import(value={org.springframework.boot.autoconfigure.AutoConfigurationPackages$Registrar.class}), @org.springframework.boot.test.autoconfigure.web.servlet.AutoConfigureMockMvc(webDriverEnabled=true, print=DEFAULT, webClientEnabled=true, printOnlyOnFailure=true, addFilters=true), @org.springframework.boot.test.autoconfigure.properties.PropertyMapping(value="spring.test.mockmvc", skip=NO), @org.springframework.boot.autoconfigure.EnableAutoConfiguration(exclude={org.springframework.boot.autoconfigure.security.servlet.SecurityAutoConfiguration.class}, excludeName={}), @org.springframework.test.context.BootstrapWith(value=org.springframework.boot.test.context.SpringBootTestContextBootstrapper.class), @org.springframework.boot.autoconfigure.ImportAutoConfiguration(value={}, exclude={}, classes={}), @org.junit.jupiter.api.extension.ExtendWith(value={org.springframework.test.context.junit.jupiter.SpringExtension.class}), @org.apiguardian.api.API(consumers={"*"}, since="5.0", status=STABLE), @org.springframework.transaction.annotation.Transactional(propagation=REQUIRED, rollbackForClassName={}, readOnly=false, transactionManager="", isolation=DEFAULT, timeoutString="", label={}, noRollbackFor={}, noRollbackForClassName={}, value="", timeout=-1, rollbackFor={}), @org.springframework.boot.autoconfigure.AutoConfigurationPackage(basePackages={}, basePackageClasses={}), @org.springframework.context.annotation.Import(value={org.springframework.boot.autoconfigure.AutoConfigurationImportSelector.class})]], org.springframework.boot.test.context.filter.ExcludeFilterContextCustomizer@28e59e6, org.springframework.boot.test.json.DuplicateJsonObjectContextCustomizerFactory$DuplicateJsonObjectContextCustomizer@49b63416, org.springframework.boot.test.mock.mockito.MockitoContextCustomizer@0, org.springframework.boot.test.web.client.TestRestTemplateContextCustomizer@1fb4fa85, org.springframework.boot.test.context.SpringBootTestArgs@1, org.springframework.boot.test.context.SpringBootTestWebEnvironment@3bff073], resourceBasePath = 'src/main/webapp', contextLoader = 'org.springframework.boot.test.context.SpringBootContextLoader', parent = [null]], attributes = map['org.springframework.test.context.web.ServletTestExecutionListener.activateListener' -> true, 'org.springframework.test.context.web.ServletTestExecutionListener.populatedRequestContextHolder' -> true, 'org.springframework.test.context.web.ServletTestExecutionListener.resetRequestContextHolder' -> true, 'org.springframework.test.context.event.ApplicationEventsTestExecutionListener.recordApplicationEvents' -> false]]; transaction manager [org.springframework.orm.jpa.JpaTransactionManager@7d3df1e]; rollback [true]
2021-09-29 15:33:46.103 DEBUG 13780 --- [    Test worker] org.hibernate.SQL                        : 
    call next value for hibernate_sequence
2021-09-29 15:33:46.103  INFO 13780 --- [    Test worker] p6spy                                    : #1632897226103 | took 0ms | statement | connection 11| url jdbc:h2:tcp://localhost/~/greentech
call next value for hibernate_sequence
call next value for hibernate_sequence;
2021-09-29 15:33:46.134 DEBUG 13780 --- [    Test worker] org.hibernate.SQL                        : 
    call next value for hibernate_sequence
2021-09-29 15:33:46.134  INFO 13780 --- [    Test worker] p6spy                                    : #1632897226134 | took 0ms | statement | connection 11| url jdbc:h2:tcp://localhost/~/greentech
call next value for hibernate_sequence
call next value for hibernate_sequence;
2021-09-29 15:33:46.134 DEBUG 13780 --- [    Test worker] org.hibernate.SQL                        : 
    call next value for hibernate_sequence
2021-09-29 15:33:46.134  INFO 13780 --- [    Test worker] p6spy                                    : #1632897226134 | took 0ms | statement | connection 11| url jdbc:h2:tcp://localhost/~/greentech
call next value for hibernate_sequence
call next value for hibernate_sequence;
2021-09-29 15:33:46.134 DEBUG 13780 --- [    Test worker] org.hibernate.SQL                        : 
    call next value for hibernate_sequence
2021-09-29 15:33:46.134  INFO 13780 --- [    Test worker] p6spy                                    : #1632897226134 | took 0ms | statement | connection 11| url jdbc:h2:tcp://localhost/~/greentech
call next value for hibernate_sequence
call next value for hibernate_sequence;
2021-09-29 15:33:46.134 DEBUG 13780 --- [    Test worker] org.hibernate.SQL                        : 
    call next value for hibernate_sequence
2021-09-29 15:33:46.134  INFO 13780 --- [    Test worker] p6spy                                    : #1632897226134 | took 0ms | statement | connection 11| url jdbc:h2:tcp://localhost/~/greentech
call next value for hibernate_sequence
call next value for hibernate_sequence;
2021-09-29 15:33:46.134 DEBUG 13780 --- [    Test worker] org.hibernate.SQL                        : 
    call next value for hibernate_sequence
2021-09-29 15:33:46.134  INFO 13780 --- [    Test worker] p6spy                                    : #1632897226134 | took 0ms | statement | connection 11| url jdbc:h2:tcp://localhost/~/greentech
call next value for hibernate_sequence
call next value for hibernate_sequence;
2021-09-29 15:33:46.150 DEBUG 13780 --- [    Test worker] org.hibernate.SQL                        : 
    /* insert kr.co.greetech.back.entity.DataLogger
        */ insert 
        into
            data_logger
            (created_time, last_modified_time, company_id, model_name, data_logger_id) 
        values
            (?, ?, ?, ?, ?)
2021-09-29 15:33:46.150  INFO 13780 --- [    Test worker] p6spy                                    : #1632897226150 | took 0ms | statement | connection 11| url jdbc:h2:tcp://localhost/~/greentech
/* insert kr.co.greetech.back.entity.DataLogger */ insert into data_logger (created_time, last_modified_time, company_id, model_name, data_logger_id) values (?, ?, ?, ?, ?)
/* insert kr.co.greetech.back.entity.DataLogger */ insert into data_logger (created_time, last_modified_time, company_id, model_name, data_logger_id) values ('2021-09-29T15:33:46.103+0900', '2021-09-29T15:33:46.103+0900', NULL, 'dataLogger', 14);
2021-09-29 15:33:46.150 DEBUG 13780 --- [    Test worker] org.hibernate.SQL                        : 
    /* insert kr.co.greetech.back.entity.MeasureData
        */ insert 
        into
            measure_data
            (created_time, data, data_logger_id, measure_data_id) 
        values
            (?, ?, ?, ?)
2021-09-29 15:33:46.150  INFO 13780 --- [    Test worker] p6spy                                    : #1632897226150 | took 0ms | statement | connection 11| url jdbc:h2:tcp://localhost/~/greentech
/* insert kr.co.greetech.back.entity.MeasureData */ insert into measure_data (created_time, data, data_logger_id, measure_data_id) values (?, ?, ?, ?)
/* insert kr.co.greetech.back.entity.MeasureData */ insert into measure_data (created_time, data, data_logger_id, measure_data_id) values ('2021-09-29T15:33:46.103+0900', 'data0', 14, 15);
2021-09-29 15:33:46.150 DEBUG 13780 --- [    Test worker] org.hibernate.SQL                        : 
    /* insert kr.co.greetech.back.entity.MeasureData
        */ insert 
        into
            measure_data
            (created_time, data, data_logger_id, measure_data_id) 
        values
            (?, ?, ?, ?)
2021-09-29 15:33:46.150  INFO 13780 --- [    Test worker] p6spy                                    : #1632897226150 | took 0ms | statement | connection 11| url jdbc:h2:tcp://localhost/~/greentech
/* insert kr.co.greetech.back.entity.MeasureData */ insert into measure_data (created_time, data, data_logger_id, measure_data_id) values (?, ?, ?, ?)
/* insert kr.co.greetech.back.entity.MeasureData */ insert into measure_data (created_time, data, data_logger_id, measure_data_id) values ('2021-09-29T15:33:46.103+0900', 'data1', 14, 16);
2021-09-29 15:33:46.150 DEBUG 13780 --- [    Test worker] org.hibernate.SQL                        : 
    /* insert kr.co.greetech.back.entity.MeasureData
        */ insert 
        into
            measure_data
            (created_time, data, data_logger_id, measure_data_id) 
        values
            (?, ?, ?, ?)
2021-09-29 15:33:46.150  INFO 13780 --- [    Test worker] p6spy                                    : #1632897226150 | took 0ms | statement | connection 11| url jdbc:h2:tcp://localhost/~/greentech
/* insert kr.co.greetech.back.entity.MeasureData */ insert into measure_data (created_time, data, data_logger_id, measure_data_id) values (?, ?, ?, ?)
/* insert kr.co.greetech.back.entity.MeasureData */ insert into measure_data (created_time, data, data_logger_id, measure_data_id) values ('2021-09-29T15:33:46.103+0900', 'data2', 14, 17);
2021-09-29 15:33:46.150 DEBUG 13780 --- [    Test worker] org.hibernate.SQL                        : 
    /* insert kr.co.greetech.back.entity.MeasureData
        */ insert 
        into
            measure_data
            (created_time, data, data_logger_id, measure_data_id) 
        values
            (?, ?, ?, ?)
2021-09-29 15:33:46.150  INFO 13780 --- [    Test worker] p6spy                                    : #1632897226150 | took 0ms | statement | connection 11| url jdbc:h2:tcp://localhost/~/greentech
/* insert kr.co.greetech.back.entity.MeasureData */ insert into measure_data (created_time, data, data_logger_id, measure_data_id) values (?, ?, ?, ?)
/* insert kr.co.greetech.back.entity.MeasureData */ insert into measure_data (created_time, data, data_logger_id, measure_data_id) values ('2021-09-29T15:33:46.103+0900', 'data3', 14, 18);
2021-09-29 15:33:46.150 DEBUG 13780 --- [    Test worker] org.hibernate.SQL                        : 
    /* insert kr.co.greetech.back.entity.MeasureData
        */ insert 
        into
            measure_data
            (created_time, data, data_logger_id, measure_data_id) 
        values
            (?, ?, ?, ?)
2021-09-29 15:33:46.150  INFO 13780 --- [    Test worker] p6spy                                    : #1632897226150 | took 0ms | statement | connection 11| url jdbc:h2:tcp://localhost/~/greentech
/* insert kr.co.greetech.back.entity.MeasureData */ insert into measure_data (created_time, data, data_logger_id, measure_data_id) values (?, ?, ?, ?)
/* insert kr.co.greetech.back.entity.MeasureData */ insert into measure_data (created_time, data, data_logger_id, measure_data_id) values ('2021-09-29T15:33:46.103+0900', 'data4', 14, 19);
2021-09-29 15:33:46.150 DEBUG 13780 --- [    Test worker] org.hibernate.SQL                        : 
    /* select
        measureData.data,
        measureData.createdTime 
    from
        MeasureData measureData 
    where
        measureData.dataLogger.id = ?1 
        and measureData.createdTime between ?2 and ?3 
    order by
        measureData.createdTime desc */ select
            measuredat0_.data as col_0_0_,
            measuredat0_.created_time as col_1_0_ 
        from
            measure_data measuredat0_ 
        where
            measuredat0_.data_logger_id=? 
            and (
                measuredat0_.created_time between ? and ?
            ) 
        order by
            measuredat0_.created_time desc limit ?
2021-09-29 15:33:46.150  INFO 13780 --- [    Test worker] p6spy                                    : #1632897226150 | took 0ms | statement | connection 11| url jdbc:h2:tcp://localhost/~/greentech
/* select measureData.data, measureData.createdTime
from MeasureData measureData
where measureData.dataLogger.id = ?1 and measureData.createdTime between ?2 and ?3
order by measureData.createdTime desc */ select measuredat0_.data as col_0_0_, measuredat0_.created_time as col_1_0_ from measure_data measuredat0_ where measuredat0_.data_logger_id=? and (measuredat0_.created_time between ? and ?) order by measuredat0_.created_time desc limit ?
/* select measureData.data, measureData.createdTime
from MeasureData measureData
where measureData.dataLogger.id = 141 and measureData.createdTime between '2021-09-28T15:33:46.134+0900'2 and '2021-09-30T15:33:46.134+0900'3
order by measureData.createdTime desc */ select measuredat0_.data as col_0_0_, measuredat0_.created_time as col_1_0_ from measure_data measuredat0_ where measuredat0_.data_logger_id=100 and (measuredat0_.created_time between NULL and ?) order by measuredat0_.created_time desc limit ?;
2021-09-29 15:33:46.166  INFO 13780 --- [    Test worker] p6spy                                    : #1632897226166 | took 0ms | rollback | connection 11| url jdbc:h2:tcp://localhost/~/greentech

;
2021-09-29 15:33:46.166  INFO 13780 --- [    Test worker] o.s.t.c.transaction.TransactionContext   : Rolled back transaction for test: [DefaultTestContext@236ccf6d testClass = MeasureDataControllerTest, testInstance = kr.co.greetech.back.controller.MeasureDataControllerTest@52299da0, testMethod = add@MeasureDataControllerTest, testException = [null], mergedContextConfiguration = [WebMergedContextConfiguration@63340a27 testClass = MeasureDataControllerTest, locations = '{}', classes = '{class kr.co.greetech.back.BackApplication}', contextInitializerClasses = '[]', activeProfiles = '{}', propertySourceLocations = '{}', propertySourceProperties = '{org.springframework.boot.test.context.SpringBootTestContextBootstrapper=true}', contextCustomizers = set[org.springframework.boot.test.autoconfigure.actuate.metrics.MetricsExportContextCustomizerFactory$DisableMetricExportContextCustomizer@4ca1eb2e, org.springframework.boot.test.autoconfigure.properties.PropertyMappingContextCustomizer@4b3fa0b3, org.springframework.boot.test.autoconfigure.web.servlet.WebDriverContextCustomizerFactory$Customizer@4b1365e5, [ImportsContextCustomizer@3f8cf690 key = [@org.springframework.boot.test.context.SpringBootTest(args={}, webEnvironment=MOCK, value={}, properties={}, classes={}), @org.springframework.context.annotation.Import(value={org.springframework.boot.autoconfigure.ImportAutoConfigurationImportSelector.class}), @org.springframework.context.annotation.Import(value={org.springframework.boot.autoconfigure.AutoConfigurationPackages$Registrar.class}), @org.springframework.boot.test.autoconfigure.web.servlet.AutoConfigureMockMvc(webDriverEnabled=true, print=DEFAULT, webClientEnabled=true, printOnlyOnFailure=true, addFilters=true), @org.springframework.boot.test.autoconfigure.properties.PropertyMapping(value="spring.test.mockmvc", skip=NO), @org.springframework.boot.autoconfigure.EnableAutoConfiguration(exclude={org.springframework.boot.autoconfigure.security.servlet.SecurityAutoConfiguration.class}, excludeName={}), @org.springframework.test.context.BootstrapWith(value=org.springframework.boot.test.context.SpringBootTestContextBootstrapper.class), @org.springframework.boot.autoconfigure.ImportAutoConfiguration(value={}, exclude={}, classes={}), @org.junit.jupiter.api.extension.ExtendWith(value={org.springframework.test.context.junit.jupiter.SpringExtension.class}), @org.apiguardian.api.API(consumers={"*"}, since="5.0", status=STABLE), @org.springframework.transaction.annotation.Transactional(propagation=REQUIRED, rollbackForClassName={}, readOnly=false, transactionManager="", isolation=DEFAULT, timeoutString="", label={}, noRollbackFor={}, noRollbackForClassName={}, value="", timeout=-1, rollbackFor={}), @org.springframework.boot.autoconfigure.AutoConfigurationPackage(basePackages={}, basePackageClasses={}), @org.springframework.context.annotation.Import(value={org.springframework.boot.autoconfigure.AutoConfigurationImportSelector.class})]], org.springframework.boot.test.context.filter.ExcludeFilterContextCustomizer@28e59e6, org.springframework.boot.test.json.DuplicateJsonObjectContextCustomizerFactory$DuplicateJsonObjectContextCustomizer@49b63416, org.springframework.boot.test.mock.mockito.MockitoContextCustomizer@0, org.springframework.boot.test.web.client.TestRestTemplateContextCustomizer@1fb4fa85, org.springframework.boot.test.context.SpringBootTestArgs@1, org.springframework.boot.test.context.SpringBootTestWebEnvironment@3bff073], resourceBasePath = 'src/main/webapp', contextLoader = 'org.springframework.boot.test.context.SpringBootContextLoader', parent = [null]], attributes = map['org.springframework.test.context.web.ServletTestExecutionListener.activateListener' -> true, 'org.springframework.test.context.web.ServletTestExecutionListener.populatedRequestContextHolder' -> true, 'org.springframework.test.context.web.ServletTestExecutionListener.resetRequestContextHolder' -> true, 'org.springframework.test.context.event.ApplicationEventsTestExecutionListener.recordApplicationEvents' -> false]]
]]></system-out>
  <system-err><![CDATA[]]></system-err>
</testsuite>
