<?xml version="1.0" encoding="UTF-8"?>
<testsuite name="kr.co.greetech.back.repository.DataLoggerRepositoryTest" tests="1" skipped="0" failures="0" errors="0" timestamp="2021-09-29T08:38:41" hostname="LAPTOP-JLJ2VI1H" time="0.067">
  <properties/>
  <testcase name="findByCompanyId()" classname="kr.co.greetech.back.repository.DataLoggerRepositoryTest" time="0.067"/>
  <system-out><![CDATA[2021-09-29 17:38:41.806  INFO 17368 --- [    Test worker] b.t.a.o.j.DataJpaTestContextBootstrapper : Neither @ContextConfiguration nor @ContextHierarchy found for test class [kr.co.greetech.back.repository.DataLoggerRepositoryTest], using SpringBootContextLoader
2021-09-29 17:38:41.808  INFO 17368 --- [    Test worker] o.s.t.c.support.AbstractContextLoader    : Could not detect default resource locations for test class [kr.co.greetech.back.repository.DataLoggerRepositoryTest]: no resource found for suffixes {-context.xml, Context.groovy}.
2021-09-29 17:38:41.808  INFO 17368 --- [    Test worker] t.c.s.AnnotationConfigContextLoaderUtils : Could not detect default configuration classes for test class [kr.co.greetech.back.repository.DataLoggerRepositoryTest]: DataLoggerRepositoryTest does not declare any static, non-private, non-final, nested classes annotated with @Configuration.
2021-09-29 17:38:41.813  INFO 17368 --- [    Test worker] .b.t.c.SpringBootTestContextBootstrapper : Found @SpringBootConfiguration kr.co.greetech.back.BackApplication for test class kr.co.greetech.back.repository.DataLoggerRepositoryTest
2021-09-29 17:38:41.814  INFO 17368 --- [    Test worker] b.t.a.o.j.DataJpaTestContextBootstrapper : Loaded default TestExecutionListener class names from location [META-INF/spring.factories]: [org.springframework.boot.test.autoconfigure.restdocs.RestDocsTestExecutionListener, org.springframework.boot.test.autoconfigure.web.client.MockRestServiceServerResetTestExecutionListener, org.springframework.boot.test.autoconfigure.web.servlet.MockMvcPrintOnlyOnFailureTestExecutionListener, org.springframework.boot.test.autoconfigure.web.servlet.WebDriverTestExecutionListener, org.springframework.boot.test.autoconfigure.webservices.client.MockWebServiceServerTestExecutionListener, org.springframework.boot.test.mock.mockito.MockitoTestExecutionListener, org.springframework.boot.test.mock.mockito.ResetMocksTestExecutionListener, org.springframework.test.context.web.ServletTestExecutionListener, org.springframework.test.context.support.DirtiesContextBeforeModesTestExecutionListener, org.springframework.test.context.event.ApplicationEventsTestExecutionListener, org.springframework.test.context.support.DependencyInjectionTestExecutionListener, org.springframework.test.context.support.DirtiesContextTestExecutionListener, org.springframework.test.context.transaction.TransactionalTestExecutionListener, org.springframework.test.context.jdbc.SqlScriptsTestExecutionListener, org.springframework.test.context.event.EventPublishingTestExecutionListener]
2021-09-29 17:38:41.815  INFO 17368 --- [    Test worker] b.t.a.o.j.DataJpaTestContextBootstrapper : Using TestExecutionListeners: [org.springframework.test.context.web.ServletTestExecutionListener@478ff8a9, org.springframework.test.context.support.DirtiesContextBeforeModesTestExecutionListener@129b6713, org.springframework.test.context.event.ApplicationEventsTestExecutionListener@7e6eb977, org.springframework.boot.test.mock.mockito.MockitoTestExecutionListener@898fc14, org.springframework.boot.test.autoconfigure.SpringBootDependencyInjectionTestExecutionListener@306a171e, org.springframework.test.context.support.DirtiesContextTestExecutionListener@79004dff, org.springframework.test.context.transaction.TransactionalTestExecutionListener@72aef6a9, org.springframework.test.context.jdbc.SqlScriptsTestExecutionListener@3d99ccb4, org.springframework.test.context.event.EventPublishingTestExecutionListener@5d2beefe, org.springframework.boot.test.autoconfigure.restdocs.RestDocsTestExecutionListener@26bf2f11, org.springframework.boot.test.autoconfigure.web.client.MockRestServiceServerResetTestExecutionListener@23218ed1, org.springframework.boot.test.autoconfigure.web.servlet.MockMvcPrintOnlyOnFailureTestExecutionListener@50ae0a6d, org.springframework.boot.test.autoconfigure.web.servlet.WebDriverTestExecutionListener@52705298, org.springframework.boot.test.autoconfigure.webservices.client.MockWebServiceServerTestExecutionListener@d683860, org.springframework.boot.test.mock.mockito.ResetMocksTestExecutionListener@2290781a]
2021-09-29 17:38:41.825  INFO 17368 --- [    Test worker] o.s.t.c.transaction.TransactionContext   : Began transaction (1) for test context [DefaultTestContext@3d80944e testClass = DataLoggerRepositoryTest, testInstance = kr.co.greetech.back.repository.DataLoggerRepositoryTest@1c444758, testMethod = findByCompanyId@DataLoggerRepositoryTest, testException = [null], mergedContextConfiguration = [MergedContextConfiguration@3c45d8b testClass = DataLoggerRepositoryTest, locations = '{}', classes = '{class kr.co.greetech.back.BackApplication}', contextInitializerClasses = '[]', activeProfiles = '{}', propertySourceLocations = '{}', propertySourceProperties = '{org.springframework.boot.test.autoconfigure.orm.jpa.DataJpaTestContextBootstrapper=true}', contextCustomizers = set[org.springframework.boot.test.autoconfigure.OverrideAutoConfigurationContextCustomizerFactory$DisableAutoConfigurationContextCustomizer@22ae57ef, org.springframework.boot.test.autoconfigure.actuate.metrics.MetricsExportContextCustomizerFactory$DisableMetricExportContextCustomizer@1457b28d, org.springframework.boot.test.autoconfigure.filter.TypeExcludeFiltersContextCustomizer@351584c0, org.springframework.boot.test.autoconfigure.properties.PropertyMappingContextCustomizer@f8f0dda0, org.springframework.boot.test.autoconfigure.web.servlet.WebDriverContextCustomizerFactory$Customizer@1036400a, [ImportsContextCustomizer@792293b3 key = [org.springframework.boot.autoconfigure.cache.CacheAutoConfiguration, org.springframework.boot.autoconfigure.data.jpa.JpaRepositoriesAutoConfiguration, org.springframework.boot.autoconfigure.flyway.FlywayAutoConfiguration, org.springframework.boot.autoconfigure.jdbc.DataSourceAutoConfiguration, org.springframework.boot.autoconfigure.jdbc.DataSourceTransactionManagerAutoConfiguration, org.springframework.boot.autoconfigure.jdbc.JdbcTemplateAutoConfiguration, org.springframework.boot.autoconfigure.liquibase.LiquibaseAutoConfiguration, org.springframework.boot.autoconfigure.orm.jpa.HibernateJpaAutoConfiguration, org.springframework.boot.autoconfigure.sql.init.SqlInitializationAutoConfiguration, org.springframework.boot.autoconfigure.transaction.TransactionAutoConfiguration, org.springframework.boot.test.autoconfigure.jdbc.TestDatabaseAutoConfiguration, org.springframework.boot.test.autoconfigure.orm.jpa.TestEntityManagerAutoConfiguration]], org.springframework.boot.test.context.filter.ExcludeFilterContextCustomizer@784ac6fb, org.springframework.boot.test.json.DuplicateJsonObjectContextCustomizerFactory$DuplicateJsonObjectContextCustomizer@272cef12, org.springframework.boot.test.mock.mockito.MockitoContextCustomizer@0, org.springframework.boot.test.context.SpringBootTestArgs@1, org.springframework.boot.test.context.SpringBootTestWebEnvironment@0], contextLoader = 'org.springframework.boot.test.context.SpringBootContextLoader', parent = [null]], attributes = map['org.springframework.test.context.event.ApplicationEventsTestExecutionListener.recordApplicationEvents' -> false]]; transaction manager [org.springframework.orm.jpa.JpaTransactionManager@709b0ff7]; rollback [true]
2021-09-29 17:38:41.828 DEBUG 17368 --- [    Test worker] org.hibernate.SQL                        : 
    call next value for hibernate_sequence
Hibernate: 
    call next value for hibernate_sequence
2021-09-29 17:38:41.843 DEBUG 17368 --- [    Test worker] org.hibernate.SQL                        : 
    call next value for hibernate_sequence
Hibernate: 
    call next value for hibernate_sequence
2021-09-29 17:38:41.846 DEBUG 17368 --- [    Test worker] org.hibernate.SQL                        : 
    call next value for hibernate_sequence
Hibernate: 
    call next value for hibernate_sequence
2021-09-29 17:38:41.848 DEBUG 17368 --- [    Test worker] org.hibernate.SQL                        : 
    call next value for hibernate_sequence
Hibernate: 
    call next value for hibernate_sequence
2021-09-29 17:38:41.851 DEBUG 17368 --- [    Test worker] org.hibernate.SQL                        : 
    call next value for hibernate_sequence
Hibernate: 
    call next value for hibernate_sequence
2021-09-29 17:38:41.853 DEBUG 17368 --- [    Test worker] org.hibernate.SQL                        : 
    call next value for hibernate_sequence
Hibernate: 
    call next value for hibernate_sequence
2021-09-29 17:38:41.859 DEBUG 17368 --- [    Test worker] org.hibernate.SQL                        : 
    /* insert kr.co.greetech.back.entity.Company
        */ insert 
        into
            company
            (created_time, last_modified_time, login_id, login_pw, name, company_id) 
        values
            (?, ?, ?, ?, ?, ?)
Hibernate: 
    /* insert kr.co.greetech.back.entity.Company
        */ insert 
        into
            company
            (created_time, last_modified_time, login_id, login_pw, name, company_id) 
        values
            (?, ?, ?, ?, ?, ?)
2021-09-29 17:38:41.861 DEBUG 17368 --- [    Test worker] org.hibernate.SQL                        : 
    /* insert kr.co.greetech.back.entity.DataLogger
        */ insert 
        into
            data_logger
            (created_time, last_modified_time, company_id, model_name, data_logger_id) 
        values
            (?, ?, ?, ?, ?)
Hibernate: 
    /* insert kr.co.greetech.back.entity.DataLogger
        */ insert 
        into
            data_logger
            (created_time, last_modified_time, company_id, model_name, data_logger_id) 
        values
            (?, ?, ?, ?, ?)
2021-09-29 17:38:41.862 DEBUG 17368 --- [    Test worker] org.hibernate.SQL                        : 
    /* insert kr.co.greetech.back.entity.DataLogger
        */ insert 
        into
            data_logger
            (created_time, last_modified_time, company_id, model_name, data_logger_id) 
        values
            (?, ?, ?, ?, ?)
Hibernate: 
    /* insert kr.co.greetech.back.entity.DataLogger
        */ insert 
        into
            data_logger
            (created_time, last_modified_time, company_id, model_name, data_logger_id) 
        values
            (?, ?, ?, ?, ?)
2021-09-29 17:38:41.864 DEBUG 17368 --- [    Test worker] org.hibernate.SQL                        : 
    /* insert kr.co.greetech.back.entity.DataLogger
        */ insert 
        into
            data_logger
            (created_time, last_modified_time, company_id, model_name, data_logger_id) 
        values
            (?, ?, ?, ?, ?)
Hibernate: 
    /* insert kr.co.greetech.back.entity.DataLogger
        */ insert 
        into
            data_logger
            (created_time, last_modified_time, company_id, model_name, data_logger_id) 
        values
            (?, ?, ?, ?, ?)
2021-09-29 17:38:41.865 DEBUG 17368 --- [    Test worker] org.hibernate.SQL                        : 
    /* insert kr.co.greetech.back.entity.DataLogger
        */ insert 
        into
            data_logger
            (created_time, last_modified_time, company_id, model_name, data_logger_id) 
        values
            (?, ?, ?, ?, ?)
Hibernate: 
    /* insert kr.co.greetech.back.entity.DataLogger
        */ insert 
        into
            data_logger
            (created_time, last_modified_time, company_id, model_name, data_logger_id) 
        values
            (?, ?, ?, ?, ?)
2021-09-29 17:38:41.866 DEBUG 17368 --- [    Test worker] org.hibernate.SQL                        : 
    /* insert kr.co.greetech.back.entity.DataLogger
        */ insert 
        into
            data_logger
            (created_time, last_modified_time, company_id, model_name, data_logger_id) 
        values
            (?, ?, ?, ?, ?)
Hibernate: 
    /* insert kr.co.greetech.back.entity.DataLogger
        */ insert 
        into
            data_logger
            (created_time, last_modified_time, company_id, model_name, data_logger_id) 
        values
            (?, ?, ?, ?, ?)
2021-09-29 17:38:41.868 DEBUG 17368 --- [    Test worker] org.hibernate.SQL                        : 
    /* select
        generatedAlias0 
    from
        Company as generatedAlias0 */ select
            company0_.company_id as company_1_0_,
            company0_.created_time as created_2_0_,
            company0_.last_modified_time as last_mod3_0_,
            company0_.login_id as login_id4_0_,
            company0_.login_pw as login_pw5_0_,
            company0_.name as name6_0_ 
        from
            company company0_
Hibernate: 
    /* select
        generatedAlias0 
    from
        Company as generatedAlias0 */ select
            company0_.company_id as company_1_0_,
            company0_.created_time as created_2_0_,
            company0_.last_modified_time as last_mod3_0_,
            company0_.login_id as login_id4_0_,
            company0_.login_pw as login_pw5_0_,
            company0_.name as name6_0_ 
        from
            company company0_
2021-09-29 17:38:41.877 DEBUG 17368 --- [    Test worker] org.hibernate.SQL                        : 
    /* select
        generatedAlias0 
    from
        DataLogger as generatedAlias0 
    left join
        generatedAlias0.company as generatedAlias1 
    where
        generatedAlias1.id=:param0 */ select
            datalogger0_.data_logger_id as data_log1_1_,
            datalogger0_.created_time as created_2_1_,
            datalogger0_.last_modified_time as last_mod3_1_,
            datalogger0_.company_id as company_5_1_,
            datalogger0_.model_name as model_na4_1_ 
        from
            data_logger datalogger0_ 
        left outer join
            company company1_ 
                on datalogger0_.company_id=company1_.company_id 
        where
            company1_.company_id=?
Hibernate: 
    /* select
        generatedAlias0 
    from
        DataLogger as generatedAlias0 
    left join
        generatedAlias0.company as generatedAlias1 
    where
        generatedAlias1.id=:param0 */ select
            datalogger0_.data_logger_id as data_log1_1_,
            datalogger0_.created_time as created_2_1_,
            datalogger0_.last_modified_time as last_mod3_1_,
            datalogger0_.company_id as company_5_1_,
            datalogger0_.model_name as model_na4_1_ 
        from
            data_logger datalogger0_ 
        left outer join
            company company1_ 
                on datalogger0_.company_id=company1_.company_id 
        where
            company1_.company_id=?
2021-09-29 17:38:41.886  INFO 17368 --- [    Test worker] o.s.t.c.transaction.TransactionContext   : Rolled back transaction for test: [DefaultTestContext@3d80944e testClass = DataLoggerRepositoryTest, testInstance = kr.co.greetech.back.repository.DataLoggerRepositoryTest@1c444758, testMethod = findByCompanyId@DataLoggerRepositoryTest, testException = [null], mergedContextConfiguration = [MergedContextConfiguration@3c45d8b testClass = DataLoggerRepositoryTest, locations = '{}', classes = '{class kr.co.greetech.back.BackApplication}', contextInitializerClasses = '[]', activeProfiles = '{}', propertySourceLocations = '{}', propertySourceProperties = '{org.springframework.boot.test.autoconfigure.orm.jpa.DataJpaTestContextBootstrapper=true}', contextCustomizers = set[org.springframework.boot.test.autoconfigure.OverrideAutoConfigurationContextCustomizerFactory$DisableAutoConfigurationContextCustomizer@22ae57ef, org.springframework.boot.test.autoconfigure.actuate.metrics.MetricsExportContextCustomizerFactory$DisableMetricExportContextCustomizer@1457b28d, org.springframework.boot.test.autoconfigure.filter.TypeExcludeFiltersContextCustomizer@351584c0, org.springframework.boot.test.autoconfigure.properties.PropertyMappingContextCustomizer@f8f0dda0, org.springframework.boot.test.autoconfigure.web.servlet.WebDriverContextCustomizerFactory$Customizer@1036400a, [ImportsContextCustomizer@792293b3 key = [org.springframework.boot.autoconfigure.cache.CacheAutoConfiguration, org.springframework.boot.autoconfigure.data.jpa.JpaRepositoriesAutoConfiguration, org.springframework.boot.autoconfigure.flyway.FlywayAutoConfiguration, org.springframework.boot.autoconfigure.jdbc.DataSourceAutoConfiguration, org.springframework.boot.autoconfigure.jdbc.DataSourceTransactionManagerAutoConfiguration, org.springframework.boot.autoconfigure.jdbc.JdbcTemplateAutoConfiguration, org.springframework.boot.autoconfigure.liquibase.LiquibaseAutoConfiguration, org.springframework.boot.autoconfigure.orm.jpa.HibernateJpaAutoConfiguration, org.springframework.boot.autoconfigure.sql.init.SqlInitializationAutoConfiguration, org.springframework.boot.autoconfigure.transaction.TransactionAutoConfiguration, org.springframework.boot.test.autoconfigure.jdbc.TestDatabaseAutoConfiguration, org.springframework.boot.test.autoconfigure.orm.jpa.TestEntityManagerAutoConfiguration]], org.springframework.boot.test.context.filter.ExcludeFilterContextCustomizer@784ac6fb, org.springframework.boot.test.json.DuplicateJsonObjectContextCustomizerFactory$DuplicateJsonObjectContextCustomizer@272cef12, org.springframework.boot.test.mock.mockito.MockitoContextCustomizer@0, org.springframework.boot.test.context.SpringBootTestArgs@1, org.springframework.boot.test.context.SpringBootTestWebEnvironment@0], contextLoader = 'org.springframework.boot.test.context.SpringBootContextLoader', parent = [null]], attributes = map['org.springframework.test.context.event.ApplicationEventsTestExecutionListener.recordApplicationEvents' -> false]]
]]></system-out>
  <system-err><![CDATA[]]></system-err>
</testsuite>
