<?xml version="1.0" encoding="UTF-8"?>
<testsuite name="kr.co.greetech.back.repository.MeasureDataQueryRepositoryTest" tests="1" skipped="0" failures="0" errors="0" timestamp="2021-09-14T07:49:23" hostname="LAPTOP-JLJ2VI1H" time="0.109">
  <properties/>
  <testcase name="select()" classname="kr.co.greetech.back.repository.MeasureDataQueryRepositoryTest" time="0.109"/>
  <system-out><![CDATA[2021-09-14 16:49:23.713  INFO 23712 --- [    Test worker] b.t.a.o.j.DataJpaTestContextBootstrapper : Neither @ContextConfiguration nor @ContextHierarchy found for test class [kr.co.greetech.back.repository.MeasureDataQueryRepositoryTest], using SpringBootContextLoader
2021-09-14 16:49:23.714  INFO 23712 --- [    Test worker] o.s.t.c.support.AbstractContextLoader    : Could not detect default resource locations for test class [kr.co.greetech.back.repository.MeasureDataQueryRepositoryTest]: no resource found for suffixes {-context.xml, Context.groovy}.
2021-09-14 16:49:23.714  INFO 23712 --- [    Test worker] t.c.s.AnnotationConfigContextLoaderUtils : Could not detect default configuration classes for test class [kr.co.greetech.back.repository.MeasureDataQueryRepositoryTest]: MeasureDataQueryRepositoryTest does not declare any static, non-private, non-final, nested classes annotated with @Configuration.
2021-09-14 16:49:23.717  INFO 23712 --- [    Test worker] .b.t.c.SpringBootTestContextBootstrapper : Found @SpringBootConfiguration kr.co.greetech.back.BackApplication for test class kr.co.greetech.back.repository.MeasureDataQueryRepositoryTest
2021-09-14 16:49:23.717  INFO 23712 --- [    Test worker] b.t.a.o.j.DataJpaTestContextBootstrapper : Loaded default TestExecutionListener class names from location [META-INF/spring.factories]: [org.springframework.boot.test.autoconfigure.restdocs.RestDocsTestExecutionListener, org.springframework.boot.test.autoconfigure.web.client.MockRestServiceServerResetTestExecutionListener, org.springframework.boot.test.autoconfigure.web.servlet.MockMvcPrintOnlyOnFailureTestExecutionListener, org.springframework.boot.test.autoconfigure.web.servlet.WebDriverTestExecutionListener, org.springframework.boot.test.autoconfigure.webservices.client.MockWebServiceServerTestExecutionListener, org.springframework.boot.test.mock.mockito.MockitoTestExecutionListener, org.springframework.boot.test.mock.mockito.ResetMocksTestExecutionListener, org.springframework.test.context.web.ServletTestExecutionListener, org.springframework.test.context.support.DirtiesContextBeforeModesTestExecutionListener, org.springframework.test.context.event.ApplicationEventsTestExecutionListener, org.springframework.test.context.support.DependencyInjectionTestExecutionListener, org.springframework.test.context.support.DirtiesContextTestExecutionListener, org.springframework.test.context.transaction.TransactionalTestExecutionListener, org.springframework.test.context.jdbc.SqlScriptsTestExecutionListener, org.springframework.test.context.event.EventPublishingTestExecutionListener]
2021-09-14 16:49:23.718  INFO 23712 --- [    Test worker] b.t.a.o.j.DataJpaTestContextBootstrapper : Using TestExecutionListeners: [org.springframework.test.context.web.ServletTestExecutionListener@5f32cc6b, org.springframework.test.context.support.DirtiesContextBeforeModesTestExecutionListener@3dcb9175, org.springframework.test.context.event.ApplicationEventsTestExecutionListener@797f0b3c, org.springframework.boot.test.mock.mockito.MockitoTestExecutionListener@1bedc225, org.springframework.boot.test.autoconfigure.SpringBootDependencyInjectionTestExecutionListener@527504a7, org.springframework.test.context.support.DirtiesContextTestExecutionListener@33d467a5, org.springframework.test.context.transaction.TransactionalTestExecutionListener@32f3ac08, org.springframework.test.context.jdbc.SqlScriptsTestExecutionListener@477abc99, org.springframework.test.context.event.EventPublishingTestExecutionListener@3d50d8ed, org.springframework.boot.test.autoconfigure.restdocs.RestDocsTestExecutionListener@2d2979ad, org.springframework.boot.test.autoconfigure.web.client.MockRestServiceServerResetTestExecutionListener@21513ec, org.springframework.boot.test.autoconfigure.web.servlet.MockMvcPrintOnlyOnFailureTestExecutionListener@1019f943, org.springframework.boot.test.autoconfigure.web.servlet.WebDriverTestExecutionListener@2b35cc1d, org.springframework.boot.test.autoconfigure.webservices.client.MockWebServiceServerTestExecutionListener@4d373cc7, org.springframework.boot.test.mock.mockito.ResetMocksTestExecutionListener@6717dcfe]
2021-09-14 16:49:23.723  INFO 23712 --- [    Test worker] o.s.t.c.transaction.TransactionContext   : Began transaction (1) for test context [DefaultTestContext@77ae0da5 testClass = MeasureDataQueryRepositoryTest, testInstance = kr.co.greetech.back.repository.MeasureDataQueryRepositoryTest@16a0c8f0, testMethod = select@MeasureDataQueryRepositoryTest, testException = [null], mergedContextConfiguration = [MergedContextConfiguration@2d42357c testClass = MeasureDataQueryRepositoryTest, locations = '{}', classes = '{class kr.co.greetech.back.BackApplication}', contextInitializerClasses = '[]', activeProfiles = '{}', propertySourceLocations = '{}', propertySourceProperties = '{org.springframework.boot.test.autoconfigure.orm.jpa.DataJpaTestContextBootstrapper=true}', contextCustomizers = set[org.springframework.boot.test.autoconfigure.OverrideAutoConfigurationContextCustomizerFactory$DisableAutoConfigurationContextCustomizer@dfc5187, org.springframework.boot.test.autoconfigure.actuate.metrics.MetricsExportContextCustomizerFactory$DisableMetricExportContextCustomizer@1fdc8a69, org.springframework.boot.test.autoconfigure.filter.TypeExcludeFiltersContextCustomizer@351584c0, org.springframework.boot.test.autoconfigure.properties.PropertyMappingContextCustomizer@8c82dc32, org.springframework.boot.test.autoconfigure.web.servlet.WebDriverContextCustomizerFactory$Customizer@2d398f1e, [ImportsContextCustomizer@13164de key = [org.springframework.boot.autoconfigure.cache.CacheAutoConfiguration, org.springframework.boot.autoconfigure.data.jpa.JpaRepositoriesAutoConfiguration, org.springframework.boot.autoconfigure.flyway.FlywayAutoConfiguration, org.springframework.boot.autoconfigure.jdbc.DataSourceAutoConfiguration, org.springframework.boot.autoconfigure.jdbc.DataSourceTransactionManagerAutoConfiguration, org.springframework.boot.autoconfigure.jdbc.JdbcTemplateAutoConfiguration, org.springframework.boot.autoconfigure.liquibase.LiquibaseAutoConfiguration, org.springframework.boot.autoconfigure.orm.jpa.HibernateJpaAutoConfiguration, org.springframework.boot.autoconfigure.sql.init.SqlInitializationAutoConfiguration, org.springframework.boot.autoconfigure.transaction.TransactionAutoConfiguration, org.springframework.boot.test.autoconfigure.jdbc.TestDatabaseAutoConfiguration, org.springframework.boot.test.autoconfigure.orm.jpa.TestEntityManagerAutoConfiguration]], org.springframework.boot.test.context.filter.ExcludeFilterContextCustomizer@10d4aac8, org.springframework.boot.test.json.DuplicateJsonObjectContextCustomizerFactory$DuplicateJsonObjectContextCustomizer@1bc1e276, org.springframework.boot.test.mock.mockito.MockitoContextCustomizer@0, org.springframework.boot.test.context.SpringBootTestArgs@1, org.springframework.boot.test.context.SpringBootTestWebEnvironment@0], contextLoader = 'org.springframework.boot.test.context.SpringBootContextLoader', parent = [null]], attributes = map['org.springframework.test.context.event.ApplicationEventsTestExecutionListener.recordApplicationEvents' -> false]]; transaction manager [org.springframework.orm.jpa.JpaTransactionManager@79b2a64e]; rollback [true]
2021-09-14 16:49:23.725 DEBUG 23712 --- [    Test worker] org.hibernate.SQL                        : 
    call next value for hibernate_sequence
Hibernate: 
    call next value for hibernate_sequence
2021-09-14 16:49:23.738 DEBUG 23712 --- [    Test worker] org.hibernate.SQL                        : 
    call next value for hibernate_sequence
Hibernate: 
    call next value for hibernate_sequence
2021-09-14 16:49:23.754 DEBUG 23712 --- [    Test worker] org.hibernate.SQL                        : 
    call next value for hibernate_sequence
Hibernate: 
    call next value for hibernate_sequence
2021-09-14 16:49:23.770 DEBUG 23712 --- [    Test worker] org.hibernate.SQL                        : 
    call next value for hibernate_sequence
Hibernate: 
    call next value for hibernate_sequence
2021-09-14 16:49:23.786 DEBUG 23712 --- [    Test worker] org.hibernate.SQL                        : 
    call next value for hibernate_sequence
Hibernate: 
    call next value for hibernate_sequence
2021-09-14 16:49:23.802 DEBUG 23712 --- [    Test worker] org.hibernate.SQL                        : 
    call next value for hibernate_sequence
Hibernate: 
    call next value for hibernate_sequence
2021-09-14 16:49:23.805 DEBUG 23712 --- [    Test worker] org.hibernate.SQL                        : 
    /* insert kr.co.greetech.back.entity.DataLogger
        */ insert 
        into
            data_logger
            (created_time, last_modified_time, company_id, model_name, data_logger_id) 
        values
            (?, ?, ?, ?, ?)
Hibernate: 
    /* insert kr.co.greetech.back.entity.DataLogger
        */ insert 
        into
            data_logger
            (created_time, last_modified_time, company_id, model_name, data_logger_id) 
        values
            (?, ?, ?, ?, ?)
2021-09-14 16:49:23.807 DEBUG 23712 --- [    Test worker] org.hibernate.SQL                        : 
    /* insert kr.co.greetech.back.entity.MeasureData
        */ insert 
        into
            measure_data
            (created_time, data, data_logger_id, measure_data_id) 
        values
            (?, ?, ?, ?)
Hibernate: 
    /* insert kr.co.greetech.back.entity.MeasureData
        */ insert 
        into
            measure_data
            (created_time, data, data_logger_id, measure_data_id) 
        values
            (?, ?, ?, ?)
2021-09-14 16:49:23.808 DEBUG 23712 --- [    Test worker] org.hibernate.SQL                        : 
    /* insert kr.co.greetech.back.entity.MeasureData
        */ insert 
        into
            measure_data
            (created_time, data, data_logger_id, measure_data_id) 
        values
            (?, ?, ?, ?)
Hibernate: 
    /* insert kr.co.greetech.back.entity.MeasureData
        */ insert 
        into
            measure_data
            (created_time, data, data_logger_id, measure_data_id) 
        values
            (?, ?, ?, ?)
2021-09-14 16:49:23.808 DEBUG 23712 --- [    Test worker] org.hibernate.SQL                        : 
    /* insert kr.co.greetech.back.entity.MeasureData
        */ insert 
        into
            measure_data
            (created_time, data, data_logger_id, measure_data_id) 
        values
            (?, ?, ?, ?)
Hibernate: 
    /* insert kr.co.greetech.back.entity.MeasureData
        */ insert 
        into
            measure_data
            (created_time, data, data_logger_id, measure_data_id) 
        values
            (?, ?, ?, ?)
2021-09-14 16:49:23.809 DEBUG 23712 --- [    Test worker] org.hibernate.SQL                        : 
    /* insert kr.co.greetech.back.entity.MeasureData
        */ insert 
        into
            measure_data
            (created_time, data, data_logger_id, measure_data_id) 
        values
            (?, ?, ?, ?)
Hibernate: 
    /* insert kr.co.greetech.back.entity.MeasureData
        */ insert 
        into
            measure_data
            (created_time, data, data_logger_id, measure_data_id) 
        values
            (?, ?, ?, ?)
2021-09-14 16:49:23.810 DEBUG 23712 --- [    Test worker] org.hibernate.SQL                        : 
    /* insert kr.co.greetech.back.entity.MeasureData
        */ insert 
        into
            measure_data
            (created_time, data, data_logger_id, measure_data_id) 
        values
            (?, ?, ?, ?)
Hibernate: 
    /* insert kr.co.greetech.back.entity.MeasureData
        */ insert 
        into
            measure_data
            (created_time, data, data_logger_id, measure_data_id) 
        values
            (?, ?, ?, ?)
2021-09-14 16:49:23.811 DEBUG 23712 --- [    Test worker] org.hibernate.SQL                        : 
    /* select
        generatedAlias0 
    from
        DataLogger as generatedAlias0 */ select
            datalogger0_.data_logger_id as data_log1_1_,
            datalogger0_.created_time as created_2_1_,
            datalogger0_.last_modified_time as last_mod3_1_,
            datalogger0_.company_id as company_5_1_,
            datalogger0_.model_name as model_na4_1_ 
        from
            data_logger datalogger0_
Hibernate: 
    /* select
        generatedAlias0 
    from
        DataLogger as generatedAlias0 */ select
            datalogger0_.data_logger_id as data_log1_1_,
            datalogger0_.created_time as created_2_1_,
            datalogger0_.last_modified_time as last_mod3_1_,
            datalogger0_.company_id as company_5_1_,
            datalogger0_.model_name as model_na4_1_ 
        from
            data_logger datalogger0_
2021-09-14 16:49:23.813 DEBUG 23712 --- [    Test worker] org.hibernate.SQL                        : 
    /* select
        measureData.data,
        measureData.createdTime 
    from
        MeasureData measureData 
    where
        measureData.dataLogger.id = ?1 
        and measureData.createdTime between ?2 and ?3 
    order by
        measureData.createdTime desc */ select
            measuredat0_.data as col_0_0_,
            measuredat0_.created_time as col_1_0_ 
        from
            measure_data measuredat0_ 
        where
            measuredat0_.data_logger_id=? 
            and (
                measuredat0_.created_time between ? and ?
            ) 
        order by
            measuredat0_.created_time desc limit ?
Hibernate: 
    /* select
        measureData.data,
        measureData.createdTime 
    from
        MeasureData measureData 
    where
        measureData.dataLogger.id = ?1 
        and measureData.createdTime between ?2 and ?3 
    order by
        measureData.createdTime desc */ select
            measuredat0_.data as col_0_0_,
            measuredat0_.created_time as col_1_0_ 
        from
            measure_data measuredat0_ 
        where
            measuredat0_.data_logger_id=? 
            and (
                measuredat0_.created_time between ? and ?
            ) 
        order by
            measuredat0_.created_time desc limit ?
dataDto = MeasureDataDto(data=data, time=2021-09-14T16:49:23.802288)
dataDto = MeasureDataDto(data=data, time=2021-09-14T16:49:23.786330)
dataDto = MeasureDataDto(data=data, time=2021-09-14T16:49:23.770372)
dataDto = MeasureDataDto(data=data, time=2021-09-14T16:49:23.754416)
dataDto = MeasureDataDto(data=data, time=2021-09-14T16:49:23.738458)
2021-09-14 16:49:23.829  INFO 23712 --- [    Test worker] o.s.t.c.transaction.TransactionContext   : Rolled back transaction for test: [DefaultTestContext@77ae0da5 testClass = MeasureDataQueryRepositoryTest, testInstance = kr.co.greetech.back.repository.MeasureDataQueryRepositoryTest@16a0c8f0, testMethod = select@MeasureDataQueryRepositoryTest, testException = [null], mergedContextConfiguration = [MergedContextConfiguration@2d42357c testClass = MeasureDataQueryRepositoryTest, locations = '{}', classes = '{class kr.co.greetech.back.BackApplication}', contextInitializerClasses = '[]', activeProfiles = '{}', propertySourceLocations = '{}', propertySourceProperties = '{org.springframework.boot.test.autoconfigure.orm.jpa.DataJpaTestContextBootstrapper=true}', contextCustomizers = set[org.springframework.boot.test.autoconfigure.OverrideAutoConfigurationContextCustomizerFactory$DisableAutoConfigurationContextCustomizer@dfc5187, org.springframework.boot.test.autoconfigure.actuate.metrics.MetricsExportContextCustomizerFactory$DisableMetricExportContextCustomizer@1fdc8a69, org.springframework.boot.test.autoconfigure.filter.TypeExcludeFiltersContextCustomizer@351584c0, org.springframework.boot.test.autoconfigure.properties.PropertyMappingContextCustomizer@8c82dc32, org.springframework.boot.test.autoconfigure.web.servlet.WebDriverContextCustomizerFactory$Customizer@2d398f1e, [ImportsContextCustomizer@13164de key = [org.springframework.boot.autoconfigure.cache.CacheAutoConfiguration, org.springframework.boot.autoconfigure.data.jpa.JpaRepositoriesAutoConfiguration, org.springframework.boot.autoconfigure.flyway.FlywayAutoConfiguration, org.springframework.boot.autoconfigure.jdbc.DataSourceAutoConfiguration, org.springframework.boot.autoconfigure.jdbc.DataSourceTransactionManagerAutoConfiguration, org.springframework.boot.autoconfigure.jdbc.JdbcTemplateAutoConfiguration, org.springframework.boot.autoconfigure.liquibase.LiquibaseAutoConfiguration, org.springframework.boot.autoconfigure.orm.jpa.HibernateJpaAutoConfiguration, org.springframework.boot.autoconfigure.sql.init.SqlInitializationAutoConfiguration, org.springframework.boot.autoconfigure.transaction.TransactionAutoConfiguration, org.springframework.boot.test.autoconfigure.jdbc.TestDatabaseAutoConfiguration, org.springframework.boot.test.autoconfigure.orm.jpa.TestEntityManagerAutoConfiguration]], org.springframework.boot.test.context.filter.ExcludeFilterContextCustomizer@10d4aac8, org.springframework.boot.test.json.DuplicateJsonObjectContextCustomizerFactory$DuplicateJsonObjectContextCustomizer@1bc1e276, org.springframework.boot.test.mock.mockito.MockitoContextCustomizer@0, org.springframework.boot.test.context.SpringBootTestArgs@1, org.springframework.boot.test.context.SpringBootTestWebEnvironment@0], contextLoader = 'org.springframework.boot.test.context.SpringBootContextLoader', parent = [null]], attributes = map['org.springframework.test.context.event.ApplicationEventsTestExecutionListener.recordApplicationEvents' -> false]]
]]></system-out>
  <system-err><![CDATA[]]></system-err>
</testsuite>
