<?xml version="1.0" encoding="UTF-8"?>
<testsuite name="kr.co.greetech.back.repository.CompanyRepositoryTest" tests="1" skipped="0" failures="0" errors="0" timestamp="2021-09-27T02:21:01" hostname="LAPTOP-JLJ2VI1H" time="0.042">
  <properties/>
  <testcase name="findByName()" classname="kr.co.greetech.back.repository.CompanyRepositoryTest" time="0.042"/>
  <system-out><![CDATA[2021-09-27 11:21:00.753  INFO 13200 --- [    Test worker] b.t.a.o.j.DataJpaTestContextBootstrapper : Neither @ContextConfiguration nor @ContextHierarchy found for test class [kr.co.greetech.back.repository.CompanyRepositoryTest], using SpringBootContextLoader
2021-09-27 11:21:00.754  INFO 13200 --- [    Test worker] o.s.t.c.support.AbstractContextLoader    : Could not detect default resource locations for test class [kr.co.greetech.back.repository.CompanyRepositoryTest]: no resource found for suffixes {-context.xml, Context.groovy}.
2021-09-27 11:21:00.754  INFO 13200 --- [    Test worker] t.c.s.AnnotationConfigContextLoaderUtils : Could not detect default configuration classes for test class [kr.co.greetech.back.repository.CompanyRepositoryTest]: CompanyRepositoryTest does not declare any static, non-private, non-final, nested classes annotated with @Configuration.
2021-09-27 11:21:00.772  INFO 13200 --- [    Test worker] .b.t.c.SpringBootTestContextBootstrapper : Found @SpringBootConfiguration kr.co.greetech.back.BackApplication for test class kr.co.greetech.back.repository.CompanyRepositoryTest
2021-09-27 11:21:00.773  INFO 13200 --- [    Test worker] b.t.a.o.j.DataJpaTestContextBootstrapper : Loaded default TestExecutionListener class names from location [META-INF/spring.factories]: [org.springframework.boot.test.autoconfigure.restdocs.RestDocsTestExecutionListener, org.springframework.boot.test.autoconfigure.web.client.MockRestServiceServerResetTestExecutionListener, org.springframework.boot.test.autoconfigure.web.servlet.MockMvcPrintOnlyOnFailureTestExecutionListener, org.springframework.boot.test.autoconfigure.web.servlet.WebDriverTestExecutionListener, org.springframework.boot.test.autoconfigure.webservices.client.MockWebServiceServerTestExecutionListener, org.springframework.boot.test.mock.mockito.MockitoTestExecutionListener, org.springframework.boot.test.mock.mockito.ResetMocksTestExecutionListener, org.springframework.test.context.web.ServletTestExecutionListener, org.springframework.test.context.support.DirtiesContextBeforeModesTestExecutionListener, org.springframework.test.context.event.ApplicationEventsTestExecutionListener, org.springframework.test.context.support.DependencyInjectionTestExecutionListener, org.springframework.test.context.support.DirtiesContextTestExecutionListener, org.springframework.test.context.transaction.TransactionalTestExecutionListener, org.springframework.test.context.jdbc.SqlScriptsTestExecutionListener, org.springframework.test.context.event.EventPublishingTestExecutionListener]
2021-09-27 11:21:00.774  INFO 13200 --- [    Test worker] b.t.a.o.j.DataJpaTestContextBootstrapper : Using TestExecutionListeners: [org.springframework.test.context.web.ServletTestExecutionListener@77e3344b, org.springframework.test.context.support.DirtiesContextBeforeModesTestExecutionListener@65490f81, org.springframework.test.context.event.ApplicationEventsTestExecutionListener@f446bff, org.springframework.boot.test.mock.mockito.MockitoTestExecutionListener@764ec1be, org.springframework.boot.test.autoconfigure.SpringBootDependencyInjectionTestExecutionListener@18e1e250, org.springframework.test.context.support.DirtiesContextTestExecutionListener@3579c3ca, org.springframework.test.context.transaction.TransactionalTestExecutionListener@194e4d09, org.springframework.test.context.jdbc.SqlScriptsTestExecutionListener@190d3caf, org.springframework.test.context.event.EventPublishingTestExecutionListener@e69aebc, org.springframework.boot.test.autoconfigure.restdocs.RestDocsTestExecutionListener@75f54b28, org.springframework.boot.test.autoconfigure.web.client.MockRestServiceServerResetTestExecutionListener@1eb8669a, org.springframework.boot.test.autoconfigure.web.servlet.MockMvcPrintOnlyOnFailureTestExecutionListener@6e20c9a6, org.springframework.boot.test.autoconfigure.web.servlet.WebDriverTestExecutionListener@2dff9690, org.springframework.boot.test.autoconfigure.webservices.client.MockWebServiceServerTestExecutionListener@728c240c, org.springframework.boot.test.mock.mockito.ResetMocksTestExecutionListener@2fdd1071]

  .   ____          _            __ _ _
 /\\ / ___'_ __ _ _(_)_ __  __ _ \ \ \ \
( ( )\___ | '_ | '_| | '_ \/ _` | \ \ \ \
 \\/  ___)| |_)| | | | | || (_| |  ) ) ) )
  '  |____| .__|_| |_|_| |_\__, | / / / /
 =========|_|==============|___/=/_/_/_/
 :: Spring Boot ::                (v2.5.3)

2021-09-27 11:21:00.819  INFO 13200 --- [    Test worker] k.c.g.b.r.CompanyRepositoryTest          : Starting CompanyRepositoryTest using Java 11.0.11 on LAPTOP-JLJ2VI1H with PID 13200 (started by lenovo in C:\Users\lenovo\Documents\web\back)
2021-09-27 11:21:00.819  INFO 13200 --- [    Test worker] k.c.g.b.r.CompanyRepositoryTest          : The following profiles are active: test
2021-09-27 11:21:00.930  INFO 13200 --- [    Test worker] .s.d.r.c.RepositoryConfigurationDelegate : Bootstrapping Spring Data JPA repositories in DEFAULT mode.
2021-09-27 11:21:00.968  INFO 13200 --- [    Test worker] .s.d.r.c.RepositoryConfigurationDelegate : Finished Spring Data repository scanning in 37 ms. Found 3 JPA repository interfaces.
2021-09-27 11:21:00.980  INFO 13200 --- [    Test worker] beddedDataSourceBeanFactoryPostProcessor : Replacing 'dataSource' DataSource bean with embedded version
2021-09-27 11:21:01.037  INFO 13200 --- [    Test worker] o.s.j.d.e.EmbeddedDatabaseFactory        : Starting embedded database: url='jdbc:h2:mem:0fe5f590-8efc-489f-8928-49e4b6b291d2;DB_CLOSE_DELAY=-1;DB_CLOSE_ON_EXIT=false', username='sa'
2021-09-27 11:21:01.295  INFO 13200 --- [    Test worker] o.hibernate.jpa.internal.util.LogHelper  : HHH000204: Processing PersistenceUnitInfo [name: default]
2021-09-27 11:21:01.306  INFO 13200 --- [    Test worker] org.hibernate.dialect.Dialect            : HHH000400: Using dialect: org.hibernate.dialect.H2Dialect
2021-09-27 11:21:01.406 DEBUG 13200 --- [    Test worker] org.hibernate.SQL                        : 
    
    drop table if exists company CASCADE 
Hibernate: 
    
    drop table if exists company CASCADE 
2021-09-27 11:21:01.408 DEBUG 13200 --- [    Test worker] org.hibernate.SQL                        : 
    
    drop table if exists data_logger CASCADE 
Hibernate: 
    
    drop table if exists data_logger CASCADE 
2021-09-27 11:21:01.409 DEBUG 13200 --- [    Test worker] org.hibernate.SQL                        : 
    
    drop table if exists measure_data CASCADE 
Hibernate: 
    
    drop table if exists measure_data CASCADE 
2021-09-27 11:21:01.409 DEBUG 13200 --- [    Test worker] org.hibernate.SQL                        : 
    
    drop sequence if exists hibernate_sequence
Hibernate: 
    
    drop sequence if exists hibernate_sequence
2021-09-27 11:21:01.410 DEBUG 13200 --- [    Test worker] org.hibernate.SQL                        : create sequence hibernate_sequence start with 1 increment by 1
Hibernate: create sequence hibernate_sequence start with 1 increment by 1
2021-09-27 11:21:01.413 DEBUG 13200 --- [    Test worker] org.hibernate.SQL                        : 
    
    create table company (
       company_id bigint not null,
        created_time timestamp,
        last_modified_time timestamp,
        login_id varchar(255),
        login_pw varchar(255),
        name varchar(255),
        primary key (company_id)
    )
Hibernate: 
    
    create table company (
       company_id bigint not null,
        created_time timestamp,
        last_modified_time timestamp,
        login_id varchar(255),
        login_pw varchar(255),
        name varchar(255),
        primary key (company_id)
    )
2021-09-27 11:21:01.421 DEBUG 13200 --- [    Test worker] org.hibernate.SQL                        : 
    
    create table data_logger (
       data_logger_id bigint not null,
        created_time timestamp,
        last_modified_time timestamp,
        model_name varchar(255),
        company_id bigint,
        primary key (data_logger_id)
    )
Hibernate: 
    
    create table data_logger (
       data_logger_id bigint not null,
        created_time timestamp,
        last_modified_time timestamp,
        model_name varchar(255),
        company_id bigint,
        primary key (data_logger_id)
    )
2021-09-27 11:21:01.422 DEBUG 13200 --- [    Test worker] org.hibernate.SQL                        : 
    
    create table measure_data (
       measure_data_id bigint not null,
        created_time timestamp,
        data varchar(255) not null,
        data_logger_id bigint,
        primary key (measure_data_id)
    )
Hibernate: 
    
    create table measure_data (
       measure_data_id bigint not null,
        created_time timestamp,
        data varchar(255) not null,
        data_logger_id bigint,
        primary key (measure_data_id)
    )
2021-09-27 11:21:01.424 DEBUG 13200 --- [    Test worker] org.hibernate.SQL                        : 
    
    alter table company 
       add constraint UK_jymm78yo2olotyo1e343ct9ko unique (login_id)
Hibernate: 
    
    alter table company 
       add constraint UK_jymm78yo2olotyo1e343ct9ko unique (login_id)
2021-09-27 11:21:01.429 DEBUG 13200 --- [    Test worker] org.hibernate.SQL                        : 
    
    alter table company 
       add constraint UK_niu8sfil2gxywcru9ah3r4ec5 unique (name)
Hibernate: 
    
    alter table company 
       add constraint UK_niu8sfil2gxywcru9ah3r4ec5 unique (name)
2021-09-27 11:21:01.430 DEBUG 13200 --- [    Test worker] org.hibernate.SQL                        : 
    
    alter table data_logger 
       add constraint FK5wejnpaohywo5fhc6jhegrefe 
       foreign key (company_id) 
       references company
Hibernate: 
    
    alter table data_logger 
       add constraint FK5wejnpaohywo5fhc6jhegrefe 
       foreign key (company_id) 
       references company
2021-09-27 11:21:01.437 DEBUG 13200 --- [    Test worker] org.hibernate.SQL                        : 
    
    alter table measure_data 
       add constraint FKat8mm6oaqfehk7y9o2xb4i0jj 
       foreign key (data_logger_id) 
       references data_logger
Hibernate: 
    
    alter table measure_data 
       add constraint FKat8mm6oaqfehk7y9o2xb4i0jj 
       foreign key (data_logger_id) 
       references data_logger
2021-09-27 11:21:01.440  INFO 13200 --- [    Test worker] o.h.e.t.j.p.i.JtaPlatformInitiator       : HHH000490: Using JtaPlatform implementation: [org.hibernate.engine.transaction.jta.platform.internal.NoJtaPlatform]
2021-09-27 11:21:01.440  INFO 13200 --- [    Test worker] j.LocalContainerEntityManagerFactoryBean : Initialized JPA EntityManagerFactory for persistence unit 'default'
2021-09-27 11:21:01.614  INFO 13200 --- [    Test worker] k.c.g.b.r.CompanyRepositoryTest          : Started CompanyRepositoryTest in 0.837 seconds (JVM running for 11.92)
2021-09-27 11:21:01.620  INFO 13200 --- [    Test worker] o.s.t.c.transaction.TransactionContext   : Began transaction (1) for test context [DefaultTestContext@32c4c4e5 testClass = CompanyRepositoryTest, testInstance = kr.co.greetech.back.repository.CompanyRepositoryTest@6aeabcdd, testMethod = findByName@CompanyRepositoryTest, testException = [null], mergedContextConfiguration = [MergedContextConfiguration@54139de testClass = CompanyRepositoryTest, locations = '{}', classes = '{class kr.co.greetech.back.BackApplication}', contextInitializerClasses = '[]', activeProfiles = '{}', propertySourceLocations = '{}', propertySourceProperties = '{org.springframework.boot.test.autoconfigure.orm.jpa.DataJpaTestContextBootstrapper=true}', contextCustomizers = set[org.springframework.boot.test.autoconfigure.OverrideAutoConfigurationContextCustomizerFactory$DisableAutoConfigurationContextCustomizer@7326f6fd, org.springframework.boot.test.autoconfigure.actuate.metrics.MetricsExportContextCustomizerFactory$DisableMetricExportContextCustomizer@ab4405, org.springframework.boot.test.autoconfigure.filter.TypeExcludeFiltersContextCustomizer@351584c0, org.springframework.boot.test.autoconfigure.properties.PropertyMappingContextCustomizer@cb61d0a7, org.springframework.boot.test.autoconfigure.web.servlet.WebDriverContextCustomizerFactory$Customizer@28e5d449, [ImportsContextCustomizer@7f7b90ac key = [org.springframework.boot.autoconfigure.cache.CacheAutoConfiguration, org.springframework.boot.autoconfigure.data.jpa.JpaRepositoriesAutoConfiguration, org.springframework.boot.autoconfigure.flyway.FlywayAutoConfiguration, org.springframework.boot.autoconfigure.jdbc.DataSourceAutoConfiguration, org.springframework.boot.autoconfigure.jdbc.DataSourceTransactionManagerAutoConfiguration, org.springframework.boot.autoconfigure.jdbc.JdbcTemplateAutoConfiguration, org.springframework.boot.autoconfigure.liquibase.LiquibaseAutoConfiguration, org.springframework.boot.autoconfigure.orm.jpa.HibernateJpaAutoConfiguration, org.springframework.boot.autoconfigure.sql.init.SqlInitializationAutoConfiguration, org.springframework.boot.autoconfigure.transaction.TransactionAutoConfiguration, org.springframework.boot.test.autoconfigure.jdbc.TestDatabaseAutoConfiguration, org.springframework.boot.test.autoconfigure.orm.jpa.TestEntityManagerAutoConfiguration]], org.springframework.boot.test.context.filter.ExcludeFilterContextCustomizer@24a8a02, org.springframework.boot.test.json.DuplicateJsonObjectContextCustomizerFactory$DuplicateJsonObjectContextCustomizer@31625bf7, org.springframework.boot.test.mock.mockito.MockitoContextCustomizer@0, org.springframework.boot.test.context.SpringBootTestArgs@1, org.springframework.boot.test.context.SpringBootTestWebEnvironment@0], contextLoader = 'org.springframework.boot.test.context.SpringBootContextLoader', parent = [null]], attributes = map['org.springframework.test.context.event.ApplicationEventsTestExecutionListener.recordApplicationEvents' -> false]]; transaction manager [org.springframework.orm.jpa.JpaTransactionManager@24a49b9]; rollback [true]
CompanyRepositoryTest.beforeEach
2021-09-27 11:21:01.631 DEBUG 13200 --- [    Test worker] org.hibernate.SQL                        : 
    call next value for hibernate_sequence
Hibernate: 
    call next value for hibernate_sequence
2021-09-27 11:21:01.634 DEBUG 13200 --- [    Test worker] org.hibernate.SQL                        : 
    call next value for hibernate_sequence
Hibernate: 
    call next value for hibernate_sequence
2021-09-27 11:21:01.635 DEBUG 13200 --- [    Test worker] org.hibernate.SQL                        : 
    call next value for hibernate_sequence
Hibernate: 
    call next value for hibernate_sequence
2021-09-27 11:21:01.636 DEBUG 13200 --- [    Test worker] org.hibernate.SQL                        : 
    call next value for hibernate_sequence
Hibernate: 
    call next value for hibernate_sequence
2021-09-27 11:21:01.637 DEBUG 13200 --- [    Test worker] org.hibernate.SQL                        : 
    call next value for hibernate_sequence
Hibernate: 
    call next value for hibernate_sequence
CompanyRepositoryTest.findByName
2021-09-27 11:21:01.642 DEBUG 13200 --- [    Test worker] org.hibernate.SQL                        : 
    /* insert kr.co.greetech.back.entity.Company
        */ insert 
        into
            company
            (created_time, last_modified_time, login_id, login_pw, name, company_id) 
        values
            (?, ?, ?, ?, ?, ?)
Hibernate: 
    /* insert kr.co.greetech.back.entity.Company
        */ insert 
        into
            company
            (created_time, last_modified_time, login_id, login_pw, name, company_id) 
        values
            (?, ?, ?, ?, ?, ?)
2021-09-27 11:21:01.645 DEBUG 13200 --- [    Test worker] org.hibernate.SQL                        : 
    /* insert kr.co.greetech.back.entity.Company
        */ insert 
        into
            company
            (created_time, last_modified_time, login_id, login_pw, name, company_id) 
        values
            (?, ?, ?, ?, ?, ?)
Hibernate: 
    /* insert kr.co.greetech.back.entity.Company
        */ insert 
        into
            company
            (created_time, last_modified_time, login_id, login_pw, name, company_id) 
        values
            (?, ?, ?, ?, ?, ?)
2021-09-27 11:21:01.646 DEBUG 13200 --- [    Test worker] org.hibernate.SQL                        : 
    /* insert kr.co.greetech.back.entity.Company
        */ insert 
        into
            company
            (created_time, last_modified_time, login_id, login_pw, name, company_id) 
        values
            (?, ?, ?, ?, ?, ?)
Hibernate: 
    /* insert kr.co.greetech.back.entity.Company
        */ insert 
        into
            company
            (created_time, last_modified_time, login_id, login_pw, name, company_id) 
        values
            (?, ?, ?, ?, ?, ?)
2021-09-27 11:21:01.647 DEBUG 13200 --- [    Test worker] org.hibernate.SQL                        : 
    /* insert kr.co.greetech.back.entity.Company
        */ insert 
        into
            company
            (created_time, last_modified_time, login_id, login_pw, name, company_id) 
        values
            (?, ?, ?, ?, ?, ?)
Hibernate: 
    /* insert kr.co.greetech.back.entity.Company
        */ insert 
        into
            company
            (created_time, last_modified_time, login_id, login_pw, name, company_id) 
        values
            (?, ?, ?, ?, ?, ?)
2021-09-27 11:21:01.648 DEBUG 13200 --- [    Test worker] org.hibernate.SQL                        : 
    /* insert kr.co.greetech.back.entity.Company
        */ insert 
        into
            company
            (created_time, last_modified_time, login_id, login_pw, name, company_id) 
        values
            (?, ?, ?, ?, ?, ?)
Hibernate: 
    /* insert kr.co.greetech.back.entity.Company
        */ insert 
        into
            company
            (created_time, last_modified_time, login_id, login_pw, name, company_id) 
        values
            (?, ?, ?, ?, ?, ?)
2021-09-27 11:21:01.649 DEBUG 13200 --- [    Test worker] org.hibernate.SQL                        : 
    /* select
        generatedAlias0 
    from
        Company as generatedAlias0 
    where
        generatedAlias0.name=:param0 */ select
            company0_.company_id as company_1_0_,
            company0_.created_time as created_2_0_,
            company0_.last_modified_time as last_mod3_0_,
            company0_.login_id as login_id4_0_,
            company0_.login_pw as login_pw5_0_,
            company0_.name as name6_0_ 
        from
            company company0_ 
        where
            company0_.name=?
Hibernate: 
    /* select
        generatedAlias0 
    from
        Company as generatedAlias0 
    where
        generatedAlias0.name=:param0 */ select
            company0_.company_id as company_1_0_,
            company0_.created_time as created_2_0_,
            company0_.last_modified_time as last_mod3_0_,
            company0_.login_id as login_id4_0_,
            company0_.login_pw as login_pw5_0_,
            company0_.name as name6_0_ 
        from
            company company0_ 
        where
            company0_.name=?
2021-09-27 11:21:01.660  INFO 13200 --- [    Test worker] o.s.t.c.transaction.TransactionContext   : Rolled back transaction for test: [DefaultTestContext@32c4c4e5 testClass = CompanyRepositoryTest, testInstance = kr.co.greetech.back.repository.CompanyRepositoryTest@6aeabcdd, testMethod = findByName@CompanyRepositoryTest, testException = [null], mergedContextConfiguration = [MergedContextConfiguration@54139de testClass = CompanyRepositoryTest, locations = '{}', classes = '{class kr.co.greetech.back.BackApplication}', contextInitializerClasses = '[]', activeProfiles = '{}', propertySourceLocations = '{}', propertySourceProperties = '{org.springframework.boot.test.autoconfigure.orm.jpa.DataJpaTestContextBootstrapper=true}', contextCustomizers = set[org.springframework.boot.test.autoconfigure.OverrideAutoConfigurationContextCustomizerFactory$DisableAutoConfigurationContextCustomizer@7326f6fd, org.springframework.boot.test.autoconfigure.actuate.metrics.MetricsExportContextCustomizerFactory$DisableMetricExportContextCustomizer@ab4405, org.springframework.boot.test.autoconfigure.filter.TypeExcludeFiltersContextCustomizer@351584c0, org.springframework.boot.test.autoconfigure.properties.PropertyMappingContextCustomizer@cb61d0a7, org.springframework.boot.test.autoconfigure.web.servlet.WebDriverContextCustomizerFactory$Customizer@28e5d449, [ImportsContextCustomizer@7f7b90ac key = [org.springframework.boot.autoconfigure.cache.CacheAutoConfiguration, org.springframework.boot.autoconfigure.data.jpa.JpaRepositoriesAutoConfiguration, org.springframework.boot.autoconfigure.flyway.FlywayAutoConfiguration, org.springframework.boot.autoconfigure.jdbc.DataSourceAutoConfiguration, org.springframework.boot.autoconfigure.jdbc.DataSourceTransactionManagerAutoConfiguration, org.springframework.boot.autoconfigure.jdbc.JdbcTemplateAutoConfiguration, org.springframework.boot.autoconfigure.liquibase.LiquibaseAutoConfiguration, org.springframework.boot.autoconfigure.orm.jpa.HibernateJpaAutoConfiguration, org.springframework.boot.autoconfigure.sql.init.SqlInitializationAutoConfiguration, org.springframework.boot.autoconfigure.transaction.TransactionAutoConfiguration, org.springframework.boot.test.autoconfigure.jdbc.TestDatabaseAutoConfiguration, org.springframework.boot.test.autoconfigure.orm.jpa.TestEntityManagerAutoConfiguration]], org.springframework.boot.test.context.filter.ExcludeFilterContextCustomizer@24a8a02, org.springframework.boot.test.json.DuplicateJsonObjectContextCustomizerFactory$DuplicateJsonObjectContextCustomizer@31625bf7, org.springframework.boot.test.mock.mockito.MockitoContextCustomizer@0, org.springframework.boot.test.context.SpringBootTestArgs@1, org.springframework.boot.test.context.SpringBootTestWebEnvironment@0], contextLoader = 'org.springframework.boot.test.context.SpringBootContextLoader', parent = [null]], attributes = map['org.springframework.test.context.event.ApplicationEventsTestExecutionListener.recordApplicationEvents' -> false]]
]]></system-out>
  <system-err><![CDATA[]]></system-err>
</testsuite>
