<?xml version="1.0" encoding="UTF-8"?>
<testsuite name="kr.co.greetech.back.controller.MeasureDataControllerTest" tests="2" skipped="0" failures="0" errors="0" timestamp="2021-10-25T06:10:36" hostname="LAPTOP-JLJ2VI1H" time="0.415">
  <properties/>
  <testcase name="select()" classname="kr.co.greetech.back.controller.MeasureDataControllerTest" time="0.341"/>
  <testcase name="add()" classname="kr.co.greetech.back.controller.MeasureDataControllerTest" time="0.072"/>
  <system-out><![CDATA[2021-10-25 15:10:36.418  INFO 2876 --- [    Test worker] .b.t.c.SpringBootTestContextBootstrapper : Neither @ContextConfiguration nor @ContextHierarchy found for test class [kr.co.greetech.back.controller.MeasureDataControllerTest], using SpringBootContextLoader
2021-10-25 15:10:36.419  INFO 2876 --- [    Test worker] o.s.t.c.support.AbstractContextLoader    : Could not detect default resource locations for test class [kr.co.greetech.back.controller.MeasureDataControllerTest]: no resource found for suffixes {-context.xml, Context.groovy}.
2021-10-25 15:10:36.419  INFO 2876 --- [    Test worker] t.c.s.AnnotationConfigContextLoaderUtils : Could not detect default configuration classes for test class [kr.co.greetech.back.controller.MeasureDataControllerTest]: MeasureDataControllerTest does not declare any static, non-private, non-final, nested classes annotated with @Configuration.
2021-10-25 15:10:36.422  INFO 2876 --- [    Test worker] .b.t.c.SpringBootTestContextBootstrapper : Found @SpringBootConfiguration kr.co.greetech.back.BackApplication for test class kr.co.greetech.back.controller.MeasureDataControllerTest
2021-10-25 15:10:36.425  INFO 2876 --- [    Test worker] .b.t.c.SpringBootTestContextBootstrapper : Loaded default TestExecutionListener class names from location [META-INF/spring.factories]: [org.springframework.boot.test.autoconfigure.restdocs.RestDocsTestExecutionListener, org.springframework.boot.test.autoconfigure.web.client.MockRestServiceServerResetTestExecutionListener, org.springframework.boot.test.autoconfigure.web.servlet.MockMvcPrintOnlyOnFailureTestExecutionListener, org.springframework.boot.test.autoconfigure.web.servlet.WebDriverTestExecutionListener, org.springframework.boot.test.autoconfigure.webservices.client.MockWebServiceServerTestExecutionListener, org.springframework.boot.test.mock.mockito.MockitoTestExecutionListener, org.springframework.boot.test.mock.mockito.ResetMocksTestExecutionListener, org.springframework.test.context.web.ServletTestExecutionListener, org.springframework.test.context.support.DirtiesContextBeforeModesTestExecutionListener, org.springframework.test.context.event.ApplicationEventsTestExecutionListener, org.springframework.test.context.support.DependencyInjectionTestExecutionListener, org.springframework.test.context.support.DirtiesContextTestExecutionListener, org.springframework.test.context.transaction.TransactionalTestExecutionListener, org.springframework.test.context.jdbc.SqlScriptsTestExecutionListener, org.springframework.test.context.event.EventPublishingTestExecutionListener]
2021-10-25 15:10:36.425  INFO 2876 --- [    Test worker] .b.t.c.SpringBootTestContextBootstrapper : Using TestExecutionListeners: [org.springframework.test.context.web.ServletTestExecutionListener@8374911, org.springframework.test.context.support.DirtiesContextBeforeModesTestExecutionListener@106dee26, org.springframework.test.context.event.ApplicationEventsTestExecutionListener@6b0aa757, org.springframework.boot.test.mock.mockito.MockitoTestExecutionListener@2f4b2ee3, org.springframework.boot.test.autoconfigure.SpringBootDependencyInjectionTestExecutionListener@1d0695da, org.springframework.test.context.support.DirtiesContextTestExecutionListener@62e55482, org.springframework.test.context.transaction.TransactionalTestExecutionListener@5ceb6796, org.springframework.test.context.jdbc.SqlScriptsTestExecutionListener@2aa176de, org.springframework.test.context.event.EventPublishingTestExecutionListener@3208e15, org.springframework.boot.test.autoconfigure.restdocs.RestDocsTestExecutionListener@4ba99bb7, org.springframework.boot.test.autoconfigure.web.client.MockRestServiceServerResetTestExecutionListener@4cf99283, org.springframework.boot.test.autoconfigure.web.servlet.MockMvcPrintOnlyOnFailureTestExecutionListener@6d4f1a44, org.springframework.boot.test.autoconfigure.web.servlet.WebDriverTestExecutionListener@6a9861de, org.springframework.boot.test.autoconfigure.webservices.client.MockWebServiceServerTestExecutionListener@6deb2b19, org.springframework.boot.test.mock.mockito.ResetMocksTestExecutionListener@6d86d1ad]
2021-10-25 15:10:36.431  INFO 2876 --- [    Test worker] o.s.t.c.transaction.TransactionContext   : Began transaction (1) for test context [DefaultTestContext@3e668743 testClass = MeasureDataControllerTest, testInstance = kr.co.greetech.back.controller.MeasureDataControllerTest@35b8b69f, testMethod = select@MeasureDataControllerTest, testException = [null], mergedContextConfiguration = [WebMergedContextConfiguration@6fca831e testClass = MeasureDataControllerTest, locations = '{}', classes = '{class kr.co.greetech.back.BackApplication}', contextInitializerClasses = '[]', activeProfiles = '{}', propertySourceLocations = '{}', propertySourceProperties = '{org.springframework.boot.test.context.SpringBootTestContextBootstrapper=true}', contextCustomizers = set[org.springframework.boot.test.autoconfigure.actuate.metrics.MetricsExportContextCustomizerFactory$DisableMetricExportContextCustomizer@7894f09b, org.springframework.boot.test.autoconfigure.properties.PropertyMappingContextCustomizer@4b3fa0b3, org.springframework.boot.test.autoconfigure.web.servlet.WebDriverContextCustomizerFactory$Customizer@650eab8, [ImportsContextCustomizer@3b67c637 key = [@org.springframework.context.annotation.Import(value={org.springframework.boot.autoconfigure.ImportAutoConfigurationImportSelector.class}), @org.springframework.context.annotation.Import(value={org.springframework.boot.autoconfigure.AutoConfigurationPackages$Registrar.class}), @org.junit.jupiter.api.extension.ExtendWith(value={org.springframework.test.context.junit.jupiter.SpringExtension.class}), @org.springframework.transaction.annotation.Transactional(propagation=REQUIRED, rollbackForClassName={}, readOnly=false, transactionManager="", timeoutString="", isolation=DEFAULT, label={}, noRollbackForClassName={}, noRollbackFor={}, value="", timeout=-1, rollbackFor={}), @org.springframework.boot.test.context.SpringBootTest(args={}, webEnvironment=MOCK, value={}, properties={}, classes={}), @org.springframework.test.context.BootstrapWith(value=org.springframework.boot.test.context.SpringBootTestContextBootstrapper.class), @org.springframework.context.annotation.Import(value={org.springframework.boot.autoconfigure.AutoConfigurationImportSelector.class}), @org.apiguardian.api.API(consumers={"*"}, since="5.0", status=STABLE), @org.springframework.boot.autoconfigure.ImportAutoConfiguration(value={}, exclude={}, classes={}), @org.springframework.boot.autoconfigure.EnableAutoConfiguration(exclude={org.springframework.boot.autoconfigure.security.servlet.SecurityAutoConfiguration.class}, excludeName={}), @org.springframework.boot.autoconfigure.AutoConfigurationPackage(basePackages={}, basePackageClasses={}), @org.springframework.boot.test.autoconfigure.web.servlet.AutoConfigureMockMvc(webDriverEnabled=true, print=DEFAULT, webClientEnabled=true, addFilters=true, printOnlyOnFailure=true), @org.springframework.boot.test.autoconfigure.properties.PropertyMapping(value="spring.test.mockmvc", skip=NO)]], org.springframework.boot.test.context.filter.ExcludeFilterContextCustomizer@4f2c9ba6, org.springframework.boot.test.json.DuplicateJsonObjectContextCustomizerFactory$DuplicateJsonObjectContextCustomizer@24d4d7c9, org.springframework.boot.test.mock.mockito.MockitoContextCustomizer@0, org.springframework.boot.test.web.client.TestRestTemplateContextCustomizer@3f363cf5, org.springframework.boot.test.context.SpringBootTestArgs@1, org.springframework.boot.test.context.SpringBootTestWebEnvironment@2415fc55], resourceBasePath = 'src/main/webapp', contextLoader = 'org.springframework.boot.test.context.SpringBootContextLoader', parent = [null]], attributes = map['org.springframework.test.context.web.ServletTestExecutionListener.activateListener' -> true, 'org.springframework.test.context.web.ServletTestExecutionListener.populatedRequestContextHolder' -> true, 'org.springframework.test.context.web.ServletTestExecutionListener.resetRequestContextHolder' -> true, 'org.springframework.test.context.event.ApplicationEventsTestExecutionListener.recordApplicationEvents' -> false]]; transaction manager [org.springframework.orm.jpa.JpaTransactionManager@75392381]; rollback [true]
2021-10-25 15:10:36.434 DEBUG 2876 --- [    Test worker] org.hibernate.SQL                        : 
    call next value for hibernate_sequence
2021-10-25 15:10:36.435  INFO 2876 --- [    Test worker] p6spy                                    : #1635142236435 | took 0ms | statement | connection 10| url jdbc:h2:tcp://localhost/~/greentech
call next value for hibernate_sequence
call next value for hibernate_sequence;
2021-10-25 15:10:36.436 DEBUG 2876 --- [    Test worker] org.hibernate.SQL                        : 
    call next value for hibernate_sequence
2021-10-25 15:10:36.436  INFO 2876 --- [    Test worker] p6spy                                    : #1635142236436 | took 0ms | statement | connection 10| url jdbc:h2:tcp://localhost/~/greentech
call next value for hibernate_sequence
call next value for hibernate_sequence;
2021-10-25 15:10:36.441 DEBUG 2876 --- [    Test worker] org.hibernate.SQL                        : 
    call next value for hibernate_sequence
2021-10-25 15:10:36.441  INFO 2876 --- [    Test worker] p6spy                                    : #1635142236441 | took 0ms | statement | connection 10| url jdbc:h2:tcp://localhost/~/greentech
call next value for hibernate_sequence
call next value for hibernate_sequence;
2021-10-25 15:10:36.442 DEBUG 2876 --- [    Test worker] org.hibernate.SQL                        : 
    call next value for hibernate_sequence
2021-10-25 15:10:36.443  INFO 2876 --- [    Test worker] p6spy                                    : #1635142236443 | took 0ms | statement | connection 10| url jdbc:h2:tcp://localhost/~/greentech
call next value for hibernate_sequence
call next value for hibernate_sequence;
2021-10-25 15:10:36.443 DEBUG 2876 --- [    Test worker] org.hibernate.SQL                        : 
    call next value for hibernate_sequence
2021-10-25 15:10:36.444  INFO 2876 --- [    Test worker] p6spy                                    : #1635142236444 | took 0ms | statement | connection 10| url jdbc:h2:tcp://localhost/~/greentech
call next value for hibernate_sequence
call next value for hibernate_sequence;
2021-10-25 15:10:36.445 DEBUG 2876 --- [    Test worker] org.hibernate.SQL                        : 
    call next value for hibernate_sequence
2021-10-25 15:10:36.446  INFO 2876 --- [    Test worker] p6spy                                    : #1635142236446 | took 0ms | statement | connection 10| url jdbc:h2:tcp://localhost/~/greentech
call next value for hibernate_sequence
call next value for hibernate_sequence;
2021-10-25 15:10:36.447 DEBUG 2876 --- [    Test worker] org.hibernate.SQL                        : 
    call next value for hibernate_sequence
2021-10-25 15:10:36.448  INFO 2876 --- [    Test worker] p6spy                                    : #1635142236448 | took 0ms | statement | connection 10| url jdbc:h2:tcp://localhost/~/greentech
call next value for hibernate_sequence
call next value for hibernate_sequence;
start date: 2021-10-24T15:10:36.448
2021-10-25 15:10:36.671 DEBUG 2876 --- [    Test worker] org.hibernate.SQL                        : 
    /* insert kr.co.greetech.back.entity.Company
        */ insert 
        into
            company
            (created_time, last_modified_time, login_id, login_pw, name, company_id) 
        values
            (?, ?, ?, ?, ?, ?)
2021-10-25 15:10:36.673  INFO 2876 --- [    Test worker] p6spy                                    : #1635142236673 | took 0ms | statement | connection 10| url jdbc:h2:tcp://localhost/~/greentech
/* insert kr.co.greetech.back.entity.Company */ insert into company (created_time, last_modified_time, login_id, login_pw, name, company_id) values (?, ?, ?, ?, ?, ?)
/* insert kr.co.greetech.back.entity.Company */ insert into company (created_time, last_modified_time, login_id, login_pw, name, company_id) values ('2021-10-25T15:10:36.434+0900', '2021-10-25T15:10:36.434+0900', 'abcdefg', 'abcdefg1!', 'company', 8);
2021-10-25 15:10:36.674 DEBUG 2876 --- [    Test worker] org.hibernate.SQL                        : 
    /* insert kr.co.greetech.back.entity.DataLogger
        */ insert 
        into
            data_logger
            (created_time, last_modified_time, channel_name, company_id, model_name, unit, data_logger_id) 
        values
            (?, ?, ?, ?, ?, ?, ?)
2021-10-25 15:10:36.676  INFO 2876 --- [    Test worker] p6spy                                    : #1635142236676 | took 0ms | statement | connection 10| url jdbc:h2:tcp://localhost/~/greentech
/* insert kr.co.greetech.back.entity.DataLogger */ insert into data_logger (created_time, last_modified_time, channel_name, company_id, model_name, unit, data_logger_id) values (?, ?, ?, ?, ?, ?, ?)
/* insert kr.co.greetech.back.entity.DataLogger */ insert into data_logger (created_time, last_modified_time, channel_name, company_id, model_name, unit, data_logger_id) values ('2021-10-25T15:10:36.435+0900', '2021-10-25T15:10:36.435+0900', '', 8, 'dataLogger', '', 9);
2021-10-25 15:10:36.677 DEBUG 2876 --- [    Test worker] org.hibernate.SQL                        : 
    /* insert kr.co.greetech.back.entity.MeasureData
        */ insert 
        into
            measure_data
            (created_time, data, data_logger_id, measure_data_id) 
        values
            (?, ?, ?, ?)
2021-10-25 15:10:36.678  INFO 2876 --- [    Test worker] p6spy                                    : #1635142236678 | took 0ms | statement | connection 10| url jdbc:h2:tcp://localhost/~/greentech
/* insert kr.co.greetech.back.entity.MeasureData */ insert into measure_data (created_time, data, data_logger_id, measure_data_id) values (?, ?, ?, ?)
/* insert kr.co.greetech.back.entity.MeasureData */ insert into measure_data (created_time, data, data_logger_id, measure_data_id) values ('2021-10-25T15:10:36.437+0900', 'data0', 9, 10);
2021-10-25 15:10:36.679 DEBUG 2876 --- [    Test worker] org.hibernate.SQL                        : 
    /* insert kr.co.greetech.back.entity.MeasureData
        */ insert 
        into
            measure_data
            (created_time, data, data_logger_id, measure_data_id) 
        values
            (?, ?, ?, ?)
2021-10-25 15:10:36.680  INFO 2876 --- [    Test worker] p6spy                                    : #1635142236680 | took 0ms | statement | connection 10| url jdbc:h2:tcp://localhost/~/greentech
/* insert kr.co.greetech.back.entity.MeasureData */ insert into measure_data (created_time, data, data_logger_id, measure_data_id) values (?, ?, ?, ?)
/* insert kr.co.greetech.back.entity.MeasureData */ insert into measure_data (created_time, data, data_logger_id, measure_data_id) values ('2021-10-25T15:10:36.437+0900', 'data1', 9, 11);
2021-10-25 15:10:36.681 DEBUG 2876 --- [    Test worker] org.hibernate.SQL                        : 
    /* insert kr.co.greetech.back.entity.MeasureData
        */ insert 
        into
            measure_data
            (created_time, data, data_logger_id, measure_data_id) 
        values
            (?, ?, ?, ?)
2021-10-25 15:10:36.682  INFO 2876 --- [    Test worker] p6spy                                    : #1635142236682 | took 0ms | statement | connection 10| url jdbc:h2:tcp://localhost/~/greentech
/* insert kr.co.greetech.back.entity.MeasureData */ insert into measure_data (created_time, data, data_logger_id, measure_data_id) values (?, ?, ?, ?)
/* insert kr.co.greetech.back.entity.MeasureData */ insert into measure_data (created_time, data, data_logger_id, measure_data_id) values ('2021-10-25T15:10:36.437+0900', 'data2', 9, 12);
2021-10-25 15:10:36.683 DEBUG 2876 --- [    Test worker] org.hibernate.SQL                        : 
    /* insert kr.co.greetech.back.entity.MeasureData
        */ insert 
        into
            measure_data
            (created_time, data, data_logger_id, measure_data_id) 
        values
            (?, ?, ?, ?)
2021-10-25 15:10:36.684  INFO 2876 --- [    Test worker] p6spy                                    : #1635142236684 | took 0ms | statement | connection 10| url jdbc:h2:tcp://localhost/~/greentech
/* insert kr.co.greetech.back.entity.MeasureData */ insert into measure_data (created_time, data, data_logger_id, measure_data_id) values (?, ?, ?, ?)
/* insert kr.co.greetech.back.entity.MeasureData */ insert into measure_data (created_time, data, data_logger_id, measure_data_id) values ('2021-10-25T15:10:36.437+0900', 'data3', 9, 13);
2021-10-25 15:10:36.685 DEBUG 2876 --- [    Test worker] org.hibernate.SQL                        : 
    /* insert kr.co.greetech.back.entity.MeasureData
        */ insert 
        into
            measure_data
            (created_time, data, data_logger_id, measure_data_id) 
        values
            (?, ?, ?, ?)
2021-10-25 15:10:36.686  INFO 2876 --- [    Test worker] p6spy                                    : #1635142236686 | took 0ms | statement | connection 10| url jdbc:h2:tcp://localhost/~/greentech
/* insert kr.co.greetech.back.entity.MeasureData */ insert into measure_data (created_time, data, data_logger_id, measure_data_id) values (?, ?, ?, ?)
/* insert kr.co.greetech.back.entity.MeasureData */ insert into measure_data (created_time, data, data_logger_id, measure_data_id) values ('2021-10-25T15:10:36.437+0900', 'data4', 9, 14);
2021-10-25 15:10:36.687 DEBUG 2876 --- [    Test worker] org.hibernate.SQL                        : 
    /* select
        measureData.data,
        measureData.createdTime 
    from
        MeasureData measureData 
    where
        measureData.dataLogger.id = ?1 
        and measureData.createdTime between ?2 and ?3 
    order by
        measureData.createdTime desc */ select
            measuredat0_.data as col_0_0_,
            measuredat0_.created_time as col_1_0_ 
        from
            measure_data measuredat0_ 
        where
            measuredat0_.data_logger_id=? 
            and (
                measuredat0_.created_time between ? and ?
            ) 
        order by
            measuredat0_.created_time desc limit ?
2021-10-25 15:10:36.689  INFO 2876 --- [    Test worker] p6spy                                    : #1635142236689 | took 0ms | statement | connection 10| url jdbc:h2:tcp://localhost/~/greentech
/* select measureData.data, measureData.createdTime
from MeasureData measureData
where measureData.dataLogger.id = ?1 and measureData.createdTime between ?2 and ?3
order by measureData.createdTime desc */ select measuredat0_.data as col_0_0_, measuredat0_.created_time as col_1_0_ from measure_data measuredat0_ where measuredat0_.data_logger_id=? and (measuredat0_.created_time between ? and ?) order by measuredat0_.created_time desc limit ?
/* select measureData.data, measureData.createdTime
from MeasureData measureData
where measureData.dataLogger.id = 91 and measureData.createdTime between '2021-10-24T15:10:36.448+0900'2 and '2021-10-26T15:10:36.448+0900'3
order by measureData.createdTime desc */ select measuredat0_.data as col_0_0_, measuredat0_.created_time as col_1_0_ from measure_data measuredat0_ where measuredat0_.data_logger_id=100 and (measuredat0_.created_time between NULL and ?) order by measuredat0_.created_time desc limit ?;
2021-10-25 15:10:36.768  INFO 2876 --- [    Test worker] p6spy                                    : #1635142236768 | took 0ms | rollback | connection 10| url jdbc:h2:tcp://localhost/~/greentech

;
2021-10-25 15:10:36.769  INFO 2876 --- [    Test worker] o.s.t.c.transaction.TransactionContext   : Rolled back transaction for test: [DefaultTestContext@3e668743 testClass = MeasureDataControllerTest, testInstance = kr.co.greetech.back.controller.MeasureDataControllerTest@35b8b69f, testMethod = select@MeasureDataControllerTest, testException = [null], mergedContextConfiguration = [WebMergedContextConfiguration@6fca831e testClass = MeasureDataControllerTest, locations = '{}', classes = '{class kr.co.greetech.back.BackApplication}', contextInitializerClasses = '[]', activeProfiles = '{}', propertySourceLocations = '{}', propertySourceProperties = '{org.springframework.boot.test.context.SpringBootTestContextBootstrapper=true}', contextCustomizers = set[org.springframework.boot.test.autoconfigure.actuate.metrics.MetricsExportContextCustomizerFactory$DisableMetricExportContextCustomizer@7894f09b, org.springframework.boot.test.autoconfigure.properties.PropertyMappingContextCustomizer@4b3fa0b3, org.springframework.boot.test.autoconfigure.web.servlet.WebDriverContextCustomizerFactory$Customizer@650eab8, [ImportsContextCustomizer@3b67c637 key = [@org.springframework.context.annotation.Import(value={org.springframework.boot.autoconfigure.ImportAutoConfigurationImportSelector.class}), @org.springframework.context.annotation.Import(value={org.springframework.boot.autoconfigure.AutoConfigurationPackages$Registrar.class}), @org.junit.jupiter.api.extension.ExtendWith(value={org.springframework.test.context.junit.jupiter.SpringExtension.class}), @org.springframework.transaction.annotation.Transactional(propagation=REQUIRED, rollbackForClassName={}, readOnly=false, transactionManager="", timeoutString="", isolation=DEFAULT, label={}, noRollbackForClassName={}, noRollbackFor={}, value="", timeout=-1, rollbackFor={}), @org.springframework.boot.test.context.SpringBootTest(args={}, webEnvironment=MOCK, value={}, properties={}, classes={}), @org.springframework.test.context.BootstrapWith(value=org.springframework.boot.test.context.SpringBootTestContextBootstrapper.class), @org.springframework.context.annotation.Import(value={org.springframework.boot.autoconfigure.AutoConfigurationImportSelector.class}), @org.apiguardian.api.API(consumers={"*"}, since="5.0", status=STABLE), @org.springframework.boot.autoconfigure.ImportAutoConfiguration(value={}, exclude={}, classes={}), @org.springframework.boot.autoconfigure.EnableAutoConfiguration(exclude={org.springframework.boot.autoconfigure.security.servlet.SecurityAutoConfiguration.class}, excludeName={}), @org.springframework.boot.autoconfigure.AutoConfigurationPackage(basePackages={}, basePackageClasses={}), @org.springframework.boot.test.autoconfigure.web.servlet.AutoConfigureMockMvc(webDriverEnabled=true, print=DEFAULT, webClientEnabled=true, addFilters=true, printOnlyOnFailure=true), @org.springframework.boot.test.autoconfigure.properties.PropertyMapping(value="spring.test.mockmvc", skip=NO)]], org.springframework.boot.test.context.filter.ExcludeFilterContextCustomizer@4f2c9ba6, org.springframework.boot.test.json.DuplicateJsonObjectContextCustomizerFactory$DuplicateJsonObjectContextCustomizer@24d4d7c9, org.springframework.boot.test.mock.mockito.MockitoContextCustomizer@0, org.springframework.boot.test.web.client.TestRestTemplateContextCustomizer@3f363cf5, org.springframework.boot.test.context.SpringBootTestArgs@1, org.springframework.boot.test.context.SpringBootTestWebEnvironment@2415fc55], resourceBasePath = 'src/main/webapp', contextLoader = 'org.springframework.boot.test.context.SpringBootContextLoader', parent = [null]], attributes = map['org.springframework.test.context.web.ServletTestExecutionListener.activateListener' -> true, 'org.springframework.test.context.web.ServletTestExecutionListener.populatedRequestContextHolder' -> true, 'org.springframework.test.context.web.ServletTestExecutionListener.resetRequestContextHolder' -> true, 'org.springframework.test.context.event.ApplicationEventsTestExecutionListener.recordApplicationEvents' -> false]]
2021-10-25 15:10:36.774  INFO 2876 --- [    Test worker] o.s.t.c.transaction.TransactionContext   : Began transaction (1) for test context [DefaultTestContext@3e668743 testClass = MeasureDataControllerTest, testInstance = kr.co.greetech.back.controller.MeasureDataControllerTest@3841e77a, testMethod = add@MeasureDataControllerTest, testException = [null], mergedContextConfiguration = [WebMergedContextConfiguration@6fca831e testClass = MeasureDataControllerTest, locations = '{}', classes = '{class kr.co.greetech.back.BackApplication}', contextInitializerClasses = '[]', activeProfiles = '{}', propertySourceLocations = '{}', propertySourceProperties = '{org.springframework.boot.test.context.SpringBootTestContextBootstrapper=true}', contextCustomizers = set[org.springframework.boot.test.autoconfigure.actuate.metrics.MetricsExportContextCustomizerFactory$DisableMetricExportContextCustomizer@7894f09b, org.springframework.boot.test.autoconfigure.properties.PropertyMappingContextCustomizer@4b3fa0b3, org.springframework.boot.test.autoconfigure.web.servlet.WebDriverContextCustomizerFactory$Customizer@650eab8, [ImportsContextCustomizer@3b67c637 key = [@org.springframework.context.annotation.Import(value={org.springframework.boot.autoconfigure.ImportAutoConfigurationImportSelector.class}), @org.springframework.context.annotation.Import(value={org.springframework.boot.autoconfigure.AutoConfigurationPackages$Registrar.class}), @org.junit.jupiter.api.extension.ExtendWith(value={org.springframework.test.context.junit.jupiter.SpringExtension.class}), @org.springframework.transaction.annotation.Transactional(propagation=REQUIRED, rollbackForClassName={}, readOnly=false, transactionManager="", timeoutString="", isolation=DEFAULT, label={}, noRollbackForClassName={}, noRollbackFor={}, value="", timeout=-1, rollbackFor={}), @org.springframework.boot.test.context.SpringBootTest(args={}, webEnvironment=MOCK, value={}, properties={}, classes={}), @org.springframework.test.context.BootstrapWith(value=org.springframework.boot.test.context.SpringBootTestContextBootstrapper.class), @org.springframework.context.annotation.Import(value={org.springframework.boot.autoconfigure.AutoConfigurationImportSelector.class}), @org.apiguardian.api.API(consumers={"*"}, since="5.0", status=STABLE), @org.springframework.boot.autoconfigure.ImportAutoConfiguration(value={}, exclude={}, classes={}), @org.springframework.boot.autoconfigure.EnableAutoConfiguration(exclude={org.springframework.boot.autoconfigure.security.servlet.SecurityAutoConfiguration.class}, excludeName={}), @org.springframework.boot.autoconfigure.AutoConfigurationPackage(basePackages={}, basePackageClasses={}), @org.springframework.boot.test.autoconfigure.web.servlet.AutoConfigureMockMvc(webDriverEnabled=true, print=DEFAULT, webClientEnabled=true, addFilters=true, printOnlyOnFailure=true), @org.springframework.boot.test.autoconfigure.properties.PropertyMapping(value="spring.test.mockmvc", skip=NO)]], org.springframework.boot.test.context.filter.ExcludeFilterContextCustomizer@4f2c9ba6, org.springframework.boot.test.json.DuplicateJsonObjectContextCustomizerFactory$DuplicateJsonObjectContextCustomizer@24d4d7c9, org.springframework.boot.test.mock.mockito.MockitoContextCustomizer@0, org.springframework.boot.test.web.client.TestRestTemplateContextCustomizer@3f363cf5, org.springframework.boot.test.context.SpringBootTestArgs@1, org.springframework.boot.test.context.SpringBootTestWebEnvironment@2415fc55], resourceBasePath = 'src/main/webapp', contextLoader = 'org.springframework.boot.test.context.SpringBootContextLoader', parent = [null]], attributes = map['org.springframework.test.context.web.ServletTestExecutionListener.activateListener' -> true, 'org.springframework.test.context.web.ServletTestExecutionListener.populatedRequestContextHolder' -> true, 'org.springframework.test.context.web.ServletTestExecutionListener.resetRequestContextHolder' -> true, 'org.springframework.test.context.event.ApplicationEventsTestExecutionListener.recordApplicationEvents' -> false]]; transaction manager [org.springframework.orm.jpa.JpaTransactionManager@75392381]; rollback [true]
2021-10-25 15:10:36.778 DEBUG 2876 --- [    Test worker] org.hibernate.SQL                        : 
    call next value for hibernate_sequence
2021-10-25 15:10:36.779  INFO 2876 --- [    Test worker] p6spy                                    : #1635142236779 | took 0ms | statement | connection 11| url jdbc:h2:tcp://localhost/~/greentech
call next value for hibernate_sequence
call next value for hibernate_sequence;
2021-10-25 15:10:36.780 DEBUG 2876 --- [    Test worker] org.hibernate.SQL                        : 
    call next value for hibernate_sequence
2021-10-25 15:10:36.781  INFO 2876 --- [    Test worker] p6spy                                    : #1635142236781 | took 0ms | statement | connection 11| url jdbc:h2:tcp://localhost/~/greentech
call next value for hibernate_sequence
call next value for hibernate_sequence;
2021-10-25 15:10:36.810 DEBUG 2876 --- [    Test worker] org.hibernate.SQL                        : 
    call next value for hibernate_sequence
2021-10-25 15:10:36.811  INFO 2876 --- [    Test worker] p6spy                                    : #1635142236811 | took 0ms | statement | connection 11| url jdbc:h2:tcp://localhost/~/greentech
call next value for hibernate_sequence
call next value for hibernate_sequence;
2021-10-25 15:10:36.811 DEBUG 2876 --- [    Test worker] org.hibernate.SQL                        : 
    call next value for hibernate_sequence
2021-10-25 15:10:36.812  INFO 2876 --- [    Test worker] p6spy                                    : #1635142236812 | took 0ms | statement | connection 11| url jdbc:h2:tcp://localhost/~/greentech
call next value for hibernate_sequence
call next value for hibernate_sequence;
2021-10-25 15:10:36.813 DEBUG 2876 --- [    Test worker] org.hibernate.SQL                        : 
    call next value for hibernate_sequence
2021-10-25 15:10:36.813  INFO 2876 --- [    Test worker] p6spy                                    : #1635142236813 | took 0ms | statement | connection 11| url jdbc:h2:tcp://localhost/~/greentech
call next value for hibernate_sequence
call next value for hibernate_sequence;
2021-10-25 15:10:36.814 DEBUG 2876 --- [    Test worker] org.hibernate.SQL                        : 
    call next value for hibernate_sequence
2021-10-25 15:10:36.815  INFO 2876 --- [    Test worker] p6spy                                    : #1635142236815 | took 0ms | statement | connection 11| url jdbc:h2:tcp://localhost/~/greentech
call next value for hibernate_sequence
call next value for hibernate_sequence;
2021-10-25 15:10:36.815 DEBUG 2876 --- [    Test worker] org.hibernate.SQL                        : 
    call next value for hibernate_sequence
2021-10-25 15:10:36.816  INFO 2876 --- [    Test worker] p6spy                                    : #1635142236816 | took 0ms | statement | connection 11| url jdbc:h2:tcp://localhost/~/greentech
call next value for hibernate_sequence
call next value for hibernate_sequence;
2021-10-25 15:10:36.819 DEBUG 2876 --- [    Test worker] org.hibernate.SQL                        : 
    /* insert kr.co.greetech.back.entity.Company
        */ insert 
        into
            company
            (created_time, last_modified_time, login_id, login_pw, name, company_id) 
        values
            (?, ?, ?, ?, ?, ?)
2021-10-25 15:10:36.821  INFO 2876 --- [    Test worker] p6spy                                    : #1635142236821 | took 0ms | statement | connection 11| url jdbc:h2:tcp://localhost/~/greentech
/* insert kr.co.greetech.back.entity.Company */ insert into company (created_time, last_modified_time, login_id, login_pw, name, company_id) values (?, ?, ?, ?, ?, ?)
/* insert kr.co.greetech.back.entity.Company */ insert into company (created_time, last_modified_time, login_id, login_pw, name, company_id) values ('2021-10-25T15:10:36.778+0900', '2021-10-25T15:10:36.778+0900', 'abcdefg', 'abcdefg1!', 'company', 15);
2021-10-25 15:10:36.822 DEBUG 2876 --- [    Test worker] org.hibernate.SQL                        : 
    /* insert kr.co.greetech.back.entity.DataLogger
        */ insert 
        into
            data_logger
            (created_time, last_modified_time, channel_name, company_id, model_name, unit, data_logger_id) 
        values
            (?, ?, ?, ?, ?, ?, ?)
2021-10-25 15:10:36.824  INFO 2876 --- [    Test worker] p6spy                                    : #1635142236823 | took 0ms | statement | connection 11| url jdbc:h2:tcp://localhost/~/greentech
/* insert kr.co.greetech.back.entity.DataLogger */ insert into data_logger (created_time, last_modified_time, channel_name, company_id, model_name, unit, data_logger_id) values (?, ?, ?, ?, ?, ?, ?)
/* insert kr.co.greetech.back.entity.DataLogger */ insert into data_logger (created_time, last_modified_time, channel_name, company_id, model_name, unit, data_logger_id) values ('2021-10-25T15:10:36.780+0900', '2021-10-25T15:10:36.780+0900', '', 15, 'dataLogger', '', 16);
2021-10-25 15:10:36.824 DEBUG 2876 --- [    Test worker] org.hibernate.SQL                        : 
    /* insert kr.co.greetech.back.entity.MeasureData
        */ insert 
        into
            measure_data
            (created_time, data, data_logger_id, measure_data_id) 
        values
            (?, ?, ?, ?)
2021-10-25 15:10:36.824  INFO 2876 --- [    Test worker] p6spy                                    : #1635142236824 | took 0ms | statement | connection 11| url jdbc:h2:tcp://localhost/~/greentech
/* insert kr.co.greetech.back.entity.MeasureData */ insert into measure_data (created_time, data, data_logger_id, measure_data_id) values (?, ?, ?, ?)
/* insert kr.co.greetech.back.entity.MeasureData */ insert into measure_data (created_time, data, data_logger_id, measure_data_id) values ('2021-10-25T15:10:36.782+0900', 'data0', 16, 17);
2021-10-25 15:10:36.825 DEBUG 2876 --- [    Test worker] org.hibernate.SQL                        : 
    /* insert kr.co.greetech.back.entity.MeasureData
        */ insert 
        into
            measure_data
            (created_time, data, data_logger_id, measure_data_id) 
        values
            (?, ?, ?, ?)
2021-10-25 15:10:36.827  INFO 2876 --- [    Test worker] p6spy                                    : #1635142236827 | took 0ms | statement | connection 11| url jdbc:h2:tcp://localhost/~/greentech
/* insert kr.co.greetech.back.entity.MeasureData */ insert into measure_data (created_time, data, data_logger_id, measure_data_id) values (?, ?, ?, ?)
/* insert kr.co.greetech.back.entity.MeasureData */ insert into measure_data (created_time, data, data_logger_id, measure_data_id) values ('2021-10-25T15:10:36.782+0900', 'data1', 16, 18);
2021-10-25 15:10:36.827 DEBUG 2876 --- [    Test worker] org.hibernate.SQL                        : 
    /* insert kr.co.greetech.back.entity.MeasureData
        */ insert 
        into
            measure_data
            (created_time, data, data_logger_id, measure_data_id) 
        values
            (?, ?, ?, ?)
2021-10-25 15:10:36.829  INFO 2876 --- [    Test worker] p6spy                                    : #1635142236828 | took 0ms | statement | connection 11| url jdbc:h2:tcp://localhost/~/greentech
/* insert kr.co.greetech.back.entity.MeasureData */ insert into measure_data (created_time, data, data_logger_id, measure_data_id) values (?, ?, ?, ?)
/* insert kr.co.greetech.back.entity.MeasureData */ insert into measure_data (created_time, data, data_logger_id, measure_data_id) values ('2021-10-25T15:10:36.782+0900', 'data2', 16, 19);
2021-10-25 15:10:36.829 DEBUG 2876 --- [    Test worker] org.hibernate.SQL                        : 
    /* insert kr.co.greetech.back.entity.MeasureData
        */ insert 
        into
            measure_data
            (created_time, data, data_logger_id, measure_data_id) 
        values
            (?, ?, ?, ?)
2021-10-25 15:10:36.830  INFO 2876 --- [    Test worker] p6spy                                    : #1635142236830 | took 0ms | statement | connection 11| url jdbc:h2:tcp://localhost/~/greentech
/* insert kr.co.greetech.back.entity.MeasureData */ insert into measure_data (created_time, data, data_logger_id, measure_data_id) values (?, ?, ?, ?)
/* insert kr.co.greetech.back.entity.MeasureData */ insert into measure_data (created_time, data, data_logger_id, measure_data_id) values ('2021-10-25T15:10:36.782+0900', 'data3', 16, 20);
2021-10-25 15:10:36.831 DEBUG 2876 --- [    Test worker] org.hibernate.SQL                        : 
    /* insert kr.co.greetech.back.entity.MeasureData
        */ insert 
        into
            measure_data
            (created_time, data, data_logger_id, measure_data_id) 
        values
            (?, ?, ?, ?)
2021-10-25 15:10:36.832  INFO 2876 --- [    Test worker] p6spy                                    : #1635142236832 | took 0ms | statement | connection 11| url jdbc:h2:tcp://localhost/~/greentech
/* insert kr.co.greetech.back.entity.MeasureData */ insert into measure_data (created_time, data, data_logger_id, measure_data_id) values (?, ?, ?, ?)
/* insert kr.co.greetech.back.entity.MeasureData */ insert into measure_data (created_time, data, data_logger_id, measure_data_id) values ('2021-10-25T15:10:36.782+0900', 'data4', 16, 21);
2021-10-25 15:10:36.833 DEBUG 2876 --- [    Test worker] org.hibernate.SQL                        : 
    /* select
        measureData.data,
        measureData.createdTime 
    from
        MeasureData measureData 
    where
        measureData.dataLogger.id = ?1 
        and measureData.createdTime between ?2 and ?3 
    order by
        measureData.createdTime desc */ select
            measuredat0_.data as col_0_0_,
            measuredat0_.created_time as col_1_0_ 
        from
            measure_data measuredat0_ 
        where
            measuredat0_.data_logger_id=? 
            and (
                measuredat0_.created_time between ? and ?
            ) 
        order by
            measuredat0_.created_time desc limit ?
2021-10-25 15:10:36.835  INFO 2876 --- [    Test worker] p6spy                                    : #1635142236835 | took 0ms | statement | connection 11| url jdbc:h2:tcp://localhost/~/greentech
/* select measureData.data, measureData.createdTime
from MeasureData measureData
where measureData.dataLogger.id = ?1 and measureData.createdTime between ?2 and ?3
order by measureData.createdTime desc */ select measuredat0_.data as col_0_0_, measuredat0_.created_time as col_1_0_ from measure_data measuredat0_ where measuredat0_.data_logger_id=? and (measuredat0_.created_time between ? and ?) order by measuredat0_.created_time desc limit ?
/* select measureData.data, measureData.createdTime
from MeasureData measureData
where measureData.dataLogger.id = 161 and measureData.createdTime between '2021-10-24T15:10:36.817+0900'2 and '2021-10-26T15:10:36.817+0900'3
order by measureData.createdTime desc */ select measuredat0_.data as col_0_0_, measuredat0_.created_time as col_1_0_ from measure_data measuredat0_ where measuredat0_.data_logger_id=100 and (measuredat0_.created_time between NULL and ?) order by measuredat0_.created_time desc limit ?;
2021-10-25 15:10:36.841  INFO 2876 --- [    Test worker] p6spy                                    : #1635142236841 | took 0ms | rollback | connection 11| url jdbc:h2:tcp://localhost/~/greentech

;
2021-10-25 15:10:36.842  INFO 2876 --- [    Test worker] o.s.t.c.transaction.TransactionContext   : Rolled back transaction for test: [DefaultTestContext@3e668743 testClass = MeasureDataControllerTest, testInstance = kr.co.greetech.back.controller.MeasureDataControllerTest@3841e77a, testMethod = add@MeasureDataControllerTest, testException = [null], mergedContextConfiguration = [WebMergedContextConfiguration@6fca831e testClass = MeasureDataControllerTest, locations = '{}', classes = '{class kr.co.greetech.back.BackApplication}', contextInitializerClasses = '[]', activeProfiles = '{}', propertySourceLocations = '{}', propertySourceProperties = '{org.springframework.boot.test.context.SpringBootTestContextBootstrapper=true}', contextCustomizers = set[org.springframework.boot.test.autoconfigure.actuate.metrics.MetricsExportContextCustomizerFactory$DisableMetricExportContextCustomizer@7894f09b, org.springframework.boot.test.autoconfigure.properties.PropertyMappingContextCustomizer@4b3fa0b3, org.springframework.boot.test.autoconfigure.web.servlet.WebDriverContextCustomizerFactory$Customizer@650eab8, [ImportsContextCustomizer@3b67c637 key = [@org.springframework.context.annotation.Import(value={org.springframework.boot.autoconfigure.ImportAutoConfigurationImportSelector.class}), @org.springframework.context.annotation.Import(value={org.springframework.boot.autoconfigure.AutoConfigurationPackages$Registrar.class}), @org.junit.jupiter.api.extension.ExtendWith(value={org.springframework.test.context.junit.jupiter.SpringExtension.class}), @org.springframework.transaction.annotation.Transactional(propagation=REQUIRED, rollbackForClassName={}, readOnly=false, transactionManager="", timeoutString="", isolation=DEFAULT, label={}, noRollbackForClassName={}, noRollbackFor={}, value="", timeout=-1, rollbackFor={}), @org.springframework.boot.test.context.SpringBootTest(args={}, webEnvironment=MOCK, value={}, properties={}, classes={}), @org.springframework.test.context.BootstrapWith(value=org.springframework.boot.test.context.SpringBootTestContextBootstrapper.class), @org.springframework.context.annotation.Import(value={org.springframework.boot.autoconfigure.AutoConfigurationImportSelector.class}), @org.apiguardian.api.API(consumers={"*"}, since="5.0", status=STABLE), @org.springframework.boot.autoconfigure.ImportAutoConfiguration(value={}, exclude={}, classes={}), @org.springframework.boot.autoconfigure.EnableAutoConfiguration(exclude={org.springframework.boot.autoconfigure.security.servlet.SecurityAutoConfiguration.class}, excludeName={}), @org.springframework.boot.autoconfigure.AutoConfigurationPackage(basePackages={}, basePackageClasses={}), @org.springframework.boot.test.autoconfigure.web.servlet.AutoConfigureMockMvc(webDriverEnabled=true, print=DEFAULT, webClientEnabled=true, addFilters=true, printOnlyOnFailure=true), @org.springframework.boot.test.autoconfigure.properties.PropertyMapping(value="spring.test.mockmvc", skip=NO)]], org.springframework.boot.test.context.filter.ExcludeFilterContextCustomizer@4f2c9ba6, org.springframework.boot.test.json.DuplicateJsonObjectContextCustomizerFactory$DuplicateJsonObjectContextCustomizer@24d4d7c9, org.springframework.boot.test.mock.mockito.MockitoContextCustomizer@0, org.springframework.boot.test.web.client.TestRestTemplateContextCustomizer@3f363cf5, org.springframework.boot.test.context.SpringBootTestArgs@1, org.springframework.boot.test.context.SpringBootTestWebEnvironment@2415fc55], resourceBasePath = 'src/main/webapp', contextLoader = 'org.springframework.boot.test.context.SpringBootContextLoader', parent = [null]], attributes = map['org.springframework.test.context.web.ServletTestExecutionListener.activateListener' -> true, 'org.springframework.test.context.web.ServletTestExecutionListener.populatedRequestContextHolder' -> true, 'org.springframework.test.context.web.ServletTestExecutionListener.resetRequestContextHolder' -> true, 'org.springframework.test.context.event.ApplicationEventsTestExecutionListener.recordApplicationEvents' -> false]]
]]></system-out>
  <system-err><![CDATA[]]></system-err>
</testsuite>
