<?xml version="1.0" encoding="UTF-8"?>
<testsuite name="kr.co.greetech.back.BackApplicationTests" tests="1" skipped="0" failures="0" errors="0" timestamp="2021-09-08T01:10:19" hostname="LAPTOP-JLJ2VI1H" time="0.006">
  <properties/>
  <testcase name="contextLoads()" classname="kr.co.greetech.back.BackApplicationTests" time="0.006"/>
  <system-out><![CDATA[2021-09-08 10:10:19.264  INFO 12984 --- [    Test worker] .b.t.c.SpringBootTestContextBootstrapper : Neither @ContextConfiguration nor @ContextHierarchy found for test class [kr.co.greetech.back.BackApplicationTests], using SpringBootContextLoader
2021-09-08 10:10:19.280  INFO 12984 --- [    Test worker] o.s.t.c.support.AbstractContextLoader    : Could not detect default resource locations for test class [kr.co.greetech.back.BackApplicationTests]: no resource found for suffixes {-context.xml, Context.groovy}.
2021-09-08 10:10:19.280  INFO 12984 --- [    Test worker] t.c.s.AnnotationConfigContextLoaderUtils : Could not detect default configuration classes for test class [kr.co.greetech.back.BackApplicationTests]: BackApplicationTests does not declare any static, non-private, non-final, nested classes annotated with @Configuration.
2021-09-08 10:10:19.280  INFO 12984 --- [    Test worker] .b.t.c.SpringBootTestContextBootstrapper : Found @SpringBootConfiguration kr.co.greetech.back.BackApplication for test class kr.co.greetech.back.BackApplicationTests
2021-09-08 10:10:19.280  INFO 12984 --- [    Test worker] .b.t.c.SpringBootTestContextBootstrapper : Loaded default TestExecutionListener class names from location [META-INF/spring.factories]: [org.springframework.boot.test.autoconfigure.restdocs.RestDocsTestExecutionListener, org.springframework.boot.test.autoconfigure.web.client.MockRestServiceServerResetTestExecutionListener, org.springframework.boot.test.autoconfigure.web.servlet.MockMvcPrintOnlyOnFailureTestExecutionListener, org.springframework.boot.test.autoconfigure.web.servlet.WebDriverTestExecutionListener, org.springframework.boot.test.autoconfigure.webservices.client.MockWebServiceServerTestExecutionListener, org.springframework.boot.test.mock.mockito.MockitoTestExecutionListener, org.springframework.boot.test.mock.mockito.ResetMocksTestExecutionListener, org.springframework.test.context.web.ServletTestExecutionListener, org.springframework.test.context.support.DirtiesContextBeforeModesTestExecutionListener, org.springframework.test.context.event.ApplicationEventsTestExecutionListener, org.springframework.test.context.support.DependencyInjectionTestExecutionListener, org.springframework.test.context.support.DirtiesContextTestExecutionListener, org.springframework.test.context.transaction.TransactionalTestExecutionListener, org.springframework.test.context.jdbc.SqlScriptsTestExecutionListener, org.springframework.test.context.event.EventPublishingTestExecutionListener]
2021-09-08 10:10:19.280  INFO 12984 --- [    Test worker] .b.t.c.SpringBootTestContextBootstrapper : Using TestExecutionListeners: [org.springframework.test.context.web.ServletTestExecutionListener@f2b56d3, org.springframework.test.context.support.DirtiesContextBeforeModesTestExecutionListener@213b51c0, org.springframework.test.context.event.ApplicationEventsTestExecutionListener@45e8c69, org.springframework.boot.test.mock.mockito.MockitoTestExecutionListener@3f57b785, org.springframework.boot.test.autoconfigure.SpringBootDependencyInjectionTestExecutionListener@6a9fe372, org.springframework.test.context.support.DirtiesContextTestExecutionListener@11d10ab0, org.springframework.test.context.transaction.TransactionalTestExecutionListener@619ce127, org.springframework.test.context.jdbc.SqlScriptsTestExecutionListener@63f5890e, org.springframework.test.context.event.EventPublishingTestExecutionListener@76e47271, org.springframework.boot.test.autoconfigure.restdocs.RestDocsTestExecutionListener@6f796297, org.springframework.boot.test.autoconfigure.web.client.MockRestServiceServerResetTestExecutionListener@69ea3386, org.springframework.boot.test.autoconfigure.web.servlet.MockMvcPrintOnlyOnFailureTestExecutionListener@26986a4c, org.springframework.boot.test.autoconfigure.web.servlet.WebDriverTestExecutionListener@733ae314, org.springframework.boot.test.autoconfigure.webservices.client.MockWebServiceServerTestExecutionListener@57734a3e, org.springframework.boot.test.mock.mockito.ResetMocksTestExecutionListener@6fbd2555]
]]></system-out>
  <system-err><![CDATA[]]></system-err>
</testsuite>
