<?xml version="1.0" encoding="UTF-8"?>
<testsuite name="kr.co.greetech.back.Auditing.BaseTimeEntityTest" tests="1" skipped="0" failures="0" errors="0" timestamp="2021-10-08T02:32:07" hostname="LAPTOP-JLJ2VI1H" time="0.028">
  <properties/>
  <testcase name="auditing()" classname="kr.co.greetech.back.Auditing.BaseTimeEntityTest" time="0.028"/>
  <system-out><![CDATA[2021-10-08 11:32:05.832  INFO 22612 --- [    Test worker] .b.t.c.SpringBootTestContextBootstrapper : Neither @ContextConfiguration nor @ContextHierarchy found for test class [kr.co.greetech.back.Auditing.BaseTimeEntityTest], using SpringBootContextLoader
2021-10-08 11:32:05.832  INFO 22612 --- [    Test worker] o.s.t.c.support.AbstractContextLoader    : Could not detect default resource locations for test class [kr.co.greetech.back.Auditing.BaseTimeEntityTest]: no resource found for suffixes {-context.xml, Context.groovy}.
2021-10-08 11:32:05.832  INFO 22612 --- [    Test worker] t.c.s.AnnotationConfigContextLoaderUtils : Could not detect default configuration classes for test class [kr.co.greetech.back.Auditing.BaseTimeEntityTest]: BaseTimeEntityTest does not declare any static, non-private, non-final, nested classes annotated with @Configuration.
2021-10-08 11:32:05.832  INFO 22612 --- [    Test worker] .b.t.c.SpringBootTestContextBootstrapper : Found @SpringBootConfiguration kr.co.greetech.back.BackApplication for test class kr.co.greetech.back.Auditing.BaseTimeEntityTest
2021-10-08 11:32:05.848  INFO 22612 --- [    Test worker] .b.t.c.SpringBootTestContextBootstrapper : Loaded default TestExecutionListener class names from location [META-INF/spring.factories]: [org.springframework.boot.test.autoconfigure.restdocs.RestDocsTestExecutionListener, org.springframework.boot.test.autoconfigure.web.client.MockRestServiceServerResetTestExecutionListener, org.springframework.boot.test.autoconfigure.web.servlet.MockMvcPrintOnlyOnFailureTestExecutionListener, org.springframework.boot.test.autoconfigure.web.servlet.WebDriverTestExecutionListener, org.springframework.boot.test.autoconfigure.webservices.client.MockWebServiceServerTestExecutionListener, org.springframework.boot.test.mock.mockito.MockitoTestExecutionListener, org.springframework.boot.test.mock.mockito.ResetMocksTestExecutionListener, org.springframework.test.context.web.ServletTestExecutionListener, org.springframework.test.context.support.DirtiesContextBeforeModesTestExecutionListener, org.springframework.test.context.event.ApplicationEventsTestExecutionListener, org.springframework.test.context.support.DependencyInjectionTestExecutionListener, org.springframework.test.context.support.DirtiesContextTestExecutionListener, org.springframework.test.context.transaction.TransactionalTestExecutionListener, org.springframework.test.context.jdbc.SqlScriptsTestExecutionListener, org.springframework.test.context.event.EventPublishingTestExecutionListener]
2021-10-08 11:32:05.848  INFO 22612 --- [    Test worker] .b.t.c.SpringBootTestContextBootstrapper : Using TestExecutionListeners: [org.springframework.test.context.web.ServletTestExecutionListener@30a1b9b0, org.springframework.test.context.support.DirtiesContextBeforeModesTestExecutionListener@16908f89, org.springframework.test.context.event.ApplicationEventsTestExecutionListener@5ca8157c, org.springframework.boot.test.mock.mockito.MockitoTestExecutionListener@33cee31a, org.springframework.boot.test.autoconfigure.SpringBootDependencyInjectionTestExecutionListener@e9fa0ea, org.springframework.test.context.support.DirtiesContextTestExecutionListener@1c619a77, org.springframework.test.context.transaction.TransactionalTestExecutionListener@7e7f72, org.springframework.test.context.jdbc.SqlScriptsTestExecutionListener@446c8a54, org.springframework.test.context.event.EventPublishingTestExecutionListener@3787eac3, org.springframework.boot.test.autoconfigure.restdocs.RestDocsTestExecutionListener@27a57c66, org.springframework.boot.test.autoconfigure.web.client.MockRestServiceServerResetTestExecutionListener@5453020f, org.springframework.boot.test.autoconfigure.web.servlet.MockMvcPrintOnlyOnFailureTestExecutionListener@744d0cfb, org.springframework.boot.test.autoconfigure.web.servlet.WebDriverTestExecutionListener@7c943143, org.springframework.boot.test.autoconfigure.webservices.client.MockWebServiceServerTestExecutionListener@705e24fb, org.springframework.boot.test.mock.mockito.ResetMocksTestExecutionListener@3c511385]

  .   ____          _            __ _ _
 /\\ / ___'_ __ _ _(_)_ __  __ _ \ \ \ \
( ( )\___ | '_ | '_| | '_ \/ _` | \ \ \ \
 \\/  ___)| |_)| | | | | || (_| |  ) ) ) )
  '  |____| .__|_| |_|_| |_\__, | / / / /
 =========|_|==============|___/=/_/_/_/
 :: Spring Boot ::                (v2.5.3)

2021-10-08 11:32:05.879  INFO 22612 --- [    Test worker] k.c.g.back.Auditing.BaseTimeEntityTest   : Starting BaseTimeEntityTest using Java 11.0.11 on LAPTOP-JLJ2VI1H with PID 22612 (started by lenovo in C:\Users\lenovo\Documents\web\back)
2021-10-08 11:32:05.879  INFO 22612 --- [    Test worker] k.c.g.back.Auditing.BaseTimeEntityTest   : The following profiles are active: test
2021-10-08 11:32:06.138  INFO 22612 --- [    Test worker] .s.d.r.c.RepositoryConfigurationDelegate : Bootstrapping Spring Data JPA repositories in DEFAULT mode.
2021-10-08 11:32:06.170  INFO 22612 --- [    Test worker] .s.d.r.c.RepositoryConfigurationDelegate : Finished Spring Data repository scanning in 42 ms. Found 3 JPA repository interfaces.
2021-10-08 11:32:06.357  INFO 22612 --- [    Test worker] c.g.g.b.j.d.p6spy.P6SpyConfiguration     : P6Spy modulelist is overridden, some p6spy configuration features will not be applied
2021-10-08 11:32:06.420  INFO 22612 --- [    Test worker] o.hibernate.jpa.internal.util.LogHelper  : HHH000204: Processing PersistenceUnitInfo [name: default]
2021-10-08 11:32:06.420  INFO 22612 --- [    Test worker] com.zaxxer.hikari.HikariDataSource       : HikariPool-2 - Starting...
2021-10-08 11:32:06.435  INFO 22612 --- [    Test worker] com.zaxxer.hikari.HikariDataSource       : HikariPool-2 - Start completed.
2021-10-08 11:32:06.435  INFO 22612 --- [    Test worker] org.hibernate.dialect.Dialect            : HHH000400: Using dialect: org.hibernate.dialect.H2Dialect
2021-10-08 11:32:06.533 DEBUG 22612 --- [    Test worker] org.hibernate.SQL                        : 
    
    drop table if exists company CASCADE 
2021-10-08 11:32:06.533  INFO 22612 --- [    Test worker] p6spy                                    : #1633660326533 | took 0ms | statement | connection 9| url jdbc:h2:tcp://localhost/~/greentech

    drop table if exists company CASCADE 

    drop table if exists company CASCADE ;
2021-10-08 11:32:06.533 DEBUG 22612 --- [    Test worker] org.hibernate.SQL                        : 
    
    drop table if exists data_logger CASCADE 
2021-10-08 11:32:06.533  INFO 22612 --- [    Test worker] p6spy                                    : #1633660326533 | took 0ms | statement | connection 9| url jdbc:h2:tcp://localhost/~/greentech

    drop table if exists data_logger CASCADE 

    drop table if exists data_logger CASCADE ;
2021-10-08 11:32:06.533 DEBUG 22612 --- [    Test worker] org.hibernate.SQL                        : 
    
    drop table if exists measure_data CASCADE 
2021-10-08 11:32:06.533  INFO 22612 --- [    Test worker] p6spy                                    : #1633660326533 | took 0ms | statement | connection 9| url jdbc:h2:tcp://localhost/~/greentech

    drop table if exists measure_data CASCADE 

    drop table if exists measure_data CASCADE ;
2021-10-08 11:32:06.533 DEBUG 22612 --- [    Test worker] org.hibernate.SQL                        : 
    
    drop sequence if exists hibernate_sequence
2021-10-08 11:32:06.533  INFO 22612 --- [    Test worker] p6spy                                    : #1633660326533 | took 0ms | statement | connection 9| url jdbc:h2:tcp://localhost/~/greentech

    drop sequence if exists hibernate_sequence

    drop sequence if exists hibernate_sequence;
2021-10-08 11:32:06.533 DEBUG 22612 --- [    Test worker] org.hibernate.SQL                        : create sequence hibernate_sequence start with 1 increment by 1
2021-10-08 11:32:06.533  INFO 22612 --- [    Test worker] p6spy                                    : #1633660326533 | took 0ms | statement | connection 10| url jdbc:h2:tcp://localhost/~/greentech
create sequence hibernate_sequence start with 1 increment by 1
create sequence hibernate_sequence start with 1 increment by 1;
2021-10-08 11:32:06.533 DEBUG 22612 --- [    Test worker] org.hibernate.SQL                        : 
    
    create table company (
       company_id bigint not null,
        created_time timestamp not null,
        last_modified_time timestamp not null,
        login_id varchar(255) not null,
        login_pw varchar(255) not null,
        name varchar(255) not null,
        primary key (company_id)
    )
2021-10-08 11:32:06.533  INFO 22612 --- [    Test worker] p6spy                                    : #1633660326533 | took 0ms | statement | connection 10| url jdbc:h2:tcp://localhost/~/greentech

    create table company (
       company_id bigint not null,
        created_time timestamp not null,
        last_modified_time timestamp not null,
        login_id varchar(255) not null,
        login_pw varchar(255) not null,
        name varchar(255) not null,
        primary key (company_id)
    )

    create table company (
       company_id bigint not null,
        created_time timestamp not null,
        last_modified_time timestamp not null,
        login_id varchar(255) not null,
        login_pw varchar(255) not null,
        name varchar(255) not null,
        primary key (company_id)
    );
2021-10-08 11:32:06.533 DEBUG 22612 --- [    Test worker] org.hibernate.SQL                        : 
    
    create table data_logger (
       data_logger_id bigint not null,
        created_time timestamp not null,
        last_modified_time timestamp not null,
        channel_name varchar(1000) not null,
        model_name varchar(255) not null,
        unit varchar(1000) not null,
        company_id bigint not null,
        primary key (data_logger_id)
    )
2021-10-08 11:32:06.533  INFO 22612 --- [    Test worker] p6spy                                    : #1633660326533 | took 0ms | statement | connection 10| url jdbc:h2:tcp://localhost/~/greentech

    create table data_logger (
       data_logger_id bigint not null,
        created_time timestamp not null,
        last_modified_time timestamp not null,
        channel_name varchar(1000) not null,
        model_name varchar(255) not null,
        unit varchar(1000) not null,
        company_id bigint not null,
        primary key (data_logger_id)
    )

    create table data_logger (
       data_logger_id bigint not null,
        created_time timestamp not null,
        last_modified_time timestamp not null,
        channel_name varchar(1000) not null,
        model_name varchar(255) not null,
        unit varchar(1000) not null,
        company_id bigint not null,
        primary key (data_logger_id)
    );
2021-10-08 11:32:06.533 DEBUG 22612 --- [    Test worker] org.hibernate.SQL                        : 
    
    create table measure_data (
       measure_data_id bigint not null,
        created_time timestamp not null,
        data varchar(255) not null,
        data_logger_id bigint not null,
        primary key (measure_data_id)
    )
2021-10-08 11:32:06.533  INFO 22612 --- [    Test worker] p6spy                                    : #1633660326533 | took 0ms | statement | connection 10| url jdbc:h2:tcp://localhost/~/greentech

    create table measure_data (
       measure_data_id bigint not null,
        created_time timestamp not null,
        data varchar(255) not null,
        data_logger_id bigint not null,
        primary key (measure_data_id)
    )

    create table measure_data (
       measure_data_id bigint not null,
        created_time timestamp not null,
        data varchar(255) not null,
        data_logger_id bigint not null,
        primary key (measure_data_id)
    );
2021-10-08 11:32:06.533 DEBUG 22612 --- [    Test worker] org.hibernate.SQL                        : 
    
    alter table company 
       add constraint UK_jymm78yo2olotyo1e343ct9ko unique (login_id)
2021-10-08 11:32:06.533  INFO 22612 --- [    Test worker] p6spy                                    : #1633660326533 | took 0ms | statement | connection 10| url jdbc:h2:tcp://localhost/~/greentech

    alter table company 
       add constraint UK_jymm78yo2olotyo1e343ct9ko unique (login_id)

    alter table company 
       add constraint UK_jymm78yo2olotyo1e343ct9ko unique (login_id);
2021-10-08 11:32:06.533 DEBUG 22612 --- [    Test worker] org.hibernate.SQL                        : 
    
    alter table company 
       add constraint UK_niu8sfil2gxywcru9ah3r4ec5 unique (name)
2021-10-08 11:32:06.533  INFO 22612 --- [    Test worker] p6spy                                    : #1633660326533 | took 0ms | statement | connection 10| url jdbc:h2:tcp://localhost/~/greentech

    alter table company 
       add constraint UK_niu8sfil2gxywcru9ah3r4ec5 unique (name)

    alter table company 
       add constraint UK_niu8sfil2gxywcru9ah3r4ec5 unique (name);
2021-10-08 11:32:06.533 DEBUG 22612 --- [    Test worker] org.hibernate.SQL                        : 
    
    alter table data_logger 
       add constraint FK5wejnpaohywo5fhc6jhegrefe 
       foreign key (company_id) 
       references company
2021-10-08 11:32:06.533  INFO 22612 --- [    Test worker] p6spy                                    : #1633660326533 | took 1ms | statement | connection 10| url jdbc:h2:tcp://localhost/~/greentech

    alter table data_logger 
       add constraint FK5wejnpaohywo5fhc6jhegrefe 
       foreign key (company_id) 
       references company

    alter table data_logger 
       add constraint FK5wejnpaohywo5fhc6jhegrefe 
       foreign key (company_id) 
       references company;
2021-10-08 11:32:06.533 DEBUG 22612 --- [    Test worker] org.hibernate.SQL                        : 
    
    alter table measure_data 
       add constraint FKat8mm6oaqfehk7y9o2xb4i0jj 
       foreign key (data_logger_id) 
       references data_logger
2021-10-08 11:32:06.549  INFO 22612 --- [    Test worker] p6spy                                    : #1633660326549 | took 1ms | statement | connection 10| url jdbc:h2:tcp://localhost/~/greentech

    alter table measure_data 
       add constraint FKat8mm6oaqfehk7y9o2xb4i0jj 
       foreign key (data_logger_id) 
       references data_logger

    alter table measure_data 
       add constraint FKat8mm6oaqfehk7y9o2xb4i0jj 
       foreign key (data_logger_id) 
       references data_logger;
2021-10-08 11:32:06.549  INFO 22612 --- [    Test worker] o.h.e.t.j.p.i.JtaPlatformInitiator       : HHH000490: Using JtaPlatform implementation: [org.hibernate.engine.transaction.jta.platform.internal.NoJtaPlatform]
2021-10-08 11:32:06.549  INFO 22612 --- [    Test worker] j.LocalContainerEntityManagerFactoryBean : Initialized JPA EntityManagerFactory for persistence unit 'default'
2021-10-08 11:32:06.829  WARN 22612 --- [    Test worker] JpaBaseConfiguration$JpaWebConfiguration : spring.jpa.open-in-view is enabled by default. Therefore, database queries may be performed during view rendering. Explicitly configure spring.jpa.open-in-view to disable this warning
2021-10-08 11:32:07.282  INFO 22612 --- [    Test worker] .s.s.UserDetailsServiceAutoConfiguration : 

Using generated security password: f3e470c3-ef2a-4c10-8595-82aea7b2eeff

2021-10-08 11:32:07.595  INFO 22612 --- [    Test worker] o.s.s.web.DefaultSecurityFilterChain     : Will secure any request with [org.springframework.security.web.context.request.async.WebAsyncManagerIntegrationFilter@729feae8, org.springframework.security.web.context.SecurityContextPersistenceFilter@37e552ff, org.springframework.security.web.header.HeaderWriterFilter@18c8a027, org.springframework.security.web.csrf.CsrfFilter@3c2654e, org.springframework.security.web.authentication.logout.LogoutFilter@79753f20, org.springframework.security.web.authentication.UsernamePasswordAuthenticationFilter@53a20aab, org.springframework.security.web.authentication.ui.DefaultLoginPageGeneratingFilter@3cced001, org.springframework.security.web.authentication.ui.DefaultLogoutPageGeneratingFilter@283a5c2b, org.springframework.security.web.authentication.www.BasicAuthenticationFilter@2a6f3ac7, org.springframework.security.web.savedrequest.RequestCacheAwareFilter@4096a622, org.springframework.security.web.servletapi.SecurityContextHolderAwareRequestFilter@3821a012, org.springframework.security.web.authentication.AnonymousAuthenticationFilter@7bd0e2e9, org.springframework.security.web.session.SessionManagementFilter@74ed11d7, org.springframework.security.web.access.ExceptionTranslationFilter@4b5dd040, org.springframework.security.web.access.intercept.FilterSecurityInterceptor@3266c7cf]
2021-10-08 11:32:07.704  INFO 22612 --- [    Test worker] k.c.g.back.Auditing.BaseTimeEntityTest   : Started BaseTimeEntityTest in 1.859 seconds (JVM running for 11.81)
2021-10-08 11:32:07.704  INFO 22612 --- [    Test worker] o.s.t.c.transaction.TransactionContext   : Began transaction (1) for test context [DefaultTestContext@11fd6f02 testClass = BaseTimeEntityTest, testInstance = kr.co.greetech.back.Auditing.BaseTimeEntityTest@40aa9bae, testMethod = auditing@BaseTimeEntityTest, testException = [null], mergedContextConfiguration = [WebMergedContextConfiguration@6eb506d0 testClass = BaseTimeEntityTest, locations = '{}', classes = '{class kr.co.greetech.back.BackApplication}', contextInitializerClasses = '[]', activeProfiles = '{}', propertySourceLocations = '{}', propertySourceProperties = '{org.springframework.boot.test.context.SpringBootTestContextBootstrapper=true}', contextCustomizers = set[org.springframework.boot.test.autoconfigure.actuate.metrics.MetricsExportContextCustomizerFactory$DisableMetricExportContextCustomizer@1dd0e7c4, org.springframework.boot.test.autoconfigure.properties.PropertyMappingContextCustomizer@0, org.springframework.boot.test.autoconfigure.web.servlet.WebDriverContextCustomizerFactory$Customizer@2bef51f2, org.springframework.boot.test.context.filter.ExcludeFilterContextCustomizer@72445aba, org.springframework.boot.test.json.DuplicateJsonObjectContextCustomizerFactory$DuplicateJsonObjectContextCustomizer@458342d3, org.springframework.boot.test.mock.mockito.MockitoContextCustomizer@0, org.springframework.boot.test.web.client.TestRestTemplateContextCustomizer@83298d7, org.springframework.boot.test.context.SpringBootTestArgs@1, org.springframework.boot.test.context.SpringBootTestWebEnvironment@14f232c4], resourceBasePath = 'src/main/webapp', contextLoader = 'org.springframework.boot.test.context.SpringBootContextLoader', parent = [null]], attributes = map['org.springframework.test.context.web.ServletTestExecutionListener.activateListener' -> true, 'org.springframework.test.context.web.ServletTestExecutionListener.populatedRequestContextHolder' -> true, 'org.springframework.test.context.web.ServletTestExecutionListener.resetRequestContextHolder' -> true, 'org.springframework.test.context.event.ApplicationEventsTestExecutionListener.recordApplicationEvents' -> false]]; transaction manager [org.springframework.orm.jpa.JpaTransactionManager@601c953c]; rollback [true]
2021-10-08 11:32:07.720 DEBUG 22612 --- [    Test worker] org.hibernate.SQL                        : 
    call next value for hibernate_sequence
2021-10-08 11:32:07.720  INFO 22612 --- [    Test worker] p6spy                                    : #1633660327720 | took 0ms | statement | connection 11| url jdbc:h2:tcp://localhost/~/greentech
call next value for hibernate_sequence
call next value for hibernate_sequence;
savedCompany.getCreatedTime() = 2021-10-08T11:32:07.720303900
savedCompany.getLastModifiedTime() = 2021-10-08T11:32:07.720303900
2021-10-08 11:32:07.735 DEBUG 22612 --- [    Test worker] org.hibernate.SQL                        : 
    call next value for hibernate_sequence
2021-10-08 11:32:07.735  INFO 22612 --- [    Test worker] p6spy                                    : #1633660327735 | took 0ms | statement | connection 11| url jdbc:h2:tcp://localhost/~/greentech
call next value for hibernate_sequence
call next value for hibernate_sequence;
savedDataLogger.getCreatedTime() = 2021-10-08T11:32:07.735923400
savedDataLogger.getLastModifiedTime() = 2021-10-08T11:32:07.735923400
2021-10-08 11:32:07.735 DEBUG 22612 --- [    Test worker] org.hibernate.SQL                        : 
    call next value for hibernate_sequence
2021-10-08 11:32:07.735  INFO 22612 --- [    Test worker] p6spy                                    : #1633660327735 | took 0ms | statement | connection 11| url jdbc:h2:tcp://localhost/~/greentech
call next value for hibernate_sequence
call next value for hibernate_sequence;
savedMeasureData.getCreatedTime() = 2021-10-08T11:32:07.735923400
2021-10-08 11:32:07.735  INFO 22612 --- [    Test worker] p6spy                                    : #1633660327735 | took 0ms | rollback | connection 11| url jdbc:h2:tcp://localhost/~/greentech

;
2021-10-08 11:32:07.735  INFO 22612 --- [    Test worker] o.s.t.c.transaction.TransactionContext   : Rolled back transaction for test: [DefaultTestContext@11fd6f02 testClass = BaseTimeEntityTest, testInstance = kr.co.greetech.back.Auditing.BaseTimeEntityTest@40aa9bae, testMethod = auditing@BaseTimeEntityTest, testException = [null], mergedContextConfiguration = [WebMergedContextConfiguration@6eb506d0 testClass = BaseTimeEntityTest, locations = '{}', classes = '{class kr.co.greetech.back.BackApplication}', contextInitializerClasses = '[]', activeProfiles = '{}', propertySourceLocations = '{}', propertySourceProperties = '{org.springframework.boot.test.context.SpringBootTestContextBootstrapper=true}', contextCustomizers = set[org.springframework.boot.test.autoconfigure.actuate.metrics.MetricsExportContextCustomizerFactory$DisableMetricExportContextCustomizer@1dd0e7c4, org.springframework.boot.test.autoconfigure.properties.PropertyMappingContextCustomizer@0, org.springframework.boot.test.autoconfigure.web.servlet.WebDriverContextCustomizerFactory$Customizer@2bef51f2, org.springframework.boot.test.context.filter.ExcludeFilterContextCustomizer@72445aba, org.springframework.boot.test.json.DuplicateJsonObjectContextCustomizerFactory$DuplicateJsonObjectContextCustomizer@458342d3, org.springframework.boot.test.mock.mockito.MockitoContextCustomizer@0, org.springframework.boot.test.web.client.TestRestTemplateContextCustomizer@83298d7, org.springframework.boot.test.context.SpringBootTestArgs@1, org.springframework.boot.test.context.SpringBootTestWebEnvironment@14f232c4], resourceBasePath = 'src/main/webapp', contextLoader = 'org.springframework.boot.test.context.SpringBootContextLoader', parent = [null]], attributes = map['org.springframework.test.context.web.ServletTestExecutionListener.activateListener' -> true, 'org.springframework.test.context.web.ServletTestExecutionListener.populatedRequestContextHolder' -> true, 'org.springframework.test.context.web.ServletTestExecutionListener.resetRequestContextHolder' -> true, 'org.springframework.test.context.event.ApplicationEventsTestExecutionListener.recordApplicationEvents' -> false]]
]]></system-out>
  <system-err><![CDATA[]]></system-err>
</testsuite>
