<?xml version="1.0" encoding="UTF-8"?>
<testsuite name="kr.co.greetech.back.service.MeasureDataServiceTest" tests="2" skipped="0" failures="0" errors="0" timestamp="2022-02-14T02:42:28" hostname="LAPTOP-JLJ2VI1H" time="0.145">
  <properties/>
  <testcase name="addMeasureDataDtos()" classname="kr.co.greetech.back.service.MeasureDataServiceTest" time="0.089"/>
  <testcase name="last()" classname="kr.co.greetech.back.service.MeasureDataServiceTest" time="0.054"/>
  <system-out><![CDATA[2022-02-14 11:42:28.730  INFO 14072 --- [    Test worker] .b.t.c.SpringBootTestContextBootstrapper : Neither @ContextConfiguration nor @ContextHierarchy found for test class [kr.co.greetech.back.service.MeasureDataServiceTest], using SpringBootContextLoader
2022-02-14 11:42:28.732  INFO 14072 --- [    Test worker] o.s.t.c.support.AbstractContextLoader    : Could not detect default resource locations for test class [kr.co.greetech.back.service.MeasureDataServiceTest]: no resource found for suffixes {-context.xml, Context.groovy}.
2022-02-14 11:42:28.733  INFO 14072 --- [    Test worker] t.c.s.AnnotationConfigContextLoaderUtils : Could not detect default configuration classes for test class [kr.co.greetech.back.service.MeasureDataServiceTest]: MeasureDataServiceTest does not declare any static, non-private, non-final, nested classes annotated with @Configuration.
2022-02-14 11:42:28.736  INFO 14072 --- [    Test worker] .b.t.c.SpringBootTestContextBootstrapper : Found @SpringBootConfiguration kr.co.greetech.back.BackApplication for test class kr.co.greetech.back.service.MeasureDataServiceTest
2022-02-14 11:42:28.740  INFO 14072 --- [    Test worker] .b.t.c.SpringBootTestContextBootstrapper : Loaded default TestExecutionListener class names from location [META-INF/spring.factories]: [org.springframework.boot.test.autoconfigure.restdocs.RestDocsTestExecutionListener, org.springframework.boot.test.autoconfigure.web.client.MockRestServiceServerResetTestExecutionListener, org.springframework.boot.test.autoconfigure.web.servlet.MockMvcPrintOnlyOnFailureTestExecutionListener, org.springframework.boot.test.autoconfigure.web.servlet.WebDriverTestExecutionListener, org.springframework.boot.test.autoconfigure.webservices.client.MockWebServiceServerTestExecutionListener, org.springframework.boot.test.mock.mockito.MockitoTestExecutionListener, org.springframework.boot.test.mock.mockito.ResetMocksTestExecutionListener, org.springframework.test.context.web.ServletTestExecutionListener, org.springframework.test.context.support.DirtiesContextBeforeModesTestExecutionListener, org.springframework.test.context.event.ApplicationEventsTestExecutionListener, org.springframework.test.context.support.DependencyInjectionTestExecutionListener, org.springframework.test.context.support.DirtiesContextTestExecutionListener, org.springframework.test.context.transaction.TransactionalTestExecutionListener, org.springframework.test.context.jdbc.SqlScriptsTestExecutionListener, org.springframework.test.context.event.EventPublishingTestExecutionListener]
2022-02-14 11:42:28.740  INFO 14072 --- [    Test worker] .b.t.c.SpringBootTestContextBootstrapper : Using TestExecutionListeners: [org.springframework.test.context.web.ServletTestExecutionListener@68bbd5c2, org.springframework.test.context.support.DirtiesContextBeforeModesTestExecutionListener@1475cdbb, org.springframework.test.context.event.ApplicationEventsTestExecutionListener@2f29b7bd, org.springframework.boot.test.mock.mockito.MockitoTestExecutionListener@71c16f67, org.springframework.boot.test.autoconfigure.SpringBootDependencyInjectionTestExecutionListener@47e2a158, org.springframework.test.context.support.DirtiesContextTestExecutionListener@7dc0b40a, org.springframework.test.context.transaction.TransactionalTestExecutionListener@1fb66050, org.springframework.test.context.jdbc.SqlScriptsTestExecutionListener@65f68e96, org.springframework.test.context.event.EventPublishingTestExecutionListener@37cc1b11, org.springframework.boot.test.autoconfigure.restdocs.RestDocsTestExecutionListener@4f549906, org.springframework.boot.test.autoconfigure.web.client.MockRestServiceServerResetTestExecutionListener@634cd45c, org.springframework.boot.test.autoconfigure.web.servlet.MockMvcPrintOnlyOnFailureTestExecutionListener@329f649d, org.springframework.boot.test.autoconfigure.web.servlet.WebDriverTestExecutionListener@65dce54c, org.springframework.boot.test.autoconfigure.webservices.client.MockWebServiceServerTestExecutionListener@e2bdc58, org.springframework.boot.test.mock.mockito.ResetMocksTestExecutionListener@bc007f5]
2022-02-14 11:42:28.747  INFO 14072 --- [    Test worker] o.s.t.c.transaction.TransactionContext   : Began transaction (1) for test context [DefaultTestContext@1babd50e testClass = MeasureDataServiceTest, testInstance = kr.co.greetech.back.service.MeasureDataServiceTest@48c63936, testMethod = addMeasureDataDtos@MeasureDataServiceTest, testException = [null], mergedContextConfiguration = [WebMergedContextConfiguration@3aa2646f testClass = MeasureDataServiceTest, locations = '{}', classes = '{class kr.co.greetech.back.BackApplication}', contextInitializerClasses = '[]', activeProfiles = '{}', propertySourceLocations = '{}', propertySourceProperties = '{org.springframework.boot.test.context.SpringBootTestContextBootstrapper=true}', contextCustomizers = set[org.springframework.boot.test.autoconfigure.actuate.metrics.MetricsExportContextCustomizerFactory$DisableMetricExportContextCustomizer@59d2103b, org.springframework.boot.test.autoconfigure.properties.PropertyMappingContextCustomizer@0, org.springframework.boot.test.autoconfigure.web.servlet.WebDriverContextCustomizerFactory$Customizer@72a85671, org.springframework.boot.test.context.filter.ExcludeFilterContextCustomizer@4ae33a11, org.springframework.boot.test.json.DuplicateJsonObjectContextCustomizerFactory$DuplicateJsonObjectContextCustomizer@3a94964, org.springframework.boot.test.mock.mockito.MockitoContextCustomizer@0, org.springframework.boot.test.web.client.TestRestTemplateContextCustomizer@3185fa6b, org.springframework.boot.test.context.SpringBootTestArgs@1, org.springframework.boot.test.context.SpringBootTestWebEnvironment@7cb502c], resourceBasePath = 'src/main/webapp', contextLoader = 'org.springframework.boot.test.context.SpringBootContextLoader', parent = [null]], attributes = map['org.springframework.test.context.web.ServletTestExecutionListener.activateListener' -> true, 'org.springframework.test.context.web.ServletTestExecutionListener.populatedRequestContextHolder' -> true, 'org.springframework.test.context.web.ServletTestExecutionListener.resetRequestContextHolder' -> true, 'org.springframework.test.context.event.ApplicationEventsTestExecutionListener.recordApplicationEvents' -> false]]; transaction manager [org.springframework.orm.jpa.JpaTransactionManager@614d01b]; rollback [true]
2022-02-14 11:42:28.750 DEBUG 14072 --- [    Test worker] org.hibernate.SQL                        : 
    call next value for hibernate_sequence
2022-02-14 11:42:28.752  INFO 14072 --- [    Test worker] p6spy                                    : #1644806548752 | took 0ms | statement | connection 13| url jdbc:h2:tcp://localhost/~/greentech
call next value for hibernate_sequence
call next value for hibernate_sequence;
2022-02-14 11:42:28.753 DEBUG 14072 --- [    Test worker] org.hibernate.SQL                        : 
    call next value for hibernate_sequence
2022-02-14 11:42:28.754  INFO 14072 --- [    Test worker] p6spy                                    : #1644806548754 | took 0ms | statement | connection 13| url jdbc:h2:tcp://localhost/~/greentech
call next value for hibernate_sequence
call next value for hibernate_sequence;
2022-02-14 11:42:28.760 DEBUG 14072 --- [    Test worker] org.hibernate.SQL                        : 
    /* select
        count(measureData) 
    from
        MeasureData measureData 
    where
        measureData.dataLogger.id = ?1 */ select
            count(measuredat0_.measure_data_id) as col_0_0_ 
        from
            measure_data measuredat0_ 
        where
            measuredat0_.data_logger_id=?
2022-02-14 11:42:28.760  INFO 14072 --- [    Test worker] p6spy                                    : #1644806548760 | took 0ms | statement | connection 13| url jdbc:h2:tcp://localhost/~/greentech
/* select count(measureData)
from MeasureData measureData
where measureData.dataLogger.id = ?1 */ select count(measuredat0_.measure_data_id) as col_0_0_ from measure_data measuredat0_ where measuredat0_.data_logger_id=?
/* select count(measureData)
from MeasureData measureData
where measureData.dataLogger.id = 231 */ select count(measuredat0_.measure_data_id) as col_0_0_ from measure_data measuredat0_ where measuredat0_.data_logger_id=NULL;
2022-02-14 11:42:28.762 DEBUG 14072 --- [    Test worker] org.hibernate.SQL                        : 
    call next value for hibernate_sequence
2022-02-14 11:42:28.763  INFO 14072 --- [    Test worker] p6spy                                    : #1644806548763 | took 0ms | statement | connection 13| url jdbc:h2:tcp://localhost/~/greentech
call next value for hibernate_sequence
call next value for hibernate_sequence;
2022-02-14 11:42:28.763 DEBUG 14072 --- [    Test worker] org.hibernate.SQL                        : 
    call next value for hibernate_sequence
2022-02-14 11:42:28.764  INFO 14072 --- [    Test worker] p6spy                                    : #1644806548764 | took 0ms | statement | connection 13| url jdbc:h2:tcp://localhost/~/greentech
call next value for hibernate_sequence
call next value for hibernate_sequence;
2022-02-14 11:42:28.765 DEBUG 14072 --- [    Test worker] org.hibernate.SQL                        : 
    call next value for hibernate_sequence
2022-02-14 11:42:28.767  INFO 14072 --- [    Test worker] p6spy                                    : #1644806548767 | took 0ms | statement | connection 13| url jdbc:h2:tcp://localhost/~/greentech
call next value for hibernate_sequence
call next value for hibernate_sequence;
2022-02-14 11:42:28.767 DEBUG 14072 --- [    Test worker] org.hibernate.SQL                        : 
    call next value for hibernate_sequence
2022-02-14 11:42:28.768  INFO 14072 --- [    Test worker] p6spy                                    : #1644806548768 | took 0ms | statement | connection 13| url jdbc:h2:tcp://localhost/~/greentech
call next value for hibernate_sequence
call next value for hibernate_sequence;
2022-02-14 11:42:28.769 DEBUG 14072 --- [    Test worker] org.hibernate.SQL                        : 
    call next value for hibernate_sequence
2022-02-14 11:42:28.769  INFO 14072 --- [    Test worker] p6spy                                    : #1644806548769 | took 0ms | statement | connection 13| url jdbc:h2:tcp://localhost/~/greentech
call next value for hibernate_sequence
call next value for hibernate_sequence;
2022-02-14 11:42:28.783 DEBUG 14072 --- [    Test worker] org.hibernate.SQL                        : 
    /* insert kr.co.greetech.back.entity.Company
        */ insert 
        into
            company
            (created_time, last_modified_time, login_id, login_pw, name, company_id) 
        values
            (?, ?, ?, ?, ?, ?)
2022-02-14 11:42:28.786  INFO 14072 --- [    Test worker] p6spy                                    : #1644806548786 | took 1ms | statement | connection 13| url jdbc:h2:tcp://localhost/~/greentech
/* insert kr.co.greetech.back.entity.Company */ insert into company (created_time, last_modified_time, login_id, login_pw, name, company_id) values (?, ?, ?, ?, ?, ?)
/* insert kr.co.greetech.back.entity.Company */ insert into company (created_time, last_modified_time, login_id, login_pw, name, company_id) values ('2022-02-14T11:42:28.750+0900', '2022-02-14T11:42:28.750+0900', 'abcdefg', 'abcdefg1!', 'company', 22);
2022-02-14 11:42:28.787 DEBUG 14072 --- [    Test worker] org.hibernate.SQL                        : 
    /* insert kr.co.greetech.back.entity.DataLogger
        */ insert 
        into
            data_logger
            (created_time, last_modified_time, channel_name, company_id, ip, model_name, request, trigger, type, unit, data_logger_id) 
        values
            (?, ?, ?, ?, ?, ?, ?, ?, ?, ?, ?)
2022-02-14 11:42:28.790  INFO 14072 --- [    Test worker] p6spy                                    : #1644806548790 | took 1ms | statement | connection 13| url jdbc:h2:tcp://localhost/~/greentech
/* insert kr.co.greetech.back.entity.DataLogger */ insert into data_logger (created_time, last_modified_time, channel_name, company_id, ip, model_name, request, trigger, type, unit, data_logger_id) values (?, ?, ?, ?, ?, ?, ?, ?, ?, ?, ?)
/* insert kr.co.greetech.back.entity.DataLogger */ insert into data_logger (created_time, last_modified_time, channel_name, company_id, ip, model_name, request, trigger, type, unit, data_logger_id) values ('2022-02-14T11:42:28.753+0900', '2022-02-14T11:42:28.753+0900', '', 22, '', 'dataLogger', '', '', 'STATIC', '', 23);
2022-02-14 11:42:28.791 DEBUG 14072 --- [    Test worker] org.hibernate.SQL                        : 
    /* insert kr.co.greetech.back.entity.MeasureData
        */ insert 
        into
            measure_data
            (created_time, data, data_logger_id, group_count, measure_data_id) 
        values
            (?, ?, ?, ?, ?)
2022-02-14 11:42:28.792  INFO 14072 --- [    Test worker] p6spy                                    : #1644806548792 | took 0ms | statement | connection 13| url jdbc:h2:tcp://localhost/~/greentech
/* insert kr.co.greetech.back.entity.MeasureData */ insert into measure_data (created_time, data, data_logger_id, group_count, measure_data_id) values (?, ?, ?, ?, ?)
/* insert kr.co.greetech.back.entity.MeasureData */ insert into measure_data (created_time, data, data_logger_id, group_count, measure_data_id) values ('2022-02-14T11:42:28.755+0900', 'data', 23, 0, 24);
2022-02-14 11:42:28.793 DEBUG 14072 --- [    Test worker] org.hibernate.SQL                        : 
    /* insert kr.co.greetech.back.entity.MeasureData
        */ insert 
        into
            measure_data
            (created_time, data, data_logger_id, group_count, measure_data_id) 
        values
            (?, ?, ?, ?, ?)
2022-02-14 11:42:28.795  INFO 14072 --- [    Test worker] p6spy                                    : #1644806548795 | took 0ms | statement | connection 13| url jdbc:h2:tcp://localhost/~/greentech
/* insert kr.co.greetech.back.entity.MeasureData */ insert into measure_data (created_time, data, data_logger_id, group_count, measure_data_id) values (?, ?, ?, ?, ?)
/* insert kr.co.greetech.back.entity.MeasureData */ insert into measure_data (created_time, data, data_logger_id, group_count, measure_data_id) values ('2022-02-14T11:42:28.755+0900', 'data', 23, 1, 25);
2022-02-14 11:42:28.795 DEBUG 14072 --- [    Test worker] org.hibernate.SQL                        : 
    /* insert kr.co.greetech.back.entity.MeasureData
        */ insert 
        into
            measure_data
            (created_time, data, data_logger_id, group_count, measure_data_id) 
        values
            (?, ?, ?, ?, ?)
2022-02-14 11:42:28.797  INFO 14072 --- [    Test worker] p6spy                                    : #1644806548797 | took 0ms | statement | connection 13| url jdbc:h2:tcp://localhost/~/greentech
/* insert kr.co.greetech.back.entity.MeasureData */ insert into measure_data (created_time, data, data_logger_id, group_count, measure_data_id) values (?, ?, ?, ?, ?)
/* insert kr.co.greetech.back.entity.MeasureData */ insert into measure_data (created_time, data, data_logger_id, group_count, measure_data_id) values ('2022-02-14T11:42:28.755+0900', 'data', 23, 2, 26);
2022-02-14 11:42:28.798 DEBUG 14072 --- [    Test worker] org.hibernate.SQL                        : 
    /* insert kr.co.greetech.back.entity.MeasureData
        */ insert 
        into
            measure_data
            (created_time, data, data_logger_id, group_count, measure_data_id) 
        values
            (?, ?, ?, ?, ?)
2022-02-14 11:42:28.799  INFO 14072 --- [    Test worker] p6spy                                    : #1644806548799 | took 0ms | statement | connection 13| url jdbc:h2:tcp://localhost/~/greentech
/* insert kr.co.greetech.back.entity.MeasureData */ insert into measure_data (created_time, data, data_logger_id, group_count, measure_data_id) values (?, ?, ?, ?, ?)
/* insert kr.co.greetech.back.entity.MeasureData */ insert into measure_data (created_time, data, data_logger_id, group_count, measure_data_id) values ('2022-02-14T11:42:28.755+0900', 'data', 23, 3, 27);
2022-02-14 11:42:28.800 DEBUG 14072 --- [    Test worker] org.hibernate.SQL                        : 
    /* insert kr.co.greetech.back.entity.MeasureData
        */ insert 
        into
            measure_data
            (created_time, data, data_logger_id, group_count, measure_data_id) 
        values
            (?, ?, ?, ?, ?)
2022-02-14 11:42:28.801  INFO 14072 --- [    Test worker] p6spy                                    : #1644806548801 | took 0ms | statement | connection 13| url jdbc:h2:tcp://localhost/~/greentech
/* insert kr.co.greetech.back.entity.MeasureData */ insert into measure_data (created_time, data, data_logger_id, group_count, measure_data_id) values (?, ?, ?, ?, ?)
/* insert kr.co.greetech.back.entity.MeasureData */ insert into measure_data (created_time, data, data_logger_id, group_count, measure_data_id) values ('2022-02-14T11:42:28.755+0900', 'data', 23, 4, 28);
2022-02-14 11:42:28.802 DEBUG 14072 --- [    Test worker] org.hibernate.SQL                        : 
    /* select
        generatedAlias0 
    from
        FcmToken as generatedAlias0 
    left join
        generatedAlias0.company as generatedAlias1 
    where
        generatedAlias1.id=:param0 */ select
            fcmtoken0_.fcm_token_id as fcm_toke1_2_,
            fcmtoken0_.created_time as created_2_2_,
            fcmtoken0_.last_modified_time as last_mod3_2_,
            fcmtoken0_.company_id as company_5_2_,
            fcmtoken0_.fcm_token as fcm_toke4_2_ 
        from
            fcm_token fcmtoken0_ 
        left outer join
            company company1_ 
                on fcmtoken0_.company_id=company1_.company_id 
        where
            company1_.company_id=?
2022-02-14 11:42:28.804  INFO 14072 --- [    Test worker] p6spy                                    : #1644806548804 | took 0ms | statement | connection 13| url jdbc:h2:tcp://localhost/~/greentech
/* select generatedAlias0 from FcmToken as generatedAlias0 left join generatedAlias0.company as generatedAlias1 where generatedAlias1.id=:param0 */ select fcmtoken0_.fcm_token_id as fcm_toke1_2_, fcmtoken0_.created_time as created_2_2_, fcmtoken0_.last_modified_time as last_mod3_2_, fcmtoken0_.company_id as company_5_2_, fcmtoken0_.fcm_token as fcm_toke4_2_ from fcm_token fcmtoken0_ left outer join company company1_ on fcmtoken0_.company_id=company1_.company_id where company1_.company_id=?
/* select generatedAlias0 from FcmToken as generatedAlias0 left join generatedAlias0.company as generatedAlias1 where generatedAlias1.id=:param0 */ select fcmtoken0_.fcm_token_id as fcm_toke1_2_, fcmtoken0_.created_time as created_2_2_, fcmtoken0_.last_modified_time as last_mod3_2_, fcmtoken0_.company_id as company_5_2_, fcmtoken0_.fcm_token as fcm_toke4_2_ from fcm_token fcmtoken0_ left outer join company company1_ on fcmtoken0_.company_id=company1_.company_id where company1_.company_id=22;
2022-02-14 11:42:28.810 DEBUG 14072 --- [    Test worker] org.hibernate.SQL                        : 
    /* select
        count(measureData) 
    from
        MeasureData measureData 
    where
        measureData.dataLogger.id = ?1 
        and measureData.createdTime between ?2 and ?3 */ select
            count(measuredat0_.measure_data_id) as col_0_0_ 
        from
            measure_data measuredat0_ 
        where
            measuredat0_.data_logger_id=? 
            and (
                measuredat0_.created_time between ? and ?
            )
2022-02-14 11:42:28.813  INFO 14072 --- [    Test worker] p6spy                                    : #1644806548813 | took 0ms | statement | connection 13| url jdbc:h2:tcp://localhost/~/greentech
/* select count(measureData)
from MeasureData measureData
where measureData.dataLogger.id = ?1 and measureData.createdTime between ?2 and ?3 */ select count(measuredat0_.measure_data_id) as col_0_0_ from measure_data measuredat0_ where measuredat0_.data_logger_id=? and (measuredat0_.created_time between ? and ?)
/* select count(measureData)
from MeasureData measureData
where measureData.dataLogger.id = 231 and measureData.createdTime between '2022-02-13T11:42:28.805+0900'2 and '2022-02-15T11:42:28.805+0900'3 */ select count(measuredat0_.measure_data_id) as col_0_0_ from measure_data measuredat0_ where measuredat0_.data_logger_id=NULL and (measuredat0_.created_time between ? and ?);
2022-02-14 11:42:28.820 DEBUG 14072 --- [    Test worker] org.hibernate.SQL                        : 
    /* select
        measureData.data,
        measureData.createdTime 
    from
        MeasureData measureData 
    where
        measureData.dataLogger.id = ?1 
        and measureData.createdTime between ?2 and ?3 
    order by
        measureData.createdTime desc */ select
            measuredat0_.data as col_0_0_,
            measuredat0_.created_time as col_1_0_ 
        from
            measure_data measuredat0_ 
        where
            measuredat0_.data_logger_id=? 
            and (
                measuredat0_.created_time between ? and ?
            ) 
        order by
            measuredat0_.created_time desc limit ?
2022-02-14 11:42:28.823  INFO 14072 --- [    Test worker] p6spy                                    : #1644806548823 | took 0ms | statement | connection 13| url jdbc:h2:tcp://localhost/~/greentech
/* select measureData.data, measureData.createdTime
from MeasureData measureData
where measureData.dataLogger.id = ?1 and measureData.createdTime between ?2 and ?3
order by measureData.createdTime desc */ select measuredat0_.data as col_0_0_, measuredat0_.created_time as col_1_0_ from measure_data measuredat0_ where measuredat0_.data_logger_id=? and (measuredat0_.created_time between ? and ?) order by measuredat0_.created_time desc limit ?
/* select measureData.data, measureData.createdTime
from MeasureData measureData
where measureData.dataLogger.id = 231 and measureData.createdTime between '2022-02-13T11:42:28.805+0900'2 and '2022-02-15T11:42:28.805+0900'3
order by measureData.createdTime desc */ select measuredat0_.data as col_0_0_, measuredat0_.created_time as col_1_0_ from measure_data measuredat0_ where measuredat0_.data_logger_id=1000 and (measuredat0_.created_time between NULL and ?) order by measuredat0_.created_time desc limit ?;
2022-02-14 11:42:28.831  INFO 14072 --- [    Test worker] p6spy                                    : #1644806548831 | took 1ms | rollback | connection 13| url jdbc:h2:tcp://localhost/~/greentech

;
2022-02-14 11:42:28.832  INFO 14072 --- [    Test worker] o.s.t.c.transaction.TransactionContext   : Rolled back transaction for test: [DefaultTestContext@1babd50e testClass = MeasureDataServiceTest, testInstance = kr.co.greetech.back.service.MeasureDataServiceTest@48c63936, testMethod = addMeasureDataDtos@MeasureDataServiceTest, testException = [null], mergedContextConfiguration = [WebMergedContextConfiguration@3aa2646f testClass = MeasureDataServiceTest, locations = '{}', classes = '{class kr.co.greetech.back.BackApplication}', contextInitializerClasses = '[]', activeProfiles = '{}', propertySourceLocations = '{}', propertySourceProperties = '{org.springframework.boot.test.context.SpringBootTestContextBootstrapper=true}', contextCustomizers = set[org.springframework.boot.test.autoconfigure.actuate.metrics.MetricsExportContextCustomizerFactory$DisableMetricExportContextCustomizer@59d2103b, org.springframework.boot.test.autoconfigure.properties.PropertyMappingContextCustomizer@0, org.springframework.boot.test.autoconfigure.web.servlet.WebDriverContextCustomizerFactory$Customizer@72a85671, org.springframework.boot.test.context.filter.ExcludeFilterContextCustomizer@4ae33a11, org.springframework.boot.test.json.DuplicateJsonObjectContextCustomizerFactory$DuplicateJsonObjectContextCustomizer@3a94964, org.springframework.boot.test.mock.mockito.MockitoContextCustomizer@0, org.springframework.boot.test.web.client.TestRestTemplateContextCustomizer@3185fa6b, org.springframework.boot.test.context.SpringBootTestArgs@1, org.springframework.boot.test.context.SpringBootTestWebEnvironment@7cb502c], resourceBasePath = 'src/main/webapp', contextLoader = 'org.springframework.boot.test.context.SpringBootContextLoader', parent = [null]], attributes = map['org.springframework.test.context.web.ServletTestExecutionListener.activateListener' -> true, 'org.springframework.test.context.web.ServletTestExecutionListener.populatedRequestContextHolder' -> true, 'org.springframework.test.context.web.ServletTestExecutionListener.resetRequestContextHolder' -> true, 'org.springframework.test.context.event.ApplicationEventsTestExecutionListener.recordApplicationEvents' -> false]]
2022-02-14 11:42:28.835  INFO 14072 --- [    Test worker] o.s.t.c.transaction.TransactionContext   : Began transaction (1) for test context [DefaultTestContext@1babd50e testClass = MeasureDataServiceTest, testInstance = kr.co.greetech.back.service.MeasureDataServiceTest@5d066f, testMethod = last@MeasureDataServiceTest, testException = [null], mergedContextConfiguration = [WebMergedContextConfiguration@3aa2646f testClass = MeasureDataServiceTest, locations = '{}', classes = '{class kr.co.greetech.back.BackApplication}', contextInitializerClasses = '[]', activeProfiles = '{}', propertySourceLocations = '{}', propertySourceProperties = '{org.springframework.boot.test.context.SpringBootTestContextBootstrapper=true}', contextCustomizers = set[org.springframework.boot.test.autoconfigure.actuate.metrics.MetricsExportContextCustomizerFactory$DisableMetricExportContextCustomizer@59d2103b, org.springframework.boot.test.autoconfigure.properties.PropertyMappingContextCustomizer@0, org.springframework.boot.test.autoconfigure.web.servlet.WebDriverContextCustomizerFactory$Customizer@72a85671, org.springframework.boot.test.context.filter.ExcludeFilterContextCustomizer@4ae33a11, org.springframework.boot.test.json.DuplicateJsonObjectContextCustomizerFactory$DuplicateJsonObjectContextCustomizer@3a94964, org.springframework.boot.test.mock.mockito.MockitoContextCustomizer@0, org.springframework.boot.test.web.client.TestRestTemplateContextCustomizer@3185fa6b, org.springframework.boot.test.context.SpringBootTestArgs@1, org.springframework.boot.test.context.SpringBootTestWebEnvironment@7cb502c], resourceBasePath = 'src/main/webapp', contextLoader = 'org.springframework.boot.test.context.SpringBootContextLoader', parent = [null]], attributes = map['org.springframework.test.context.web.ServletTestExecutionListener.activateListener' -> true, 'org.springframework.test.context.web.ServletTestExecutionListener.populatedRequestContextHolder' -> true, 'org.springframework.test.context.web.ServletTestExecutionListener.resetRequestContextHolder' -> true, 'org.springframework.test.context.event.ApplicationEventsTestExecutionListener.recordApplicationEvents' -> false]]; transaction manager [org.springframework.orm.jpa.JpaTransactionManager@614d01b]; rollback [true]
2022-02-14 11:42:28.838 DEBUG 14072 --- [    Test worker] org.hibernate.SQL                        : 
    call next value for hibernate_sequence
2022-02-14 11:42:28.839  INFO 14072 --- [    Test worker] p6spy                                    : #1644806548839 | took 0ms | statement | connection 14| url jdbc:h2:tcp://localhost/~/greentech
call next value for hibernate_sequence
call next value for hibernate_sequence;
2022-02-14 11:42:28.841 DEBUG 14072 --- [    Test worker] org.hibernate.SQL                        : 
    call next value for hibernate_sequence
2022-02-14 11:42:28.842  INFO 14072 --- [    Test worker] p6spy                                    : #1644806548842 | took 0ms | statement | connection 14| url jdbc:h2:tcp://localhost/~/greentech
call next value for hibernate_sequence
call next value for hibernate_sequence;
2022-02-14 11:42:28.843 DEBUG 14072 --- [    Test worker] org.hibernate.SQL                        : 
    /* select
        count(measureData) 
    from
        MeasureData measureData 
    where
        measureData.dataLogger.id = ?1 */ select
            count(measuredat0_.measure_data_id) as col_0_0_ 
        from
            measure_data measuredat0_ 
        where
            measuredat0_.data_logger_id=?
2022-02-14 11:42:28.845  INFO 14072 --- [    Test worker] p6spy                                    : #1644806548845 | took 0ms | statement | connection 14| url jdbc:h2:tcp://localhost/~/greentech
/* select count(measureData)
from MeasureData measureData
where measureData.dataLogger.id = ?1 */ select count(measuredat0_.measure_data_id) as col_0_0_ from measure_data measuredat0_ where measuredat0_.data_logger_id=?
/* select count(measureData)
from MeasureData measureData
where measureData.dataLogger.id = 301 */ select count(measuredat0_.measure_data_id) as col_0_0_ from measure_data measuredat0_ where measuredat0_.data_logger_id=NULL;
2022-02-14 11:42:28.847 DEBUG 14072 --- [    Test worker] org.hibernate.SQL                        : 
    call next value for hibernate_sequence
2022-02-14 11:42:28.847  INFO 14072 --- [    Test worker] p6spy                                    : #1644806548847 | took 0ms | statement | connection 14| url jdbc:h2:tcp://localhost/~/greentech
call next value for hibernate_sequence
call next value for hibernate_sequence;
2022-02-14 11:42:28.848 DEBUG 14072 --- [    Test worker] org.hibernate.SQL                        : 
    call next value for hibernate_sequence
2022-02-14 11:42:28.849  INFO 14072 --- [    Test worker] p6spy                                    : #1644806548849 | took 0ms | statement | connection 14| url jdbc:h2:tcp://localhost/~/greentech
call next value for hibernate_sequence
call next value for hibernate_sequence;
2022-02-14 11:42:28.849 DEBUG 14072 --- [    Test worker] org.hibernate.SQL                        : 
    call next value for hibernate_sequence
2022-02-14 11:42:28.850  INFO 14072 --- [    Test worker] p6spy                                    : #1644806548850 | took 0ms | statement | connection 14| url jdbc:h2:tcp://localhost/~/greentech
call next value for hibernate_sequence
call next value for hibernate_sequence;
2022-02-14 11:42:28.851 DEBUG 14072 --- [    Test worker] org.hibernate.SQL                        : 
    call next value for hibernate_sequence
2022-02-14 11:42:28.852  INFO 14072 --- [    Test worker] p6spy                                    : #1644806548852 | took 0ms | statement | connection 14| url jdbc:h2:tcp://localhost/~/greentech
call next value for hibernate_sequence
call next value for hibernate_sequence;
2022-02-14 11:42:28.853 DEBUG 14072 --- [    Test worker] org.hibernate.SQL                        : 
    call next value for hibernate_sequence
2022-02-14 11:42:28.853  INFO 14072 --- [    Test worker] p6spy                                    : #1644806548853 | took 0ms | statement | connection 14| url jdbc:h2:tcp://localhost/~/greentech
call next value for hibernate_sequence
call next value for hibernate_sequence;
2022-02-14 11:42:28.855 DEBUG 14072 --- [    Test worker] org.hibernate.SQL                        : 
    /* insert kr.co.greetech.back.entity.Company
        */ insert 
        into
            company
            (created_time, last_modified_time, login_id, login_pw, name, company_id) 
        values
            (?, ?, ?, ?, ?, ?)
2022-02-14 11:42:28.857  INFO 14072 --- [    Test worker] p6spy                                    : #1644806548857 | took 0ms | statement | connection 14| url jdbc:h2:tcp://localhost/~/greentech
/* insert kr.co.greetech.back.entity.Company */ insert into company (created_time, last_modified_time, login_id, login_pw, name, company_id) values (?, ?, ?, ?, ?, ?)
/* insert kr.co.greetech.back.entity.Company */ insert into company (created_time, last_modified_time, login_id, login_pw, name, company_id) values ('2022-02-14T11:42:28.838+0900', '2022-02-14T11:42:28.838+0900', 'abcdefg', 'abcdefg1!', 'company', 29);
2022-02-14 11:42:28.858 DEBUG 14072 --- [    Test worker] org.hibernate.SQL                        : 
    /* insert kr.co.greetech.back.entity.DataLogger
        */ insert 
        into
            data_logger
            (created_time, last_modified_time, channel_name, company_id, ip, model_name, request, trigger, type, unit, data_logger_id) 
        values
            (?, ?, ?, ?, ?, ?, ?, ?, ?, ?, ?)
2022-02-14 11:42:28.860  INFO 14072 --- [    Test worker] p6spy                                    : #1644806548860 | took 0ms | statement | connection 14| url jdbc:h2:tcp://localhost/~/greentech
/* insert kr.co.greetech.back.entity.DataLogger */ insert into data_logger (created_time, last_modified_time, channel_name, company_id, ip, model_name, request, trigger, type, unit, data_logger_id) values (?, ?, ?, ?, ?, ?, ?, ?, ?, ?, ?)
/* insert kr.co.greetech.back.entity.DataLogger */ insert into data_logger (created_time, last_modified_time, channel_name, company_id, ip, model_name, request, trigger, type, unit, data_logger_id) values ('2022-02-14T11:42:28.840+0900', '2022-02-14T11:42:28.840+0900', '', 29, '', 'dataLogger', '', '', 'STATIC', '', 30);
2022-02-14 11:42:28.861 DEBUG 14072 --- [    Test worker] org.hibernate.SQL                        : 
    /* insert kr.co.greetech.back.entity.MeasureData
        */ insert 
        into
            measure_data
            (created_time, data, data_logger_id, group_count, measure_data_id) 
        values
            (?, ?, ?, ?, ?)
2022-02-14 11:42:28.863  INFO 14072 --- [    Test worker] p6spy                                    : #1644806548863 | took 0ms | statement | connection 14| url jdbc:h2:tcp://localhost/~/greentech
/* insert kr.co.greetech.back.entity.MeasureData */ insert into measure_data (created_time, data, data_logger_id, group_count, measure_data_id) values (?, ?, ?, ?, ?)
/* insert kr.co.greetech.back.entity.MeasureData */ insert into measure_data (created_time, data, data_logger_id, group_count, measure_data_id) values ('2022-02-14T11:42:28.842+0900', 'data', 30, 0, 31);
2022-02-14 11:42:28.863 DEBUG 14072 --- [    Test worker] org.hibernate.SQL                        : 
    /* insert kr.co.greetech.back.entity.MeasureData
        */ insert 
        into
            measure_data
            (created_time, data, data_logger_id, group_count, measure_data_id) 
        values
            (?, ?, ?, ?, ?)
2022-02-14 11:42:28.865  INFO 14072 --- [    Test worker] p6spy                                    : #1644806548865 | took 0ms | statement | connection 14| url jdbc:h2:tcp://localhost/~/greentech
/* insert kr.co.greetech.back.entity.MeasureData */ insert into measure_data (created_time, data, data_logger_id, group_count, measure_data_id) values (?, ?, ?, ?, ?)
/* insert kr.co.greetech.back.entity.MeasureData */ insert into measure_data (created_time, data, data_logger_id, group_count, measure_data_id) values ('2022-02-14T11:42:28.842+0900', 'data', 30, 1, 32);
2022-02-14 11:42:28.865 DEBUG 14072 --- [    Test worker] org.hibernate.SQL                        : 
    /* insert kr.co.greetech.back.entity.MeasureData
        */ insert 
        into
            measure_data
            (created_time, data, data_logger_id, group_count, measure_data_id) 
        values
            (?, ?, ?, ?, ?)
2022-02-14 11:42:28.867  INFO 14072 --- [    Test worker] p6spy                                    : #1644806548867 | took 0ms | statement | connection 14| url jdbc:h2:tcp://localhost/~/greentech
/* insert kr.co.greetech.back.entity.MeasureData */ insert into measure_data (created_time, data, data_logger_id, group_count, measure_data_id) values (?, ?, ?, ?, ?)
/* insert kr.co.greetech.back.entity.MeasureData */ insert into measure_data (created_time, data, data_logger_id, group_count, measure_data_id) values ('2022-02-14T11:42:28.842+0900', 'data', 30, 2, 33);
2022-02-14 11:42:28.867 DEBUG 14072 --- [    Test worker] org.hibernate.SQL                        : 
    /* insert kr.co.greetech.back.entity.MeasureData
        */ insert 
        into
            measure_data
            (created_time, data, data_logger_id, group_count, measure_data_id) 
        values
            (?, ?, ?, ?, ?)
2022-02-14 11:42:28.869  INFO 14072 --- [    Test worker] p6spy                                    : #1644806548869 | took 0ms | statement | connection 14| url jdbc:h2:tcp://localhost/~/greentech
/* insert kr.co.greetech.back.entity.MeasureData */ insert into measure_data (created_time, data, data_logger_id, group_count, measure_data_id) values (?, ?, ?, ?, ?)
/* insert kr.co.greetech.back.entity.MeasureData */ insert into measure_data (created_time, data, data_logger_id, group_count, measure_data_id) values ('2022-02-14T11:42:28.842+0900', 'data', 30, 3, 34);
2022-02-14 11:42:28.870 DEBUG 14072 --- [    Test worker] org.hibernate.SQL                        : 
    /* insert kr.co.greetech.back.entity.MeasureData
        */ insert 
        into
            measure_data
            (created_time, data, data_logger_id, group_count, measure_data_id) 
        values
            (?, ?, ?, ?, ?)
2022-02-14 11:42:28.871  INFO 14072 --- [    Test worker] p6spy                                    : #1644806548871 | took 0ms | statement | connection 14| url jdbc:h2:tcp://localhost/~/greentech
/* insert kr.co.greetech.back.entity.MeasureData */ insert into measure_data (created_time, data, data_logger_id, group_count, measure_data_id) values (?, ?, ?, ?, ?)
/* insert kr.co.greetech.back.entity.MeasureData */ insert into measure_data (created_time, data, data_logger_id, group_count, measure_data_id) values ('2022-02-14T11:42:28.842+0900', 'data', 30, 4, 35);
2022-02-14 11:42:28.873 DEBUG 14072 --- [    Test worker] org.hibernate.SQL                        : 
    /* select
        generatedAlias0 
    from
        FcmToken as generatedAlias0 
    left join
        generatedAlias0.company as generatedAlias1 
    where
        generatedAlias1.id=:param0 */ select
            fcmtoken0_.fcm_token_id as fcm_toke1_2_,
            fcmtoken0_.created_time as created_2_2_,
            fcmtoken0_.last_modified_time as last_mod3_2_,
            fcmtoken0_.company_id as company_5_2_,
            fcmtoken0_.fcm_token as fcm_toke4_2_ 
        from
            fcm_token fcmtoken0_ 
        left outer join
            company company1_ 
                on fcmtoken0_.company_id=company1_.company_id 
        where
            company1_.company_id=?
2022-02-14 11:42:28.874  INFO 14072 --- [    Test worker] p6spy                                    : #1644806548874 | took 0ms | statement | connection 14| url jdbc:h2:tcp://localhost/~/greentech
/* select generatedAlias0 from FcmToken as generatedAlias0 left join generatedAlias0.company as generatedAlias1 where generatedAlias1.id=:param0 */ select fcmtoken0_.fcm_token_id as fcm_toke1_2_, fcmtoken0_.created_time as created_2_2_, fcmtoken0_.last_modified_time as last_mod3_2_, fcmtoken0_.company_id as company_5_2_, fcmtoken0_.fcm_token as fcm_toke4_2_ from fcm_token fcmtoken0_ left outer join company company1_ on fcmtoken0_.company_id=company1_.company_id where company1_.company_id=?
/* select generatedAlias0 from FcmToken as generatedAlias0 left join generatedAlias0.company as generatedAlias1 where generatedAlias1.id=:param0 */ select fcmtoken0_.fcm_token_id as fcm_toke1_2_, fcmtoken0_.created_time as created_2_2_, fcmtoken0_.last_modified_time as last_mod3_2_, fcmtoken0_.company_id as company_5_2_, fcmtoken0_.fcm_token as fcm_toke4_2_ from fcm_token fcmtoken0_ left outer join company company1_ on fcmtoken0_.company_id=company1_.company_id where company1_.company_id=29;
2022-02-14 11:42:28.880 DEBUG 14072 --- [    Test worker] org.hibernate.SQL                        : 
    /* select
        measureData.data,
        measureData.createdTime 
    from
        MeasureData measureData 
    where
        measureData.dataLogger.id = ?1 
    order by
        measureData.createdTime desc */ select
            measuredat0_.data as col_0_0_,
            measuredat0_.created_time as col_1_0_ 
        from
            measure_data measuredat0_ 
        where
            measuredat0_.data_logger_id=? 
        order by
            measuredat0_.created_time desc limit ?
2022-02-14 11:42:28.881  INFO 14072 --- [    Test worker] p6spy                                    : #1644806548881 | took 0ms | statement | connection 14| url jdbc:h2:tcp://localhost/~/greentech
/* select measureData.data, measureData.createdTime
from MeasureData measureData
where measureData.dataLogger.id = ?1
order by measureData.createdTime desc */ select measuredat0_.data as col_0_0_, measuredat0_.created_time as col_1_0_ from measure_data measuredat0_ where measuredat0_.data_logger_id=? order by measuredat0_.created_time desc limit ?
/* select measureData.data, measureData.createdTime
from MeasureData measureData
where measureData.dataLogger.id = 301
order by measureData.createdTime desc */ select measuredat0_.data as col_0_0_, measuredat0_.created_time as col_1_0_ from measure_data measuredat0_ where measuredat0_.data_logger_id=10 order by measuredat0_.created_time desc limit NULL;
2022-02-14 11:42:28.887  INFO 14072 --- [    Test worker] p6spy                                    : #1644806548887 | took 0ms | rollback | connection 14| url jdbc:h2:tcp://localhost/~/greentech

;
2022-02-14 11:42:28.888  INFO 14072 --- [    Test worker] o.s.t.c.transaction.TransactionContext   : Rolled back transaction for test: [DefaultTestContext@1babd50e testClass = MeasureDataServiceTest, testInstance = kr.co.greetech.back.service.MeasureDataServiceTest@5d066f, testMethod = last@MeasureDataServiceTest, testException = [null], mergedContextConfiguration = [WebMergedContextConfiguration@3aa2646f testClass = MeasureDataServiceTest, locations = '{}', classes = '{class kr.co.greetech.back.BackApplication}', contextInitializerClasses = '[]', activeProfiles = '{}', propertySourceLocations = '{}', propertySourceProperties = '{org.springframework.boot.test.context.SpringBootTestContextBootstrapper=true}', contextCustomizers = set[org.springframework.boot.test.autoconfigure.actuate.metrics.MetricsExportContextCustomizerFactory$DisableMetricExportContextCustomizer@59d2103b, org.springframework.boot.test.autoconfigure.properties.PropertyMappingContextCustomizer@0, org.springframework.boot.test.autoconfigure.web.servlet.WebDriverContextCustomizerFactory$Customizer@72a85671, org.springframework.boot.test.context.filter.ExcludeFilterContextCustomizer@4ae33a11, org.springframework.boot.test.json.DuplicateJsonObjectContextCustomizerFactory$DuplicateJsonObjectContextCustomizer@3a94964, org.springframework.boot.test.mock.mockito.MockitoContextCustomizer@0, org.springframework.boot.test.web.client.TestRestTemplateContextCustomizer@3185fa6b, org.springframework.boot.test.context.SpringBootTestArgs@1, org.springframework.boot.test.context.SpringBootTestWebEnvironment@7cb502c], resourceBasePath = 'src/main/webapp', contextLoader = 'org.springframework.boot.test.context.SpringBootContextLoader', parent = [null]], attributes = map['org.springframework.test.context.web.ServletTestExecutionListener.activateListener' -> true, 'org.springframework.test.context.web.ServletTestExecutionListener.populatedRequestContextHolder' -> true, 'org.springframework.test.context.web.ServletTestExecutionListener.resetRequestContextHolder' -> true, 'org.springframework.test.context.event.ApplicationEventsTestExecutionListener.recordApplicationEvents' -> false]]
]]></system-out>
  <system-err><![CDATA[]]></system-err>
</testsuite>
