<?xml version="1.0" encoding="UTF-8"?>
<testsuite name="kr.co.greetech.back.controller.DataLoggerControllerTest" tests="3" skipped="0" failures="0" errors="0" timestamp="2021-12-28T00:50:32" hostname="LAPTOP-JLJ2VI1H" time="1.049">
  <properties/>
  <testcase name="create()" classname="kr.co.greetech.back.controller.DataLoggerControllerTest" time="0.621"/>
  <testcase name="one()" classname="kr.co.greetech.back.controller.DataLoggerControllerTest" time="0.129"/>
  <testcase name="list()" classname="kr.co.greetech.back.controller.DataLoggerControllerTest" time="0.296"/>
  <system-out><![CDATA[2021-12-28 09:50:27.646  INFO 2316 --- [    Test worker] .b.t.c.SpringBootTestContextBootstrapper : Neither @ContextConfiguration nor @ContextHierarchy found for test class [kr.co.greetech.back.controller.DataLoggerControllerTest], using SpringBootContextLoader
2021-12-28 09:50:27.655  INFO 2316 --- [    Test worker] o.s.t.c.support.AbstractContextLoader    : Could not detect default resource locations for test class [kr.co.greetech.back.controller.DataLoggerControllerTest]: no resource found for suffixes {-context.xml, Context.groovy}.
2021-12-28 09:50:27.655  INFO 2316 --- [    Test worker] t.c.s.AnnotationConfigContextLoaderUtils : Could not detect default configuration classes for test class [kr.co.greetech.back.controller.DataLoggerControllerTest]: DataLoggerControllerTest does not declare any static, non-private, non-final, nested classes annotated with @Configuration.
2021-12-28 09:50:27.694  INFO 2316 --- [    Test worker] .b.t.c.SpringBootTestContextBootstrapper : Found @SpringBootConfiguration kr.co.greetech.back.BackApplication for test class kr.co.greetech.back.controller.DataLoggerControllerTest
2021-12-28 09:50:27.697  INFO 2316 --- [    Test worker] .b.t.c.SpringBootTestContextBootstrapper : Loaded default TestExecutionListener class names from location [META-INF/spring.factories]: [org.springframework.boot.test.autoconfigure.restdocs.RestDocsTestExecutionListener, org.springframework.boot.test.autoconfigure.web.client.MockRestServiceServerResetTestExecutionListener, org.springframework.boot.test.autoconfigure.web.servlet.MockMvcPrintOnlyOnFailureTestExecutionListener, org.springframework.boot.test.autoconfigure.web.servlet.WebDriverTestExecutionListener, org.springframework.boot.test.autoconfigure.webservices.client.MockWebServiceServerTestExecutionListener, org.springframework.boot.test.mock.mockito.MockitoTestExecutionListener, org.springframework.boot.test.mock.mockito.ResetMocksTestExecutionListener, org.springframework.test.context.web.ServletTestExecutionListener, org.springframework.test.context.support.DirtiesContextBeforeModesTestExecutionListener, org.springframework.test.context.event.ApplicationEventsTestExecutionListener, org.springframework.test.context.support.DependencyInjectionTestExecutionListener, org.springframework.test.context.support.DirtiesContextTestExecutionListener, org.springframework.test.context.transaction.TransactionalTestExecutionListener, org.springframework.test.context.jdbc.SqlScriptsTestExecutionListener, org.springframework.test.context.event.EventPublishingTestExecutionListener]
2021-12-28 09:50:27.697  INFO 2316 --- [    Test worker] .b.t.c.SpringBootTestContextBootstrapper : Using TestExecutionListeners: [org.springframework.test.context.web.ServletTestExecutionListener@7b80ac30, org.springframework.test.context.support.DirtiesContextBeforeModesTestExecutionListener@8d0253b, org.springframework.test.context.event.ApplicationEventsTestExecutionListener@f61f06e, org.springframework.boot.test.mock.mockito.MockitoTestExecutionListener@437ac2dc, org.springframework.boot.test.autoconfigure.SpringBootDependencyInjectionTestExecutionListener@3de507af, org.springframework.test.context.support.DirtiesContextTestExecutionListener@349504d5, org.springframework.test.context.transaction.TransactionalTestExecutionListener@347770a9, org.springframework.test.context.jdbc.SqlScriptsTestExecutionListener@218e28d9, org.springframework.test.context.event.EventPublishingTestExecutionListener@34438b38, org.springframework.boot.test.autoconfigure.restdocs.RestDocsTestExecutionListener@28ec92c9, org.springframework.boot.test.autoconfigure.web.client.MockRestServiceServerResetTestExecutionListener@27115d45, org.springframework.boot.test.autoconfigure.web.servlet.MockMvcPrintOnlyOnFailureTestExecutionListener@7789719e, org.springframework.boot.test.autoconfigure.web.servlet.WebDriverTestExecutionListener@5fbb2e1c, org.springframework.boot.test.autoconfigure.webservices.client.MockWebServiceServerTestExecutionListener@138d85f8, org.springframework.boot.test.mock.mockito.ResetMocksTestExecutionListener@3edb09b9]

  .   ____          _            __ _ _
 /\\ / ___'_ __ _ _(_)_ __  __ _ \ \ \ \
( ( )\___ | '_ | '_| | '_ \/ _` | \ \ \ \
 \\/  ___)| |_)| | | | | || (_| |  ) ) ) )
  '  |____| .__|_| |_|_| |_\__, | / / / /
 =========|_|==============|___/=/_/_/_/
 :: Spring Boot ::                (v2.5.3)

2021-12-28 09:50:27.780  INFO 2316 --- [    Test worker] k.c.g.b.c.DataLoggerControllerTest       : Starting DataLoggerControllerTest using Java 11.0.11 on LAPTOP-JLJ2VI1H with PID 2316 (started by lenovo in C:\Users\lenovo\Documents\web\back)
2021-12-28 09:50:27.780  INFO 2316 --- [    Test worker] k.c.g.b.c.DataLoggerControllerTest       : The following profiles are active: test
2021-12-28 09:50:28.656  INFO 2316 --- [    Test worker] .s.d.r.c.RepositoryConfigurationDelegate : Bootstrapping Spring Data JPA repositories in DEFAULT mode.
2021-12-28 09:50:28.915  INFO 2316 --- [    Test worker] .s.d.r.c.RepositoryConfigurationDelegate : Finished Spring Data repository scanning in 255 ms. Found 5 JPA repository interfaces.
2021-12-28 09:50:29.440  INFO 2316 --- [    Test worker] c.g.g.b.j.d.p6spy.P6SpyConfiguration     : P6Spy modulelist is overridden, some p6spy configuration features will not be applied
2021-12-28 09:50:29.705  INFO 2316 --- [    Test worker] o.hibernate.jpa.internal.util.LogHelper  : HHH000204: Processing PersistenceUnitInfo [name: default]
2021-12-28 09:50:29.765  INFO 2316 --- [    Test worker] com.zaxxer.hikari.HikariDataSource       : HikariPool-2 - Starting...
2021-12-28 09:50:29.780  INFO 2316 --- [    Test worker] com.zaxxer.hikari.HikariDataSource       : HikariPool-2 - Start completed.
2021-12-28 09:50:29.780  INFO 2316 --- [    Test worker] org.hibernate.dialect.Dialect            : HHH000400: Using dialect: org.hibernate.dialect.H2Dialect
2021-12-28 09:50:30.146 DEBUG 2316 --- [    Test worker] org.hibernate.SQL                        : 
    
    drop table if exists company CASCADE 
2021-12-28 09:50:30.146  INFO 2316 --- [    Test worker] p6spy                                    : #1640652630146 | took 2ms | statement | connection 6| url jdbc:h2:tcp://localhost/~/greentech

    drop table if exists company CASCADE 

    drop table if exists company CASCADE ;
2021-12-28 09:50:30.146 DEBUG 2316 --- [    Test worker] org.hibernate.SQL                        : 
    
    drop table if exists data_logger CASCADE 
2021-12-28 09:50:30.146  INFO 2316 --- [    Test worker] p6spy                                    : #1640652630146 | took 1ms | statement | connection 6| url jdbc:h2:tcp://localhost/~/greentech

    drop table if exists data_logger CASCADE 

    drop table if exists data_logger CASCADE ;
2021-12-28 09:50:30.146 DEBUG 2316 --- [    Test worker] org.hibernate.SQL                        : 
    
    drop table if exists fcm_token CASCADE 
2021-12-28 09:50:30.154  INFO 2316 --- [    Test worker] p6spy                                    : #1640652630154 | took 1ms | statement | connection 6| url jdbc:h2:tcp://localhost/~/greentech

    drop table if exists fcm_token CASCADE 

    drop table if exists fcm_token CASCADE ;
2021-12-28 09:50:30.154 DEBUG 2316 --- [    Test worker] org.hibernate.SQL                        : 
    
    drop table if exists measure_file CASCADE 
2021-12-28 09:50:30.154  INFO 2316 --- [    Test worker] p6spy                                    : #1640652630154 | took 1ms | statement | connection 6| url jdbc:h2:tcp://localhost/~/greentech

    drop table if exists measure_file CASCADE 

    drop table if exists measure_file CASCADE ;
2021-12-28 09:50:30.154 DEBUG 2316 --- [    Test worker] org.hibernate.SQL                        : 
    
    drop table if exists measure_data CASCADE 
2021-12-28 09:50:30.154  INFO 2316 --- [    Test worker] p6spy                                    : #1640652630154 | took 1ms | statement | connection 6| url jdbc:h2:tcp://localhost/~/greentech

    drop table if exists measure_data CASCADE 

    drop table if exists measure_data CASCADE ;
2021-12-28 09:50:30.154 DEBUG 2316 --- [    Test worker] org.hibernate.SQL                        : 
    
    drop sequence if exists hibernate_sequence
2021-12-28 09:50:30.154  INFO 2316 --- [    Test worker] p6spy                                    : #1640652630154 | took 0ms | statement | connection 6| url jdbc:h2:tcp://localhost/~/greentech

    drop sequence if exists hibernate_sequence

    drop sequence if exists hibernate_sequence;
2021-12-28 09:50:30.154 DEBUG 2316 --- [    Test worker] org.hibernate.SQL                        : create sequence hibernate_sequence start with 1 increment by 1
2021-12-28 09:50:30.154  INFO 2316 --- [    Test worker] p6spy                                    : #1640652630154 | took 0ms | statement | connection 7| url jdbc:h2:tcp://localhost/~/greentech
create sequence hibernate_sequence start with 1 increment by 1
create sequence hibernate_sequence start with 1 increment by 1;
2021-12-28 09:50:30.162 DEBUG 2316 --- [    Test worker] org.hibernate.SQL                        : 
    
    create table company (
       company_id bigint not null,
        created_time timestamp not null,
        last_modified_time timestamp not null,
        login_id varchar(255) not null,
        login_pw varchar(255) not null,
        name varchar(255) not null,
        primary key (company_id)
    )
2021-12-28 09:50:30.162  INFO 2316 --- [    Test worker] p6spy                                    : #1640652630162 | took 1ms | statement | connection 7| url jdbc:h2:tcp://localhost/~/greentech

    create table company (
       company_id bigint not null,
        created_time timestamp not null,
        last_modified_time timestamp not null,
        login_id varchar(255) not null,
        login_pw varchar(255) not null,
        name varchar(255) not null,
        primary key (company_id)
    )

    create table company (
       company_id bigint not null,
        created_time timestamp not null,
        last_modified_time timestamp not null,
        login_id varchar(255) not null,
        login_pw varchar(255) not null,
        name varchar(255) not null,
        primary key (company_id)
    );
2021-12-28 09:50:30.162 DEBUG 2316 --- [    Test worker] org.hibernate.SQL                        : 
    
    create table data_logger (
       data_logger_id bigint not null,
        created_time timestamp not null,
        last_modified_time timestamp not null,
        channel_name varchar(1000) not null,
        model_name varchar(255) not null,
        type varchar(255),
        unit varchar(1000) not null,
        company_id bigint not null,
        primary key (data_logger_id)
    )
2021-12-28 09:50:30.162  INFO 2316 --- [    Test worker] p6spy                                    : #1640652630162 | took 3ms | statement | connection 7| url jdbc:h2:tcp://localhost/~/greentech

    create table data_logger (
       data_logger_id bigint not null,
        created_time timestamp not null,
        last_modified_time timestamp not null,
        channel_name varchar(1000) not null,
        model_name varchar(255) not null,
        type varchar(255),
        unit varchar(1000) not null,
        company_id bigint not null,
        primary key (data_logger_id)
    )

    create table data_logger (
       data_logger_id bigint not null,
        created_time timestamp not null,
        last_modified_time timestamp not null,
        channel_name varchar(1000) not null,
        model_name varchar(255) not null,
        type varchar(255),
        unit varchar(1000) not null,
        company_id bigint not null,
        primary key (data_logger_id)
    );
2021-12-28 09:50:30.170 DEBUG 2316 --- [    Test worker] org.hibernate.SQL                        : 
    
    create table fcm_token (
       fcm_token_id bigint not null,
        created_time timestamp not null,
        last_modified_time timestamp not null,
        fcm_token varchar(255) not null,
        company_id bigint not null,
        primary key (fcm_token_id)
    )
2021-12-28 09:50:30.170  INFO 2316 --- [    Test worker] p6spy                                    : #1640652630170 | took 2ms | statement | connection 7| url jdbc:h2:tcp://localhost/~/greentech

    create table fcm_token (
       fcm_token_id bigint not null,
        created_time timestamp not null,
        last_modified_time timestamp not null,
        fcm_token varchar(255) not null,
        company_id bigint not null,
        primary key (fcm_token_id)
    )

    create table fcm_token (
       fcm_token_id bigint not null,
        created_time timestamp not null,
        last_modified_time timestamp not null,
        fcm_token varchar(255) not null,
        company_id bigint not null,
        primary key (fcm_token_id)
    );
2021-12-28 09:50:30.170 DEBUG 2316 --- [    Test worker] org.hibernate.SQL                        : 
    
    create table measure_file (
       measure_file_id bigint not null,
        created_time timestamp not null,
        type varchar(255),
        url varchar(255),
        company_id bigint not null,
        data_logger_id bigint not null,
        primary key (measure_file_id)
    )
2021-12-28 09:50:30.170  INFO 2316 --- [    Test worker] p6spy                                    : #1640652630170 | took 1ms | statement | connection 7| url jdbc:h2:tcp://localhost/~/greentech

    create table measure_file (
       measure_file_id bigint not null,
        created_time timestamp not null,
        type varchar(255),
        url varchar(255),
        company_id bigint not null,
        data_logger_id bigint not null,
        primary key (measure_file_id)
    )

    create table measure_file (
       measure_file_id bigint not null,
        created_time timestamp not null,
        type varchar(255),
        url varchar(255),
        company_id bigint not null,
        data_logger_id bigint not null,
        primary key (measure_file_id)
    );
2021-12-28 09:50:30.170 DEBUG 2316 --- [    Test worker] org.hibernate.SQL                        : 
    
    create table measure_data (
       measure_data_id bigint not null,
        created_time timestamp not null,
        data varchar(255) not null,
        group_count bigint,
        data_logger_id bigint not null,
        primary key (measure_data_id)
    )
2021-12-28 09:50:30.179  INFO 2316 --- [    Test worker] p6spy                                    : #1640652630179 | took 1ms | statement | connection 7| url jdbc:h2:tcp://localhost/~/greentech

    create table measure_data (
       measure_data_id bigint not null,
        created_time timestamp not null,
        data varchar(255) not null,
        group_count bigint,
        data_logger_id bigint not null,
        primary key (measure_data_id)
    )

    create table measure_data (
       measure_data_id bigint not null,
        created_time timestamp not null,
        data varchar(255) not null,
        group_count bigint,
        data_logger_id bigint not null,
        primary key (measure_data_id)
    );
2021-12-28 09:50:30.180 DEBUG 2316 --- [    Test worker] org.hibernate.SQL                        : 
    
    alter table company 
       add constraint UK_jymm78yo2olotyo1e343ct9ko unique (login_id)
2021-12-28 09:50:30.180  INFO 2316 --- [    Test worker] p6spy                                    : #1640652630180 | took 1ms | statement | connection 7| url jdbc:h2:tcp://localhost/~/greentech

    alter table company 
       add constraint UK_jymm78yo2olotyo1e343ct9ko unique (login_id)

    alter table company 
       add constraint UK_jymm78yo2olotyo1e343ct9ko unique (login_id);
2021-12-28 09:50:30.180 DEBUG 2316 --- [    Test worker] org.hibernate.SQL                        : 
    
    alter table company 
       add constraint UK_niu8sfil2gxywcru9ah3r4ec5 unique (name)
2021-12-28 09:50:30.180  INFO 2316 --- [    Test worker] p6spy                                    : #1640652630180 | took 1ms | statement | connection 7| url jdbc:h2:tcp://localhost/~/greentech

    alter table company 
       add constraint UK_niu8sfil2gxywcru9ah3r4ec5 unique (name)

    alter table company 
       add constraint UK_niu8sfil2gxywcru9ah3r4ec5 unique (name);
2021-12-28 09:50:30.180 DEBUG 2316 --- [    Test worker] org.hibernate.SQL                        : 
    
    alter table data_logger 
       add constraint FK5wejnpaohywo5fhc6jhegrefe 
       foreign key (company_id) 
       references company
2021-12-28 09:50:30.189  INFO 2316 --- [    Test worker] p6spy                                    : #1640652630189 | took 4ms | statement | connection 7| url jdbc:h2:tcp://localhost/~/greentech

    alter table data_logger 
       add constraint FK5wejnpaohywo5fhc6jhegrefe 
       foreign key (company_id) 
       references company

    alter table data_logger 
       add constraint FK5wejnpaohywo5fhc6jhegrefe 
       foreign key (company_id) 
       references company;
2021-12-28 09:50:30.189 DEBUG 2316 --- [    Test worker] org.hibernate.SQL                        : 
    
    alter table fcm_token 
       add constraint FKfafkxygyr8u4on8xic6beum80 
       foreign key (company_id) 
       references company
2021-12-28 09:50:30.189  INFO 2316 --- [    Test worker] p6spy                                    : #1640652630189 | took 3ms | statement | connection 7| url jdbc:h2:tcp://localhost/~/greentech

    alter table fcm_token 
       add constraint FKfafkxygyr8u4on8xic6beum80 
       foreign key (company_id) 
       references company

    alter table fcm_token 
       add constraint FKfafkxygyr8u4on8xic6beum80 
       foreign key (company_id) 
       references company;
2021-12-28 09:50:30.189 DEBUG 2316 --- [    Test worker] org.hibernate.SQL                        : 
    
    alter table measure_file 
       add constraint FKepubvsw8mxm69divrooff9rew 
       foreign key (company_id) 
       references company
2021-12-28 09:50:30.199  INFO 2316 --- [    Test worker] p6spy                                    : #1640652630198 | took 3ms | statement | connection 7| url jdbc:h2:tcp://localhost/~/greentech

    alter table measure_file 
       add constraint FKepubvsw8mxm69divrooff9rew 
       foreign key (company_id) 
       references company

    alter table measure_file 
       add constraint FKepubvsw8mxm69divrooff9rew 
       foreign key (company_id) 
       references company;
2021-12-28 09:50:30.199 DEBUG 2316 --- [    Test worker] org.hibernate.SQL                        : 
    
    alter table measure_file 
       add constraint FKo05725suyb6uco3gukg2n7ba2 
       foreign key (data_logger_id) 
       references data_logger
2021-12-28 09:50:30.199  INFO 2316 --- [    Test worker] p6spy                                    : #1640652630199 | took 3ms | statement | connection 7| url jdbc:h2:tcp://localhost/~/greentech

    alter table measure_file 
       add constraint FKo05725suyb6uco3gukg2n7ba2 
       foreign key (data_logger_id) 
       references data_logger

    alter table measure_file 
       add constraint FKo05725suyb6uco3gukg2n7ba2 
       foreign key (data_logger_id) 
       references data_logger;
2021-12-28 09:50:30.199 DEBUG 2316 --- [    Test worker] org.hibernate.SQL                        : 
    
    alter table measure_data 
       add constraint FKat8mm6oaqfehk7y9o2xb4i0jj 
       foreign key (data_logger_id) 
       references data_logger
2021-12-28 09:50:30.207  INFO 2316 --- [    Test worker] p6spy                                    : #1640652630207 | took 3ms | statement | connection 7| url jdbc:h2:tcp://localhost/~/greentech

    alter table measure_data 
       add constraint FKat8mm6oaqfehk7y9o2xb4i0jj 
       foreign key (data_logger_id) 
       references data_logger

    alter table measure_data 
       add constraint FKat8mm6oaqfehk7y9o2xb4i0jj 
       foreign key (data_logger_id) 
       references data_logger;
2021-12-28 09:50:30.211  INFO 2316 --- [    Test worker] o.h.e.t.j.p.i.JtaPlatformInitiator       : HHH000490: Using JtaPlatform implementation: [org.hibernate.engine.transaction.jta.platform.internal.NoJtaPlatform]
2021-12-28 09:50:30.211  INFO 2316 --- [    Test worker] j.LocalContainerEntityManagerFactoryBean : Initialized JPA EntityManagerFactory for persistence unit 'default'
2021-12-28 09:50:31.280  WARN 2316 --- [    Test worker] JpaBaseConfiguration$JpaWebConfiguration : spring.jpa.open-in-view is enabled by default. Therefore, database queries may be performed during view rendering. Explicitly configure spring.jpa.open-in-view to disable this warning
2021-12-28 09:50:32.771  INFO 2316 --- [    Test worker] o.s.b.t.m.w.SpringBootMockServletContext : Initializing Spring TestDispatcherServlet ''
2021-12-28 09:50:32.771  INFO 2316 --- [    Test worker] o.s.t.web.servlet.TestDispatcherServlet  : Initializing Servlet ''
2021-12-28 09:50:32.779  INFO 2316 --- [    Test worker] o.s.t.web.servlet.TestDispatcherServlet  : Completed initialization in 8 ms
2021-12-28 09:50:32.813  INFO 2316 --- [    Test worker] k.c.g.b.c.DataLoggerControllerTest       : Started DataLoggerControllerTest in 5.109 seconds (JVM running for 33.374)
2021-12-28 09:50:32.830  INFO 2316 --- [    Test worker] o.s.t.c.transaction.TransactionContext   : Began transaction (1) for test context [DefaultTestContext@4268c16 testClass = DataLoggerControllerTest, testInstance = kr.co.greetech.back.controller.DataLoggerControllerTest@673ce246, testMethod = create@DataLoggerControllerTest, testException = [null], mergedContextConfiguration = [WebMergedContextConfiguration@6baa673d testClass = DataLoggerControllerTest, locations = '{}', classes = '{class kr.co.greetech.back.BackApplication}', contextInitializerClasses = '[]', activeProfiles = '{}', propertySourceLocations = '{}', propertySourceProperties = '{org.springframework.boot.test.context.SpringBootTestContextBootstrapper=true}', contextCustomizers = set[org.springframework.boot.test.autoconfigure.actuate.metrics.MetricsExportContextCustomizerFactory$DisableMetricExportContextCustomizer@59d2103b, org.springframework.boot.test.autoconfigure.properties.PropertyMappingContextCustomizer@4b3fa0b3, org.springframework.boot.test.autoconfigure.web.servlet.WebDriverContextCustomizerFactory$Customizer@72a85671, [ImportsContextCustomizer@124b1369 key = [@org.apiguardian.api.API(consumers={"*"}, since="5.0", status=STABLE), @org.springframework.test.context.BootstrapWith(value=org.springframework.boot.test.context.SpringBootTestContextBootstrapper.class), @org.springframework.boot.test.autoconfigure.web.servlet.AutoConfigureMockMvc(webDriverEnabled=true, print=DEFAULT, webClientEnabled=true, printOnlyOnFailure=true, addFilters=true), @org.springframework.boot.test.autoconfigure.properties.PropertyMapping(value="spring.test.mockmvc", skip=NO), @org.springframework.context.annotation.Import(value={org.springframework.boot.autoconfigure.AutoConfigurationImportSelector.class}), @org.springframework.boot.test.context.SpringBootTest(args={}, webEnvironment=MOCK, value={}, properties={}, classes={}), @org.junit.jupiter.api.extension.ExtendWith(value={org.springframework.test.context.junit.jupiter.SpringExtension.class}), @org.springframework.boot.autoconfigure.EnableAutoConfiguration(excludeName={}, exclude={org.springframework.boot.autoconfigure.security.servlet.SecurityAutoConfiguration.class}), @org.springframework.boot.autoconfigure.ImportAutoConfiguration(value={}, exclude={}, classes={}), @org.springframework.context.annotation.Import(value={org.springframework.boot.autoconfigure.AutoConfigurationPackages$Registrar.class}), @org.springframework.boot.autoconfigure.AutoConfigurationPackage(basePackages={}, basePackageClasses={}), @org.springframework.context.annotation.Import(value={org.springframework.boot.autoconfigure.ImportAutoConfigurationImportSelector.class}), @org.springframework.transaction.annotation.Transactional(propagation=REQUIRED, rollbackForClassName={}, readOnly=false, transactionManager="", isolation=DEFAULT, timeoutString="", label={}, noRollbackForClassName={}, noRollbackFor={}, value="", timeout=-1, rollbackFor={})]], org.springframework.boot.test.context.filter.ExcludeFilterContextCustomizer@4ae33a11, org.springframework.boot.test.json.DuplicateJsonObjectContextCustomizerFactory$DuplicateJsonObjectContextCustomizer@3a94964, org.springframework.boot.test.mock.mockito.MockitoContextCustomizer@0, org.springframework.boot.test.web.client.TestRestTemplateContextCustomizer@3185fa6b, org.springframework.boot.test.context.SpringBootTestArgs@1, org.springframework.boot.test.context.SpringBootTestWebEnvironment@7cb502c], resourceBasePath = 'src/main/webapp', contextLoader = 'org.springframework.boot.test.context.SpringBootContextLoader', parent = [null]], attributes = map['org.springframework.test.context.web.ServletTestExecutionListener.activateListener' -> true, 'org.springframework.test.context.web.ServletTestExecutionListener.populatedRequestContextHolder' -> true, 'org.springframework.test.context.web.ServletTestExecutionListener.resetRequestContextHolder' -> true, 'org.springframework.test.context.event.ApplicationEventsTestExecutionListener.recordApplicationEvents' -> false]]; transaction manager [org.springframework.orm.jpa.JpaTransactionManager@4fae8455]; rollback [true]
2021-12-28 09:50:32.848 DEBUG 2316 --- [    Test worker] org.hibernate.SQL                        : 
    call next value for hibernate_sequence
2021-12-28 09:50:32.848  INFO 2316 --- [    Test worker] p6spy                                    : #1640652632848 | took 0ms | statement | connection 8| url jdbc:h2:tcp://localhost/~/greentech
call next value for hibernate_sequence
call next value for hibernate_sequence;
2021-12-28 09:50:33.296 DEBUG 2316 --- [    Test worker] org.hibernate.SQL                        : 
    call next value for hibernate_sequence
2021-12-28 09:50:33.296  INFO 2316 --- [    Test worker] p6spy                                    : #1640652633296 | took 0ms | statement | connection 8| url jdbc:h2:tcp://localhost/~/greentech
call next value for hibernate_sequence
call next value for hibernate_sequence;
2021-12-28 09:50:33.446  INFO 2316 --- [    Test worker] p6spy                                    : #1640652633446 | took 0ms | rollback | connection 8| url jdbc:h2:tcp://localhost/~/greentech

;
2021-12-28 09:50:33.446  INFO 2316 --- [    Test worker] o.s.t.c.transaction.TransactionContext   : Rolled back transaction for test: [DefaultTestContext@4268c16 testClass = DataLoggerControllerTest, testInstance = kr.co.greetech.back.controller.DataLoggerControllerTest@673ce246, testMethod = create@DataLoggerControllerTest, testException = [null], mergedContextConfiguration = [WebMergedContextConfiguration@6baa673d testClass = DataLoggerControllerTest, locations = '{}', classes = '{class kr.co.greetech.back.BackApplication}', contextInitializerClasses = '[]', activeProfiles = '{}', propertySourceLocations = '{}', propertySourceProperties = '{org.springframework.boot.test.context.SpringBootTestContextBootstrapper=true}', contextCustomizers = set[org.springframework.boot.test.autoconfigure.actuate.metrics.MetricsExportContextCustomizerFactory$DisableMetricExportContextCustomizer@59d2103b, org.springframework.boot.test.autoconfigure.properties.PropertyMappingContextCustomizer@4b3fa0b3, org.springframework.boot.test.autoconfigure.web.servlet.WebDriverContextCustomizerFactory$Customizer@72a85671, [ImportsContextCustomizer@124b1369 key = [@org.apiguardian.api.API(consumers={"*"}, since="5.0", status=STABLE), @org.springframework.test.context.BootstrapWith(value=org.springframework.boot.test.context.SpringBootTestContextBootstrapper.class), @org.springframework.boot.test.autoconfigure.web.servlet.AutoConfigureMockMvc(webDriverEnabled=true, print=DEFAULT, webClientEnabled=true, printOnlyOnFailure=true, addFilters=true), @org.springframework.boot.test.autoconfigure.properties.PropertyMapping(value="spring.test.mockmvc", skip=NO), @org.springframework.context.annotation.Import(value={org.springframework.boot.autoconfigure.AutoConfigurationImportSelector.class}), @org.springframework.boot.test.context.SpringBootTest(args={}, webEnvironment=MOCK, value={}, properties={}, classes={}), @org.junit.jupiter.api.extension.ExtendWith(value={org.springframework.test.context.junit.jupiter.SpringExtension.class}), @org.springframework.boot.autoconfigure.EnableAutoConfiguration(excludeName={}, exclude={org.springframework.boot.autoconfigure.security.servlet.SecurityAutoConfiguration.class}), @org.springframework.boot.autoconfigure.ImportAutoConfiguration(value={}, exclude={}, classes={}), @org.springframework.context.annotation.Import(value={org.springframework.boot.autoconfigure.AutoConfigurationPackages$Registrar.class}), @org.springframework.boot.autoconfigure.AutoConfigurationPackage(basePackages={}, basePackageClasses={}), @org.springframework.context.annotation.Import(value={org.springframework.boot.autoconfigure.ImportAutoConfigurationImportSelector.class}), @org.springframework.transaction.annotation.Transactional(propagation=REQUIRED, rollbackForClassName={}, readOnly=false, transactionManager="", isolation=DEFAULT, timeoutString="", label={}, noRollbackForClassName={}, noRollbackFor={}, value="", timeout=-1, rollbackFor={})]], org.springframework.boot.test.context.filter.ExcludeFilterContextCustomizer@4ae33a11, org.springframework.boot.test.json.DuplicateJsonObjectContextCustomizerFactory$DuplicateJsonObjectContextCustomizer@3a94964, org.springframework.boot.test.mock.mockito.MockitoContextCustomizer@0, org.springframework.boot.test.web.client.TestRestTemplateContextCustomizer@3185fa6b, org.springframework.boot.test.context.SpringBootTestArgs@1, org.springframework.boot.test.context.SpringBootTestWebEnvironment@7cb502c], resourceBasePath = 'src/main/webapp', contextLoader = 'org.springframework.boot.test.context.SpringBootContextLoader', parent = [null]], attributes = map['org.springframework.test.context.web.ServletTestExecutionListener.activateListener' -> true, 'org.springframework.test.context.web.ServletTestExecutionListener.populatedRequestContextHolder' -> true, 'org.springframework.test.context.web.ServletTestExecutionListener.resetRequestContextHolder' -> true, 'org.springframework.test.context.event.ApplicationEventsTestExecutionListener.recordApplicationEvents' -> false]]
2021-12-28 09:50:33.446  INFO 2316 --- [    Test worker] o.s.t.c.transaction.TransactionContext   : Began transaction (1) for test context [DefaultTestContext@4268c16 testClass = DataLoggerControllerTest, testInstance = kr.co.greetech.back.controller.DataLoggerControllerTest@4b50ebea, testMethod = one@DataLoggerControllerTest, testException = [null], mergedContextConfiguration = [WebMergedContextConfiguration@6baa673d testClass = DataLoggerControllerTest, locations = '{}', classes = '{class kr.co.greetech.back.BackApplication}', contextInitializerClasses = '[]', activeProfiles = '{}', propertySourceLocations = '{}', propertySourceProperties = '{org.springframework.boot.test.context.SpringBootTestContextBootstrapper=true}', contextCustomizers = set[org.springframework.boot.test.autoconfigure.actuate.metrics.MetricsExportContextCustomizerFactory$DisableMetricExportContextCustomizer@59d2103b, org.springframework.boot.test.autoconfigure.properties.PropertyMappingContextCustomizer@4b3fa0b3, org.springframework.boot.test.autoconfigure.web.servlet.WebDriverContextCustomizerFactory$Customizer@72a85671, [ImportsContextCustomizer@124b1369 key = [@org.apiguardian.api.API(consumers={"*"}, since="5.0", status=STABLE), @org.springframework.test.context.BootstrapWith(value=org.springframework.boot.test.context.SpringBootTestContextBootstrapper.class), @org.springframework.boot.test.autoconfigure.web.servlet.AutoConfigureMockMvc(webDriverEnabled=true, print=DEFAULT, webClientEnabled=true, printOnlyOnFailure=true, addFilters=true), @org.springframework.boot.test.autoconfigure.properties.PropertyMapping(value="spring.test.mockmvc", skip=NO), @org.springframework.context.annotation.Import(value={org.springframework.boot.autoconfigure.AutoConfigurationImportSelector.class}), @org.springframework.boot.test.context.SpringBootTest(args={}, webEnvironment=MOCK, value={}, properties={}, classes={}), @org.junit.jupiter.api.extension.ExtendWith(value={org.springframework.test.context.junit.jupiter.SpringExtension.class}), @org.springframework.boot.autoconfigure.EnableAutoConfiguration(excludeName={}, exclude={org.springframework.boot.autoconfigure.security.servlet.SecurityAutoConfiguration.class}), @org.springframework.boot.autoconfigure.ImportAutoConfiguration(value={}, exclude={}, classes={}), @org.springframework.context.annotation.Import(value={org.springframework.boot.autoconfigure.AutoConfigurationPackages$Registrar.class}), @org.springframework.boot.autoconfigure.AutoConfigurationPackage(basePackages={}, basePackageClasses={}), @org.springframework.context.annotation.Import(value={org.springframework.boot.autoconfigure.ImportAutoConfigurationImportSelector.class}), @org.springframework.transaction.annotation.Transactional(propagation=REQUIRED, rollbackForClassName={}, readOnly=false, transactionManager="", isolation=DEFAULT, timeoutString="", label={}, noRollbackForClassName={}, noRollbackFor={}, value="", timeout=-1, rollbackFor={})]], org.springframework.boot.test.context.filter.ExcludeFilterContextCustomizer@4ae33a11, org.springframework.boot.test.json.DuplicateJsonObjectContextCustomizerFactory$DuplicateJsonObjectContextCustomizer@3a94964, org.springframework.boot.test.mock.mockito.MockitoContextCustomizer@0, org.springframework.boot.test.web.client.TestRestTemplateContextCustomizer@3185fa6b, org.springframework.boot.test.context.SpringBootTestArgs@1, org.springframework.boot.test.context.SpringBootTestWebEnvironment@7cb502c], resourceBasePath = 'src/main/webapp', contextLoader = 'org.springframework.boot.test.context.SpringBootContextLoader', parent = [null]], attributes = map['org.springframework.test.context.web.ServletTestExecutionListener.activateListener' -> true, 'org.springframework.test.context.web.ServletTestExecutionListener.populatedRequestContextHolder' -> true, 'org.springframework.test.context.web.ServletTestExecutionListener.resetRequestContextHolder' -> true, 'org.springframework.test.context.event.ApplicationEventsTestExecutionListener.recordApplicationEvents' -> false]]; transaction manager [org.springframework.orm.jpa.JpaTransactionManager@4fae8455]; rollback [true]
2021-12-28 09:50:33.456 DEBUG 2316 --- [    Test worker] org.hibernate.SQL                        : 
    call next value for hibernate_sequence
2021-12-28 09:50:33.456  INFO 2316 --- [    Test worker] p6spy                                    : #1640652633456 | took 0ms | statement | connection 9| url jdbc:h2:tcp://localhost/~/greentech
call next value for hibernate_sequence
call next value for hibernate_sequence;
2021-12-28 09:50:33.573  INFO 2316 --- [    Test worker] p6spy                                    : #1640652633573 | took 0ms | rollback | connection 9| url jdbc:h2:tcp://localhost/~/greentech

;
2021-12-28 09:50:33.573  INFO 2316 --- [    Test worker] o.s.t.c.transaction.TransactionContext   : Rolled back transaction for test: [DefaultTestContext@4268c16 testClass = DataLoggerControllerTest, testInstance = kr.co.greetech.back.controller.DataLoggerControllerTest@4b50ebea, testMethod = one@DataLoggerControllerTest, testException = [null], mergedContextConfiguration = [WebMergedContextConfiguration@6baa673d testClass = DataLoggerControllerTest, locations = '{}', classes = '{class kr.co.greetech.back.BackApplication}', contextInitializerClasses = '[]', activeProfiles = '{}', propertySourceLocations = '{}', propertySourceProperties = '{org.springframework.boot.test.context.SpringBootTestContextBootstrapper=true}', contextCustomizers = set[org.springframework.boot.test.autoconfigure.actuate.metrics.MetricsExportContextCustomizerFactory$DisableMetricExportContextCustomizer@59d2103b, org.springframework.boot.test.autoconfigure.properties.PropertyMappingContextCustomizer@4b3fa0b3, org.springframework.boot.test.autoconfigure.web.servlet.WebDriverContextCustomizerFactory$Customizer@72a85671, [ImportsContextCustomizer@124b1369 key = [@org.apiguardian.api.API(consumers={"*"}, since="5.0", status=STABLE), @org.springframework.test.context.BootstrapWith(value=org.springframework.boot.test.context.SpringBootTestContextBootstrapper.class), @org.springframework.boot.test.autoconfigure.web.servlet.AutoConfigureMockMvc(webDriverEnabled=true, print=DEFAULT, webClientEnabled=true, printOnlyOnFailure=true, addFilters=true), @org.springframework.boot.test.autoconfigure.properties.PropertyMapping(value="spring.test.mockmvc", skip=NO), @org.springframework.context.annotation.Import(value={org.springframework.boot.autoconfigure.AutoConfigurationImportSelector.class}), @org.springframework.boot.test.context.SpringBootTest(args={}, webEnvironment=MOCK, value={}, properties={}, classes={}), @org.junit.jupiter.api.extension.ExtendWith(value={org.springframework.test.context.junit.jupiter.SpringExtension.class}), @org.springframework.boot.autoconfigure.EnableAutoConfiguration(excludeName={}, exclude={org.springframework.boot.autoconfigure.security.servlet.SecurityAutoConfiguration.class}), @org.springframework.boot.autoconfigure.ImportAutoConfiguration(value={}, exclude={}, classes={}), @org.springframework.context.annotation.Import(value={org.springframework.boot.autoconfigure.AutoConfigurationPackages$Registrar.class}), @org.springframework.boot.autoconfigure.AutoConfigurationPackage(basePackages={}, basePackageClasses={}), @org.springframework.context.annotation.Import(value={org.springframework.boot.autoconfigure.ImportAutoConfigurationImportSelector.class}), @org.springframework.transaction.annotation.Transactional(propagation=REQUIRED, rollbackForClassName={}, readOnly=false, transactionManager="", isolation=DEFAULT, timeoutString="", label={}, noRollbackForClassName={}, noRollbackFor={}, value="", timeout=-1, rollbackFor={})]], org.springframework.boot.test.context.filter.ExcludeFilterContextCustomizer@4ae33a11, org.springframework.boot.test.json.DuplicateJsonObjectContextCustomizerFactory$DuplicateJsonObjectContextCustomizer@3a94964, org.springframework.boot.test.mock.mockito.MockitoContextCustomizer@0, org.springframework.boot.test.web.client.TestRestTemplateContextCustomizer@3185fa6b, org.springframework.boot.test.context.SpringBootTestArgs@1, org.springframework.boot.test.context.SpringBootTestWebEnvironment@7cb502c], resourceBasePath = 'src/main/webapp', contextLoader = 'org.springframework.boot.test.context.SpringBootContextLoader', parent = [null]], attributes = map['org.springframework.test.context.web.ServletTestExecutionListener.activateListener' -> true, 'org.springframework.test.context.web.ServletTestExecutionListener.populatedRequestContextHolder' -> true, 'org.springframework.test.context.web.ServletTestExecutionListener.resetRequestContextHolder' -> true, 'org.springframework.test.context.event.ApplicationEventsTestExecutionListener.recordApplicationEvents' -> false]]
2021-12-28 09:50:33.580  INFO 2316 --- [    Test worker] o.s.t.c.transaction.TransactionContext   : Began transaction (1) for test context [DefaultTestContext@4268c16 testClass = DataLoggerControllerTest, testInstance = kr.co.greetech.back.controller.DataLoggerControllerTest@6cc91654, testMethod = list@DataLoggerControllerTest, testException = [null], mergedContextConfiguration = [WebMergedContextConfiguration@6baa673d testClass = DataLoggerControllerTest, locations = '{}', classes = '{class kr.co.greetech.back.BackApplication}', contextInitializerClasses = '[]', activeProfiles = '{}', propertySourceLocations = '{}', propertySourceProperties = '{org.springframework.boot.test.context.SpringBootTestContextBootstrapper=true}', contextCustomizers = set[org.springframework.boot.test.autoconfigure.actuate.metrics.MetricsExportContextCustomizerFactory$DisableMetricExportContextCustomizer@59d2103b, org.springframework.boot.test.autoconfigure.properties.PropertyMappingContextCustomizer@4b3fa0b3, org.springframework.boot.test.autoconfigure.web.servlet.WebDriverContextCustomizerFactory$Customizer@72a85671, [ImportsContextCustomizer@124b1369 key = [@org.apiguardian.api.API(consumers={"*"}, since="5.0", status=STABLE), @org.springframework.test.context.BootstrapWith(value=org.springframework.boot.test.context.SpringBootTestContextBootstrapper.class), @org.springframework.boot.test.autoconfigure.web.servlet.AutoConfigureMockMvc(webDriverEnabled=true, print=DEFAULT, webClientEnabled=true, printOnlyOnFailure=true, addFilters=true), @org.springframework.boot.test.autoconfigure.properties.PropertyMapping(value="spring.test.mockmvc", skip=NO), @org.springframework.context.annotation.Import(value={org.springframework.boot.autoconfigure.AutoConfigurationImportSelector.class}), @org.springframework.boot.test.context.SpringBootTest(args={}, webEnvironment=MOCK, value={}, properties={}, classes={}), @org.junit.jupiter.api.extension.ExtendWith(value={org.springframework.test.context.junit.jupiter.SpringExtension.class}), @org.springframework.boot.autoconfigure.EnableAutoConfiguration(excludeName={}, exclude={org.springframework.boot.autoconfigure.security.servlet.SecurityAutoConfiguration.class}), @org.springframework.boot.autoconfigure.ImportAutoConfiguration(value={}, exclude={}, classes={}), @org.springframework.context.annotation.Import(value={org.springframework.boot.autoconfigure.AutoConfigurationPackages$Registrar.class}), @org.springframework.boot.autoconfigure.AutoConfigurationPackage(basePackages={}, basePackageClasses={}), @org.springframework.context.annotation.Import(value={org.springframework.boot.autoconfigure.ImportAutoConfigurationImportSelector.class}), @org.springframework.transaction.annotation.Transactional(propagation=REQUIRED, rollbackForClassName={}, readOnly=false, transactionManager="", isolation=DEFAULT, timeoutString="", label={}, noRollbackForClassName={}, noRollbackFor={}, value="", timeout=-1, rollbackFor={})]], org.springframework.boot.test.context.filter.ExcludeFilterContextCustomizer@4ae33a11, org.springframework.boot.test.json.DuplicateJsonObjectContextCustomizerFactory$DuplicateJsonObjectContextCustomizer@3a94964, org.springframework.boot.test.mock.mockito.MockitoContextCustomizer@0, org.springframework.boot.test.web.client.TestRestTemplateContextCustomizer@3185fa6b, org.springframework.boot.test.context.SpringBootTestArgs@1, org.springframework.boot.test.context.SpringBootTestWebEnvironment@7cb502c], resourceBasePath = 'src/main/webapp', contextLoader = 'org.springframework.boot.test.context.SpringBootContextLoader', parent = [null]], attributes = map['org.springframework.test.context.web.ServletTestExecutionListener.activateListener' -> true, 'org.springframework.test.context.web.ServletTestExecutionListener.populatedRequestContextHolder' -> true, 'org.springframework.test.context.web.ServletTestExecutionListener.resetRequestContextHolder' -> true, 'org.springframework.test.context.event.ApplicationEventsTestExecutionListener.recordApplicationEvents' -> false]]; transaction manager [org.springframework.orm.jpa.JpaTransactionManager@4fae8455]; rollback [true]
2021-12-28 09:50:33.588 DEBUG 2316 --- [    Test worker] org.hibernate.SQL                        : 
    call next value for hibernate_sequence
2021-12-28 09:50:33.589  INFO 2316 --- [    Test worker] p6spy                                    : #1640652633589 | took 0ms | statement | connection 10| url jdbc:h2:tcp://localhost/~/greentech
call next value for hibernate_sequence
call next value for hibernate_sequence;
2021-12-28 09:50:33.589 DEBUG 2316 --- [    Test worker] org.hibernate.SQL                        : 
    call next value for hibernate_sequence
2021-12-28 09:50:33.589  INFO 2316 --- [    Test worker] p6spy                                    : #1640652633589 | took 0ms | statement | connection 10| url jdbc:h2:tcp://localhost/~/greentech
call next value for hibernate_sequence
call next value for hibernate_sequence;
2021-12-28 09:50:33.594 DEBUG 2316 --- [    Test worker] org.hibernate.SQL                        : 
    call next value for hibernate_sequence
2021-12-28 09:50:33.595  INFO 2316 --- [    Test worker] p6spy                                    : #1640652633595 | took 0ms | statement | connection 10| url jdbc:h2:tcp://localhost/~/greentech
call next value for hibernate_sequence
call next value for hibernate_sequence;
2021-12-28 09:50:33.595 DEBUG 2316 --- [    Test worker] org.hibernate.SQL                        : 
    call next value for hibernate_sequence
2021-12-28 09:50:33.595  INFO 2316 --- [    Test worker] p6spy                                    : #1640652633595 | took 0ms | statement | connection 10| url jdbc:h2:tcp://localhost/~/greentech
call next value for hibernate_sequence
call next value for hibernate_sequence;
2021-12-28 09:50:33.755 DEBUG 2316 --- [    Test worker] org.hibernate.SQL                        : 
    /* insert kr.co.greetech.back.entity.Company
        */ insert 
        into
            company
            (created_time, last_modified_time, login_id, login_pw, name, company_id) 
        values
            (?, ?, ?, ?, ?, ?)
2021-12-28 09:50:33.781  INFO 2316 --- [    Test worker] p6spy                                    : #1640652633781 | took 1ms | statement | connection 10| url jdbc:h2:tcp://localhost/~/greentech
/* insert kr.co.greetech.back.entity.Company */ insert into company (created_time, last_modified_time, login_id, login_pw, name, company_id) values (?, ?, ?, ?, ?, ?)
/* insert kr.co.greetech.back.entity.Company */ insert into company (created_time, last_modified_time, login_id, login_pw, name, company_id) values ('2021-12-28T09:50:33.588+0900', '2021-12-28T09:50:33.588+0900', 'abcdefg', 'abcdefg1!', 'company', 4);
2021-12-28 09:50:33.791 DEBUG 2316 --- [    Test worker] org.hibernate.SQL                        : 
    /* insert kr.co.greetech.back.entity.DataLogger
        */ insert 
        into
            data_logger
            (created_time, last_modified_time, channel_name, company_id, model_name, type, unit, data_logger_id) 
        values
            (?, ?, ?, ?, ?, ?, ?, ?)
2021-12-28 09:50:33.797  INFO 2316 --- [    Test worker] p6spy                                    : #1640652633797 | took 0ms | statement | connection 10| url jdbc:h2:tcp://localhost/~/greentech
/* insert kr.co.greetech.back.entity.DataLogger */ insert into data_logger (created_time, last_modified_time, channel_name, company_id, model_name, type, unit, data_logger_id) values (?, ?, ?, ?, ?, ?, ?, ?)
/* insert kr.co.greetech.back.entity.DataLogger */ insert into data_logger (created_time, last_modified_time, channel_name, company_id, model_name, type, unit, data_logger_id) values ('2021-12-28T09:50:33.589+0900', '2021-12-28T09:50:33.589+0900', '', 4, 'dataLogger', 'STATIC', '', 5);
2021-12-28 09:50:33.797 DEBUG 2316 --- [    Test worker] org.hibernate.SQL                        : 
    /* insert kr.co.greetech.back.entity.DataLogger
        */ insert 
        into
            data_logger
            (created_time, last_modified_time, channel_name, company_id, model_name, type, unit, data_logger_id) 
        values
            (?, ?, ?, ?, ?, ?, ?, ?)
2021-12-28 09:50:33.797  INFO 2316 --- [    Test worker] p6spy                                    : #1640652633797 | took 0ms | statement | connection 10| url jdbc:h2:tcp://localhost/~/greentech
/* insert kr.co.greetech.back.entity.DataLogger */ insert into data_logger (created_time, last_modified_time, channel_name, company_id, model_name, type, unit, data_logger_id) values (?, ?, ?, ?, ?, ?, ?, ?)
/* insert kr.co.greetech.back.entity.DataLogger */ insert into data_logger (created_time, last_modified_time, channel_name, company_id, model_name, type, unit, data_logger_id) values ('2021-12-28T09:50:33.589+0900', '2021-12-28T09:50:33.589+0900', '', 4, 'dataLogger', 'STATIC', '', 6);
2021-12-28 09:50:33.805 DEBUG 2316 --- [    Test worker] org.hibernate.SQL                        : 
    /* insert kr.co.greetech.back.entity.DataLogger
        */ insert 
        into
            data_logger
            (created_time, last_modified_time, channel_name, company_id, model_name, type, unit, data_logger_id) 
        values
            (?, ?, ?, ?, ?, ?, ?, ?)
2021-12-28 09:50:33.805  INFO 2316 --- [    Test worker] p6spy                                    : #1640652633805 | took 0ms | statement | connection 10| url jdbc:h2:tcp://localhost/~/greentech
/* insert kr.co.greetech.back.entity.DataLogger */ insert into data_logger (created_time, last_modified_time, channel_name, company_id, model_name, type, unit, data_logger_id) values (?, ?, ?, ?, ?, ?, ?, ?)
/* insert kr.co.greetech.back.entity.DataLogger */ insert into data_logger (created_time, last_modified_time, channel_name, company_id, model_name, type, unit, data_logger_id) values ('2021-12-28T09:50:33.595+0900', '2021-12-28T09:50:33.595+0900', '', 4, 'dataLogger', 'STATIC', '', 7);
2021-12-28 09:50:33.823 DEBUG 2316 --- [    Test worker] org.hibernate.SQL                        : 
    /* select
        generatedAlias0 
    from
        DataLogger as generatedAlias0 
    left join
        generatedAlias0.company as generatedAlias1 
    where
        generatedAlias1.id=:param0 */ select
            datalogger0_.data_logger_id as data_log1_1_,
            datalogger0_.created_time as created_2_1_,
            datalogger0_.last_modified_time as last_mod3_1_,
            datalogger0_.channel_name as channel_4_1_,
            datalogger0_.company_id as company_8_1_,
            datalogger0_.model_name as model_na5_1_,
            datalogger0_.type as type6_1_,
            datalogger0_.unit as unit7_1_ 
        from
            data_logger datalogger0_ 
        left outer join
            company company1_ 
                on datalogger0_.company_id=company1_.company_id 
        where
            company1_.company_id=?
2021-12-28 09:50:33.830  INFO 2316 --- [    Test worker] p6spy                                    : #1640652633830 | took 1ms | statement | connection 10| url jdbc:h2:tcp://localhost/~/greentech
/* select generatedAlias0 from DataLogger as generatedAlias0 left join generatedAlias0.company as generatedAlias1 where generatedAlias1.id=:param0 */ select datalogger0_.data_logger_id as data_log1_1_, datalogger0_.created_time as created_2_1_, datalogger0_.last_modified_time as last_mod3_1_, datalogger0_.channel_name as channel_4_1_, datalogger0_.company_id as company_8_1_, datalogger0_.model_name as model_na5_1_, datalogger0_.type as type6_1_, datalogger0_.unit as unit7_1_ from data_logger datalogger0_ left outer join company company1_ on datalogger0_.company_id=company1_.company_id where company1_.company_id=?
/* select generatedAlias0 from DataLogger as generatedAlias0 left join generatedAlias0.company as generatedAlias1 where generatedAlias1.id=:param0 */ select datalogger0_.data_logger_id as data_log1_1_, datalogger0_.created_time as created_2_1_, datalogger0_.last_modified_time as last_mod3_1_, datalogger0_.channel_name as channel_4_1_, datalogger0_.company_id as company_8_1_, datalogger0_.model_name as model_na5_1_, datalogger0_.type as type6_1_, datalogger0_.unit as unit7_1_ from data_logger datalogger0_ left outer join company company1_ on datalogger0_.company_id=company1_.company_id where company1_.company_id=4;
2021-12-28 09:50:33.872  INFO 2316 --- [    Test worker] p6spy                                    : #1640652633872 | took 1ms | rollback | connection 10| url jdbc:h2:tcp://localhost/~/greentech

;
2021-12-28 09:50:33.872  INFO 2316 --- [    Test worker] o.s.t.c.transaction.TransactionContext   : Rolled back transaction for test: [DefaultTestContext@4268c16 testClass = DataLoggerControllerTest, testInstance = kr.co.greetech.back.controller.DataLoggerControllerTest@6cc91654, testMethod = list@DataLoggerControllerTest, testException = [null], mergedContextConfiguration = [WebMergedContextConfiguration@6baa673d testClass = DataLoggerControllerTest, locations = '{}', classes = '{class kr.co.greetech.back.BackApplication}', contextInitializerClasses = '[]', activeProfiles = '{}', propertySourceLocations = '{}', propertySourceProperties = '{org.springframework.boot.test.context.SpringBootTestContextBootstrapper=true}', contextCustomizers = set[org.springframework.boot.test.autoconfigure.actuate.metrics.MetricsExportContextCustomizerFactory$DisableMetricExportContextCustomizer@59d2103b, org.springframework.boot.test.autoconfigure.properties.PropertyMappingContextCustomizer@4b3fa0b3, org.springframework.boot.test.autoconfigure.web.servlet.WebDriverContextCustomizerFactory$Customizer@72a85671, [ImportsContextCustomizer@124b1369 key = [@org.apiguardian.api.API(consumers={"*"}, since="5.0", status=STABLE), @org.springframework.test.context.BootstrapWith(value=org.springframework.boot.test.context.SpringBootTestContextBootstrapper.class), @org.springframework.boot.test.autoconfigure.web.servlet.AutoConfigureMockMvc(webDriverEnabled=true, print=DEFAULT, webClientEnabled=true, printOnlyOnFailure=true, addFilters=true), @org.springframework.boot.test.autoconfigure.properties.PropertyMapping(value="spring.test.mockmvc", skip=NO), @org.springframework.context.annotation.Import(value={org.springframework.boot.autoconfigure.AutoConfigurationImportSelector.class}), @org.springframework.boot.test.context.SpringBootTest(args={}, webEnvironment=MOCK, value={}, properties={}, classes={}), @org.junit.jupiter.api.extension.ExtendWith(value={org.springframework.test.context.junit.jupiter.SpringExtension.class}), @org.springframework.boot.autoconfigure.EnableAutoConfiguration(excludeName={}, exclude={org.springframework.boot.autoconfigure.security.servlet.SecurityAutoConfiguration.class}), @org.springframework.boot.autoconfigure.ImportAutoConfiguration(value={}, exclude={}, classes={}), @org.springframework.context.annotation.Import(value={org.springframework.boot.autoconfigure.AutoConfigurationPackages$Registrar.class}), @org.springframework.boot.autoconfigure.AutoConfigurationPackage(basePackages={}, basePackageClasses={}), @org.springframework.context.annotation.Import(value={org.springframework.boot.autoconfigure.ImportAutoConfigurationImportSelector.class}), @org.springframework.transaction.annotation.Transactional(propagation=REQUIRED, rollbackForClassName={}, readOnly=false, transactionManager="", isolation=DEFAULT, timeoutString="", label={}, noRollbackForClassName={}, noRollbackFor={}, value="", timeout=-1, rollbackFor={})]], org.springframework.boot.test.context.filter.ExcludeFilterContextCustomizer@4ae33a11, org.springframework.boot.test.json.DuplicateJsonObjectContextCustomizerFactory$DuplicateJsonObjectContextCustomizer@3a94964, org.springframework.boot.test.mock.mockito.MockitoContextCustomizer@0, org.springframework.boot.test.web.client.TestRestTemplateContextCustomizer@3185fa6b, org.springframework.boot.test.context.SpringBootTestArgs@1, org.springframework.boot.test.context.SpringBootTestWebEnvironment@7cb502c], resourceBasePath = 'src/main/webapp', contextLoader = 'org.springframework.boot.test.context.SpringBootContextLoader', parent = [null]], attributes = map['org.springframework.test.context.web.ServletTestExecutionListener.activateListener' -> true, 'org.springframework.test.context.web.ServletTestExecutionListener.populatedRequestContextHolder' -> true, 'org.springframework.test.context.web.ServletTestExecutionListener.resetRequestContextHolder' -> true, 'org.springframework.test.context.event.ApplicationEventsTestExecutionListener.recordApplicationEvents' -> false]]
]]></system-out>
  <system-err><![CDATA[]]></system-err>
</testsuite>
