<?xml version="1.0" encoding="UTF-8"?>
<testsuite name="kr.co.greetech.back.controller.DataLoggerControllerTest" tests="3" skipped="0" failures="0" errors="0" timestamp="2021-09-08T01:10:21" hostname="LAPTOP-JLJ2VI1H" time="0.103">
  <properties/>
  <testcase name="create()" classname="kr.co.greetech.back.controller.DataLoggerControllerTest" time="0.044"/>
  <testcase name="one()" classname="kr.co.greetech.back.controller.DataLoggerControllerTest" time="0.015"/>
  <testcase name="list()" classname="kr.co.greetech.back.controller.DataLoggerControllerTest" time="0.041"/>
  <system-out><![CDATA[2021-09-08 10:10:21.339  INFO 12984 --- [    Test worker] .b.t.c.SpringBootTestContextBootstrapper : Neither @ContextConfiguration nor @ContextHierarchy found for test class [kr.co.greetech.back.controller.DataLoggerControllerTest], using SpringBootContextLoader
2021-09-08 10:10:21.339  INFO 12984 --- [    Test worker] o.s.t.c.support.AbstractContextLoader    : Could not detect default resource locations for test class [kr.co.greetech.back.controller.DataLoggerControllerTest]: no resource found for suffixes {-context.xml, Context.groovy}.
2021-09-08 10:10:21.339  INFO 12984 --- [    Test worker] t.c.s.AnnotationConfigContextLoaderUtils : Could not detect default configuration classes for test class [kr.co.greetech.back.controller.DataLoggerControllerTest]: DataLoggerControllerTest does not declare any static, non-private, non-final, nested classes annotated with @Configuration.
2021-09-08 10:10:21.339  INFO 12984 --- [    Test worker] .b.t.c.SpringBootTestContextBootstrapper : Found @SpringBootConfiguration kr.co.greetech.back.BackApplication for test class kr.co.greetech.back.controller.DataLoggerControllerTest
2021-09-08 10:10:21.339  INFO 12984 --- [    Test worker] .b.t.c.SpringBootTestContextBootstrapper : Loaded default TestExecutionListener class names from location [META-INF/spring.factories]: [org.springframework.boot.test.autoconfigure.restdocs.RestDocsTestExecutionListener, org.springframework.boot.test.autoconfigure.web.client.MockRestServiceServerResetTestExecutionListener, org.springframework.boot.test.autoconfigure.web.servlet.MockMvcPrintOnlyOnFailureTestExecutionListener, org.springframework.boot.test.autoconfigure.web.servlet.WebDriverTestExecutionListener, org.springframework.boot.test.autoconfigure.webservices.client.MockWebServiceServerTestExecutionListener, org.springframework.boot.test.mock.mockito.MockitoTestExecutionListener, org.springframework.boot.test.mock.mockito.ResetMocksTestExecutionListener, org.springframework.test.context.web.ServletTestExecutionListener, org.springframework.test.context.support.DirtiesContextBeforeModesTestExecutionListener, org.springframework.test.context.event.ApplicationEventsTestExecutionListener, org.springframework.test.context.support.DependencyInjectionTestExecutionListener, org.springframework.test.context.support.DirtiesContextTestExecutionListener, org.springframework.test.context.transaction.TransactionalTestExecutionListener, org.springframework.test.context.jdbc.SqlScriptsTestExecutionListener, org.springframework.test.context.event.EventPublishingTestExecutionListener]
2021-09-08 10:10:21.339  INFO 12984 --- [    Test worker] .b.t.c.SpringBootTestContextBootstrapper : Using TestExecutionListeners: [org.springframework.test.context.web.ServletTestExecutionListener@3a923571, org.springframework.test.context.support.DirtiesContextBeforeModesTestExecutionListener@6af6750b, org.springframework.test.context.event.ApplicationEventsTestExecutionListener@21abd6f, org.springframework.boot.test.mock.mockito.MockitoTestExecutionListener@311bf446, org.springframework.boot.test.autoconfigure.SpringBootDependencyInjectionTestExecutionListener@1a0966a9, org.springframework.test.context.support.DirtiesContextTestExecutionListener@430e06ce, org.springframework.test.context.transaction.TransactionalTestExecutionListener@14282a05, org.springframework.test.context.jdbc.SqlScriptsTestExecutionListener@7aff5502, org.springframework.test.context.event.EventPublishingTestExecutionListener@2b1248da, org.springframework.boot.test.autoconfigure.restdocs.RestDocsTestExecutionListener@18991300, org.springframework.boot.test.autoconfigure.web.client.MockRestServiceServerResetTestExecutionListener@4db46a14, org.springframework.boot.test.autoconfigure.web.servlet.MockMvcPrintOnlyOnFailureTestExecutionListener@4d6371e5, org.springframework.boot.test.autoconfigure.web.servlet.WebDriverTestExecutionListener@740ea40b, org.springframework.boot.test.autoconfigure.webservices.client.MockWebServiceServerTestExecutionListener@24dfa899, org.springframework.boot.test.mock.mockito.ResetMocksTestExecutionListener@4ad582dc]
2021-09-08 10:10:21.355  INFO 12984 --- [    Test worker] o.s.t.c.transaction.TransactionContext   : Began transaction (1) for test context [DefaultTestContext@44021701 testClass = DataLoggerControllerTest, testInstance = kr.co.greetech.back.controller.DataLoggerControllerTest@22a7be3f, testMethod = create@DataLoggerControllerTest, testException = [null], mergedContextConfiguration = [WebMergedContextConfiguration@475cdaaf testClass = DataLoggerControllerTest, locations = '{}', classes = '{class kr.co.greetech.back.BackApplication}', contextInitializerClasses = '[]', activeProfiles = '{}', propertySourceLocations = '{}', propertySourceProperties = '{org.springframework.boot.test.context.SpringBootTestContextBootstrapper=true}', contextCustomizers = set[org.springframework.boot.test.autoconfigure.actuate.metrics.MetricsExportContextCustomizerFactory$DisableMetricExportContextCustomizer@31e00b85, org.springframework.boot.test.autoconfigure.properties.PropertyMappingContextCustomizer@4b3fa0b3, org.springframework.boot.test.autoconfigure.web.servlet.WebDriverContextCustomizerFactory$Customizer@234cb822, [ImportsContextCustomizer@5d7c176b key = [org.springframework.boot.test.autoconfigure.web.servlet.MockMvcAutoConfiguration, org.springframework.boot.test.autoconfigure.web.servlet.MockMvcWebClientAutoConfiguration, org.springframework.boot.test.autoconfigure.web.servlet.MockMvcWebDriverAutoConfiguration, org.springframework.boot.autoconfigure.security.oauth2.client.servlet.OAuth2ClientAutoConfiguration, org.springframework.boot.autoconfigure.security.oauth2.resource.servlet.OAuth2ResourceServerAutoConfiguration, org.springframework.boot.autoconfigure.security.servlet.SecurityAutoConfiguration, org.springframework.boot.autoconfigure.security.servlet.SecurityFilterAutoConfiguration, org.springframework.boot.autoconfigure.security.servlet.UserDetailsServiceAutoConfiguration, org.springframework.boot.test.autoconfigure.web.servlet.MockMvcSecurityConfiguration]], org.springframework.boot.test.context.filter.ExcludeFilterContextCustomizer@2f51503c, org.springframework.boot.test.json.DuplicateJsonObjectContextCustomizerFactory$DuplicateJsonObjectContextCustomizer@3e2388eb, org.springframework.boot.test.mock.mockito.MockitoContextCustomizer@0, org.springframework.boot.test.web.client.TestRestTemplateContextCustomizer@49effbf1, org.springframework.boot.test.context.SpringBootTestArgs@1, org.springframework.boot.test.context.SpringBootTestWebEnvironment@1d78f20b], resourceBasePath = 'src/main/webapp', contextLoader = 'org.springframework.boot.test.context.SpringBootContextLoader', parent = [null]], attributes = map['org.springframework.test.context.web.ServletTestExecutionListener.activateListener' -> true, 'org.springframework.test.context.web.ServletTestExecutionListener.populatedRequestContextHolder' -> true, 'org.springframework.test.context.web.ServletTestExecutionListener.resetRequestContextHolder' -> true, 'org.springframework.test.context.event.ApplicationEventsTestExecutionListener.recordApplicationEvents' -> false]]; transaction manager [org.springframework.orm.jpa.JpaTransactionManager@3a200bb7]; rollback [true]
2021-09-08 10:10:21.355 DEBUG 12984 --- [    Test worker] org.hibernate.SQL                        : 
    call next value for hibernate_sequence
2021-09-08 10:10:21.355  INFO 12984 --- [    Test worker] p6spy                                    : #1631063421355 | took 0ms | statement | connection 11| url jdbc:h2:tcp://localhost/~/greentech
call next value for hibernate_sequence
call next value for hibernate_sequence;
2021-09-08 10:10:21.386 DEBUG 12984 --- [    Test worker] org.hibernate.SQL                        : 
    call next value for hibernate_sequence
2021-09-08 10:10:21.386  INFO 12984 --- [    Test worker] p6spy                                    : #1631063421386 | took 0ms | statement | connection 11| url jdbc:h2:tcp://localhost/~/greentech
call next value for hibernate_sequence
call next value for hibernate_sequence;
2021-09-08 10:10:21.386  INFO 12984 --- [    Test worker] p6spy                                    : #1631063421386 | took 0ms | rollback | connection 11| url jdbc:h2:tcp://localhost/~/greentech

;
2021-09-08 10:10:21.386  INFO 12984 --- [    Test worker] o.s.t.c.transaction.TransactionContext   : Rolled back transaction for test: [DefaultTestContext@44021701 testClass = DataLoggerControllerTest, testInstance = kr.co.greetech.back.controller.DataLoggerControllerTest@22a7be3f, testMethod = create@DataLoggerControllerTest, testException = [null], mergedContextConfiguration = [WebMergedContextConfiguration@475cdaaf testClass = DataLoggerControllerTest, locations = '{}', classes = '{class kr.co.greetech.back.BackApplication}', contextInitializerClasses = '[]', activeProfiles = '{}', propertySourceLocations = '{}', propertySourceProperties = '{org.springframework.boot.test.context.SpringBootTestContextBootstrapper=true}', contextCustomizers = set[org.springframework.boot.test.autoconfigure.actuate.metrics.MetricsExportContextCustomizerFactory$DisableMetricExportContextCustomizer@31e00b85, org.springframework.boot.test.autoconfigure.properties.PropertyMappingContextCustomizer@4b3fa0b3, org.springframework.boot.test.autoconfigure.web.servlet.WebDriverContextCustomizerFactory$Customizer@234cb822, [ImportsContextCustomizer@5d7c176b key = [org.springframework.boot.test.autoconfigure.web.servlet.MockMvcAutoConfiguration, org.springframework.boot.test.autoconfigure.web.servlet.MockMvcWebClientAutoConfiguration, org.springframework.boot.test.autoconfigure.web.servlet.MockMvcWebDriverAutoConfiguration, org.springframework.boot.autoconfigure.security.oauth2.client.servlet.OAuth2ClientAutoConfiguration, org.springframework.boot.autoconfigure.security.oauth2.resource.servlet.OAuth2ResourceServerAutoConfiguration, org.springframework.boot.autoconfigure.security.servlet.SecurityAutoConfiguration, org.springframework.boot.autoconfigure.security.servlet.SecurityFilterAutoConfiguration, org.springframework.boot.autoconfigure.security.servlet.UserDetailsServiceAutoConfiguration, org.springframework.boot.test.autoconfigure.web.servlet.MockMvcSecurityConfiguration]], org.springframework.boot.test.context.filter.ExcludeFilterContextCustomizer@2f51503c, org.springframework.boot.test.json.DuplicateJsonObjectContextCustomizerFactory$DuplicateJsonObjectContextCustomizer@3e2388eb, org.springframework.boot.test.mock.mockito.MockitoContextCustomizer@0, org.springframework.boot.test.web.client.TestRestTemplateContextCustomizer@49effbf1, org.springframework.boot.test.context.SpringBootTestArgs@1, org.springframework.boot.test.context.SpringBootTestWebEnvironment@1d78f20b], resourceBasePath = 'src/main/webapp', contextLoader = 'org.springframework.boot.test.context.SpringBootContextLoader', parent = [null]], attributes = map['org.springframework.test.context.web.ServletTestExecutionListener.activateListener' -> true, 'org.springframework.test.context.web.ServletTestExecutionListener.populatedRequestContextHolder' -> true, 'org.springframework.test.context.web.ServletTestExecutionListener.resetRequestContextHolder' -> true, 'org.springframework.test.context.event.ApplicationEventsTestExecutionListener.recordApplicationEvents' -> false]]
2021-09-08 10:10:21.402  INFO 12984 --- [    Test worker] o.s.t.c.transaction.TransactionContext   : Began transaction (1) for test context [DefaultTestContext@44021701 testClass = DataLoggerControllerTest, testInstance = kr.co.greetech.back.controller.DataLoggerControllerTest@2133a955, testMethod = one@DataLoggerControllerTest, testException = [null], mergedContextConfiguration = [WebMergedContextConfiguration@475cdaaf testClass = DataLoggerControllerTest, locations = '{}', classes = '{class kr.co.greetech.back.BackApplication}', contextInitializerClasses = '[]', activeProfiles = '{}', propertySourceLocations = '{}', propertySourceProperties = '{org.springframework.boot.test.context.SpringBootTestContextBootstrapper=true}', contextCustomizers = set[org.springframework.boot.test.autoconfigure.actuate.metrics.MetricsExportContextCustomizerFactory$DisableMetricExportContextCustomizer@31e00b85, org.springframework.boot.test.autoconfigure.properties.PropertyMappingContextCustomizer@4b3fa0b3, org.springframework.boot.test.autoconfigure.web.servlet.WebDriverContextCustomizerFactory$Customizer@234cb822, [ImportsContextCustomizer@5d7c176b key = [org.springframework.boot.test.autoconfigure.web.servlet.MockMvcAutoConfiguration, org.springframework.boot.test.autoconfigure.web.servlet.MockMvcWebClientAutoConfiguration, org.springframework.boot.test.autoconfigure.web.servlet.MockMvcWebDriverAutoConfiguration, org.springframework.boot.autoconfigure.security.oauth2.client.servlet.OAuth2ClientAutoConfiguration, org.springframework.boot.autoconfigure.security.oauth2.resource.servlet.OAuth2ResourceServerAutoConfiguration, org.springframework.boot.autoconfigure.security.servlet.SecurityAutoConfiguration, org.springframework.boot.autoconfigure.security.servlet.SecurityFilterAutoConfiguration, org.springframework.boot.autoconfigure.security.servlet.UserDetailsServiceAutoConfiguration, org.springframework.boot.test.autoconfigure.web.servlet.MockMvcSecurityConfiguration]], org.springframework.boot.test.context.filter.ExcludeFilterContextCustomizer@2f51503c, org.springframework.boot.test.json.DuplicateJsonObjectContextCustomizerFactory$DuplicateJsonObjectContextCustomizer@3e2388eb, org.springframework.boot.test.mock.mockito.MockitoContextCustomizer@0, org.springframework.boot.test.web.client.TestRestTemplateContextCustomizer@49effbf1, org.springframework.boot.test.context.SpringBootTestArgs@1, org.springframework.boot.test.context.SpringBootTestWebEnvironment@1d78f20b], resourceBasePath = 'src/main/webapp', contextLoader = 'org.springframework.boot.test.context.SpringBootContextLoader', parent = [null]], attributes = map['org.springframework.test.context.web.ServletTestExecutionListener.activateListener' -> true, 'org.springframework.test.context.web.ServletTestExecutionListener.populatedRequestContextHolder' -> true, 'org.springframework.test.context.web.ServletTestExecutionListener.resetRequestContextHolder' -> true, 'org.springframework.test.context.event.ApplicationEventsTestExecutionListener.recordApplicationEvents' -> false]]; transaction manager [org.springframework.orm.jpa.JpaTransactionManager@3a200bb7]; rollback [true]
2021-09-08 10:10:21.402 DEBUG 12984 --- [    Test worker] org.hibernate.SQL                        : 
    call next value for hibernate_sequence
2021-09-08 10:10:21.402  INFO 12984 --- [    Test worker] p6spy                                    : #1631063421402 | took 0ms | statement | connection 12| url jdbc:h2:tcp://localhost/~/greentech
call next value for hibernate_sequence
call next value for hibernate_sequence;
2021-09-08 10:10:21.402  INFO 12984 --- [    Test worker] p6spy                                    : #1631063421402 | took 0ms | rollback | connection 12| url jdbc:h2:tcp://localhost/~/greentech

;
2021-09-08 10:10:21.402  INFO 12984 --- [    Test worker] o.s.t.c.transaction.TransactionContext   : Rolled back transaction for test: [DefaultTestContext@44021701 testClass = DataLoggerControllerTest, testInstance = kr.co.greetech.back.controller.DataLoggerControllerTest@2133a955, testMethod = one@DataLoggerControllerTest, testException = [null], mergedContextConfiguration = [WebMergedContextConfiguration@475cdaaf testClass = DataLoggerControllerTest, locations = '{}', classes = '{class kr.co.greetech.back.BackApplication}', contextInitializerClasses = '[]', activeProfiles = '{}', propertySourceLocations = '{}', propertySourceProperties = '{org.springframework.boot.test.context.SpringBootTestContextBootstrapper=true}', contextCustomizers = set[org.springframework.boot.test.autoconfigure.actuate.metrics.MetricsExportContextCustomizerFactory$DisableMetricExportContextCustomizer@31e00b85, org.springframework.boot.test.autoconfigure.properties.PropertyMappingContextCustomizer@4b3fa0b3, org.springframework.boot.test.autoconfigure.web.servlet.WebDriverContextCustomizerFactory$Customizer@234cb822, [ImportsContextCustomizer@5d7c176b key = [org.springframework.boot.test.autoconfigure.web.servlet.MockMvcAutoConfiguration, org.springframework.boot.test.autoconfigure.web.servlet.MockMvcWebClientAutoConfiguration, org.springframework.boot.test.autoconfigure.web.servlet.MockMvcWebDriverAutoConfiguration, org.springframework.boot.autoconfigure.security.oauth2.client.servlet.OAuth2ClientAutoConfiguration, org.springframework.boot.autoconfigure.security.oauth2.resource.servlet.OAuth2ResourceServerAutoConfiguration, org.springframework.boot.autoconfigure.security.servlet.SecurityAutoConfiguration, org.springframework.boot.autoconfigure.security.servlet.SecurityFilterAutoConfiguration, org.springframework.boot.autoconfigure.security.servlet.UserDetailsServiceAutoConfiguration, org.springframework.boot.test.autoconfigure.web.servlet.MockMvcSecurityConfiguration]], org.springframework.boot.test.context.filter.ExcludeFilterContextCustomizer@2f51503c, org.springframework.boot.test.json.DuplicateJsonObjectContextCustomizerFactory$DuplicateJsonObjectContextCustomizer@3e2388eb, org.springframework.boot.test.mock.mockito.MockitoContextCustomizer@0, org.springframework.boot.test.web.client.TestRestTemplateContextCustomizer@49effbf1, org.springframework.boot.test.context.SpringBootTestArgs@1, org.springframework.boot.test.context.SpringBootTestWebEnvironment@1d78f20b], resourceBasePath = 'src/main/webapp', contextLoader = 'org.springframework.boot.test.context.SpringBootContextLoader', parent = [null]], attributes = map['org.springframework.test.context.web.ServletTestExecutionListener.activateListener' -> true, 'org.springframework.test.context.web.ServletTestExecutionListener.populatedRequestContextHolder' -> true, 'org.springframework.test.context.web.ServletTestExecutionListener.resetRequestContextHolder' -> true, 'org.springframework.test.context.event.ApplicationEventsTestExecutionListener.recordApplicationEvents' -> false]]
2021-09-08 10:10:21.417  INFO 12984 --- [    Test worker] o.s.t.c.transaction.TransactionContext   : Began transaction (1) for test context [DefaultTestContext@44021701 testClass = DataLoggerControllerTest, testInstance = kr.co.greetech.back.controller.DataLoggerControllerTest@386e4dc9, testMethod = list@DataLoggerControllerTest, testException = [null], mergedContextConfiguration = [WebMergedContextConfiguration@475cdaaf testClass = DataLoggerControllerTest, locations = '{}', classes = '{class kr.co.greetech.back.BackApplication}', contextInitializerClasses = '[]', activeProfiles = '{}', propertySourceLocations = '{}', propertySourceProperties = '{org.springframework.boot.test.context.SpringBootTestContextBootstrapper=true}', contextCustomizers = set[org.springframework.boot.test.autoconfigure.actuate.metrics.MetricsExportContextCustomizerFactory$DisableMetricExportContextCustomizer@31e00b85, org.springframework.boot.test.autoconfigure.properties.PropertyMappingContextCustomizer@4b3fa0b3, org.springframework.boot.test.autoconfigure.web.servlet.WebDriverContextCustomizerFactory$Customizer@234cb822, [ImportsContextCustomizer@5d7c176b key = [org.springframework.boot.test.autoconfigure.web.servlet.MockMvcAutoConfiguration, org.springframework.boot.test.autoconfigure.web.servlet.MockMvcWebClientAutoConfiguration, org.springframework.boot.test.autoconfigure.web.servlet.MockMvcWebDriverAutoConfiguration, org.springframework.boot.autoconfigure.security.oauth2.client.servlet.OAuth2ClientAutoConfiguration, org.springframework.boot.autoconfigure.security.oauth2.resource.servlet.OAuth2ResourceServerAutoConfiguration, org.springframework.boot.autoconfigure.security.servlet.SecurityAutoConfiguration, org.springframework.boot.autoconfigure.security.servlet.SecurityFilterAutoConfiguration, org.springframework.boot.autoconfigure.security.servlet.UserDetailsServiceAutoConfiguration, org.springframework.boot.test.autoconfigure.web.servlet.MockMvcSecurityConfiguration]], org.springframework.boot.test.context.filter.ExcludeFilterContextCustomizer@2f51503c, org.springframework.boot.test.json.DuplicateJsonObjectContextCustomizerFactory$DuplicateJsonObjectContextCustomizer@3e2388eb, org.springframework.boot.test.mock.mockito.MockitoContextCustomizer@0, org.springframework.boot.test.web.client.TestRestTemplateContextCustomizer@49effbf1, org.springframework.boot.test.context.SpringBootTestArgs@1, org.springframework.boot.test.context.SpringBootTestWebEnvironment@1d78f20b], resourceBasePath = 'src/main/webapp', contextLoader = 'org.springframework.boot.test.context.SpringBootContextLoader', parent = [null]], attributes = map['org.springframework.test.context.web.ServletTestExecutionListener.activateListener' -> true, 'org.springframework.test.context.web.ServletTestExecutionListener.populatedRequestContextHolder' -> true, 'org.springframework.test.context.web.ServletTestExecutionListener.resetRequestContextHolder' -> true, 'org.springframework.test.context.event.ApplicationEventsTestExecutionListener.recordApplicationEvents' -> false]]; transaction manager [org.springframework.orm.jpa.JpaTransactionManager@3a200bb7]; rollback [true]
2021-09-08 10:10:21.417 DEBUG 12984 --- [    Test worker] org.hibernate.SQL                        : 
    call next value for hibernate_sequence
2021-09-08 10:10:21.417  INFO 12984 --- [    Test worker] p6spy                                    : #1631063421417 | took 0ms | statement | connection 13| url jdbc:h2:tcp://localhost/~/greentech
call next value for hibernate_sequence
call next value for hibernate_sequence;
2021-09-08 10:10:21.417 DEBUG 12984 --- [    Test worker] org.hibernate.SQL                        : 
    call next value for hibernate_sequence
2021-09-08 10:10:21.417  INFO 12984 --- [    Test worker] p6spy                                    : #1631063421417 | took 0ms | statement | connection 13| url jdbc:h2:tcp://localhost/~/greentech
call next value for hibernate_sequence
call next value for hibernate_sequence;
2021-09-08 10:10:21.417 DEBUG 12984 --- [    Test worker] org.hibernate.SQL                        : 
    call next value for hibernate_sequence
2021-09-08 10:10:21.417  INFO 12984 --- [    Test worker] p6spy                                    : #1631063421417 | took 0ms | statement | connection 13| url jdbc:h2:tcp://localhost/~/greentech
call next value for hibernate_sequence
call next value for hibernate_sequence;
2021-09-08 10:10:21.417 DEBUG 12984 --- [    Test worker] org.hibernate.SQL                        : 
    call next value for hibernate_sequence
2021-09-08 10:10:21.417  INFO 12984 --- [    Test worker] p6spy                                    : #1631063421417 | took 0ms | statement | connection 13| url jdbc:h2:tcp://localhost/~/greentech
call next value for hibernate_sequence
call next value for hibernate_sequence;
2021-09-08 10:10:21.437 DEBUG 12984 --- [    Test worker] org.hibernate.SQL                        : 
    /* insert kr.co.greetech.back.entity.Company
        */ insert 
        into
            company
            (created_time, last_modified_time, login_id, login_pw, name, company_id) 
        values
            (?, ?, ?, ?, ?, ?)
2021-09-08 10:10:21.437  INFO 12984 --- [    Test worker] p6spy                                    : #1631063421437 | took 0ms | statement | connection 13| url jdbc:h2:tcp://localhost/~/greentech
/* insert kr.co.greetech.back.entity.Company */ insert into company (created_time, last_modified_time, login_id, login_pw, name, company_id) values (?, ?, ?, ?, ?, ?)
/* insert kr.co.greetech.back.entity.Company */ insert into company (created_time, last_modified_time, login_id, login_pw, name, company_id) values ('2021-09-08T10:10:21.417+0900', '2021-09-08T10:10:21.417+0900', 'abcdefg', 'abcdefg1!', 'company', 7);
2021-09-08 10:10:21.437 DEBUG 12984 --- [    Test worker] org.hibernate.SQL                        : 
    /* insert kr.co.greetech.back.entity.DataLogger
        */ insert 
        into
            data_logger
            (created_time, last_modified_time, company_id, model_name, data_logger_id) 
        values
            (?, ?, ?, ?, ?)
2021-09-08 10:10:21.437  INFO 12984 --- [    Test worker] p6spy                                    : #1631063421437 | took 0ms | statement | connection 13| url jdbc:h2:tcp://localhost/~/greentech
/* insert kr.co.greetech.back.entity.DataLogger */ insert into data_logger (created_time, last_modified_time, company_id, model_name, data_logger_id) values (?, ?, ?, ?, ?)
/* insert kr.co.greetech.back.entity.DataLogger */ insert into data_logger (created_time, last_modified_time, company_id, model_name, data_logger_id) values ('2021-09-08T10:10:21.417+0900', '2021-09-08T10:10:21.417+0900', NULL, 'dataLogger', 8);
2021-09-08 10:10:21.437 DEBUG 12984 --- [    Test worker] org.hibernate.SQL                        : 
    /* insert kr.co.greetech.back.entity.DataLogger
        */ insert 
        into
            data_logger
            (created_time, last_modified_time, company_id, model_name, data_logger_id) 
        values
            (?, ?, ?, ?, ?)
2021-09-08 10:10:21.437  INFO 12984 --- [    Test worker] p6spy                                    : #1631063421437 | took 0ms | statement | connection 13| url jdbc:h2:tcp://localhost/~/greentech
/* insert kr.co.greetech.back.entity.DataLogger */ insert into data_logger (created_time, last_modified_time, company_id, model_name, data_logger_id) values (?, ?, ?, ?, ?)
/* insert kr.co.greetech.back.entity.DataLogger */ insert into data_logger (created_time, last_modified_time, company_id, model_name, data_logger_id) values ('2021-09-08T10:10:21.417+0900', '2021-09-08T10:10:21.417+0900', NULL, 'dataLogger', 9);
2021-09-08 10:10:21.437 DEBUG 12984 --- [    Test worker] org.hibernate.SQL                        : 
    /* insert kr.co.greetech.back.entity.DataLogger
        */ insert 
        into
            data_logger
            (created_time, last_modified_time, company_id, model_name, data_logger_id) 
        values
            (?, ?, ?, ?, ?)
2021-09-08 10:10:21.437  INFO 12984 --- [    Test worker] p6spy                                    : #1631063421437 | took 0ms | statement | connection 13| url jdbc:h2:tcp://localhost/~/greentech
/* insert kr.co.greetech.back.entity.DataLogger */ insert into data_logger (created_time, last_modified_time, company_id, model_name, data_logger_id) values (?, ?, ?, ?, ?)
/* insert kr.co.greetech.back.entity.DataLogger */ insert into data_logger (created_time, last_modified_time, company_id, model_name, data_logger_id) values ('2021-09-08T10:10:21.417+0900', '2021-09-08T10:10:21.417+0900', NULL, 'dataLogger', 10);
2021-09-08 10:10:21.437 DEBUG 12984 --- [    Test worker] org.hibernate.SQL                        : 
    /* select
        generatedAlias0 
    from
        DataLogger as generatedAlias0 
    left join
        generatedAlias0.company as generatedAlias1 
    where
        generatedAlias1.id=:param0 */ select
            datalogger0_.data_logger_id as data_log1_1_,
            datalogger0_.created_time as created_2_1_,
            datalogger0_.last_modified_time as last_mod3_1_,
            datalogger0_.company_id as company_5_1_,
            datalogger0_.model_name as model_na4_1_ 
        from
            data_logger datalogger0_ 
        left outer join
            company company1_ 
                on datalogger0_.company_id=company1_.company_id 
        where
            company1_.company_id=?
2021-09-08 10:10:21.437  INFO 12984 --- [    Test worker] p6spy                                    : #1631063421437 | took 0ms | statement | connection 13| url jdbc:h2:tcp://localhost/~/greentech
/* select generatedAlias0 from DataLogger as generatedAlias0 left join generatedAlias0.company as generatedAlias1 where generatedAlias1.id=:param0 */ select datalogger0_.data_logger_id as data_log1_1_, datalogger0_.created_time as created_2_1_, datalogger0_.last_modified_time as last_mod3_1_, datalogger0_.company_id as company_5_1_, datalogger0_.model_name as model_na4_1_ from data_logger datalogger0_ left outer join company company1_ on datalogger0_.company_id=company1_.company_id where company1_.company_id=?
/* select generatedAlias0 from DataLogger as generatedAlias0 left join generatedAlias0.company as generatedAlias1 where generatedAlias1.id=:param0 */ select datalogger0_.data_logger_id as data_log1_1_, datalogger0_.created_time as created_2_1_, datalogger0_.last_modified_time as last_mod3_1_, datalogger0_.company_id as company_5_1_, datalogger0_.model_name as model_na4_1_ from data_logger datalogger0_ left outer join company company1_ on datalogger0_.company_id=company1_.company_id where company1_.company_id=7;
2021-09-08 10:10:21.453  INFO 12984 --- [    Test worker] p6spy                                    : #1631063421453 | took 0ms | rollback | connection 13| url jdbc:h2:tcp://localhost/~/greentech

;
2021-09-08 10:10:21.453  INFO 12984 --- [    Test worker] o.s.t.c.transaction.TransactionContext   : Rolled back transaction for test: [DefaultTestContext@44021701 testClass = DataLoggerControllerTest, testInstance = kr.co.greetech.back.controller.DataLoggerControllerTest@386e4dc9, testMethod = list@DataLoggerControllerTest, testException = [null], mergedContextConfiguration = [WebMergedContextConfiguration@475cdaaf testClass = DataLoggerControllerTest, locations = '{}', classes = '{class kr.co.greetech.back.BackApplication}', contextInitializerClasses = '[]', activeProfiles = '{}', propertySourceLocations = '{}', propertySourceProperties = '{org.springframework.boot.test.context.SpringBootTestContextBootstrapper=true}', contextCustomizers = set[org.springframework.boot.test.autoconfigure.actuate.metrics.MetricsExportContextCustomizerFactory$DisableMetricExportContextCustomizer@31e00b85, org.springframework.boot.test.autoconfigure.properties.PropertyMappingContextCustomizer@4b3fa0b3, org.springframework.boot.test.autoconfigure.web.servlet.WebDriverContextCustomizerFactory$Customizer@234cb822, [ImportsContextCustomizer@5d7c176b key = [org.springframework.boot.test.autoconfigure.web.servlet.MockMvcAutoConfiguration, org.springframework.boot.test.autoconfigure.web.servlet.MockMvcWebClientAutoConfiguration, org.springframework.boot.test.autoconfigure.web.servlet.MockMvcWebDriverAutoConfiguration, org.springframework.boot.autoconfigure.security.oauth2.client.servlet.OAuth2ClientAutoConfiguration, org.springframework.boot.autoconfigure.security.oauth2.resource.servlet.OAuth2ResourceServerAutoConfiguration, org.springframework.boot.autoconfigure.security.servlet.SecurityAutoConfiguration, org.springframework.boot.autoconfigure.security.servlet.SecurityFilterAutoConfiguration, org.springframework.boot.autoconfigure.security.servlet.UserDetailsServiceAutoConfiguration, org.springframework.boot.test.autoconfigure.web.servlet.MockMvcSecurityConfiguration]], org.springframework.boot.test.context.filter.ExcludeFilterContextCustomizer@2f51503c, org.springframework.boot.test.json.DuplicateJsonObjectContextCustomizerFactory$DuplicateJsonObjectContextCustomizer@3e2388eb, org.springframework.boot.test.mock.mockito.MockitoContextCustomizer@0, org.springframework.boot.test.web.client.TestRestTemplateContextCustomizer@49effbf1, org.springframework.boot.test.context.SpringBootTestArgs@1, org.springframework.boot.test.context.SpringBootTestWebEnvironment@1d78f20b], resourceBasePath = 'src/main/webapp', contextLoader = 'org.springframework.boot.test.context.SpringBootContextLoader', parent = [null]], attributes = map['org.springframework.test.context.web.ServletTestExecutionListener.activateListener' -> true, 'org.springframework.test.context.web.ServletTestExecutionListener.populatedRequestContextHolder' -> true, 'org.springframework.test.context.web.ServletTestExecutionListener.resetRequestContextHolder' -> true, 'org.springframework.test.context.event.ApplicationEventsTestExecutionListener.recordApplicationEvents' -> false]]
]]></system-out>
  <system-err><![CDATA[]]></system-err>
</testsuite>
