<?xml version="1.0" encoding="UTF-8"?>
<testsuite name="kr.co.greetech.back.controller.DataLoggerControllerTest" tests="3" skipped="0" failures="0" errors="0" timestamp="2021-09-29T06:33:45" hostname="LAPTOP-JLJ2VI1H" time="0.334">
  <properties/>
  <testcase name="create()" classname="kr.co.greetech.back.controller.DataLoggerControllerTest" time="0.199"/>
  <testcase name="one()" classname="kr.co.greetech.back.controller.DataLoggerControllerTest" time="0.047"/>
  <testcase name="list()" classname="kr.co.greetech.back.controller.DataLoggerControllerTest" time="0.086"/>
  <system-out><![CDATA[2021-09-29 15:33:43.987  INFO 13780 --- [    Test worker] .b.t.c.SpringBootTestContextBootstrapper : Neither @ContextConfiguration nor @ContextHierarchy found for test class [kr.co.greetech.back.controller.DataLoggerControllerTest], using SpringBootContextLoader
2021-09-29 15:33:43.987  INFO 13780 --- [    Test worker] o.s.t.c.support.AbstractContextLoader    : Could not detect default resource locations for test class [kr.co.greetech.back.controller.DataLoggerControllerTest]: no resource found for suffixes {-context.xml, Context.groovy}.
2021-09-29 15:33:43.987  INFO 13780 --- [    Test worker] t.c.s.AnnotationConfigContextLoaderUtils : Could not detect default configuration classes for test class [kr.co.greetech.back.controller.DataLoggerControllerTest]: DataLoggerControllerTest does not declare any static, non-private, non-final, nested classes annotated with @Configuration.
2021-09-29 15:33:44.003  INFO 13780 --- [    Test worker] .b.t.c.SpringBootTestContextBootstrapper : Found @SpringBootConfiguration kr.co.greetech.back.BackApplication for test class kr.co.greetech.back.controller.DataLoggerControllerTest
2021-09-29 15:33:44.019  INFO 13780 --- [    Test worker] .b.t.c.SpringBootTestContextBootstrapper : Loaded default TestExecutionListener class names from location [META-INF/spring.factories]: [org.springframework.boot.test.autoconfigure.restdocs.RestDocsTestExecutionListener, org.springframework.boot.test.autoconfigure.web.client.MockRestServiceServerResetTestExecutionListener, org.springframework.boot.test.autoconfigure.web.servlet.MockMvcPrintOnlyOnFailureTestExecutionListener, org.springframework.boot.test.autoconfigure.web.servlet.WebDriverTestExecutionListener, org.springframework.boot.test.autoconfigure.webservices.client.MockWebServiceServerTestExecutionListener, org.springframework.boot.test.mock.mockito.MockitoTestExecutionListener, org.springframework.boot.test.mock.mockito.ResetMocksTestExecutionListener, org.springframework.test.context.web.ServletTestExecutionListener, org.springframework.test.context.support.DirtiesContextBeforeModesTestExecutionListener, org.springframework.test.context.event.ApplicationEventsTestExecutionListener, org.springframework.test.context.support.DependencyInjectionTestExecutionListener, org.springframework.test.context.support.DirtiesContextTestExecutionListener, org.springframework.test.context.transaction.TransactionalTestExecutionListener, org.springframework.test.context.jdbc.SqlScriptsTestExecutionListener, org.springframework.test.context.event.EventPublishingTestExecutionListener]
2021-09-29 15:33:44.019  INFO 13780 --- [    Test worker] .b.t.c.SpringBootTestContextBootstrapper : Using TestExecutionListeners: [org.springframework.test.context.web.ServletTestExecutionListener@46588636, org.springframework.test.context.support.DirtiesContextBeforeModesTestExecutionListener@60d338d8, org.springframework.test.context.event.ApplicationEventsTestExecutionListener@19599a1a, org.springframework.boot.test.mock.mockito.MockitoTestExecutionListener@4e0557de, org.springframework.boot.test.autoconfigure.SpringBootDependencyInjectionTestExecutionListener@4cee011e, org.springframework.test.context.support.DirtiesContextTestExecutionListener@3502f5a3, org.springframework.test.context.transaction.TransactionalTestExecutionListener@60de3053, org.springframework.test.context.jdbc.SqlScriptsTestExecutionListener@4012031, org.springframework.test.context.event.EventPublishingTestExecutionListener@385b375e, org.springframework.boot.test.autoconfigure.restdocs.RestDocsTestExecutionListener@1ad6621b, org.springframework.boot.test.autoconfigure.web.client.MockRestServiceServerResetTestExecutionListener@b1b85ba, org.springframework.boot.test.autoconfigure.web.servlet.MockMvcPrintOnlyOnFailureTestExecutionListener@6162c40, org.springframework.boot.test.autoconfigure.web.servlet.WebDriverTestExecutionListener@67960a1b, org.springframework.boot.test.autoconfigure.webservices.client.MockWebServiceServerTestExecutionListener@4e797a48, org.springframework.boot.test.mock.mockito.ResetMocksTestExecutionListener@19981068]

  .   ____          _            __ _ _
 /\\ / ___'_ __ _ _(_)_ __  __ _ \ \ \ \
( ( )\___ | '_ | '_| | '_ \/ _` | \ \ \ \
 \\/  ___)| |_)| | | | | || (_| |  ) ) ) )
  '  |____| .__|_| |_|_| |_\__, | / / / /
 =========|_|==============|___/=/_/_/_/
 :: Spring Boot ::                (v2.5.3)

2021-09-29 15:33:44.050  INFO 13780 --- [    Test worker] k.c.g.b.c.DataLoggerControllerTest       : Starting DataLoggerControllerTest using Java 11.0.11 on LAPTOP-JLJ2VI1H with PID 13780 (started by lenovo in C:\Users\lenovo\Documents\web\back)
2021-09-29 15:33:44.050  INFO 13780 --- [    Test worker] k.c.g.b.c.DataLoggerControllerTest       : The following profiles are active: test
2021-09-29 15:33:44.351  INFO 13780 --- [    Test worker] .s.d.r.c.RepositoryConfigurationDelegate : Bootstrapping Spring Data JPA repositories in DEFAULT mode.
2021-09-29 15:33:44.398  INFO 13780 --- [    Test worker] .s.d.r.c.RepositoryConfigurationDelegate : Finished Spring Data repository scanning in 45 ms. Found 3 JPA repository interfaces.
2021-09-29 15:33:44.548  INFO 13780 --- [    Test worker] c.g.g.b.j.d.p6spy.P6SpyConfiguration     : P6Spy modulelist is overridden, some p6spy configuration features will not be applied
2021-09-29 15:33:44.626  INFO 13780 --- [    Test worker] o.hibernate.jpa.internal.util.LogHelper  : HHH000204: Processing PersistenceUnitInfo [name: default]
2021-09-29 15:33:44.626  INFO 13780 --- [    Test worker] com.zaxxer.hikari.HikariDataSource       : HikariPool-2 - Starting...
2021-09-29 15:33:44.642  INFO 13780 --- [    Test worker] com.zaxxer.hikari.HikariDataSource       : HikariPool-2 - Start completed.
2021-09-29 15:33:44.642  INFO 13780 --- [    Test worker] org.hibernate.dialect.Dialect            : HHH000400: Using dialect: org.hibernate.dialect.H2Dialect
2021-09-29 15:33:44.705 DEBUG 13780 --- [    Test worker] org.hibernate.SQL                        : 
    
    drop table if exists company CASCADE 
2021-09-29 15:33:44.705  INFO 13780 --- [    Test worker] p6spy                                    : #1632897224705 | took 1ms | statement | connection 5| url jdbc:h2:tcp://localhost/~/greentech

    drop table if exists company CASCADE 

    drop table if exists company CASCADE ;
2021-09-29 15:33:44.705 DEBUG 13780 --- [    Test worker] org.hibernate.SQL                        : 
    
    drop table if exists data_logger CASCADE 
2021-09-29 15:33:44.705  INFO 13780 --- [    Test worker] p6spy                                    : #1632897224705 | took 1ms | statement | connection 5| url jdbc:h2:tcp://localhost/~/greentech

    drop table if exists data_logger CASCADE 

    drop table if exists data_logger CASCADE ;
2021-09-29 15:33:44.705 DEBUG 13780 --- [    Test worker] org.hibernate.SQL                        : 
    
    drop table if exists measure_data CASCADE 
2021-09-29 15:33:44.720  INFO 13780 --- [    Test worker] p6spy                                    : #1632897224720 | took 1ms | statement | connection 5| url jdbc:h2:tcp://localhost/~/greentech

    drop table if exists measure_data CASCADE 

    drop table if exists measure_data CASCADE ;
2021-09-29 15:33:44.720 DEBUG 13780 --- [    Test worker] org.hibernate.SQL                        : 
    
    drop sequence if exists hibernate_sequence
2021-09-29 15:33:44.721  INFO 13780 --- [    Test worker] p6spy                                    : #1632897224721 | took 0ms | statement | connection 5| url jdbc:h2:tcp://localhost/~/greentech

    drop sequence if exists hibernate_sequence

    drop sequence if exists hibernate_sequence;
2021-09-29 15:33:44.722 DEBUG 13780 --- [    Test worker] org.hibernate.SQL                        : create sequence hibernate_sequence start with 1 increment by 1
2021-09-29 15:33:44.723  INFO 13780 --- [    Test worker] p6spy                                    : #1632897224723 | took 0ms | statement | connection 6| url jdbc:h2:tcp://localhost/~/greentech
create sequence hibernate_sequence start with 1 increment by 1
create sequence hibernate_sequence start with 1 increment by 1;
2021-09-29 15:33:44.723 DEBUG 13780 --- [    Test worker] org.hibernate.SQL                        : 
    
    create table company (
       company_id bigint not null,
        created_time timestamp,
        last_modified_time timestamp,
        login_id varchar(255),
        login_pw varchar(255),
        name varchar(255),
        primary key (company_id)
    )
2021-09-29 15:33:44.724  INFO 13780 --- [    Test worker] p6spy                                    : #1632897224724 | took 1ms | statement | connection 6| url jdbc:h2:tcp://localhost/~/greentech

    create table company (
       company_id bigint not null,
        created_time timestamp,
        last_modified_time timestamp,
        login_id varchar(255),
        login_pw varchar(255),
        name varchar(255),
        primary key (company_id)
    )

    create table company (
       company_id bigint not null,
        created_time timestamp,
        last_modified_time timestamp,
        login_id varchar(255),
        login_pw varchar(255),
        name varchar(255),
        primary key (company_id)
    );
2021-09-29 15:33:44.724 DEBUG 13780 --- [    Test worker] org.hibernate.SQL                        : 
    
    create table data_logger (
       data_logger_id bigint not null,
        created_time timestamp,
        last_modified_time timestamp,
        model_name varchar(255),
        company_id bigint,
        primary key (data_logger_id)
    )
2021-09-29 15:33:44.724  INFO 13780 --- [    Test worker] p6spy                                    : #1632897224724 | took 1ms | statement | connection 6| url jdbc:h2:tcp://localhost/~/greentech

    create table data_logger (
       data_logger_id bigint not null,
        created_time timestamp,
        last_modified_time timestamp,
        model_name varchar(255),
        company_id bigint,
        primary key (data_logger_id)
    )

    create table data_logger (
       data_logger_id bigint not null,
        created_time timestamp,
        last_modified_time timestamp,
        model_name varchar(255),
        company_id bigint,
        primary key (data_logger_id)
    );
2021-09-29 15:33:44.724 DEBUG 13780 --- [    Test worker] org.hibernate.SQL                        : 
    
    create table measure_data (
       measure_data_id bigint not null,
        created_time timestamp,
        data varchar(255) not null,
        data_logger_id bigint,
        primary key (measure_data_id)
    )
2021-09-29 15:33:44.724  INFO 13780 --- [    Test worker] p6spy                                    : #1632897224724 | took 1ms | statement | connection 6| url jdbc:h2:tcp://localhost/~/greentech

    create table measure_data (
       measure_data_id bigint not null,
        created_time timestamp,
        data varchar(255) not null,
        data_logger_id bigint,
        primary key (measure_data_id)
    )

    create table measure_data (
       measure_data_id bigint not null,
        created_time timestamp,
        data varchar(255) not null,
        data_logger_id bigint,
        primary key (measure_data_id)
    );
2021-09-29 15:33:44.724 DEBUG 13780 --- [    Test worker] org.hibernate.SQL                        : 
    
    alter table company 
       add constraint UK_jymm78yo2olotyo1e343ct9ko unique (login_id)
2021-09-29 15:33:44.724  INFO 13780 --- [    Test worker] p6spy                                    : #1632897224724 | took 0ms | statement | connection 6| url jdbc:h2:tcp://localhost/~/greentech

    alter table company 
       add constraint UK_jymm78yo2olotyo1e343ct9ko unique (login_id)

    alter table company 
       add constraint UK_jymm78yo2olotyo1e343ct9ko unique (login_id);
2021-09-29 15:33:44.724 DEBUG 13780 --- [    Test worker] org.hibernate.SQL                        : 
    
    alter table company 
       add constraint UK_niu8sfil2gxywcru9ah3r4ec5 unique (name)
2021-09-29 15:33:44.724  INFO 13780 --- [    Test worker] p6spy                                    : #1632897224724 | took 0ms | statement | connection 6| url jdbc:h2:tcp://localhost/~/greentech

    alter table company 
       add constraint UK_niu8sfil2gxywcru9ah3r4ec5 unique (name)

    alter table company 
       add constraint UK_niu8sfil2gxywcru9ah3r4ec5 unique (name);
2021-09-29 15:33:44.724 DEBUG 13780 --- [    Test worker] org.hibernate.SQL                        : 
    
    alter table data_logger 
       add constraint FK5wejnpaohywo5fhc6jhegrefe 
       foreign key (company_id) 
       references company
2021-09-29 15:33:44.724  INFO 13780 --- [    Test worker] p6spy                                    : #1632897224724 | took 1ms | statement | connection 6| url jdbc:h2:tcp://localhost/~/greentech

    alter table data_logger 
       add constraint FK5wejnpaohywo5fhc6jhegrefe 
       foreign key (company_id) 
       references company

    alter table data_logger 
       add constraint FK5wejnpaohywo5fhc6jhegrefe 
       foreign key (company_id) 
       references company;
2021-09-29 15:33:44.724 DEBUG 13780 --- [    Test worker] org.hibernate.SQL                        : 
    
    alter table measure_data 
       add constraint FKat8mm6oaqfehk7y9o2xb4i0jj 
       foreign key (data_logger_id) 
       references data_logger
2021-09-29 15:33:44.724  INFO 13780 --- [    Test worker] p6spy                                    : #1632897224724 | took 2ms | statement | connection 6| url jdbc:h2:tcp://localhost/~/greentech

    alter table measure_data 
       add constraint FKat8mm6oaqfehk7y9o2xb4i0jj 
       foreign key (data_logger_id) 
       references data_logger

    alter table measure_data 
       add constraint FKat8mm6oaqfehk7y9o2xb4i0jj 
       foreign key (data_logger_id) 
       references data_logger;
2021-09-29 15:33:44.724  INFO 13780 --- [    Test worker] o.h.e.t.j.p.i.JtaPlatformInitiator       : HHH000490: Using JtaPlatform implementation: [org.hibernate.engine.transaction.jta.platform.internal.NoJtaPlatform]
2021-09-29 15:33:44.724  INFO 13780 --- [    Test worker] j.LocalContainerEntityManagerFactoryBean : Initialized JPA EntityManagerFactory for persistence unit 'default'
2021-09-29 15:33:45.021  WARN 13780 --- [    Test worker] JpaBaseConfiguration$JpaWebConfiguration : spring.jpa.open-in-view is enabled by default. Therefore, database queries may be performed during view rendering. Explicitly configure spring.jpa.open-in-view to disable this warning
2021-09-29 15:33:45.481  INFO 13780 --- [    Test worker] o.s.b.t.m.w.SpringBootMockServletContext : Initializing Spring TestDispatcherServlet ''
2021-09-29 15:33:45.481  INFO 13780 --- [    Test worker] o.s.t.web.servlet.TestDispatcherServlet  : Initializing Servlet ''
2021-09-29 15:33:45.481  INFO 13780 --- [    Test worker] o.s.t.web.servlet.TestDispatcherServlet  : Completed initialization in 0 ms
2021-09-29 15:33:45.481  INFO 13780 --- [    Test worker] k.c.g.b.c.DataLoggerControllerTest       : Started DataLoggerControllerTest in 1.47 seconds (JVM running for 12.045)
2021-09-29 15:33:45.496  INFO 13780 --- [    Test worker] o.s.t.c.transaction.TransactionContext   : Began transaction (1) for test context [DefaultTestContext@7dc9ef24 testClass = DataLoggerControllerTest, testInstance = kr.co.greetech.back.controller.DataLoggerControllerTest@5e30aa8c, testMethod = create@DataLoggerControllerTest, testException = [null], mergedContextConfiguration = [WebMergedContextConfiguration@16f94f9b testClass = DataLoggerControllerTest, locations = '{}', classes = '{class kr.co.greetech.back.BackApplication}', contextInitializerClasses = '[]', activeProfiles = '{}', propertySourceLocations = '{}', propertySourceProperties = '{org.springframework.boot.test.context.SpringBootTestContextBootstrapper=true}', contextCustomizers = set[org.springframework.boot.test.autoconfigure.actuate.metrics.MetricsExportContextCustomizerFactory$DisableMetricExportContextCustomizer@4ca1eb2e, org.springframework.boot.test.autoconfigure.properties.PropertyMappingContextCustomizer@4b3fa0b3, org.springframework.boot.test.autoconfigure.web.servlet.WebDriverContextCustomizerFactory$Customizer@4b1365e5, [ImportsContextCustomizer@2df1574f key = [@org.springframework.boot.test.context.SpringBootTest(args={}, webEnvironment=MOCK, value={}, properties={}, classes={}), @org.springframework.context.annotation.Import(value={org.springframework.boot.autoconfigure.ImportAutoConfigurationImportSelector.class}), @org.springframework.context.annotation.Import(value={org.springframework.boot.autoconfigure.AutoConfigurationPackages$Registrar.class}), @org.springframework.boot.test.autoconfigure.web.servlet.AutoConfigureMockMvc(webDriverEnabled=true, print=DEFAULT, webClientEnabled=true, printOnlyOnFailure=true, addFilters=true), @org.springframework.boot.test.autoconfigure.properties.PropertyMapping(value="spring.test.mockmvc", skip=NO), @org.springframework.boot.autoconfigure.EnableAutoConfiguration(exclude={org.springframework.boot.autoconfigure.security.servlet.SecurityAutoConfiguration.class}, excludeName={}), @org.springframework.test.context.BootstrapWith(value=org.springframework.boot.test.context.SpringBootTestContextBootstrapper.class), @org.springframework.boot.autoconfigure.ImportAutoConfiguration(value={}, exclude={}, classes={}), @org.junit.jupiter.api.extension.ExtendWith(value={org.springframework.test.context.junit.jupiter.SpringExtension.class}), @org.apiguardian.api.API(consumers={"*"}, since="5.0", status=STABLE), @org.springframework.transaction.annotation.Transactional(propagation=REQUIRED, rollbackForClassName={}, readOnly=false, transactionManager="", isolation=DEFAULT, timeoutString="", label={}, noRollbackFor={}, noRollbackForClassName={}, value="", timeout=-1, rollbackFor={}), @org.springframework.boot.autoconfigure.AutoConfigurationPackage(basePackages={}, basePackageClasses={}), @org.springframework.context.annotation.Import(value={org.springframework.boot.autoconfigure.AutoConfigurationImportSelector.class})]], org.springframework.boot.test.context.filter.ExcludeFilterContextCustomizer@28e59e6, org.springframework.boot.test.json.DuplicateJsonObjectContextCustomizerFactory$DuplicateJsonObjectContextCustomizer@49b63416, org.springframework.boot.test.mock.mockito.MockitoContextCustomizer@0, org.springframework.boot.test.web.client.TestRestTemplateContextCustomizer@1fb4fa85, org.springframework.boot.test.context.SpringBootTestArgs@1, org.springframework.boot.test.context.SpringBootTestWebEnvironment@3bff073], resourceBasePath = 'src/main/webapp', contextLoader = 'org.springframework.boot.test.context.SpringBootContextLoader', parent = [null]], attributes = map['org.springframework.test.context.web.ServletTestExecutionListener.activateListener' -> true, 'org.springframework.test.context.web.ServletTestExecutionListener.populatedRequestContextHolder' -> true, 'org.springframework.test.context.web.ServletTestExecutionListener.resetRequestContextHolder' -> true, 'org.springframework.test.context.event.ApplicationEventsTestExecutionListener.recordApplicationEvents' -> false]]; transaction manager [org.springframework.orm.jpa.JpaTransactionManager@7d3df1e]; rollback [true]
2021-09-29 15:33:45.496 DEBUG 13780 --- [    Test worker] org.hibernate.SQL                        : 
    call next value for hibernate_sequence
2021-09-29 15:33:45.512  INFO 13780 --- [    Test worker] p6spy                                    : #1632897225512 | took 0ms | statement | connection 7| url jdbc:h2:tcp://localhost/~/greentech
call next value for hibernate_sequence
call next value for hibernate_sequence;
2021-09-29 15:33:45.652 DEBUG 13780 --- [    Test worker] org.hibernate.SQL                        : 
    call next value for hibernate_sequence
2021-09-29 15:33:45.652  INFO 13780 --- [    Test worker] p6spy                                    : #1632897225652 | took 0ms | statement | connection 7| url jdbc:h2:tcp://localhost/~/greentech
call next value for hibernate_sequence
call next value for hibernate_sequence;
2021-09-29 15:33:45.684  INFO 13780 --- [    Test worker] p6spy                                    : #1632897225684 | took 0ms | rollback | connection 7| url jdbc:h2:tcp://localhost/~/greentech

;
2021-09-29 15:33:45.684  INFO 13780 --- [    Test worker] o.s.t.c.transaction.TransactionContext   : Rolled back transaction for test: [DefaultTestContext@7dc9ef24 testClass = DataLoggerControllerTest, testInstance = kr.co.greetech.back.controller.DataLoggerControllerTest@5e30aa8c, testMethod = create@DataLoggerControllerTest, testException = [null], mergedContextConfiguration = [WebMergedContextConfiguration@16f94f9b testClass = DataLoggerControllerTest, locations = '{}', classes = '{class kr.co.greetech.back.BackApplication}', contextInitializerClasses = '[]', activeProfiles = '{}', propertySourceLocations = '{}', propertySourceProperties = '{org.springframework.boot.test.context.SpringBootTestContextBootstrapper=true}', contextCustomizers = set[org.springframework.boot.test.autoconfigure.actuate.metrics.MetricsExportContextCustomizerFactory$DisableMetricExportContextCustomizer@4ca1eb2e, org.springframework.boot.test.autoconfigure.properties.PropertyMappingContextCustomizer@4b3fa0b3, org.springframework.boot.test.autoconfigure.web.servlet.WebDriverContextCustomizerFactory$Customizer@4b1365e5, [ImportsContextCustomizer@2df1574f key = [@org.springframework.boot.test.context.SpringBootTest(args={}, webEnvironment=MOCK, value={}, properties={}, classes={}), @org.springframework.context.annotation.Import(value={org.springframework.boot.autoconfigure.ImportAutoConfigurationImportSelector.class}), @org.springframework.context.annotation.Import(value={org.springframework.boot.autoconfigure.AutoConfigurationPackages$Registrar.class}), @org.springframework.boot.test.autoconfigure.web.servlet.AutoConfigureMockMvc(webDriverEnabled=true, print=DEFAULT, webClientEnabled=true, printOnlyOnFailure=true, addFilters=true), @org.springframework.boot.test.autoconfigure.properties.PropertyMapping(value="spring.test.mockmvc", skip=NO), @org.springframework.boot.autoconfigure.EnableAutoConfiguration(exclude={org.springframework.boot.autoconfigure.security.servlet.SecurityAutoConfiguration.class}, excludeName={}), @org.springframework.test.context.BootstrapWith(value=org.springframework.boot.test.context.SpringBootTestContextBootstrapper.class), @org.springframework.boot.autoconfigure.ImportAutoConfiguration(value={}, exclude={}, classes={}), @org.junit.jupiter.api.extension.ExtendWith(value={org.springframework.test.context.junit.jupiter.SpringExtension.class}), @org.apiguardian.api.API(consumers={"*"}, since="5.0", status=STABLE), @org.springframework.transaction.annotation.Transactional(propagation=REQUIRED, rollbackForClassName={}, readOnly=false, transactionManager="", isolation=DEFAULT, timeoutString="", label={}, noRollbackFor={}, noRollbackForClassName={}, value="", timeout=-1, rollbackFor={}), @org.springframework.boot.autoconfigure.AutoConfigurationPackage(basePackages={}, basePackageClasses={}), @org.springframework.context.annotation.Import(value={org.springframework.boot.autoconfigure.AutoConfigurationImportSelector.class})]], org.springframework.boot.test.context.filter.ExcludeFilterContextCustomizer@28e59e6, org.springframework.boot.test.json.DuplicateJsonObjectContextCustomizerFactory$DuplicateJsonObjectContextCustomizer@49b63416, org.springframework.boot.test.mock.mockito.MockitoContextCustomizer@0, org.springframework.boot.test.web.client.TestRestTemplateContextCustomizer@1fb4fa85, org.springframework.boot.test.context.SpringBootTestArgs@1, org.springframework.boot.test.context.SpringBootTestWebEnvironment@3bff073], resourceBasePath = 'src/main/webapp', contextLoader = 'org.springframework.boot.test.context.SpringBootContextLoader', parent = [null]], attributes = map['org.springframework.test.context.web.ServletTestExecutionListener.activateListener' -> true, 'org.springframework.test.context.web.ServletTestExecutionListener.populatedRequestContextHolder' -> true, 'org.springframework.test.context.web.ServletTestExecutionListener.resetRequestContextHolder' -> true, 'org.springframework.test.context.event.ApplicationEventsTestExecutionListener.recordApplicationEvents' -> false]]
2021-09-29 15:33:45.699  INFO 13780 --- [    Test worker] o.s.t.c.transaction.TransactionContext   : Began transaction (1) for test context [DefaultTestContext@7dc9ef24 testClass = DataLoggerControllerTest, testInstance = kr.co.greetech.back.controller.DataLoggerControllerTest@220902f3, testMethod = one@DataLoggerControllerTest, testException = [null], mergedContextConfiguration = [WebMergedContextConfiguration@16f94f9b testClass = DataLoggerControllerTest, locations = '{}', classes = '{class kr.co.greetech.back.BackApplication}', contextInitializerClasses = '[]', activeProfiles = '{}', propertySourceLocations = '{}', propertySourceProperties = '{org.springframework.boot.test.context.SpringBootTestContextBootstrapper=true}', contextCustomizers = set[org.springframework.boot.test.autoconfigure.actuate.metrics.MetricsExportContextCustomizerFactory$DisableMetricExportContextCustomizer@4ca1eb2e, org.springframework.boot.test.autoconfigure.properties.PropertyMappingContextCustomizer@4b3fa0b3, org.springframework.boot.test.autoconfigure.web.servlet.WebDriverContextCustomizerFactory$Customizer@4b1365e5, [ImportsContextCustomizer@2df1574f key = [@org.springframework.boot.test.context.SpringBootTest(args={}, webEnvironment=MOCK, value={}, properties={}, classes={}), @org.springframework.context.annotation.Import(value={org.springframework.boot.autoconfigure.ImportAutoConfigurationImportSelector.class}), @org.springframework.context.annotation.Import(value={org.springframework.boot.autoconfigure.AutoConfigurationPackages$Registrar.class}), @org.springframework.boot.test.autoconfigure.web.servlet.AutoConfigureMockMvc(webDriverEnabled=true, print=DEFAULT, webClientEnabled=true, printOnlyOnFailure=true, addFilters=true), @org.springframework.boot.test.autoconfigure.properties.PropertyMapping(value="spring.test.mockmvc", skip=NO), @org.springframework.boot.autoconfigure.EnableAutoConfiguration(exclude={org.springframework.boot.autoconfigure.security.servlet.SecurityAutoConfiguration.class}, excludeName={}), @org.springframework.test.context.BootstrapWith(value=org.springframework.boot.test.context.SpringBootTestContextBootstrapper.class), @org.springframework.boot.autoconfigure.ImportAutoConfiguration(value={}, exclude={}, classes={}), @org.junit.jupiter.api.extension.ExtendWith(value={org.springframework.test.context.junit.jupiter.SpringExtension.class}), @org.apiguardian.api.API(consumers={"*"}, since="5.0", status=STABLE), @org.springframework.transaction.annotation.Transactional(propagation=REQUIRED, rollbackForClassName={}, readOnly=false, transactionManager="", isolation=DEFAULT, timeoutString="", label={}, noRollbackFor={}, noRollbackForClassName={}, value="", timeout=-1, rollbackFor={}), @org.springframework.boot.autoconfigure.AutoConfigurationPackage(basePackages={}, basePackageClasses={}), @org.springframework.context.annotation.Import(value={org.springframework.boot.autoconfigure.AutoConfigurationImportSelector.class})]], org.springframework.boot.test.context.filter.ExcludeFilterContextCustomizer@28e59e6, org.springframework.boot.test.json.DuplicateJsonObjectContextCustomizerFactory$DuplicateJsonObjectContextCustomizer@49b63416, org.springframework.boot.test.mock.mockito.MockitoContextCustomizer@0, org.springframework.boot.test.web.client.TestRestTemplateContextCustomizer@1fb4fa85, org.springframework.boot.test.context.SpringBootTestArgs@1, org.springframework.boot.test.context.SpringBootTestWebEnvironment@3bff073], resourceBasePath = 'src/main/webapp', contextLoader = 'org.springframework.boot.test.context.SpringBootContextLoader', parent = [null]], attributes = map['org.springframework.test.context.web.ServletTestExecutionListener.activateListener' -> true, 'org.springframework.test.context.web.ServletTestExecutionListener.populatedRequestContextHolder' -> true, 'org.springframework.test.context.web.ServletTestExecutionListener.resetRequestContextHolder' -> true, 'org.springframework.test.context.event.ApplicationEventsTestExecutionListener.recordApplicationEvents' -> false]]; transaction manager [org.springframework.orm.jpa.JpaTransactionManager@7d3df1e]; rollback [true]
2021-09-29 15:33:45.699 DEBUG 13780 --- [    Test worker] org.hibernate.SQL                        : 
    call next value for hibernate_sequence
2021-09-29 15:33:45.699  INFO 13780 --- [    Test worker] p6spy                                    : #1632897225699 | took 0ms | statement | connection 8| url jdbc:h2:tcp://localhost/~/greentech
call next value for hibernate_sequence
call next value for hibernate_sequence;
2021-09-29 15:33:45.746  INFO 13780 --- [    Test worker] p6spy                                    : #1632897225746 | took 0ms | rollback | connection 8| url jdbc:h2:tcp://localhost/~/greentech

;
2021-09-29 15:33:45.746  INFO 13780 --- [    Test worker] o.s.t.c.transaction.TransactionContext   : Rolled back transaction for test: [DefaultTestContext@7dc9ef24 testClass = DataLoggerControllerTest, testInstance = kr.co.greetech.back.controller.DataLoggerControllerTest@220902f3, testMethod = one@DataLoggerControllerTest, testException = [null], mergedContextConfiguration = [WebMergedContextConfiguration@16f94f9b testClass = DataLoggerControllerTest, locations = '{}', classes = '{class kr.co.greetech.back.BackApplication}', contextInitializerClasses = '[]', activeProfiles = '{}', propertySourceLocations = '{}', propertySourceProperties = '{org.springframework.boot.test.context.SpringBootTestContextBootstrapper=true}', contextCustomizers = set[org.springframework.boot.test.autoconfigure.actuate.metrics.MetricsExportContextCustomizerFactory$DisableMetricExportContextCustomizer@4ca1eb2e, org.springframework.boot.test.autoconfigure.properties.PropertyMappingContextCustomizer@4b3fa0b3, org.springframework.boot.test.autoconfigure.web.servlet.WebDriverContextCustomizerFactory$Customizer@4b1365e5, [ImportsContextCustomizer@2df1574f key = [@org.springframework.boot.test.context.SpringBootTest(args={}, webEnvironment=MOCK, value={}, properties={}, classes={}), @org.springframework.context.annotation.Import(value={org.springframework.boot.autoconfigure.ImportAutoConfigurationImportSelector.class}), @org.springframework.context.annotation.Import(value={org.springframework.boot.autoconfigure.AutoConfigurationPackages$Registrar.class}), @org.springframework.boot.test.autoconfigure.web.servlet.AutoConfigureMockMvc(webDriverEnabled=true, print=DEFAULT, webClientEnabled=true, printOnlyOnFailure=true, addFilters=true), @org.springframework.boot.test.autoconfigure.properties.PropertyMapping(value="spring.test.mockmvc", skip=NO), @org.springframework.boot.autoconfigure.EnableAutoConfiguration(exclude={org.springframework.boot.autoconfigure.security.servlet.SecurityAutoConfiguration.class}, excludeName={}), @org.springframework.test.context.BootstrapWith(value=org.springframework.boot.test.context.SpringBootTestContextBootstrapper.class), @org.springframework.boot.autoconfigure.ImportAutoConfiguration(value={}, exclude={}, classes={}), @org.junit.jupiter.api.extension.ExtendWith(value={org.springframework.test.context.junit.jupiter.SpringExtension.class}), @org.apiguardian.api.API(consumers={"*"}, since="5.0", status=STABLE), @org.springframework.transaction.annotation.Transactional(propagation=REQUIRED, rollbackForClassName={}, readOnly=false, transactionManager="", isolation=DEFAULT, timeoutString="", label={}, noRollbackFor={}, noRollbackForClassName={}, value="", timeout=-1, rollbackFor={}), @org.springframework.boot.autoconfigure.AutoConfigurationPackage(basePackages={}, basePackageClasses={}), @org.springframework.context.annotation.Import(value={org.springframework.boot.autoconfigure.AutoConfigurationImportSelector.class})]], org.springframework.boot.test.context.filter.ExcludeFilterContextCustomizer@28e59e6, org.springframework.boot.test.json.DuplicateJsonObjectContextCustomizerFactory$DuplicateJsonObjectContextCustomizer@49b63416, org.springframework.boot.test.mock.mockito.MockitoContextCustomizer@0, org.springframework.boot.test.web.client.TestRestTemplateContextCustomizer@1fb4fa85, org.springframework.boot.test.context.SpringBootTestArgs@1, org.springframework.boot.test.context.SpringBootTestWebEnvironment@3bff073], resourceBasePath = 'src/main/webapp', contextLoader = 'org.springframework.boot.test.context.SpringBootContextLoader', parent = [null]], attributes = map['org.springframework.test.context.web.ServletTestExecutionListener.activateListener' -> true, 'org.springframework.test.context.web.ServletTestExecutionListener.populatedRequestContextHolder' -> true, 'org.springframework.test.context.web.ServletTestExecutionListener.resetRequestContextHolder' -> true, 'org.springframework.test.context.event.ApplicationEventsTestExecutionListener.recordApplicationEvents' -> false]]
2021-09-29 15:33:45.746  INFO 13780 --- [    Test worker] o.s.t.c.transaction.TransactionContext   : Began transaction (1) for test context [DefaultTestContext@7dc9ef24 testClass = DataLoggerControllerTest, testInstance = kr.co.greetech.back.controller.DataLoggerControllerTest@40990d8, testMethod = list@DataLoggerControllerTest, testException = [null], mergedContextConfiguration = [WebMergedContextConfiguration@16f94f9b testClass = DataLoggerControllerTest, locations = '{}', classes = '{class kr.co.greetech.back.BackApplication}', contextInitializerClasses = '[]', activeProfiles = '{}', propertySourceLocations = '{}', propertySourceProperties = '{org.springframework.boot.test.context.SpringBootTestContextBootstrapper=true}', contextCustomizers = set[org.springframework.boot.test.autoconfigure.actuate.metrics.MetricsExportContextCustomizerFactory$DisableMetricExportContextCustomizer@4ca1eb2e, org.springframework.boot.test.autoconfigure.properties.PropertyMappingContextCustomizer@4b3fa0b3, org.springframework.boot.test.autoconfigure.web.servlet.WebDriverContextCustomizerFactory$Customizer@4b1365e5, [ImportsContextCustomizer@2df1574f key = [@org.springframework.boot.test.context.SpringBootTest(args={}, webEnvironment=MOCK, value={}, properties={}, classes={}), @org.springframework.context.annotation.Import(value={org.springframework.boot.autoconfigure.ImportAutoConfigurationImportSelector.class}), @org.springframework.context.annotation.Import(value={org.springframework.boot.autoconfigure.AutoConfigurationPackages$Registrar.class}), @org.springframework.boot.test.autoconfigure.web.servlet.AutoConfigureMockMvc(webDriverEnabled=true, print=DEFAULT, webClientEnabled=true, printOnlyOnFailure=true, addFilters=true), @org.springframework.boot.test.autoconfigure.properties.PropertyMapping(value="spring.test.mockmvc", skip=NO), @org.springframework.boot.autoconfigure.EnableAutoConfiguration(exclude={org.springframework.boot.autoconfigure.security.servlet.SecurityAutoConfiguration.class}, excludeName={}), @org.springframework.test.context.BootstrapWith(value=org.springframework.boot.test.context.SpringBootTestContextBootstrapper.class), @org.springframework.boot.autoconfigure.ImportAutoConfiguration(value={}, exclude={}, classes={}), @org.junit.jupiter.api.extension.ExtendWith(value={org.springframework.test.context.junit.jupiter.SpringExtension.class}), @org.apiguardian.api.API(consumers={"*"}, since="5.0", status=STABLE), @org.springframework.transaction.annotation.Transactional(propagation=REQUIRED, rollbackForClassName={}, readOnly=false, transactionManager="", isolation=DEFAULT, timeoutString="", label={}, noRollbackFor={}, noRollbackForClassName={}, value="", timeout=-1, rollbackFor={}), @org.springframework.boot.autoconfigure.AutoConfigurationPackage(basePackages={}, basePackageClasses={}), @org.springframework.context.annotation.Import(value={org.springframework.boot.autoconfigure.AutoConfigurationImportSelector.class})]], org.springframework.boot.test.context.filter.ExcludeFilterContextCustomizer@28e59e6, org.springframework.boot.test.json.DuplicateJsonObjectContextCustomizerFactory$DuplicateJsonObjectContextCustomizer@49b63416, org.springframework.boot.test.mock.mockito.MockitoContextCustomizer@0, org.springframework.boot.test.web.client.TestRestTemplateContextCustomizer@1fb4fa85, org.springframework.boot.test.context.SpringBootTestArgs@1, org.springframework.boot.test.context.SpringBootTestWebEnvironment@3bff073], resourceBasePath = 'src/main/webapp', contextLoader = 'org.springframework.boot.test.context.SpringBootContextLoader', parent = [null]], attributes = map['org.springframework.test.context.web.ServletTestExecutionListener.activateListener' -> true, 'org.springframework.test.context.web.ServletTestExecutionListener.populatedRequestContextHolder' -> true, 'org.springframework.test.context.web.ServletTestExecutionListener.resetRequestContextHolder' -> true, 'org.springframework.test.context.event.ApplicationEventsTestExecutionListener.recordApplicationEvents' -> false]]; transaction manager [org.springframework.orm.jpa.JpaTransactionManager@7d3df1e]; rollback [true]
2021-09-29 15:33:45.746 DEBUG 13780 --- [    Test worker] org.hibernate.SQL                        : 
    call next value for hibernate_sequence
2021-09-29 15:33:45.746  INFO 13780 --- [    Test worker] p6spy                                    : #1632897225746 | took 0ms | statement | connection 9| url jdbc:h2:tcp://localhost/~/greentech
call next value for hibernate_sequence
call next value for hibernate_sequence;
2021-09-29 15:33:45.746 DEBUG 13780 --- [    Test worker] org.hibernate.SQL                        : 
    call next value for hibernate_sequence
2021-09-29 15:33:45.746  INFO 13780 --- [    Test worker] p6spy                                    : #1632897225746 | took 0ms | statement | connection 9| url jdbc:h2:tcp://localhost/~/greentech
call next value for hibernate_sequence
call next value for hibernate_sequence;
2021-09-29 15:33:45.746 DEBUG 13780 --- [    Test worker] org.hibernate.SQL                        : 
    call next value for hibernate_sequence
2021-09-29 15:33:45.746  INFO 13780 --- [    Test worker] p6spy                                    : #1632897225746 | took 0ms | statement | connection 9| url jdbc:h2:tcp://localhost/~/greentech
call next value for hibernate_sequence
call next value for hibernate_sequence;
2021-09-29 15:33:45.746 DEBUG 13780 --- [    Test worker] org.hibernate.SQL                        : 
    call next value for hibernate_sequence
2021-09-29 15:33:45.746  INFO 13780 --- [    Test worker] p6spy                                    : #1632897225746 | took 0ms | statement | connection 9| url jdbc:h2:tcp://localhost/~/greentech
call next value for hibernate_sequence
call next value for hibernate_sequence;
2021-09-29 15:33:45.793 DEBUG 13780 --- [    Test worker] org.hibernate.SQL                        : 
    /* insert kr.co.greetech.back.entity.Company
        */ insert 
        into
            company
            (created_time, last_modified_time, login_id, login_pw, name, company_id) 
        values
            (?, ?, ?, ?, ?, ?)
2021-09-29 15:33:45.793  INFO 13780 --- [    Test worker] p6spy                                    : #1632897225793 | took 0ms | statement | connection 9| url jdbc:h2:tcp://localhost/~/greentech
/* insert kr.co.greetech.back.entity.Company */ insert into company (created_time, last_modified_time, login_id, login_pw, name, company_id) values (?, ?, ?, ?, ?, ?)
/* insert kr.co.greetech.back.entity.Company */ insert into company (created_time, last_modified_time, login_id, login_pw, name, company_id) values ('2021-09-29T15:33:45.746+0900', '2021-09-29T15:33:45.746+0900', 'abcdefg', 'abcdefg1!', 'company', 4);
2021-09-29 15:33:45.809 DEBUG 13780 --- [    Test worker] org.hibernate.SQL                        : 
    /* insert kr.co.greetech.back.entity.DataLogger
        */ insert 
        into
            data_logger
            (created_time, last_modified_time, company_id, model_name, data_logger_id) 
        values
            (?, ?, ?, ?, ?)
2021-09-29 15:33:45.809  INFO 13780 --- [    Test worker] p6spy                                    : #1632897225809 | took 0ms | statement | connection 9| url jdbc:h2:tcp://localhost/~/greentech
/* insert kr.co.greetech.back.entity.DataLogger */ insert into data_logger (created_time, last_modified_time, company_id, model_name, data_logger_id) values (?, ?, ?, ?, ?)
/* insert kr.co.greetech.back.entity.DataLogger */ insert into data_logger (created_time, last_modified_time, company_id, model_name, data_logger_id) values ('2021-09-29T15:33:45.746+0900', '2021-09-29T15:33:45.746+0900', NULL, 'dataLogger', 5);
2021-09-29 15:33:45.809 DEBUG 13780 --- [    Test worker] org.hibernate.SQL                        : 
    /* insert kr.co.greetech.back.entity.DataLogger
        */ insert 
        into
            data_logger
            (created_time, last_modified_time, company_id, model_name, data_logger_id) 
        values
            (?, ?, ?, ?, ?)
2021-09-29 15:33:45.809  INFO 13780 --- [    Test worker] p6spy                                    : #1632897225809 | took 0ms | statement | connection 9| url jdbc:h2:tcp://localhost/~/greentech
/* insert kr.co.greetech.back.entity.DataLogger */ insert into data_logger (created_time, last_modified_time, company_id, model_name, data_logger_id) values (?, ?, ?, ?, ?)
/* insert kr.co.greetech.back.entity.DataLogger */ insert into data_logger (created_time, last_modified_time, company_id, model_name, data_logger_id) values ('2021-09-29T15:33:45.746+0900', '2021-09-29T15:33:45.746+0900', NULL, 'dataLogger', 6);
2021-09-29 15:33:45.809 DEBUG 13780 --- [    Test worker] org.hibernate.SQL                        : 
    /* insert kr.co.greetech.back.entity.DataLogger
        */ insert 
        into
            data_logger
            (created_time, last_modified_time, company_id, model_name, data_logger_id) 
        values
            (?, ?, ?, ?, ?)
2021-09-29 15:33:45.809  INFO 13780 --- [    Test worker] p6spy                                    : #1632897225809 | took 0ms | statement | connection 9| url jdbc:h2:tcp://localhost/~/greentech
/* insert kr.co.greetech.back.entity.DataLogger */ insert into data_logger (created_time, last_modified_time, company_id, model_name, data_logger_id) values (?, ?, ?, ?, ?)
/* insert kr.co.greetech.back.entity.DataLogger */ insert into data_logger (created_time, last_modified_time, company_id, model_name, data_logger_id) values ('2021-09-29T15:33:45.746+0900', '2021-09-29T15:33:45.746+0900', NULL, 'dataLogger', 7);
2021-09-29 15:33:45.809 DEBUG 13780 --- [    Test worker] org.hibernate.SQL                        : 
    /* select
        generatedAlias0 
    from
        DataLogger as generatedAlias0 
    left join
        generatedAlias0.company as generatedAlias1 
    where
        generatedAlias1.id=:param0 */ select
            datalogger0_.data_logger_id as data_log1_1_,
            datalogger0_.created_time as created_2_1_,
            datalogger0_.last_modified_time as last_mod3_1_,
            datalogger0_.company_id as company_5_1_,
            datalogger0_.model_name as model_na4_1_ 
        from
            data_logger datalogger0_ 
        left outer join
            company company1_ 
                on datalogger0_.company_id=company1_.company_id 
        where
            company1_.company_id=?
2021-09-29 15:33:45.809  INFO 13780 --- [    Test worker] p6spy                                    : #1632897225809 | took 0ms | statement | connection 9| url jdbc:h2:tcp://localhost/~/greentech
/* select generatedAlias0 from DataLogger as generatedAlias0 left join generatedAlias0.company as generatedAlias1 where generatedAlias1.id=:param0 */ select datalogger0_.data_logger_id as data_log1_1_, datalogger0_.created_time as created_2_1_, datalogger0_.last_modified_time as last_mod3_1_, datalogger0_.company_id as company_5_1_, datalogger0_.model_name as model_na4_1_ from data_logger datalogger0_ left outer join company company1_ on datalogger0_.company_id=company1_.company_id where company1_.company_id=?
/* select generatedAlias0 from DataLogger as generatedAlias0 left join generatedAlias0.company as generatedAlias1 where generatedAlias1.id=:param0 */ select datalogger0_.data_logger_id as data_log1_1_, datalogger0_.created_time as created_2_1_, datalogger0_.last_modified_time as last_mod3_1_, datalogger0_.company_id as company_5_1_, datalogger0_.model_name as model_na4_1_ from data_logger datalogger0_ left outer join company company1_ on datalogger0_.company_id=company1_.company_id where company1_.company_id=4;
2021-09-29 15:33:45.824  INFO 13780 --- [    Test worker] p6spy                                    : #1632897225824 | took 0ms | rollback | connection 9| url jdbc:h2:tcp://localhost/~/greentech

;
2021-09-29 15:33:45.824  INFO 13780 --- [    Test worker] o.s.t.c.transaction.TransactionContext   : Rolled back transaction for test: [DefaultTestContext@7dc9ef24 testClass = DataLoggerControllerTest, testInstance = kr.co.greetech.back.controller.DataLoggerControllerTest@40990d8, testMethod = list@DataLoggerControllerTest, testException = [null], mergedContextConfiguration = [WebMergedContextConfiguration@16f94f9b testClass = DataLoggerControllerTest, locations = '{}', classes = '{class kr.co.greetech.back.BackApplication}', contextInitializerClasses = '[]', activeProfiles = '{}', propertySourceLocations = '{}', propertySourceProperties = '{org.springframework.boot.test.context.SpringBootTestContextBootstrapper=true}', contextCustomizers = set[org.springframework.boot.test.autoconfigure.actuate.metrics.MetricsExportContextCustomizerFactory$DisableMetricExportContextCustomizer@4ca1eb2e, org.springframework.boot.test.autoconfigure.properties.PropertyMappingContextCustomizer@4b3fa0b3, org.springframework.boot.test.autoconfigure.web.servlet.WebDriverContextCustomizerFactory$Customizer@4b1365e5, [ImportsContextCustomizer@2df1574f key = [@org.springframework.boot.test.context.SpringBootTest(args={}, webEnvironment=MOCK, value={}, properties={}, classes={}), @org.springframework.context.annotation.Import(value={org.springframework.boot.autoconfigure.ImportAutoConfigurationImportSelector.class}), @org.springframework.context.annotation.Import(value={org.springframework.boot.autoconfigure.AutoConfigurationPackages$Registrar.class}), @org.springframework.boot.test.autoconfigure.web.servlet.AutoConfigureMockMvc(webDriverEnabled=true, print=DEFAULT, webClientEnabled=true, printOnlyOnFailure=true, addFilters=true), @org.springframework.boot.test.autoconfigure.properties.PropertyMapping(value="spring.test.mockmvc", skip=NO), @org.springframework.boot.autoconfigure.EnableAutoConfiguration(exclude={org.springframework.boot.autoconfigure.security.servlet.SecurityAutoConfiguration.class}, excludeName={}), @org.springframework.test.context.BootstrapWith(value=org.springframework.boot.test.context.SpringBootTestContextBootstrapper.class), @org.springframework.boot.autoconfigure.ImportAutoConfiguration(value={}, exclude={}, classes={}), @org.junit.jupiter.api.extension.ExtendWith(value={org.springframework.test.context.junit.jupiter.SpringExtension.class}), @org.apiguardian.api.API(consumers={"*"}, since="5.0", status=STABLE), @org.springframework.transaction.annotation.Transactional(propagation=REQUIRED, rollbackForClassName={}, readOnly=false, transactionManager="", isolation=DEFAULT, timeoutString="", label={}, noRollbackFor={}, noRollbackForClassName={}, value="", timeout=-1, rollbackFor={}), @org.springframework.boot.autoconfigure.AutoConfigurationPackage(basePackages={}, basePackageClasses={}), @org.springframework.context.annotation.Import(value={org.springframework.boot.autoconfigure.AutoConfigurationImportSelector.class})]], org.springframework.boot.test.context.filter.ExcludeFilterContextCustomizer@28e59e6, org.springframework.boot.test.json.DuplicateJsonObjectContextCustomizerFactory$DuplicateJsonObjectContextCustomizer@49b63416, org.springframework.boot.test.mock.mockito.MockitoContextCustomizer@0, org.springframework.boot.test.web.client.TestRestTemplateContextCustomizer@1fb4fa85, org.springframework.boot.test.context.SpringBootTestArgs@1, org.springframework.boot.test.context.SpringBootTestWebEnvironment@3bff073], resourceBasePath = 'src/main/webapp', contextLoader = 'org.springframework.boot.test.context.SpringBootContextLoader', parent = [null]], attributes = map['org.springframework.test.context.web.ServletTestExecutionListener.activateListener' -> true, 'org.springframework.test.context.web.ServletTestExecutionListener.populatedRequestContextHolder' -> true, 'org.springframework.test.context.web.ServletTestExecutionListener.resetRequestContextHolder' -> true, 'org.springframework.test.context.event.ApplicationEventsTestExecutionListener.recordApplicationEvents' -> false]]
]]></system-out>
  <system-err><![CDATA[]]></system-err>
</testsuite>
