<?xml version="1.0" encoding="UTF-8"?>
<testsuite name="kr.co.greetech.back.BackApplicationTests" tests="1" skipped="0" failures="0" errors="0" timestamp="2021-09-08T02:26:38" hostname="LAPTOP-JLJ2VI1H" time="0.005">
  <properties/>
  <testcase name="contextLoads()" classname="kr.co.greetech.back.BackApplicationTests" time="0.005"/>
  <system-out><![CDATA[2021-09-08 11:26:38.114  INFO 16324 --- [    Test worker] .b.t.c.SpringBootTestContextBootstrapper : Neither @ContextConfiguration nor @ContextHierarchy found for test class [kr.co.greetech.back.BackApplicationTests], using SpringBootContextLoader
2021-09-08 11:26:38.114  INFO 16324 --- [    Test worker] o.s.t.c.support.AbstractContextLoader    : Could not detect default resource locations for test class [kr.co.greetech.back.BackApplicationTests]: no resource found for suffixes {-context.xml, Context.groovy}.
2021-09-08 11:26:38.114  INFO 16324 --- [    Test worker] t.c.s.AnnotationConfigContextLoaderUtils : Could not detect default configuration classes for test class [kr.co.greetech.back.BackApplicationTests]: BackApplicationTests does not declare any static, non-private, non-final, nested classes annotated with @Configuration.
2021-09-08 11:26:38.114  INFO 16324 --- [    Test worker] .b.t.c.SpringBootTestContextBootstrapper : Found @SpringBootConfiguration kr.co.greetech.back.BackApplication for test class kr.co.greetech.back.BackApplicationTests
2021-09-08 11:26:38.114  INFO 16324 --- [    Test worker] .b.t.c.SpringBootTestContextBootstrapper : Loaded default TestExecutionListener class names from location [META-INF/spring.factories]: [org.springframework.boot.test.autoconfigure.restdocs.RestDocsTestExecutionListener, org.springframework.boot.test.autoconfigure.web.client.MockRestServiceServerResetTestExecutionListener, org.springframework.boot.test.autoconfigure.web.servlet.MockMvcPrintOnlyOnFailureTestExecutionListener, org.springframework.boot.test.autoconfigure.web.servlet.WebDriverTestExecutionListener, org.springframework.boot.test.autoconfigure.webservices.client.MockWebServiceServerTestExecutionListener, org.springframework.boot.test.mock.mockito.MockitoTestExecutionListener, org.springframework.boot.test.mock.mockito.ResetMocksTestExecutionListener, org.springframework.test.context.web.ServletTestExecutionListener, org.springframework.test.context.support.DirtiesContextBeforeModesTestExecutionListener, org.springframework.test.context.event.ApplicationEventsTestExecutionListener, org.springframework.test.context.support.DependencyInjectionTestExecutionListener, org.springframework.test.context.support.DirtiesContextTestExecutionListener, org.springframework.test.context.transaction.TransactionalTestExecutionListener, org.springframework.test.context.jdbc.SqlScriptsTestExecutionListener, org.springframework.test.context.event.EventPublishingTestExecutionListener]
2021-09-08 11:26:38.130  INFO 16324 --- [    Test worker] .b.t.c.SpringBootTestContextBootstrapper : Using TestExecutionListeners: [org.springframework.test.context.web.ServletTestExecutionListener@46565c1a, org.springframework.test.context.support.DirtiesContextBeforeModesTestExecutionListener@5a2eee5b, org.springframework.test.context.event.ApplicationEventsTestExecutionListener@7caca73b, org.springframework.boot.test.mock.mockito.MockitoTestExecutionListener@332e2178, org.springframework.boot.test.autoconfigure.SpringBootDependencyInjectionTestExecutionListener@476c0d8b, org.springframework.test.context.support.DirtiesContextTestExecutionListener@6a1d6f0b, org.springframework.test.context.transaction.TransactionalTestExecutionListener@7391880c, org.springframework.test.context.jdbc.SqlScriptsTestExecutionListener@317642e7, org.springframework.test.context.event.EventPublishingTestExecutionListener@16510117, org.springframework.boot.test.autoconfigure.restdocs.RestDocsTestExecutionListener@17b541e1, org.springframework.boot.test.autoconfigure.web.client.MockRestServiceServerResetTestExecutionListener@689b7af3, org.springframework.boot.test.autoconfigure.web.servlet.MockMvcPrintOnlyOnFailureTestExecutionListener@6bf97c7d, org.springframework.boot.test.autoconfigure.web.servlet.WebDriverTestExecutionListener@75be81ac, org.springframework.boot.test.autoconfigure.webservices.client.MockWebServiceServerTestExecutionListener@48b96cb3, org.springframework.boot.test.mock.mockito.ResetMocksTestExecutionListener@7bc6cbb5]
]]></system-out>
  <system-err><![CDATA[]]></system-err>
</testsuite>
