<?xml version="1.0" encoding="UTF-8"?>
<testsuite name="kr.co.greetech.back.controller.DataLoggerControllerTest" tests="3" skipped="0" failures="0" errors="0" timestamp="2021-11-11T07:57:49" hostname="LAPTOP-JLJ2VI1H" time="0.59">
  <properties/>
  <testcase name="create()" classname="kr.co.greetech.back.controller.DataLoggerControllerTest" time="0.372"/>
  <testcase name="one()" classname="kr.co.greetech.back.controller.DataLoggerControllerTest" time="0.079"/>
  <testcase name="list()" classname="kr.co.greetech.back.controller.DataLoggerControllerTest" time="0.137"/>
  <system-out><![CDATA[2021-11-11 16:57:46.821  INFO 19212 --- [    Test worker] .b.t.c.SpringBootTestContextBootstrapper : Neither @ContextConfiguration nor @ContextHierarchy found for test class [kr.co.greetech.back.controller.DataLoggerControllerTest], using SpringBootContextLoader
2021-11-11 16:57:46.823  INFO 19212 --- [    Test worker] o.s.t.c.support.AbstractContextLoader    : Could not detect default resource locations for test class [kr.co.greetech.back.controller.DataLoggerControllerTest]: no resource found for suffixes {-context.xml, Context.groovy}.
2021-11-11 16:57:46.824  INFO 19212 --- [    Test worker] t.c.s.AnnotationConfigContextLoaderUtils : Could not detect default configuration classes for test class [kr.co.greetech.back.controller.DataLoggerControllerTest]: DataLoggerControllerTest does not declare any static, non-private, non-final, nested classes annotated with @Configuration.
2021-11-11 16:57:46.854  INFO 19212 --- [    Test worker] .b.t.c.SpringBootTestContextBootstrapper : Found @SpringBootConfiguration kr.co.greetech.back.BackApplication for test class kr.co.greetech.back.controller.DataLoggerControllerTest
2021-11-11 16:57:46.858  INFO 19212 --- [    Test worker] .b.t.c.SpringBootTestContextBootstrapper : Loaded default TestExecutionListener class names from location [META-INF/spring.factories]: [org.springframework.boot.test.autoconfigure.restdocs.RestDocsTestExecutionListener, org.springframework.boot.test.autoconfigure.web.client.MockRestServiceServerResetTestExecutionListener, org.springframework.boot.test.autoconfigure.web.servlet.MockMvcPrintOnlyOnFailureTestExecutionListener, org.springframework.boot.test.autoconfigure.web.servlet.WebDriverTestExecutionListener, org.springframework.boot.test.autoconfigure.webservices.client.MockWebServiceServerTestExecutionListener, org.springframework.boot.test.mock.mockito.MockitoTestExecutionListener, org.springframework.boot.test.mock.mockito.ResetMocksTestExecutionListener, org.springframework.test.context.web.ServletTestExecutionListener, org.springframework.test.context.support.DirtiesContextBeforeModesTestExecutionListener, org.springframework.test.context.event.ApplicationEventsTestExecutionListener, org.springframework.test.context.support.DependencyInjectionTestExecutionListener, org.springframework.test.context.support.DirtiesContextTestExecutionListener, org.springframework.test.context.transaction.TransactionalTestExecutionListener, org.springframework.test.context.jdbc.SqlScriptsTestExecutionListener, org.springframework.test.context.event.EventPublishingTestExecutionListener]
2021-11-11 16:57:46.859  INFO 19212 --- [    Test worker] .b.t.c.SpringBootTestContextBootstrapper : Using TestExecutionListeners: [org.springframework.test.context.web.ServletTestExecutionListener@7937f96e, org.springframework.test.context.support.DirtiesContextBeforeModesTestExecutionListener@5599f22f, org.springframework.test.context.event.ApplicationEventsTestExecutionListener@ece769a, org.springframework.boot.test.mock.mockito.MockitoTestExecutionListener@7baf7a9d, org.springframework.boot.test.autoconfigure.SpringBootDependencyInjectionTestExecutionListener@3d95100f, org.springframework.test.context.support.DirtiesContextTestExecutionListener@27879518, org.springframework.test.context.transaction.TransactionalTestExecutionListener@5a004dd4, org.springframework.test.context.jdbc.SqlScriptsTestExecutionListener@5afbbf9b, org.springframework.test.context.event.EventPublishingTestExecutionListener@4f7bc9a3, org.springframework.boot.test.autoconfigure.restdocs.RestDocsTestExecutionListener@544faa01, org.springframework.boot.test.autoconfigure.web.client.MockRestServiceServerResetTestExecutionListener@cf933b1, org.springframework.boot.test.autoconfigure.web.servlet.MockMvcPrintOnlyOnFailureTestExecutionListener@b7952d2, org.springframework.boot.test.autoconfigure.web.servlet.WebDriverTestExecutionListener@1a5ea4cf, org.springframework.boot.test.autoconfigure.webservices.client.MockWebServiceServerTestExecutionListener@33e80a27, org.springframework.boot.test.mock.mockito.ResetMocksTestExecutionListener@7649d350]

  .   ____          _            __ _ _
 /\\ / ___'_ __ _ _(_)_ __  __ _ \ \ \ \
( ( )\___ | '_ | '_| | '_ \/ _` | \ \ \ \
 \\/  ___)| |_)| | | | | || (_| |  ) ) ) )
  '  |____| .__|_| |_|_| |_\__, | / / / /
 =========|_|==============|___/=/_/_/_/
 :: Spring Boot ::                (v2.5.3)

2021-11-11 16:57:46.903  INFO 19212 --- [    Test worker] k.c.g.b.c.DataLoggerControllerTest       : Starting DataLoggerControllerTest using Java 11.0.11 on LAPTOP-JLJ2VI1H with PID 19212 (started by lenovo in C:\Users\lenovo\Documents\web\back)
2021-11-11 16:57:46.903  INFO 19212 --- [    Test worker] k.c.g.b.c.DataLoggerControllerTest       : The following profiles are active: test
2021-11-11 16:57:47.343  INFO 19212 --- [    Test worker] .s.d.r.c.RepositoryConfigurationDelegate : Bootstrapping Spring Data JPA repositories in DEFAULT mode.
2021-11-11 16:57:47.415  INFO 19212 --- [    Test worker] .s.d.r.c.RepositoryConfigurationDelegate : Finished Spring Data repository scanning in 71 ms. Found 4 JPA repository interfaces.
2021-11-11 16:57:47.637  INFO 19212 --- [    Test worker] c.g.g.b.j.d.p6spy.P6SpyConfiguration     : P6Spy modulelist is overridden, some p6spy configuration features will not be applied
2021-11-11 16:57:47.746  INFO 19212 --- [    Test worker] o.hibernate.jpa.internal.util.LogHelper  : HHH000204: Processing PersistenceUnitInfo [name: default]
2021-11-11 16:57:47.762  INFO 19212 --- [    Test worker] com.zaxxer.hikari.HikariDataSource       : HikariPool-2 - Starting...
2021-11-11 16:57:47.766  INFO 19212 --- [    Test worker] com.zaxxer.hikari.HikariDataSource       : HikariPool-2 - Start completed.
2021-11-11 16:57:47.767  INFO 19212 --- [    Test worker] org.hibernate.dialect.Dialect            : HHH000400: Using dialect: org.hibernate.dialect.H2Dialect
2021-11-11 16:57:47.882 DEBUG 19212 --- [    Test worker] org.hibernate.SQL                        : 
    
    drop table if exists company CASCADE 
2021-11-11 16:57:47.884  INFO 19212 --- [    Test worker] p6spy                                    : #1636617467884 | took 1ms | statement | connection 5| url jdbc:h2:tcp://localhost/~/greentech

    drop table if exists company CASCADE 

    drop table if exists company CASCADE ;
2021-11-11 16:57:47.885 DEBUG 19212 --- [    Test worker] org.hibernate.SQL                        : 
    
    drop table if exists data_logger CASCADE 
2021-11-11 16:57:47.887  INFO 19212 --- [    Test worker] p6spy                                    : #1636617467887 | took 1ms | statement | connection 5| url jdbc:h2:tcp://localhost/~/greentech

    drop table if exists data_logger CASCADE 

    drop table if exists data_logger CASCADE ;
2021-11-11 16:57:47.887 DEBUG 19212 --- [    Test worker] org.hibernate.SQL                        : 
    
    drop table if exists fcm_token CASCADE 
2021-11-11 16:57:47.888  INFO 19212 --- [    Test worker] p6spy                                    : #1636617467888 | took 1ms | statement | connection 5| url jdbc:h2:tcp://localhost/~/greentech

    drop table if exists fcm_token CASCADE 

    drop table if exists fcm_token CASCADE ;
2021-11-11 16:57:47.889 DEBUG 19212 --- [    Test worker] org.hibernate.SQL                        : 
    
    drop table if exists measure_data CASCADE 
2021-11-11 16:57:47.890  INFO 19212 --- [    Test worker] p6spy                                    : #1636617467890 | took 1ms | statement | connection 5| url jdbc:h2:tcp://localhost/~/greentech

    drop table if exists measure_data CASCADE 

    drop table if exists measure_data CASCADE ;
2021-11-11 16:57:47.890 DEBUG 19212 --- [    Test worker] org.hibernate.SQL                        : 
    
    drop sequence if exists hibernate_sequence
2021-11-11 16:57:47.891  INFO 19212 --- [    Test worker] p6spy                                    : #1636617467891 | took 0ms | statement | connection 5| url jdbc:h2:tcp://localhost/~/greentech

    drop sequence if exists hibernate_sequence

    drop sequence if exists hibernate_sequence;
2021-11-11 16:57:47.892 DEBUG 19212 --- [    Test worker] org.hibernate.SQL                        : create sequence hibernate_sequence start with 1 increment by 1
2021-11-11 16:57:47.894  INFO 19212 --- [    Test worker] p6spy                                    : #1636617467894 | took 0ms | statement | connection 6| url jdbc:h2:tcp://localhost/~/greentech
create sequence hibernate_sequence start with 1 increment by 1
create sequence hibernate_sequence start with 1 increment by 1;
2021-11-11 16:57:47.895 DEBUG 19212 --- [    Test worker] org.hibernate.SQL                        : 
    
    create table company (
       company_id bigint not null,
        created_time timestamp not null,
        last_modified_time timestamp not null,
        login_id varchar(255) not null,
        login_pw varchar(255) not null,
        name varchar(255) not null,
        primary key (company_id)
    )
2021-11-11 16:57:47.896  INFO 19212 --- [    Test worker] p6spy                                    : #1636617467896 | took 1ms | statement | connection 6| url jdbc:h2:tcp://localhost/~/greentech

    create table company (
       company_id bigint not null,
        created_time timestamp not null,
        last_modified_time timestamp not null,
        login_id varchar(255) not null,
        login_pw varchar(255) not null,
        name varchar(255) not null,
        primary key (company_id)
    )

    create table company (
       company_id bigint not null,
        created_time timestamp not null,
        last_modified_time timestamp not null,
        login_id varchar(255) not null,
        login_pw varchar(255) not null,
        name varchar(255) not null,
        primary key (company_id)
    );
2021-11-11 16:57:47.897 DEBUG 19212 --- [    Test worker] org.hibernate.SQL                        : 
    
    create table data_logger (
       data_logger_id bigint not null,
        created_time timestamp not null,
        last_modified_time timestamp not null,
        channel_name varchar(1000) not null,
        model_name varchar(255) not null,
        unit varchar(1000) not null,
        company_id bigint not null,
        primary key (data_logger_id)
    )
2021-11-11 16:57:47.901  INFO 19212 --- [    Test worker] p6spy                                    : #1636617467901 | took 2ms | statement | connection 6| url jdbc:h2:tcp://localhost/~/greentech

    create table data_logger (
       data_logger_id bigint not null,
        created_time timestamp not null,
        last_modified_time timestamp not null,
        channel_name varchar(1000) not null,
        model_name varchar(255) not null,
        unit varchar(1000) not null,
        company_id bigint not null,
        primary key (data_logger_id)
    )

    create table data_logger (
       data_logger_id bigint not null,
        created_time timestamp not null,
        last_modified_time timestamp not null,
        channel_name varchar(1000) not null,
        model_name varchar(255) not null,
        unit varchar(1000) not null,
        company_id bigint not null,
        primary key (data_logger_id)
    );
2021-11-11 16:57:47.902 DEBUG 19212 --- [    Test worker] org.hibernate.SQL                        : 
    
    create table fcm_token (
       fcm_token_id bigint not null,
        created_time timestamp not null,
        last_modified_time timestamp not null,
        fcm_token varchar(255) not null,
        company_id bigint not null,
        primary key (fcm_token_id)
    )
2021-11-11 16:57:47.903  INFO 19212 --- [    Test worker] p6spy                                    : #1636617467903 | took 1ms | statement | connection 6| url jdbc:h2:tcp://localhost/~/greentech

    create table fcm_token (
       fcm_token_id bigint not null,
        created_time timestamp not null,
        last_modified_time timestamp not null,
        fcm_token varchar(255) not null,
        company_id bigint not null,
        primary key (fcm_token_id)
    )

    create table fcm_token (
       fcm_token_id bigint not null,
        created_time timestamp not null,
        last_modified_time timestamp not null,
        fcm_token varchar(255) not null,
        company_id bigint not null,
        primary key (fcm_token_id)
    );
2021-11-11 16:57:47.904 DEBUG 19212 --- [    Test worker] org.hibernate.SQL                        : 
    
    create table measure_data (
       measure_data_id bigint not null,
        created_time timestamp not null,
        data varchar(255) not null,
        data_logger_id bigint not null,
        primary key (measure_data_id)
    )
2021-11-11 16:57:47.906  INFO 19212 --- [    Test worker] p6spy                                    : #1636617467906 | took 1ms | statement | connection 6| url jdbc:h2:tcp://localhost/~/greentech

    create table measure_data (
       measure_data_id bigint not null,
        created_time timestamp not null,
        data varchar(255) not null,
        data_logger_id bigint not null,
        primary key (measure_data_id)
    )

    create table measure_data (
       measure_data_id bigint not null,
        created_time timestamp not null,
        data varchar(255) not null,
        data_logger_id bigint not null,
        primary key (measure_data_id)
    );
2021-11-11 16:57:47.906 DEBUG 19212 --- [    Test worker] org.hibernate.SQL                        : 
    
    alter table company 
       add constraint UK_jymm78yo2olotyo1e343ct9ko unique (login_id)
2021-11-11 16:57:47.908  INFO 19212 --- [    Test worker] p6spy                                    : #1636617467907 | took 1ms | statement | connection 6| url jdbc:h2:tcp://localhost/~/greentech

    alter table company 
       add constraint UK_jymm78yo2olotyo1e343ct9ko unique (login_id)

    alter table company 
       add constraint UK_jymm78yo2olotyo1e343ct9ko unique (login_id);
2021-11-11 16:57:47.908 DEBUG 19212 --- [    Test worker] org.hibernate.SQL                        : 
    
    alter table company 
       add constraint UK_niu8sfil2gxywcru9ah3r4ec5 unique (name)
2021-11-11 16:57:47.910  INFO 19212 --- [    Test worker] p6spy                                    : #1636617467910 | took 1ms | statement | connection 6| url jdbc:h2:tcp://localhost/~/greentech

    alter table company 
       add constraint UK_niu8sfil2gxywcru9ah3r4ec5 unique (name)

    alter table company 
       add constraint UK_niu8sfil2gxywcru9ah3r4ec5 unique (name);
2021-11-11 16:57:47.910 DEBUG 19212 --- [    Test worker] org.hibernate.SQL                        : 
    
    alter table data_logger 
       add constraint FK5wejnpaohywo5fhc6jhegrefe 
       foreign key (company_id) 
       references company
2021-11-11 16:57:47.913  INFO 19212 --- [    Test worker] p6spy                                    : #1636617467913 | took 2ms | statement | connection 6| url jdbc:h2:tcp://localhost/~/greentech

    alter table data_logger 
       add constraint FK5wejnpaohywo5fhc6jhegrefe 
       foreign key (company_id) 
       references company

    alter table data_logger 
       add constraint FK5wejnpaohywo5fhc6jhegrefe 
       foreign key (company_id) 
       references company;
2021-11-11 16:57:47.913 DEBUG 19212 --- [    Test worker] org.hibernate.SQL                        : 
    
    alter table fcm_token 
       add constraint FKfafkxygyr8u4on8xic6beum80 
       foreign key (company_id) 
       references company
2021-11-11 16:57:47.916  INFO 19212 --- [    Test worker] p6spy                                    : #1636617467916 | took 2ms | statement | connection 6| url jdbc:h2:tcp://localhost/~/greentech

    alter table fcm_token 
       add constraint FKfafkxygyr8u4on8xic6beum80 
       foreign key (company_id) 
       references company

    alter table fcm_token 
       add constraint FKfafkxygyr8u4on8xic6beum80 
       foreign key (company_id) 
       references company;
2021-11-11 16:57:47.916 DEBUG 19212 --- [    Test worker] org.hibernate.SQL                        : 
    
    alter table measure_data 
       add constraint FKat8mm6oaqfehk7y9o2xb4i0jj 
       foreign key (data_logger_id) 
       references data_logger
2021-11-11 16:57:47.919  INFO 19212 --- [    Test worker] p6spy                                    : #1636617467919 | took 2ms | statement | connection 6| url jdbc:h2:tcp://localhost/~/greentech

    alter table measure_data 
       add constraint FKat8mm6oaqfehk7y9o2xb4i0jj 
       foreign key (data_logger_id) 
       references data_logger

    alter table measure_data 
       add constraint FKat8mm6oaqfehk7y9o2xb4i0jj 
       foreign key (data_logger_id) 
       references data_logger;
2021-11-11 16:57:47.921  INFO 19212 --- [    Test worker] o.h.e.t.j.p.i.JtaPlatformInitiator       : HHH000490: Using JtaPlatform implementation: [org.hibernate.engine.transaction.jta.platform.internal.NoJtaPlatform]
2021-11-11 16:57:47.921  INFO 19212 --- [    Test worker] j.LocalContainerEntityManagerFactoryBean : Initialized JPA EntityManagerFactory for persistence unit 'default'
2021-11-11 16:57:48.365  WARN 19212 --- [    Test worker] JpaBaseConfiguration$JpaWebConfiguration : spring.jpa.open-in-view is enabled by default. Therefore, database queries may be performed during view rendering. Explicitly configure spring.jpa.open-in-view to disable this warning
2021-11-11 16:57:49.027  INFO 19212 --- [    Test worker] o.s.b.t.m.w.SpringBootMockServletContext : Initializing Spring TestDispatcherServlet ''
2021-11-11 16:57:49.027  INFO 19212 --- [    Test worker] o.s.t.web.servlet.TestDispatcherServlet  : Initializing Servlet ''
2021-11-11 16:57:49.029  INFO 19212 --- [    Test worker] o.s.t.web.servlet.TestDispatcherServlet  : Completed initialization in 2 ms
2021-11-11 16:57:49.051  INFO 19212 --- [    Test worker] k.c.g.b.c.DataLoggerControllerTest       : Started DataLoggerControllerTest in 2.188 seconds (JVM running for 17.415)
2021-11-11 16:57:49.075  INFO 19212 --- [    Test worker] o.s.t.c.transaction.TransactionContext   : Began transaction (1) for test context [DefaultTestContext@237bdd46 testClass = DataLoggerControllerTest, testInstance = kr.co.greetech.back.controller.DataLoggerControllerTest@7e32442d, testMethod = create@DataLoggerControllerTest, testException = [null], mergedContextConfiguration = [WebMergedContextConfiguration@310df168 testClass = DataLoggerControllerTest, locations = '{}', classes = '{class kr.co.greetech.back.BackApplication}', contextInitializerClasses = '[]', activeProfiles = '{}', propertySourceLocations = '{}', propertySourceProperties = '{org.springframework.boot.test.context.SpringBootTestContextBootstrapper=true}', contextCustomizers = set[org.springframework.boot.test.autoconfigure.actuate.metrics.MetricsExportContextCustomizerFactory$DisableMetricExportContextCustomizer@74e47444, org.springframework.boot.test.autoconfigure.properties.PropertyMappingContextCustomizer@4b3fa0b3, org.springframework.boot.test.autoconfigure.web.servlet.WebDriverContextCustomizerFactory$Customizer@24fb6a80, [ImportsContextCustomizer@3606c525 key = [@org.apiguardian.api.API(consumers={"*"}, since="5.0", status=STABLE), @org.junit.jupiter.api.extension.ExtendWith(value={org.springframework.test.context.junit.jupiter.SpringExtension.class}), @org.springframework.test.context.BootstrapWith(value=org.springframework.boot.test.context.SpringBootTestContextBootstrapper.class), @org.springframework.boot.test.autoconfigure.web.servlet.AutoConfigureMockMvc(webDriverEnabled=true, print=DEFAULT, webClientEnabled=true, printOnlyOnFailure=true, addFilters=true), @org.springframework.boot.autoconfigure.ImportAutoConfiguration(value={}, exclude={}, classes={}), @org.springframework.context.annotation.Import(value={org.springframework.boot.autoconfigure.AutoConfigurationImportSelector.class}), @org.springframework.boot.autoconfigure.EnableAutoConfiguration(excludeName={}, exclude={org.springframework.boot.autoconfigure.security.servlet.SecurityAutoConfiguration.class}), @org.springframework.boot.test.context.SpringBootTest(args={}, webEnvironment=MOCK, value={}, properties={}, classes={}), @org.springframework.transaction.annotation.Transactional(propagation=REQUIRED, rollbackForClassName={}, readOnly=false, timeoutString="", transactionManager="", isolation=DEFAULT, label={}, noRollbackFor={}, noRollbackForClassName={}, value="", timeout=-1, rollbackFor={}), @org.springframework.context.annotation.Import(value={org.springframework.boot.autoconfigure.AutoConfigurationPackages$Registrar.class}), @org.springframework.boot.autoconfigure.AutoConfigurationPackage(basePackages={}, basePackageClasses={}), @org.springframework.context.annotation.Import(value={org.springframework.boot.autoconfigure.ImportAutoConfigurationImportSelector.class}), @org.springframework.boot.test.autoconfigure.properties.PropertyMapping(value="spring.test.mockmvc", skip=NO)]], org.springframework.boot.test.context.filter.ExcludeFilterContextCustomizer@6722db6e, org.springframework.boot.test.json.DuplicateJsonObjectContextCustomizerFactory$DuplicateJsonObjectContextCustomizer@7a48e6e2, org.springframework.boot.test.mock.mockito.MockitoContextCustomizer@0, org.springframework.boot.test.web.client.TestRestTemplateContextCustomizer@45be7cd5, org.springframework.boot.test.context.SpringBootTestArgs@1, org.springframework.boot.test.context.SpringBootTestWebEnvironment@398dada8], resourceBasePath = 'src/main/webapp', contextLoader = 'org.springframework.boot.test.context.SpringBootContextLoader', parent = [null]], attributes = map['org.springframework.test.context.web.ServletTestExecutionListener.activateListener' -> true, 'org.springframework.test.context.web.ServletTestExecutionListener.populatedRequestContextHolder' -> true, 'org.springframework.test.context.web.ServletTestExecutionListener.resetRequestContextHolder' -> true, 'org.springframework.test.context.event.ApplicationEventsTestExecutionListener.recordApplicationEvents' -> false]]; transaction manager [org.springframework.orm.jpa.JpaTransactionManager@7a1587e8]; rollback [true]
2021-11-11 16:57:49.089 DEBUG 19212 --- [    Test worker] org.hibernate.SQL                        : 
    call next value for hibernate_sequence
2021-11-11 16:57:49.091  INFO 19212 --- [    Test worker] p6spy                                    : #1636617469090 | took 0ms | statement | connection 7| url jdbc:h2:tcp://localhost/~/greentech
call next value for hibernate_sequence
call next value for hibernate_sequence;
2021-11-11 16:57:49.337 DEBUG 19212 --- [    Test worker] org.hibernate.SQL                        : 
    call next value for hibernate_sequence
2021-11-11 16:57:49.338  INFO 19212 --- [    Test worker] p6spy                                    : #1636617469338 | took 0ms | statement | connection 7| url jdbc:h2:tcp://localhost/~/greentech
call next value for hibernate_sequence
call next value for hibernate_sequence;
2021-11-11 16:57:49.436  INFO 19212 --- [    Test worker] p6spy                                    : #1636617469436 | took 0ms | rollback | connection 7| url jdbc:h2:tcp://localhost/~/greentech

;
2021-11-11 16:57:49.439  INFO 19212 --- [    Test worker] o.s.t.c.transaction.TransactionContext   : Rolled back transaction for test: [DefaultTestContext@237bdd46 testClass = DataLoggerControllerTest, testInstance = kr.co.greetech.back.controller.DataLoggerControllerTest@7e32442d, testMethod = create@DataLoggerControllerTest, testException = [null], mergedContextConfiguration = [WebMergedContextConfiguration@310df168 testClass = DataLoggerControllerTest, locations = '{}', classes = '{class kr.co.greetech.back.BackApplication}', contextInitializerClasses = '[]', activeProfiles = '{}', propertySourceLocations = '{}', propertySourceProperties = '{org.springframework.boot.test.context.SpringBootTestContextBootstrapper=true}', contextCustomizers = set[org.springframework.boot.test.autoconfigure.actuate.metrics.MetricsExportContextCustomizerFactory$DisableMetricExportContextCustomizer@74e47444, org.springframework.boot.test.autoconfigure.properties.PropertyMappingContextCustomizer@4b3fa0b3, org.springframework.boot.test.autoconfigure.web.servlet.WebDriverContextCustomizerFactory$Customizer@24fb6a80, [ImportsContextCustomizer@3606c525 key = [@org.apiguardian.api.API(consumers={"*"}, since="5.0", status=STABLE), @org.junit.jupiter.api.extension.ExtendWith(value={org.springframework.test.context.junit.jupiter.SpringExtension.class}), @org.springframework.test.context.BootstrapWith(value=org.springframework.boot.test.context.SpringBootTestContextBootstrapper.class), @org.springframework.boot.test.autoconfigure.web.servlet.AutoConfigureMockMvc(webDriverEnabled=true, print=DEFAULT, webClientEnabled=true, printOnlyOnFailure=true, addFilters=true), @org.springframework.boot.autoconfigure.ImportAutoConfiguration(value={}, exclude={}, classes={}), @org.springframework.context.annotation.Import(value={org.springframework.boot.autoconfigure.AutoConfigurationImportSelector.class}), @org.springframework.boot.autoconfigure.EnableAutoConfiguration(excludeName={}, exclude={org.springframework.boot.autoconfigure.security.servlet.SecurityAutoConfiguration.class}), @org.springframework.boot.test.context.SpringBootTest(args={}, webEnvironment=MOCK, value={}, properties={}, classes={}), @org.springframework.transaction.annotation.Transactional(propagation=REQUIRED, rollbackForClassName={}, readOnly=false, timeoutString="", transactionManager="", isolation=DEFAULT, label={}, noRollbackFor={}, noRollbackForClassName={}, value="", timeout=-1, rollbackFor={}), @org.springframework.context.annotation.Import(value={org.springframework.boot.autoconfigure.AutoConfigurationPackages$Registrar.class}), @org.springframework.boot.autoconfigure.AutoConfigurationPackage(basePackages={}, basePackageClasses={}), @org.springframework.context.annotation.Import(value={org.springframework.boot.autoconfigure.ImportAutoConfigurationImportSelector.class}), @org.springframework.boot.test.autoconfigure.properties.PropertyMapping(value="spring.test.mockmvc", skip=NO)]], org.springframework.boot.test.context.filter.ExcludeFilterContextCustomizer@6722db6e, org.springframework.boot.test.json.DuplicateJsonObjectContextCustomizerFactory$DuplicateJsonObjectContextCustomizer@7a48e6e2, org.springframework.boot.test.mock.mockito.MockitoContextCustomizer@0, org.springframework.boot.test.web.client.TestRestTemplateContextCustomizer@45be7cd5, org.springframework.boot.test.context.SpringBootTestArgs@1, org.springframework.boot.test.context.SpringBootTestWebEnvironment@398dada8], resourceBasePath = 'src/main/webapp', contextLoader = 'org.springframework.boot.test.context.SpringBootContextLoader', parent = [null]], attributes = map['org.springframework.test.context.web.ServletTestExecutionListener.activateListener' -> true, 'org.springframework.test.context.web.ServletTestExecutionListener.populatedRequestContextHolder' -> true, 'org.springframework.test.context.web.ServletTestExecutionListener.resetRequestContextHolder' -> true, 'org.springframework.test.context.event.ApplicationEventsTestExecutionListener.recordApplicationEvents' -> false]]
2021-11-11 16:57:49.444  INFO 19212 --- [    Test worker] o.s.t.c.transaction.TransactionContext   : Began transaction (1) for test context [DefaultTestContext@237bdd46 testClass = DataLoggerControllerTest, testInstance = kr.co.greetech.back.controller.DataLoggerControllerTest@788be73c, testMethod = one@DataLoggerControllerTest, testException = [null], mergedContextConfiguration = [WebMergedContextConfiguration@310df168 testClass = DataLoggerControllerTest, locations = '{}', classes = '{class kr.co.greetech.back.BackApplication}', contextInitializerClasses = '[]', activeProfiles = '{}', propertySourceLocations = '{}', propertySourceProperties = '{org.springframework.boot.test.context.SpringBootTestContextBootstrapper=true}', contextCustomizers = set[org.springframework.boot.test.autoconfigure.actuate.metrics.MetricsExportContextCustomizerFactory$DisableMetricExportContextCustomizer@74e47444, org.springframework.boot.test.autoconfigure.properties.PropertyMappingContextCustomizer@4b3fa0b3, org.springframework.boot.test.autoconfigure.web.servlet.WebDriverContextCustomizerFactory$Customizer@24fb6a80, [ImportsContextCustomizer@3606c525 key = [@org.apiguardian.api.API(consumers={"*"}, since="5.0", status=STABLE), @org.junit.jupiter.api.extension.ExtendWith(value={org.springframework.test.context.junit.jupiter.SpringExtension.class}), @org.springframework.test.context.BootstrapWith(value=org.springframework.boot.test.context.SpringBootTestContextBootstrapper.class), @org.springframework.boot.test.autoconfigure.web.servlet.AutoConfigureMockMvc(webDriverEnabled=true, print=DEFAULT, webClientEnabled=true, printOnlyOnFailure=true, addFilters=true), @org.springframework.boot.autoconfigure.ImportAutoConfiguration(value={}, exclude={}, classes={}), @org.springframework.context.annotation.Import(value={org.springframework.boot.autoconfigure.AutoConfigurationImportSelector.class}), @org.springframework.boot.autoconfigure.EnableAutoConfiguration(excludeName={}, exclude={org.springframework.boot.autoconfigure.security.servlet.SecurityAutoConfiguration.class}), @org.springframework.boot.test.context.SpringBootTest(args={}, webEnvironment=MOCK, value={}, properties={}, classes={}), @org.springframework.transaction.annotation.Transactional(propagation=REQUIRED, rollbackForClassName={}, readOnly=false, timeoutString="", transactionManager="", isolation=DEFAULT, label={}, noRollbackFor={}, noRollbackForClassName={}, value="", timeout=-1, rollbackFor={}), @org.springframework.context.annotation.Import(value={org.springframework.boot.autoconfigure.AutoConfigurationPackages$Registrar.class}), @org.springframework.boot.autoconfigure.AutoConfigurationPackage(basePackages={}, basePackageClasses={}), @org.springframework.context.annotation.Import(value={org.springframework.boot.autoconfigure.ImportAutoConfigurationImportSelector.class}), @org.springframework.boot.test.autoconfigure.properties.PropertyMapping(value="spring.test.mockmvc", skip=NO)]], org.springframework.boot.test.context.filter.ExcludeFilterContextCustomizer@6722db6e, org.springframework.boot.test.json.DuplicateJsonObjectContextCustomizerFactory$DuplicateJsonObjectContextCustomizer@7a48e6e2, org.springframework.boot.test.mock.mockito.MockitoContextCustomizer@0, org.springframework.boot.test.web.client.TestRestTemplateContextCustomizer@45be7cd5, org.springframework.boot.test.context.SpringBootTestArgs@1, org.springframework.boot.test.context.SpringBootTestWebEnvironment@398dada8], resourceBasePath = 'src/main/webapp', contextLoader = 'org.springframework.boot.test.context.SpringBootContextLoader', parent = [null]], attributes = map['org.springframework.test.context.web.ServletTestExecutionListener.activateListener' -> true, 'org.springframework.test.context.web.ServletTestExecutionListener.populatedRequestContextHolder' -> true, 'org.springframework.test.context.web.ServletTestExecutionListener.resetRequestContextHolder' -> true, 'org.springframework.test.context.event.ApplicationEventsTestExecutionListener.recordApplicationEvents' -> false]]; transaction manager [org.springframework.orm.jpa.JpaTransactionManager@7a1587e8]; rollback [true]
2021-11-11 16:57:49.448 DEBUG 19212 --- [    Test worker] org.hibernate.SQL                        : 
    call next value for hibernate_sequence
2021-11-11 16:57:49.449  INFO 19212 --- [    Test worker] p6spy                                    : #1636617469449 | took 0ms | statement | connection 8| url jdbc:h2:tcp://localhost/~/greentech
call next value for hibernate_sequence
call next value for hibernate_sequence;
2021-11-11 16:57:49.517  INFO 19212 --- [    Test worker] p6spy                                    : #1636617469517 | took 0ms | rollback | connection 8| url jdbc:h2:tcp://localhost/~/greentech

;
2021-11-11 16:57:49.518  INFO 19212 --- [    Test worker] o.s.t.c.transaction.TransactionContext   : Rolled back transaction for test: [DefaultTestContext@237bdd46 testClass = DataLoggerControllerTest, testInstance = kr.co.greetech.back.controller.DataLoggerControllerTest@788be73c, testMethod = one@DataLoggerControllerTest, testException = [null], mergedContextConfiguration = [WebMergedContextConfiguration@310df168 testClass = DataLoggerControllerTest, locations = '{}', classes = '{class kr.co.greetech.back.BackApplication}', contextInitializerClasses = '[]', activeProfiles = '{}', propertySourceLocations = '{}', propertySourceProperties = '{org.springframework.boot.test.context.SpringBootTestContextBootstrapper=true}', contextCustomizers = set[org.springframework.boot.test.autoconfigure.actuate.metrics.MetricsExportContextCustomizerFactory$DisableMetricExportContextCustomizer@74e47444, org.springframework.boot.test.autoconfigure.properties.PropertyMappingContextCustomizer@4b3fa0b3, org.springframework.boot.test.autoconfigure.web.servlet.WebDriverContextCustomizerFactory$Customizer@24fb6a80, [ImportsContextCustomizer@3606c525 key = [@org.apiguardian.api.API(consumers={"*"}, since="5.0", status=STABLE), @org.junit.jupiter.api.extension.ExtendWith(value={org.springframework.test.context.junit.jupiter.SpringExtension.class}), @org.springframework.test.context.BootstrapWith(value=org.springframework.boot.test.context.SpringBootTestContextBootstrapper.class), @org.springframework.boot.test.autoconfigure.web.servlet.AutoConfigureMockMvc(webDriverEnabled=true, print=DEFAULT, webClientEnabled=true, printOnlyOnFailure=true, addFilters=true), @org.springframework.boot.autoconfigure.ImportAutoConfiguration(value={}, exclude={}, classes={}), @org.springframework.context.annotation.Import(value={org.springframework.boot.autoconfigure.AutoConfigurationImportSelector.class}), @org.springframework.boot.autoconfigure.EnableAutoConfiguration(excludeName={}, exclude={org.springframework.boot.autoconfigure.security.servlet.SecurityAutoConfiguration.class}), @org.springframework.boot.test.context.SpringBootTest(args={}, webEnvironment=MOCK, value={}, properties={}, classes={}), @org.springframework.transaction.annotation.Transactional(propagation=REQUIRED, rollbackForClassName={}, readOnly=false, timeoutString="", transactionManager="", isolation=DEFAULT, label={}, noRollbackFor={}, noRollbackForClassName={}, value="", timeout=-1, rollbackFor={}), @org.springframework.context.annotation.Import(value={org.springframework.boot.autoconfigure.AutoConfigurationPackages$Registrar.class}), @org.springframework.boot.autoconfigure.AutoConfigurationPackage(basePackages={}, basePackageClasses={}), @org.springframework.context.annotation.Import(value={org.springframework.boot.autoconfigure.ImportAutoConfigurationImportSelector.class}), @org.springframework.boot.test.autoconfigure.properties.PropertyMapping(value="spring.test.mockmvc", skip=NO)]], org.springframework.boot.test.context.filter.ExcludeFilterContextCustomizer@6722db6e, org.springframework.boot.test.json.DuplicateJsonObjectContextCustomizerFactory$DuplicateJsonObjectContextCustomizer@7a48e6e2, org.springframework.boot.test.mock.mockito.MockitoContextCustomizer@0, org.springframework.boot.test.web.client.TestRestTemplateContextCustomizer@45be7cd5, org.springframework.boot.test.context.SpringBootTestArgs@1, org.springframework.boot.test.context.SpringBootTestWebEnvironment@398dada8], resourceBasePath = 'src/main/webapp', contextLoader = 'org.springframework.boot.test.context.SpringBootContextLoader', parent = [null]], attributes = map['org.springframework.test.context.web.ServletTestExecutionListener.activateListener' -> true, 'org.springframework.test.context.web.ServletTestExecutionListener.populatedRequestContextHolder' -> true, 'org.springframework.test.context.web.ServletTestExecutionListener.resetRequestContextHolder' -> true, 'org.springframework.test.context.event.ApplicationEventsTestExecutionListener.recordApplicationEvents' -> false]]
2021-11-11 16:57:49.523  INFO 19212 --- [    Test worker] o.s.t.c.transaction.TransactionContext   : Began transaction (1) for test context [DefaultTestContext@237bdd46 testClass = DataLoggerControllerTest, testInstance = kr.co.greetech.back.controller.DataLoggerControllerTest@2116e9cf, testMethod = list@DataLoggerControllerTest, testException = [null], mergedContextConfiguration = [WebMergedContextConfiguration@310df168 testClass = DataLoggerControllerTest, locations = '{}', classes = '{class kr.co.greetech.back.BackApplication}', contextInitializerClasses = '[]', activeProfiles = '{}', propertySourceLocations = '{}', propertySourceProperties = '{org.springframework.boot.test.context.SpringBootTestContextBootstrapper=true}', contextCustomizers = set[org.springframework.boot.test.autoconfigure.actuate.metrics.MetricsExportContextCustomizerFactory$DisableMetricExportContextCustomizer@74e47444, org.springframework.boot.test.autoconfigure.properties.PropertyMappingContextCustomizer@4b3fa0b3, org.springframework.boot.test.autoconfigure.web.servlet.WebDriverContextCustomizerFactory$Customizer@24fb6a80, [ImportsContextCustomizer@3606c525 key = [@org.apiguardian.api.API(consumers={"*"}, since="5.0", status=STABLE), @org.junit.jupiter.api.extension.ExtendWith(value={org.springframework.test.context.junit.jupiter.SpringExtension.class}), @org.springframework.test.context.BootstrapWith(value=org.springframework.boot.test.context.SpringBootTestContextBootstrapper.class), @org.springframework.boot.test.autoconfigure.web.servlet.AutoConfigureMockMvc(webDriverEnabled=true, print=DEFAULT, webClientEnabled=true, printOnlyOnFailure=true, addFilters=true), @org.springframework.boot.autoconfigure.ImportAutoConfiguration(value={}, exclude={}, classes={}), @org.springframework.context.annotation.Import(value={org.springframework.boot.autoconfigure.AutoConfigurationImportSelector.class}), @org.springframework.boot.autoconfigure.EnableAutoConfiguration(excludeName={}, exclude={org.springframework.boot.autoconfigure.security.servlet.SecurityAutoConfiguration.class}), @org.springframework.boot.test.context.SpringBootTest(args={}, webEnvironment=MOCK, value={}, properties={}, classes={}), @org.springframework.transaction.annotation.Transactional(propagation=REQUIRED, rollbackForClassName={}, readOnly=false, timeoutString="", transactionManager="", isolation=DEFAULT, label={}, noRollbackFor={}, noRollbackForClassName={}, value="", timeout=-1, rollbackFor={}), @org.springframework.context.annotation.Import(value={org.springframework.boot.autoconfigure.AutoConfigurationPackages$Registrar.class}), @org.springframework.boot.autoconfigure.AutoConfigurationPackage(basePackages={}, basePackageClasses={}), @org.springframework.context.annotation.Import(value={org.springframework.boot.autoconfigure.ImportAutoConfigurationImportSelector.class}), @org.springframework.boot.test.autoconfigure.properties.PropertyMapping(value="spring.test.mockmvc", skip=NO)]], org.springframework.boot.test.context.filter.ExcludeFilterContextCustomizer@6722db6e, org.springframework.boot.test.json.DuplicateJsonObjectContextCustomizerFactory$DuplicateJsonObjectContextCustomizer@7a48e6e2, org.springframework.boot.test.mock.mockito.MockitoContextCustomizer@0, org.springframework.boot.test.web.client.TestRestTemplateContextCustomizer@45be7cd5, org.springframework.boot.test.context.SpringBootTestArgs@1, org.springframework.boot.test.context.SpringBootTestWebEnvironment@398dada8], resourceBasePath = 'src/main/webapp', contextLoader = 'org.springframework.boot.test.context.SpringBootContextLoader', parent = [null]], attributes = map['org.springframework.test.context.web.ServletTestExecutionListener.activateListener' -> true, 'org.springframework.test.context.web.ServletTestExecutionListener.populatedRequestContextHolder' -> true, 'org.springframework.test.context.web.ServletTestExecutionListener.resetRequestContextHolder' -> true, 'org.springframework.test.context.event.ApplicationEventsTestExecutionListener.recordApplicationEvents' -> false]]; transaction manager [org.springframework.orm.jpa.JpaTransactionManager@7a1587e8]; rollback [true]
2021-11-11 16:57:49.527 DEBUG 19212 --- [    Test worker] org.hibernate.SQL                        : 
    call next value for hibernate_sequence
2021-11-11 16:57:49.528  INFO 19212 --- [    Test worker] p6spy                                    : #1636617469528 | took 0ms | statement | connection 9| url jdbc:h2:tcp://localhost/~/greentech
call next value for hibernate_sequence
call next value for hibernate_sequence;
2021-11-11 16:57:49.529 DEBUG 19212 --- [    Test worker] org.hibernate.SQL                        : 
    call next value for hibernate_sequence
2021-11-11 16:57:49.530  INFO 19212 --- [    Test worker] p6spy                                    : #1636617469530 | took 0ms | statement | connection 9| url jdbc:h2:tcp://localhost/~/greentech
call next value for hibernate_sequence
call next value for hibernate_sequence;
2021-11-11 16:57:49.532 DEBUG 19212 --- [    Test worker] org.hibernate.SQL                        : 
    call next value for hibernate_sequence
2021-11-11 16:57:49.532  INFO 19212 --- [    Test worker] p6spy                                    : #1636617469532 | took 0ms | statement | connection 9| url jdbc:h2:tcp://localhost/~/greentech
call next value for hibernate_sequence
call next value for hibernate_sequence;
2021-11-11 16:57:49.534 DEBUG 19212 --- [    Test worker] org.hibernate.SQL                        : 
    call next value for hibernate_sequence
2021-11-11 16:57:49.534  INFO 19212 --- [    Test worker] p6spy                                    : #1636617469534 | took 0ms | statement | connection 9| url jdbc:h2:tcp://localhost/~/greentech
call next value for hibernate_sequence
call next value for hibernate_sequence;
2021-11-11 16:57:49.604 DEBUG 19212 --- [    Test worker] org.hibernate.SQL                        : 
    /* insert kr.co.greetech.back.entity.Company
        */ insert 
        into
            company
            (created_time, last_modified_time, login_id, login_pw, name, company_id) 
        values
            (?, ?, ?, ?, ?, ?)
2021-11-11 16:57:49.621  INFO 19212 --- [    Test worker] p6spy                                    : #1636617469621 | took 0ms | statement | connection 9| url jdbc:h2:tcp://localhost/~/greentech
/* insert kr.co.greetech.back.entity.Company */ insert into company (created_time, last_modified_time, login_id, login_pw, name, company_id) values (?, ?, ?, ?, ?, ?)
/* insert kr.co.greetech.back.entity.Company */ insert into company (created_time, last_modified_time, login_id, login_pw, name, company_id) values ('2021-11-11T16:57:49.527+0900', '2021-11-11T16:57:49.527+0900', 'abcdefg', 'abcdefg1!', 'company', 4);
2021-11-11 16:57:49.623 DEBUG 19212 --- [    Test worker] org.hibernate.SQL                        : 
    /* insert kr.co.greetech.back.entity.DataLogger
        */ insert 
        into
            data_logger
            (created_time, last_modified_time, channel_name, company_id, model_name, unit, data_logger_id) 
        values
            (?, ?, ?, ?, ?, ?, ?)
2021-11-11 16:57:49.626  INFO 19212 --- [    Test worker] p6spy                                    : #1636617469626 | took 0ms | statement | connection 9| url jdbc:h2:tcp://localhost/~/greentech
/* insert kr.co.greetech.back.entity.DataLogger */ insert into data_logger (created_time, last_modified_time, channel_name, company_id, model_name, unit, data_logger_id) values (?, ?, ?, ?, ?, ?, ?)
/* insert kr.co.greetech.back.entity.DataLogger */ insert into data_logger (created_time, last_modified_time, channel_name, company_id, model_name, unit, data_logger_id) values ('2021-11-11T16:57:49.529+0900', '2021-11-11T16:57:49.529+0900', '', 4, 'dataLogger', '', 5);
2021-11-11 16:57:49.627 DEBUG 19212 --- [    Test worker] org.hibernate.SQL                        : 
    /* insert kr.co.greetech.back.entity.DataLogger
        */ insert 
        into
            data_logger
            (created_time, last_modified_time, channel_name, company_id, model_name, unit, data_logger_id) 
        values
            (?, ?, ?, ?, ?, ?, ?)
2021-11-11 16:57:49.629  INFO 19212 --- [    Test worker] p6spy                                    : #1636617469628 | took 0ms | statement | connection 9| url jdbc:h2:tcp://localhost/~/greentech
/* insert kr.co.greetech.back.entity.DataLogger */ insert into data_logger (created_time, last_modified_time, channel_name, company_id, model_name, unit, data_logger_id) values (?, ?, ?, ?, ?, ?, ?)
/* insert kr.co.greetech.back.entity.DataLogger */ insert into data_logger (created_time, last_modified_time, channel_name, company_id, model_name, unit, data_logger_id) values ('2021-11-11T16:57:49.531+0900', '2021-11-11T16:57:49.531+0900', '', 4, 'dataLogger', '', 6);
2021-11-11 16:57:49.629 DEBUG 19212 --- [    Test worker] org.hibernate.SQL                        : 
    /* insert kr.co.greetech.back.entity.DataLogger
        */ insert 
        into
            data_logger
            (created_time, last_modified_time, channel_name, company_id, model_name, unit, data_logger_id) 
        values
            (?, ?, ?, ?, ?, ?, ?)
2021-11-11 16:57:49.631  INFO 19212 --- [    Test worker] p6spy                                    : #1636617469631 | took 0ms | statement | connection 9| url jdbc:h2:tcp://localhost/~/greentech
/* insert kr.co.greetech.back.entity.DataLogger */ insert into data_logger (created_time, last_modified_time, channel_name, company_id, model_name, unit, data_logger_id) values (?, ?, ?, ?, ?, ?, ?)
/* insert kr.co.greetech.back.entity.DataLogger */ insert into data_logger (created_time, last_modified_time, channel_name, company_id, model_name, unit, data_logger_id) values ('2021-11-11T16:57:49.533+0900', '2021-11-11T16:57:49.533+0900', '', 4, 'dataLogger', '', 7);
2021-11-11 16:57:49.637 DEBUG 19212 --- [    Test worker] org.hibernate.SQL                        : 
    /* select
        generatedAlias0 
    from
        DataLogger as generatedAlias0 
    left join
        generatedAlias0.company as generatedAlias1 
    where
        generatedAlias1.id=:param0 */ select
            datalogger0_.data_logger_id as data_log1_1_,
            datalogger0_.created_time as created_2_1_,
            datalogger0_.last_modified_time as last_mod3_1_,
            datalogger0_.channel_name as channel_4_1_,
            datalogger0_.company_id as company_7_1_,
            datalogger0_.model_name as model_na5_1_,
            datalogger0_.unit as unit6_1_ 
        from
            data_logger datalogger0_ 
        left outer join
            company company1_ 
                on datalogger0_.company_id=company1_.company_id 
        where
            company1_.company_id=?
2021-11-11 16:57:49.640  INFO 19212 --- [    Test worker] p6spy                                    : #1636617469640 | took 0ms | statement | connection 9| url jdbc:h2:tcp://localhost/~/greentech
/* select generatedAlias0 from DataLogger as generatedAlias0 left join generatedAlias0.company as generatedAlias1 where generatedAlias1.id=:param0 */ select datalogger0_.data_logger_id as data_log1_1_, datalogger0_.created_time as created_2_1_, datalogger0_.last_modified_time as last_mod3_1_, datalogger0_.channel_name as channel_4_1_, datalogger0_.company_id as company_7_1_, datalogger0_.model_name as model_na5_1_, datalogger0_.unit as unit6_1_ from data_logger datalogger0_ left outer join company company1_ on datalogger0_.company_id=company1_.company_id where company1_.company_id=?
/* select generatedAlias0 from DataLogger as generatedAlias0 left join generatedAlias0.company as generatedAlias1 where generatedAlias1.id=:param0 */ select datalogger0_.data_logger_id as data_log1_1_, datalogger0_.created_time as created_2_1_, datalogger0_.last_modified_time as last_mod3_1_, datalogger0_.channel_name as channel_4_1_, datalogger0_.company_id as company_7_1_, datalogger0_.model_name as model_na5_1_, datalogger0_.unit as unit6_1_ from data_logger datalogger0_ left outer join company company1_ on datalogger0_.company_id=company1_.company_id where company1_.company_id=4;
2021-11-11 16:57:49.656  INFO 19212 --- [    Test worker] p6spy                                    : #1636617469656 | took 0ms | rollback | connection 9| url jdbc:h2:tcp://localhost/~/greentech

;
2021-11-11 16:57:49.657  INFO 19212 --- [    Test worker] o.s.t.c.transaction.TransactionContext   : Rolled back transaction for test: [DefaultTestContext@237bdd46 testClass = DataLoggerControllerTest, testInstance = kr.co.greetech.back.controller.DataLoggerControllerTest@2116e9cf, testMethod = list@DataLoggerControllerTest, testException = [null], mergedContextConfiguration = [WebMergedContextConfiguration@310df168 testClass = DataLoggerControllerTest, locations = '{}', classes = '{class kr.co.greetech.back.BackApplication}', contextInitializerClasses = '[]', activeProfiles = '{}', propertySourceLocations = '{}', propertySourceProperties = '{org.springframework.boot.test.context.SpringBootTestContextBootstrapper=true}', contextCustomizers = set[org.springframework.boot.test.autoconfigure.actuate.metrics.MetricsExportContextCustomizerFactory$DisableMetricExportContextCustomizer@74e47444, org.springframework.boot.test.autoconfigure.properties.PropertyMappingContextCustomizer@4b3fa0b3, org.springframework.boot.test.autoconfigure.web.servlet.WebDriverContextCustomizerFactory$Customizer@24fb6a80, [ImportsContextCustomizer@3606c525 key = [@org.apiguardian.api.API(consumers={"*"}, since="5.0", status=STABLE), @org.junit.jupiter.api.extension.ExtendWith(value={org.springframework.test.context.junit.jupiter.SpringExtension.class}), @org.springframework.test.context.BootstrapWith(value=org.springframework.boot.test.context.SpringBootTestContextBootstrapper.class), @org.springframework.boot.test.autoconfigure.web.servlet.AutoConfigureMockMvc(webDriverEnabled=true, print=DEFAULT, webClientEnabled=true, printOnlyOnFailure=true, addFilters=true), @org.springframework.boot.autoconfigure.ImportAutoConfiguration(value={}, exclude={}, classes={}), @org.springframework.context.annotation.Import(value={org.springframework.boot.autoconfigure.AutoConfigurationImportSelector.class}), @org.springframework.boot.autoconfigure.EnableAutoConfiguration(excludeName={}, exclude={org.springframework.boot.autoconfigure.security.servlet.SecurityAutoConfiguration.class}), @org.springframework.boot.test.context.SpringBootTest(args={}, webEnvironment=MOCK, value={}, properties={}, classes={}), @org.springframework.transaction.annotation.Transactional(propagation=REQUIRED, rollbackForClassName={}, readOnly=false, timeoutString="", transactionManager="", isolation=DEFAULT, label={}, noRollbackFor={}, noRollbackForClassName={}, value="", timeout=-1, rollbackFor={}), @org.springframework.context.annotation.Import(value={org.springframework.boot.autoconfigure.AutoConfigurationPackages$Registrar.class}), @org.springframework.boot.autoconfigure.AutoConfigurationPackage(basePackages={}, basePackageClasses={}), @org.springframework.context.annotation.Import(value={org.springframework.boot.autoconfigure.ImportAutoConfigurationImportSelector.class}), @org.springframework.boot.test.autoconfigure.properties.PropertyMapping(value="spring.test.mockmvc", skip=NO)]], org.springframework.boot.test.context.filter.ExcludeFilterContextCustomizer@6722db6e, org.springframework.boot.test.json.DuplicateJsonObjectContextCustomizerFactory$DuplicateJsonObjectContextCustomizer@7a48e6e2, org.springframework.boot.test.mock.mockito.MockitoContextCustomizer@0, org.springframework.boot.test.web.client.TestRestTemplateContextCustomizer@45be7cd5, org.springframework.boot.test.context.SpringBootTestArgs@1, org.springframework.boot.test.context.SpringBootTestWebEnvironment@398dada8], resourceBasePath = 'src/main/webapp', contextLoader = 'org.springframework.boot.test.context.SpringBootContextLoader', parent = [null]], attributes = map['org.springframework.test.context.web.ServletTestExecutionListener.activateListener' -> true, 'org.springframework.test.context.web.ServletTestExecutionListener.populatedRequestContextHolder' -> true, 'org.springframework.test.context.web.ServletTestExecutionListener.resetRequestContextHolder' -> true, 'org.springframework.test.context.event.ApplicationEventsTestExecutionListener.recordApplicationEvents' -> false]]
]]></system-out>
  <system-err><![CDATA[]]></system-err>
</testsuite>
