<?xml version="1.0" encoding="UTF-8"?>
<testsuite name="kr.co.greetech.back.repository.CompanyRepositoryTest" tests="1" skipped="0" failures="0" errors="0" timestamp="2021-09-14T07:49:23" hostname="LAPTOP-JLJ2VI1H" time="0.039">
  <properties/>
  <testcase name="findByName()" classname="kr.co.greetech.back.repository.CompanyRepositoryTest" time="0.039"/>
  <system-out><![CDATA[2021-09-14 16:49:23.600  INFO 23712 --- [    Test worker] b.t.a.o.j.DataJpaTestContextBootstrapper : Neither @ContextConfiguration nor @ContextHierarchy found for test class [kr.co.greetech.back.repository.CompanyRepositoryTest], using SpringBootContextLoader
2021-09-14 16:49:23.601  INFO 23712 --- [    Test worker] o.s.t.c.support.AbstractContextLoader    : Could not detect default resource locations for test class [kr.co.greetech.back.repository.CompanyRepositoryTest]: no resource found for suffixes {-context.xml, Context.groovy}.
2021-09-14 16:49:23.602  INFO 23712 --- [    Test worker] t.c.s.AnnotationConfigContextLoaderUtils : Could not detect default configuration classes for test class [kr.co.greetech.back.repository.CompanyRepositoryTest]: CompanyRepositoryTest does not declare any static, non-private, non-final, nested classes annotated with @Configuration.
2021-09-14 16:49:23.614  INFO 23712 --- [    Test worker] .b.t.c.SpringBootTestContextBootstrapper : Found @SpringBootConfiguration kr.co.greetech.back.BackApplication for test class kr.co.greetech.back.repository.CompanyRepositoryTest
2021-09-14 16:49:23.614  INFO 23712 --- [    Test worker] b.t.a.o.j.DataJpaTestContextBootstrapper : Loaded default TestExecutionListener class names from location [META-INF/spring.factories]: [org.springframework.boot.test.autoconfigure.restdocs.RestDocsTestExecutionListener, org.springframework.boot.test.autoconfigure.web.client.MockRestServiceServerResetTestExecutionListener, org.springframework.boot.test.autoconfigure.web.servlet.MockMvcPrintOnlyOnFailureTestExecutionListener, org.springframework.boot.test.autoconfigure.web.servlet.WebDriverTestExecutionListener, org.springframework.boot.test.autoconfigure.webservices.client.MockWebServiceServerTestExecutionListener, org.springframework.boot.test.mock.mockito.MockitoTestExecutionListener, org.springframework.boot.test.mock.mockito.ResetMocksTestExecutionListener, org.springframework.test.context.web.ServletTestExecutionListener, org.springframework.test.context.support.DirtiesContextBeforeModesTestExecutionListener, org.springframework.test.context.event.ApplicationEventsTestExecutionListener, org.springframework.test.context.support.DependencyInjectionTestExecutionListener, org.springframework.test.context.support.DirtiesContextTestExecutionListener, org.springframework.test.context.transaction.TransactionalTestExecutionListener, org.springframework.test.context.jdbc.SqlScriptsTestExecutionListener, org.springframework.test.context.event.EventPublishingTestExecutionListener]
2021-09-14 16:49:23.614  INFO 23712 --- [    Test worker] b.t.a.o.j.DataJpaTestContextBootstrapper : Using TestExecutionListeners: [org.springframework.test.context.web.ServletTestExecutionListener@28ac4ef2, org.springframework.test.context.support.DirtiesContextBeforeModesTestExecutionListener@67e75b5f, org.springframework.test.context.event.ApplicationEventsTestExecutionListener@7cceccfd, org.springframework.boot.test.mock.mockito.MockitoTestExecutionListener@7ddcecfc, org.springframework.boot.test.autoconfigure.SpringBootDependencyInjectionTestExecutionListener@374df66b, org.springframework.test.context.support.DirtiesContextTestExecutionListener@6aad7e7e, org.springframework.test.context.transaction.TransactionalTestExecutionListener@608efef2, org.springframework.test.context.jdbc.SqlScriptsTestExecutionListener@7a2f5513, org.springframework.test.context.event.EventPublishingTestExecutionListener@22091a93, org.springframework.boot.test.autoconfigure.restdocs.RestDocsTestExecutionListener@2356ce22, org.springframework.boot.test.autoconfigure.web.client.MockRestServiceServerResetTestExecutionListener@34b8ddd4, org.springframework.boot.test.autoconfigure.web.servlet.MockMvcPrintOnlyOnFailureTestExecutionListener@34bf819d, org.springframework.boot.test.autoconfigure.web.servlet.WebDriverTestExecutionListener@5e08d81b, org.springframework.boot.test.autoconfigure.webservices.client.MockWebServiceServerTestExecutionListener@4bba2a26, org.springframework.boot.test.mock.mockito.ResetMocksTestExecutionListener@399e18f8]
2021-09-14 16:49:23.620  INFO 23712 --- [    Test worker] o.s.t.c.transaction.TransactionContext   : Began transaction (1) for test context [DefaultTestContext@73c4ef02 testClass = CompanyRepositoryTest, testInstance = kr.co.greetech.back.repository.CompanyRepositoryTest@3ad4605a, testMethod = findByName@CompanyRepositoryTest, testException = [null], mergedContextConfiguration = [MergedContextConfiguration@65c70612 testClass = CompanyRepositoryTest, locations = '{}', classes = '{class kr.co.greetech.back.BackApplication}', contextInitializerClasses = '[]', activeProfiles = '{}', propertySourceLocations = '{}', propertySourceProperties = '{org.springframework.boot.test.autoconfigure.orm.jpa.DataJpaTestContextBootstrapper=true}', contextCustomizers = set[org.springframework.boot.test.autoconfigure.OverrideAutoConfigurationContextCustomizerFactory$DisableAutoConfigurationContextCustomizer@dfc5187, org.springframework.boot.test.autoconfigure.actuate.metrics.MetricsExportContextCustomizerFactory$DisableMetricExportContextCustomizer@1fdc8a69, org.springframework.boot.test.autoconfigure.filter.TypeExcludeFiltersContextCustomizer@351584c0, org.springframework.boot.test.autoconfigure.properties.PropertyMappingContextCustomizer@8c82dc32, org.springframework.boot.test.autoconfigure.web.servlet.WebDriverContextCustomizerFactory$Customizer@2d398f1e, [ImportsContextCustomizer@24ab7461 key = [org.springframework.boot.autoconfigure.cache.CacheAutoConfiguration, org.springframework.boot.autoconfigure.data.jpa.JpaRepositoriesAutoConfiguration, org.springframework.boot.autoconfigure.flyway.FlywayAutoConfiguration, org.springframework.boot.autoconfigure.jdbc.DataSourceAutoConfiguration, org.springframework.boot.autoconfigure.jdbc.DataSourceTransactionManagerAutoConfiguration, org.springframework.boot.autoconfigure.jdbc.JdbcTemplateAutoConfiguration, org.springframework.boot.autoconfigure.liquibase.LiquibaseAutoConfiguration, org.springframework.boot.autoconfigure.orm.jpa.HibernateJpaAutoConfiguration, org.springframework.boot.autoconfigure.sql.init.SqlInitializationAutoConfiguration, org.springframework.boot.autoconfigure.transaction.TransactionAutoConfiguration, org.springframework.boot.test.autoconfigure.jdbc.TestDatabaseAutoConfiguration, org.springframework.boot.test.autoconfigure.orm.jpa.TestEntityManagerAutoConfiguration]], org.springframework.boot.test.context.filter.ExcludeFilterContextCustomizer@10d4aac8, org.springframework.boot.test.json.DuplicateJsonObjectContextCustomizerFactory$DuplicateJsonObjectContextCustomizer@1bc1e276, org.springframework.boot.test.mock.mockito.MockitoContextCustomizer@0, org.springframework.boot.test.context.SpringBootTestArgs@1, org.springframework.boot.test.context.SpringBootTestWebEnvironment@0], contextLoader = 'org.springframework.boot.test.context.SpringBootContextLoader', parent = [null]], attributes = map['org.springframework.test.context.event.ApplicationEventsTestExecutionListener.recordApplicationEvents' -> false]]; transaction manager [org.springframework.orm.jpa.JpaTransactionManager@79b2a64e]; rollback [true]
CompanyRepositoryTest.beforeEach
2021-09-14 16:49:23.629 DEBUG 23712 --- [    Test worker] org.hibernate.SQL                        : 
    call next value for hibernate_sequence
Hibernate: 
    call next value for hibernate_sequence
2021-09-14 16:49:23.631 DEBUG 23712 --- [    Test worker] org.hibernate.SQL                        : 
    call next value for hibernate_sequence
Hibernate: 
    call next value for hibernate_sequence
2021-09-14 16:49:23.633 DEBUG 23712 --- [    Test worker] org.hibernate.SQL                        : 
    call next value for hibernate_sequence
Hibernate: 
    call next value for hibernate_sequence
2021-09-14 16:49:23.634 DEBUG 23712 --- [    Test worker] org.hibernate.SQL                        : 
    call next value for hibernate_sequence
Hibernate: 
    call next value for hibernate_sequence
2021-09-14 16:49:23.635 DEBUG 23712 --- [    Test worker] org.hibernate.SQL                        : 
    call next value for hibernate_sequence
Hibernate: 
    call next value for hibernate_sequence
CompanyRepositoryTest.findByName
2021-09-14 16:49:23.639 DEBUG 23712 --- [    Test worker] org.hibernate.SQL                        : 
    /* insert kr.co.greetech.back.entity.Company
        */ insert 
        into
            company
            (created_time, last_modified_time, login_id, login_pw, name, company_id) 
        values
            (?, ?, ?, ?, ?, ?)
Hibernate: 
    /* insert kr.co.greetech.back.entity.Company
        */ insert 
        into
            company
            (created_time, last_modified_time, login_id, login_pw, name, company_id) 
        values
            (?, ?, ?, ?, ?, ?)
2021-09-14 16:49:23.642 DEBUG 23712 --- [    Test worker] org.hibernate.SQL                        : 
    /* insert kr.co.greetech.back.entity.Company
        */ insert 
        into
            company
            (created_time, last_modified_time, login_id, login_pw, name, company_id) 
        values
            (?, ?, ?, ?, ?, ?)
Hibernate: 
    /* insert kr.co.greetech.back.entity.Company
        */ insert 
        into
            company
            (created_time, last_modified_time, login_id, login_pw, name, company_id) 
        values
            (?, ?, ?, ?, ?, ?)
2021-09-14 16:49:23.643 DEBUG 23712 --- [    Test worker] org.hibernate.SQL                        : 
    /* insert kr.co.greetech.back.entity.Company
        */ insert 
        into
            company
            (created_time, last_modified_time, login_id, login_pw, name, company_id) 
        values
            (?, ?, ?, ?, ?, ?)
Hibernate: 
    /* insert kr.co.greetech.back.entity.Company
        */ insert 
        into
            company
            (created_time, last_modified_time, login_id, login_pw, name, company_id) 
        values
            (?, ?, ?, ?, ?, ?)
2021-09-14 16:49:23.644 DEBUG 23712 --- [    Test worker] org.hibernate.SQL                        : 
    /* insert kr.co.greetech.back.entity.Company
        */ insert 
        into
            company
            (created_time, last_modified_time, login_id, login_pw, name, company_id) 
        values
            (?, ?, ?, ?, ?, ?)
Hibernate: 
    /* insert kr.co.greetech.back.entity.Company
        */ insert 
        into
            company
            (created_time, last_modified_time, login_id, login_pw, name, company_id) 
        values
            (?, ?, ?, ?, ?, ?)
2021-09-14 16:49:23.645 DEBUG 23712 --- [    Test worker] org.hibernate.SQL                        : 
    /* insert kr.co.greetech.back.entity.Company
        */ insert 
        into
            company
            (created_time, last_modified_time, login_id, login_pw, name, company_id) 
        values
            (?, ?, ?, ?, ?, ?)
Hibernate: 
    /* insert kr.co.greetech.back.entity.Company
        */ insert 
        into
            company
            (created_time, last_modified_time, login_id, login_pw, name, company_id) 
        values
            (?, ?, ?, ?, ?, ?)
2021-09-14 16:49:23.646 DEBUG 23712 --- [    Test worker] org.hibernate.SQL                        : 
    /* select
        generatedAlias0 
    from
        Company as generatedAlias0 
    where
        generatedAlias0.name=:param0 */ select
            company0_.company_id as company_1_0_,
            company0_.created_time as created_2_0_,
            company0_.last_modified_time as last_mod3_0_,
            company0_.login_id as login_id4_0_,
            company0_.login_pw as login_pw5_0_,
            company0_.name as name6_0_ 
        from
            company company0_ 
        where
            company0_.name=?
Hibernate: 
    /* select
        generatedAlias0 
    from
        Company as generatedAlias0 
    where
        generatedAlias0.name=:param0 */ select
            company0_.company_id as company_1_0_,
            company0_.created_time as created_2_0_,
            company0_.last_modified_time as last_mod3_0_,
            company0_.login_id as login_id4_0_,
            company0_.login_pw as login_pw5_0_,
            company0_.name as name6_0_ 
        from
            company company0_ 
        where
            company0_.name=?
2021-09-14 16:49:23.657  INFO 23712 --- [    Test worker] o.s.t.c.transaction.TransactionContext   : Rolled back transaction for test: [DefaultTestContext@73c4ef02 testClass = CompanyRepositoryTest, testInstance = kr.co.greetech.back.repository.CompanyRepositoryTest@3ad4605a, testMethod = findByName@CompanyRepositoryTest, testException = [null], mergedContextConfiguration = [MergedContextConfiguration@65c70612 testClass = CompanyRepositoryTest, locations = '{}', classes = '{class kr.co.greetech.back.BackApplication}', contextInitializerClasses = '[]', activeProfiles = '{}', propertySourceLocations = '{}', propertySourceProperties = '{org.springframework.boot.test.autoconfigure.orm.jpa.DataJpaTestContextBootstrapper=true}', contextCustomizers = set[org.springframework.boot.test.autoconfigure.OverrideAutoConfigurationContextCustomizerFactory$DisableAutoConfigurationContextCustomizer@dfc5187, org.springframework.boot.test.autoconfigure.actuate.metrics.MetricsExportContextCustomizerFactory$DisableMetricExportContextCustomizer@1fdc8a69, org.springframework.boot.test.autoconfigure.filter.TypeExcludeFiltersContextCustomizer@351584c0, org.springframework.boot.test.autoconfigure.properties.PropertyMappingContextCustomizer@8c82dc32, org.springframework.boot.test.autoconfigure.web.servlet.WebDriverContextCustomizerFactory$Customizer@2d398f1e, [ImportsContextCustomizer@24ab7461 key = [org.springframework.boot.autoconfigure.cache.CacheAutoConfiguration, org.springframework.boot.autoconfigure.data.jpa.JpaRepositoriesAutoConfiguration, org.springframework.boot.autoconfigure.flyway.FlywayAutoConfiguration, org.springframework.boot.autoconfigure.jdbc.DataSourceAutoConfiguration, org.springframework.boot.autoconfigure.jdbc.DataSourceTransactionManagerAutoConfiguration, org.springframework.boot.autoconfigure.jdbc.JdbcTemplateAutoConfiguration, org.springframework.boot.autoconfigure.liquibase.LiquibaseAutoConfiguration, org.springframework.boot.autoconfigure.orm.jpa.HibernateJpaAutoConfiguration, org.springframework.boot.autoconfigure.sql.init.SqlInitializationAutoConfiguration, org.springframework.boot.autoconfigure.transaction.TransactionAutoConfiguration, org.springframework.boot.test.autoconfigure.jdbc.TestDatabaseAutoConfiguration, org.springframework.boot.test.autoconfigure.orm.jpa.TestEntityManagerAutoConfiguration]], org.springframework.boot.test.context.filter.ExcludeFilterContextCustomizer@10d4aac8, org.springframework.boot.test.json.DuplicateJsonObjectContextCustomizerFactory$DuplicateJsonObjectContextCustomizer@1bc1e276, org.springframework.boot.test.mock.mockito.MockitoContextCustomizer@0, org.springframework.boot.test.context.SpringBootTestArgs@1, org.springframework.boot.test.context.SpringBootTestWebEnvironment@0], contextLoader = 'org.springframework.boot.test.context.SpringBootContextLoader', parent = [null]], attributes = map['org.springframework.test.context.event.ApplicationEventsTestExecutionListener.recordApplicationEvents' -> false]]
]]></system-out>
  <system-err><![CDATA[]]></system-err>
</testsuite>
