<?xml version="1.0" encoding="UTF-8"?>
<testsuite name="kr.co.greetech.back.repository.MeasureDataQueryRepositoryTest" tests="1" skipped="0" failures="0" errors="0" timestamp="2021-11-11T07:57:51" hostname="LAPTOP-JLJ2VI1H" time="0.121">
  <properties/>
  <testcase name="select()" classname="kr.co.greetech.back.repository.MeasureDataQueryRepositoryTest" time="0.121"/>
  <system-out><![CDATA[2021-11-11 16:57:51.549  INFO 19212 --- [    Test worker] b.t.a.o.j.DataJpaTestContextBootstrapper : Neither @ContextConfiguration nor @ContextHierarchy found for test class [kr.co.greetech.back.repository.MeasureDataQueryRepositoryTest], using SpringBootContextLoader
2021-11-11 16:57:51.550  INFO 19212 --- [    Test worker] o.s.t.c.support.AbstractContextLoader    : Could not detect default resource locations for test class [kr.co.greetech.back.repository.MeasureDataQueryRepositoryTest]: no resource found for suffixes {-context.xml, Context.groovy}.
2021-11-11 16:57:51.551  INFO 19212 --- [    Test worker] t.c.s.AnnotationConfigContextLoaderUtils : Could not detect default configuration classes for test class [kr.co.greetech.back.repository.MeasureDataQueryRepositoryTest]: MeasureDataQueryRepositoryTest does not declare any static, non-private, non-final, nested classes annotated with @Configuration.
2021-11-11 16:57:51.554  INFO 19212 --- [    Test worker] .b.t.c.SpringBootTestContextBootstrapper : Found @SpringBootConfiguration kr.co.greetech.back.BackApplication for test class kr.co.greetech.back.repository.MeasureDataQueryRepositoryTest
2021-11-11 16:57:51.556  INFO 19212 --- [    Test worker] b.t.a.o.j.DataJpaTestContextBootstrapper : Loaded default TestExecutionListener class names from location [META-INF/spring.factories]: [org.springframework.boot.test.autoconfigure.restdocs.RestDocsTestExecutionListener, org.springframework.boot.test.autoconfigure.web.client.MockRestServiceServerResetTestExecutionListener, org.springframework.boot.test.autoconfigure.web.servlet.MockMvcPrintOnlyOnFailureTestExecutionListener, org.springframework.boot.test.autoconfigure.web.servlet.WebDriverTestExecutionListener, org.springframework.boot.test.autoconfigure.webservices.client.MockWebServiceServerTestExecutionListener, org.springframework.boot.test.mock.mockito.MockitoTestExecutionListener, org.springframework.boot.test.mock.mockito.ResetMocksTestExecutionListener, org.springframework.test.context.web.ServletTestExecutionListener, org.springframework.test.context.support.DirtiesContextBeforeModesTestExecutionListener, org.springframework.test.context.event.ApplicationEventsTestExecutionListener, org.springframework.test.context.support.DependencyInjectionTestExecutionListener, org.springframework.test.context.support.DirtiesContextTestExecutionListener, org.springframework.test.context.transaction.TransactionalTestExecutionListener, org.springframework.test.context.jdbc.SqlScriptsTestExecutionListener, org.springframework.test.context.event.EventPublishingTestExecutionListener]
2021-11-11 16:57:51.556  INFO 19212 --- [    Test worker] b.t.a.o.j.DataJpaTestContextBootstrapper : Using TestExecutionListeners: [org.springframework.test.context.web.ServletTestExecutionListener@16b6493d, org.springframework.test.context.support.DirtiesContextBeforeModesTestExecutionListener@3bf7c70e, org.springframework.test.context.event.ApplicationEventsTestExecutionListener@1aa945f6, org.springframework.boot.test.mock.mockito.MockitoTestExecutionListener@319fe034, org.springframework.boot.test.autoconfigure.SpringBootDependencyInjectionTestExecutionListener@15c4b89b, org.springframework.test.context.support.DirtiesContextTestExecutionListener@100ed29a, org.springframework.test.context.transaction.TransactionalTestExecutionListener@4058b398, org.springframework.test.context.jdbc.SqlScriptsTestExecutionListener@e0865e7, org.springframework.test.context.event.EventPublishingTestExecutionListener@3eb814dd, org.springframework.boot.test.autoconfigure.restdocs.RestDocsTestExecutionListener@58c48b92, org.springframework.boot.test.autoconfigure.web.client.MockRestServiceServerResetTestExecutionListener@5d852761, org.springframework.boot.test.autoconfigure.web.servlet.MockMvcPrintOnlyOnFailureTestExecutionListener@106f566b, org.springframework.boot.test.autoconfigure.web.servlet.WebDriverTestExecutionListener@6e8fa647, org.springframework.boot.test.autoconfigure.webservices.client.MockWebServiceServerTestExecutionListener@12eb281f, org.springframework.boot.test.mock.mockito.ResetMocksTestExecutionListener@6621ab0c]
2021-11-11 16:57:51.572  INFO 19212 --- [    Test worker] o.s.t.c.transaction.TransactionContext   : Began transaction (1) for test context [DefaultTestContext@257ba195 testClass = MeasureDataQueryRepositoryTest, testInstance = kr.co.greetech.back.repository.MeasureDataQueryRepositoryTest@3a9d6f5d, testMethod = select@MeasureDataQueryRepositoryTest, testException = [null], mergedContextConfiguration = [MergedContextConfiguration@530dd2d7 testClass = MeasureDataQueryRepositoryTest, locations = '{}', classes = '{class kr.co.greetech.back.BackApplication}', contextInitializerClasses = '[]', activeProfiles = '{}', propertySourceLocations = '{}', propertySourceProperties = '{org.springframework.boot.test.autoconfigure.orm.jpa.DataJpaTestContextBootstrapper=true}', contextCustomizers = set[org.springframework.boot.test.autoconfigure.OverrideAutoConfigurationContextCustomizerFactory$DisableAutoConfigurationContextCustomizer@746f5752, org.springframework.boot.test.autoconfigure.actuate.metrics.MetricsExportContextCustomizerFactory$DisableMetricExportContextCustomizer@74e47444, org.springframework.boot.test.autoconfigure.filter.TypeExcludeFiltersContextCustomizer@351584c0, org.springframework.boot.test.autoconfigure.properties.PropertyMappingContextCustomizer@d0eb9548, org.springframework.boot.test.autoconfigure.web.servlet.WebDriverContextCustomizerFactory$Customizer@24fb6a80, [ImportsContextCustomizer@3e6f3ad5 key = [org.springframework.boot.autoconfigure.cache.CacheAutoConfiguration, org.springframework.boot.autoconfigure.data.jpa.JpaRepositoriesAutoConfiguration, org.springframework.boot.autoconfigure.flyway.FlywayAutoConfiguration, org.springframework.boot.autoconfigure.jdbc.DataSourceAutoConfiguration, org.springframework.boot.autoconfigure.jdbc.DataSourceTransactionManagerAutoConfiguration, org.springframework.boot.autoconfigure.jdbc.JdbcTemplateAutoConfiguration, org.springframework.boot.autoconfigure.liquibase.LiquibaseAutoConfiguration, org.springframework.boot.autoconfigure.orm.jpa.HibernateJpaAutoConfiguration, org.springframework.boot.autoconfigure.sql.init.SqlInitializationAutoConfiguration, org.springframework.boot.autoconfigure.transaction.TransactionAutoConfiguration, org.springframework.boot.test.autoconfigure.jdbc.TestDatabaseAutoConfiguration, org.springframework.boot.test.autoconfigure.orm.jpa.TestEntityManagerAutoConfiguration]], org.springframework.boot.test.context.filter.ExcludeFilterContextCustomizer@6722db6e, org.springframework.boot.test.json.DuplicateJsonObjectContextCustomizerFactory$DuplicateJsonObjectContextCustomizer@7a48e6e2, org.springframework.boot.test.mock.mockito.MockitoContextCustomizer@0, org.springframework.boot.test.context.SpringBootTestArgs@1, org.springframework.boot.test.context.SpringBootTestWebEnvironment@0], contextLoader = 'org.springframework.boot.test.context.SpringBootContextLoader', parent = [null]], attributes = map['org.springframework.test.context.event.ApplicationEventsTestExecutionListener.recordApplicationEvents' -> false]]; transaction manager [org.springframework.orm.jpa.JpaTransactionManager@207b0d48]; rollback [true]
2021-11-11 16:57:51.575 DEBUG 19212 --- [    Test worker] org.hibernate.SQL                        : 
    call next value for hibernate_sequence
Hibernate: 
    call next value for hibernate_sequence
2021-11-11 16:57:51.577 DEBUG 19212 --- [    Test worker] org.hibernate.SQL                        : 
    call next value for hibernate_sequence
Hibernate: 
    call next value for hibernate_sequence
2021-11-11 16:57:51.591 DEBUG 19212 --- [    Test worker] org.hibernate.SQL                        : 
    call next value for hibernate_sequence
Hibernate: 
    call next value for hibernate_sequence
2021-11-11 16:57:51.605 DEBUG 19212 --- [    Test worker] org.hibernate.SQL                        : 
    call next value for hibernate_sequence
Hibernate: 
    call next value for hibernate_sequence
2021-11-11 16:57:51.620 DEBUG 19212 --- [    Test worker] org.hibernate.SQL                        : 
    call next value for hibernate_sequence
Hibernate: 
    call next value for hibernate_sequence
2021-11-11 16:57:51.636 DEBUG 19212 --- [    Test worker] org.hibernate.SQL                        : 
    call next value for hibernate_sequence
Hibernate: 
    call next value for hibernate_sequence
2021-11-11 16:57:51.652 DEBUG 19212 --- [    Test worker] org.hibernate.SQL                        : 
    call next value for hibernate_sequence
Hibernate: 
    call next value for hibernate_sequence
2021-11-11 16:57:51.658 DEBUG 19212 --- [    Test worker] org.hibernate.SQL                        : 
    /* insert kr.co.greetech.back.entity.Company
        */ insert 
        into
            company
            (created_time, last_modified_time, login_id, login_pw, name, company_id) 
        values
            (?, ?, ?, ?, ?, ?)
Hibernate: 
    /* insert kr.co.greetech.back.entity.Company
        */ insert 
        into
            company
            (created_time, last_modified_time, login_id, login_pw, name, company_id) 
        values
            (?, ?, ?, ?, ?, ?)
2021-11-11 16:57:51.659 DEBUG 19212 --- [    Test worker] org.hibernate.SQL                        : 
    /* insert kr.co.greetech.back.entity.DataLogger
        */ insert 
        into
            data_logger
            (created_time, last_modified_time, channel_name, company_id, model_name, unit, data_logger_id) 
        values
            (?, ?, ?, ?, ?, ?, ?)
Hibernate: 
    /* insert kr.co.greetech.back.entity.DataLogger
        */ insert 
        into
            data_logger
            (created_time, last_modified_time, channel_name, company_id, model_name, unit, data_logger_id) 
        values
            (?, ?, ?, ?, ?, ?, ?)
2021-11-11 16:57:51.661 DEBUG 19212 --- [    Test worker] org.hibernate.SQL                        : 
    /* insert kr.co.greetech.back.entity.MeasureData
        */ insert 
        into
            measure_data
            (created_time, data, data_logger_id, measure_data_id) 
        values
            (?, ?, ?, ?)
Hibernate: 
    /* insert kr.co.greetech.back.entity.MeasureData
        */ insert 
        into
            measure_data
            (created_time, data, data_logger_id, measure_data_id) 
        values
            (?, ?, ?, ?)
2021-11-11 16:57:51.662 DEBUG 19212 --- [    Test worker] org.hibernate.SQL                        : 
    /* insert kr.co.greetech.back.entity.MeasureData
        */ insert 
        into
            measure_data
            (created_time, data, data_logger_id, measure_data_id) 
        values
            (?, ?, ?, ?)
Hibernate: 
    /* insert kr.co.greetech.back.entity.MeasureData
        */ insert 
        into
            measure_data
            (created_time, data, data_logger_id, measure_data_id) 
        values
            (?, ?, ?, ?)
2021-11-11 16:57:51.664 DEBUG 19212 --- [    Test worker] org.hibernate.SQL                        : 
    /* insert kr.co.greetech.back.entity.MeasureData
        */ insert 
        into
            measure_data
            (created_time, data, data_logger_id, measure_data_id) 
        values
            (?, ?, ?, ?)
Hibernate: 
    /* insert kr.co.greetech.back.entity.MeasureData
        */ insert 
        into
            measure_data
            (created_time, data, data_logger_id, measure_data_id) 
        values
            (?, ?, ?, ?)
2021-11-11 16:57:51.665 DEBUG 19212 --- [    Test worker] org.hibernate.SQL                        : 
    /* insert kr.co.greetech.back.entity.MeasureData
        */ insert 
        into
            measure_data
            (created_time, data, data_logger_id, measure_data_id) 
        values
            (?, ?, ?, ?)
Hibernate: 
    /* insert kr.co.greetech.back.entity.MeasureData
        */ insert 
        into
            measure_data
            (created_time, data, data_logger_id, measure_data_id) 
        values
            (?, ?, ?, ?)
2021-11-11 16:57:51.666 DEBUG 19212 --- [    Test worker] org.hibernate.SQL                        : 
    /* insert kr.co.greetech.back.entity.MeasureData
        */ insert 
        into
            measure_data
            (created_time, data, data_logger_id, measure_data_id) 
        values
            (?, ?, ?, ?)
Hibernate: 
    /* insert kr.co.greetech.back.entity.MeasureData
        */ insert 
        into
            measure_data
            (created_time, data, data_logger_id, measure_data_id) 
        values
            (?, ?, ?, ?)
2021-11-11 16:57:51.667 DEBUG 19212 --- [    Test worker] org.hibernate.SQL                        : 
    /* select
        generatedAlias0 
    from
        DataLogger as generatedAlias0 */ select
            datalogger0_.data_logger_id as data_log1_1_,
            datalogger0_.created_time as created_2_1_,
            datalogger0_.last_modified_time as last_mod3_1_,
            datalogger0_.channel_name as channel_4_1_,
            datalogger0_.company_id as company_7_1_,
            datalogger0_.model_name as model_na5_1_,
            datalogger0_.unit as unit6_1_ 
        from
            data_logger datalogger0_
Hibernate: 
    /* select
        generatedAlias0 
    from
        DataLogger as generatedAlias0 */ select
            datalogger0_.data_logger_id as data_log1_1_,
            datalogger0_.created_time as created_2_1_,
            datalogger0_.last_modified_time as last_mod3_1_,
            datalogger0_.channel_name as channel_4_1_,
            datalogger0_.company_id as company_7_1_,
            datalogger0_.model_name as model_na5_1_,
            datalogger0_.unit as unit6_1_ 
        from
            data_logger datalogger0_
2021-11-11 16:57:51.673 DEBUG 19212 --- [    Test worker] org.hibernate.SQL                        : 
    /* select
        measureData.data,
        measureData.createdTime 
    from
        MeasureData measureData 
    where
        measureData.dataLogger.id = ?1 
        and measureData.createdTime between ?2 and ?3 
    order by
        measureData.createdTime desc */ select
            measuredat0_.data as col_0_0_,
            measuredat0_.created_time as col_1_0_ 
        from
            measure_data measuredat0_ 
        where
            measuredat0_.data_logger_id=? 
            and (
                measuredat0_.created_time between ? and ?
            ) 
        order by
            measuredat0_.created_time desc limit ?
Hibernate: 
    /* select
        measureData.data,
        measureData.createdTime 
    from
        MeasureData measureData 
    where
        measureData.dataLogger.id = ?1 
        and measureData.createdTime between ?2 and ?3 
    order by
        measureData.createdTime desc */ select
            measuredat0_.data as col_0_0_,
            measuredat0_.created_time as col_1_0_ 
        from
            measure_data measuredat0_ 
        where
            measuredat0_.data_logger_id=? 
            and (
                measuredat0_.created_time between ? and ?
            ) 
        order by
            measuredat0_.created_time desc limit ?
dataDto = MeasureDataDto(data=data, time=2021-11-11T16:57:51.652282)
dataDto = MeasureDataDto(data=data, time=2021-11-11T16:57:51.636324)
dataDto = MeasureDataDto(data=data, time=2021-11-11T16:57:51.620366)
dataDto = MeasureDataDto(data=data, time=2021-11-11T16:57:51.605408)
dataDto = MeasureDataDto(data=data, time=2021-11-11T16:57:51.589451)
2021-11-11 16:57:51.691  INFO 19212 --- [    Test worker] o.s.t.c.transaction.TransactionContext   : Rolled back transaction for test: [DefaultTestContext@257ba195 testClass = MeasureDataQueryRepositoryTest, testInstance = kr.co.greetech.back.repository.MeasureDataQueryRepositoryTest@3a9d6f5d, testMethod = select@MeasureDataQueryRepositoryTest, testException = [null], mergedContextConfiguration = [MergedContextConfiguration@530dd2d7 testClass = MeasureDataQueryRepositoryTest, locations = '{}', classes = '{class kr.co.greetech.back.BackApplication}', contextInitializerClasses = '[]', activeProfiles = '{}', propertySourceLocations = '{}', propertySourceProperties = '{org.springframework.boot.test.autoconfigure.orm.jpa.DataJpaTestContextBootstrapper=true}', contextCustomizers = set[org.springframework.boot.test.autoconfigure.OverrideAutoConfigurationContextCustomizerFactory$DisableAutoConfigurationContextCustomizer@746f5752, org.springframework.boot.test.autoconfigure.actuate.metrics.MetricsExportContextCustomizerFactory$DisableMetricExportContextCustomizer@74e47444, org.springframework.boot.test.autoconfigure.filter.TypeExcludeFiltersContextCustomizer@351584c0, org.springframework.boot.test.autoconfigure.properties.PropertyMappingContextCustomizer@d0eb9548, org.springframework.boot.test.autoconfigure.web.servlet.WebDriverContextCustomizerFactory$Customizer@24fb6a80, [ImportsContextCustomizer@3e6f3ad5 key = [org.springframework.boot.autoconfigure.cache.CacheAutoConfiguration, org.springframework.boot.autoconfigure.data.jpa.JpaRepositoriesAutoConfiguration, org.springframework.boot.autoconfigure.flyway.FlywayAutoConfiguration, org.springframework.boot.autoconfigure.jdbc.DataSourceAutoConfiguration, org.springframework.boot.autoconfigure.jdbc.DataSourceTransactionManagerAutoConfiguration, org.springframework.boot.autoconfigure.jdbc.JdbcTemplateAutoConfiguration, org.springframework.boot.autoconfigure.liquibase.LiquibaseAutoConfiguration, org.springframework.boot.autoconfigure.orm.jpa.HibernateJpaAutoConfiguration, org.springframework.boot.autoconfigure.sql.init.SqlInitializationAutoConfiguration, org.springframework.boot.autoconfigure.transaction.TransactionAutoConfiguration, org.springframework.boot.test.autoconfigure.jdbc.TestDatabaseAutoConfiguration, org.springframework.boot.test.autoconfigure.orm.jpa.TestEntityManagerAutoConfiguration]], org.springframework.boot.test.context.filter.ExcludeFilterContextCustomizer@6722db6e, org.springframework.boot.test.json.DuplicateJsonObjectContextCustomizerFactory$DuplicateJsonObjectContextCustomizer@7a48e6e2, org.springframework.boot.test.mock.mockito.MockitoContextCustomizer@0, org.springframework.boot.test.context.SpringBootTestArgs@1, org.springframework.boot.test.context.SpringBootTestWebEnvironment@0], contextLoader = 'org.springframework.boot.test.context.SpringBootContextLoader', parent = [null]], attributes = map['org.springframework.test.context.event.ApplicationEventsTestExecutionListener.recordApplicationEvents' -> false]]
]]></system-out>
  <system-err><![CDATA[]]></system-err>
</testsuite>
