<?xml version="1.0" encoding="UTF-8"?>
<testsuite name="kr.co.greetech.back.service.MeasureDataServiceTest" tests="2" skipped="0" failures="0" errors="0" timestamp="2021-11-12T04:35:30" hostname="LAPTOP-JLJ2VI1H" time="0.091">
  <properties/>
  <testcase name="addMeasureDataDtos()" classname="kr.co.greetech.back.service.MeasureDataServiceTest" time="0.055"/>
  <testcase name="last()" classname="kr.co.greetech.back.service.MeasureDataServiceTest" time="0.035"/>
  <system-out><![CDATA[2021-11-12 13:35:30.290  INFO 19256 --- [    Test worker] .b.t.c.SpringBootTestContextBootstrapper : Neither @ContextConfiguration nor @ContextHierarchy found for test class [kr.co.greetech.back.service.MeasureDataServiceTest], using SpringBootContextLoader
2021-11-12 13:35:30.292  INFO 19256 --- [    Test worker] o.s.t.c.support.AbstractContextLoader    : Could not detect default resource locations for test class [kr.co.greetech.back.service.MeasureDataServiceTest]: no resource found for suffixes {-context.xml, Context.groovy}.
2021-11-12 13:35:30.292  INFO 19256 --- [    Test worker] t.c.s.AnnotationConfigContextLoaderUtils : Could not detect default configuration classes for test class [kr.co.greetech.back.service.MeasureDataServiceTest]: MeasureDataServiceTest does not declare any static, non-private, non-final, nested classes annotated with @Configuration.
2021-11-12 13:35:30.295  INFO 19256 --- [    Test worker] .b.t.c.SpringBootTestContextBootstrapper : Found @SpringBootConfiguration kr.co.greetech.back.BackApplication for test class kr.co.greetech.back.service.MeasureDataServiceTest
2021-11-12 13:35:30.297  INFO 19256 --- [    Test worker] .b.t.c.SpringBootTestContextBootstrapper : Loaded default TestExecutionListener class names from location [META-INF/spring.factories]: [org.springframework.boot.test.autoconfigure.restdocs.RestDocsTestExecutionListener, org.springframework.boot.test.autoconfigure.web.client.MockRestServiceServerResetTestExecutionListener, org.springframework.boot.test.autoconfigure.web.servlet.MockMvcPrintOnlyOnFailureTestExecutionListener, org.springframework.boot.test.autoconfigure.web.servlet.WebDriverTestExecutionListener, org.springframework.boot.test.autoconfigure.webservices.client.MockWebServiceServerTestExecutionListener, org.springframework.boot.test.mock.mockito.MockitoTestExecutionListener, org.springframework.boot.test.mock.mockito.ResetMocksTestExecutionListener, org.springframework.test.context.web.ServletTestExecutionListener, org.springframework.test.context.support.DirtiesContextBeforeModesTestExecutionListener, org.springframework.test.context.event.ApplicationEventsTestExecutionListener, org.springframework.test.context.support.DependencyInjectionTestExecutionListener, org.springframework.test.context.support.DirtiesContextTestExecutionListener, org.springframework.test.context.transaction.TransactionalTestExecutionListener, org.springframework.test.context.jdbc.SqlScriptsTestExecutionListener, org.springframework.test.context.event.EventPublishingTestExecutionListener]
2021-11-12 13:35:30.297  INFO 19256 --- [    Test worker] .b.t.c.SpringBootTestContextBootstrapper : Using TestExecutionListeners: [org.springframework.test.context.web.ServletTestExecutionListener@402ecbc7, org.springframework.test.context.support.DirtiesContextBeforeModesTestExecutionListener@6f53e863, org.springframework.test.context.event.ApplicationEventsTestExecutionListener@186149f9, org.springframework.boot.test.mock.mockito.MockitoTestExecutionListener@5d4042fc, org.springframework.boot.test.autoconfigure.SpringBootDependencyInjectionTestExecutionListener@6b06da60, org.springframework.test.context.support.DirtiesContextTestExecutionListener@1be62793, org.springframework.test.context.transaction.TransactionalTestExecutionListener@9da8b97, org.springframework.test.context.jdbc.SqlScriptsTestExecutionListener@56527ff2, org.springframework.test.context.event.EventPublishingTestExecutionListener@b5a6a82, org.springframework.boot.test.autoconfigure.restdocs.RestDocsTestExecutionListener@21aa0ec5, org.springframework.boot.test.autoconfigure.web.client.MockRestServiceServerResetTestExecutionListener@7cf1bf54, org.springframework.boot.test.autoconfigure.web.servlet.MockMvcPrintOnlyOnFailureTestExecutionListener@3919e2d7, org.springframework.boot.test.autoconfigure.web.servlet.WebDriverTestExecutionListener@61cf810c, org.springframework.boot.test.autoconfigure.webservices.client.MockWebServiceServerTestExecutionListener@106277d6, org.springframework.boot.test.mock.mockito.ResetMocksTestExecutionListener@61186191]
2021-11-12 13:35:30.302  INFO 19256 --- [    Test worker] o.s.t.c.transaction.TransactionContext   : Began transaction (1) for test context [DefaultTestContext@2bd2fa2c testClass = MeasureDataServiceTest, testInstance = kr.co.greetech.back.service.MeasureDataServiceTest@356c8fa9, testMethod = addMeasureDataDtos@MeasureDataServiceTest, testException = [null], mergedContextConfiguration = [WebMergedContextConfiguration@67e42fd6 testClass = MeasureDataServiceTest, locations = '{}', classes = '{class kr.co.greetech.back.BackApplication}', contextInitializerClasses = '[]', activeProfiles = '{}', propertySourceLocations = '{}', propertySourceProperties = '{org.springframework.boot.test.context.SpringBootTestContextBootstrapper=true}', contextCustomizers = set[org.springframework.boot.test.autoconfigure.actuate.metrics.MetricsExportContextCustomizerFactory$DisableMetricExportContextCustomizer@74e47444, org.springframework.boot.test.autoconfigure.properties.PropertyMappingContextCustomizer@0, org.springframework.boot.test.autoconfigure.web.servlet.WebDriverContextCustomizerFactory$Customizer@24fb6a80, org.springframework.boot.test.context.filter.ExcludeFilterContextCustomizer@6722db6e, org.springframework.boot.test.json.DuplicateJsonObjectContextCustomizerFactory$DuplicateJsonObjectContextCustomizer@7a48e6e2, org.springframework.boot.test.mock.mockito.MockitoContextCustomizer@0, org.springframework.boot.test.web.client.TestRestTemplateContextCustomizer@45be7cd5, org.springframework.boot.test.context.SpringBootTestArgs@1, org.springframework.boot.test.context.SpringBootTestWebEnvironment@398dada8], resourceBasePath = 'src/main/webapp', contextLoader = 'org.springframework.boot.test.context.SpringBootContextLoader', parent = [null]], attributes = map['org.springframework.test.context.web.ServletTestExecutionListener.activateListener' -> true, 'org.springframework.test.context.web.ServletTestExecutionListener.populatedRequestContextHolder' -> true, 'org.springframework.test.context.web.ServletTestExecutionListener.resetRequestContextHolder' -> true, 'org.springframework.test.context.event.ApplicationEventsTestExecutionListener.recordApplicationEvents' -> false]]; transaction manager [org.springframework.orm.jpa.JpaTransactionManager@37289e90]; rollback [true]
2021-11-12 13:35:30.306 DEBUG 19256 --- [    Test worker] org.hibernate.SQL                        : 
    call next value for hibernate_sequence
2021-11-12 13:35:30.307  INFO 19256 --- [    Test worker] p6spy                                    : #1636691730307 | took 0ms | statement | connection 12| url jdbc:h2:tcp://localhost/~/greentech
call next value for hibernate_sequence
call next value for hibernate_sequence;
2021-11-12 13:35:30.308 DEBUG 19256 --- [    Test worker] org.hibernate.SQL                        : 
    call next value for hibernate_sequence
2021-11-12 13:35:30.309  INFO 19256 --- [    Test worker] p6spy                                    : #1636691730309 | took 0ms | statement | connection 12| url jdbc:h2:tcp://localhost/~/greentech
call next value for hibernate_sequence
call next value for hibernate_sequence;
2021-11-12 13:35:30.310 DEBUG 19256 --- [    Test worker] org.hibernate.SQL                        : 
    call next value for hibernate_sequence
2021-11-12 13:35:30.311  INFO 19256 --- [    Test worker] p6spy                                    : #1636691730311 | took 0ms | statement | connection 12| url jdbc:h2:tcp://localhost/~/greentech
call next value for hibernate_sequence
call next value for hibernate_sequence;
2021-11-12 13:35:30.311 DEBUG 19256 --- [    Test worker] org.hibernate.SQL                        : 
    call next value for hibernate_sequence
2021-11-12 13:35:30.312  INFO 19256 --- [    Test worker] p6spy                                    : #1636691730312 | took 0ms | statement | connection 12| url jdbc:h2:tcp://localhost/~/greentech
call next value for hibernate_sequence
call next value for hibernate_sequence;
2021-11-12 13:35:30.313 DEBUG 19256 --- [    Test worker] org.hibernate.SQL                        : 
    call next value for hibernate_sequence
2021-11-12 13:35:30.313  INFO 19256 --- [    Test worker] p6spy                                    : #1636691730313 | took 0ms | statement | connection 12| url jdbc:h2:tcp://localhost/~/greentech
call next value for hibernate_sequence
call next value for hibernate_sequence;
2021-11-12 13:35:30.314 DEBUG 19256 --- [    Test worker] org.hibernate.SQL                        : 
    call next value for hibernate_sequence
2021-11-12 13:35:30.314  INFO 19256 --- [    Test worker] p6spy                                    : #1636691730314 | took 0ms | statement | connection 12| url jdbc:h2:tcp://localhost/~/greentech
call next value for hibernate_sequence
call next value for hibernate_sequence;
2021-11-12 13:35:30.315 DEBUG 19256 --- [    Test worker] org.hibernate.SQL                        : 
    call next value for hibernate_sequence
2021-11-12 13:35:30.315  INFO 19256 --- [    Test worker] p6spy                                    : #1636691730315 | took 0ms | statement | connection 12| url jdbc:h2:tcp://localhost/~/greentech
call next value for hibernate_sequence
call next value for hibernate_sequence;
2021-11-12 13:35:30.327 DEBUG 19256 --- [    Test worker] org.hibernate.SQL                        : 
    /* insert kr.co.greetech.back.entity.Company
        */ insert 
        into
            company
            (created_time, last_modified_time, login_id, login_pw, name, company_id) 
        values
            (?, ?, ?, ?, ?, ?)
2021-11-12 13:35:30.329  INFO 19256 --- [    Test worker] p6spy                                    : #1636691730329 | took 0ms | statement | connection 12| url jdbc:h2:tcp://localhost/~/greentech
/* insert kr.co.greetech.back.entity.Company */ insert into company (created_time, last_modified_time, login_id, login_pw, name, company_id) values (?, ?, ?, ?, ?, ?)
/* insert kr.co.greetech.back.entity.Company */ insert into company (created_time, last_modified_time, login_id, login_pw, name, company_id) values ('2021-11-12T13:35:30.306+0900', '2021-11-12T13:35:30.306+0900', 'abcdefg', 'abcdefg1!', 'company', 22);
2021-11-12 13:35:30.330 DEBUG 19256 --- [    Test worker] org.hibernate.SQL                        : 
    /* insert kr.co.greetech.back.entity.DataLogger
        */ insert 
        into
            data_logger
            (created_time, last_modified_time, channel_name, company_id, model_name, unit, data_logger_id) 
        values
            (?, ?, ?, ?, ?, ?, ?)
2021-11-12 13:35:30.331  INFO 19256 --- [    Test worker] p6spy                                    : #1636691730331 | took 0ms | statement | connection 12| url jdbc:h2:tcp://localhost/~/greentech
/* insert kr.co.greetech.back.entity.DataLogger */ insert into data_logger (created_time, last_modified_time, channel_name, company_id, model_name, unit, data_logger_id) values (?, ?, ?, ?, ?, ?, ?)
/* insert kr.co.greetech.back.entity.DataLogger */ insert into data_logger (created_time, last_modified_time, channel_name, company_id, model_name, unit, data_logger_id) values ('2021-11-12T13:35:30.308+0900', '2021-11-12T13:35:30.308+0900', '', 22, 'dataLogger', '', 23);
2021-11-12 13:35:30.332 DEBUG 19256 --- [    Test worker] org.hibernate.SQL                        : 
    /* insert kr.co.greetech.back.entity.MeasureData
        */ insert 
        into
            measure_data
            (created_time, data, data_logger_id, measure_data_id) 
        values
            (?, ?, ?, ?)
2021-11-12 13:35:30.334  INFO 19256 --- [    Test worker] p6spy                                    : #1636691730334 | took 0ms | statement | connection 12| url jdbc:h2:tcp://localhost/~/greentech
/* insert kr.co.greetech.back.entity.MeasureData */ insert into measure_data (created_time, data, data_logger_id, measure_data_id) values (?, ?, ?, ?)
/* insert kr.co.greetech.back.entity.MeasureData */ insert into measure_data (created_time, data, data_logger_id, measure_data_id) values ('2021-11-12T13:35:30.309+0900', 'data', 23, 24);
2021-11-12 13:35:30.335 DEBUG 19256 --- [    Test worker] org.hibernate.SQL                        : 
    /* insert kr.co.greetech.back.entity.MeasureData
        */ insert 
        into
            measure_data
            (created_time, data, data_logger_id, measure_data_id) 
        values
            (?, ?, ?, ?)
2021-11-12 13:35:30.336  INFO 19256 --- [    Test worker] p6spy                                    : #1636691730336 | took 0ms | statement | connection 12| url jdbc:h2:tcp://localhost/~/greentech
/* insert kr.co.greetech.back.entity.MeasureData */ insert into measure_data (created_time, data, data_logger_id, measure_data_id) values (?, ?, ?, ?)
/* insert kr.co.greetech.back.entity.MeasureData */ insert into measure_data (created_time, data, data_logger_id, measure_data_id) values ('2021-11-12T13:35:30.309+0900', 'data', 23, 25);
2021-11-12 13:35:30.336 DEBUG 19256 --- [    Test worker] org.hibernate.SQL                        : 
    /* insert kr.co.greetech.back.entity.MeasureData
        */ insert 
        into
            measure_data
            (created_time, data, data_logger_id, measure_data_id) 
        values
            (?, ?, ?, ?)
2021-11-12 13:35:30.337  INFO 19256 --- [    Test worker] p6spy                                    : #1636691730337 | took 0ms | statement | connection 12| url jdbc:h2:tcp://localhost/~/greentech
/* insert kr.co.greetech.back.entity.MeasureData */ insert into measure_data (created_time, data, data_logger_id, measure_data_id) values (?, ?, ?, ?)
/* insert kr.co.greetech.back.entity.MeasureData */ insert into measure_data (created_time, data, data_logger_id, measure_data_id) values ('2021-11-12T13:35:30.309+0900', 'data', 23, 26);
2021-11-12 13:35:30.338 DEBUG 19256 --- [    Test worker] org.hibernate.SQL                        : 
    /* insert kr.co.greetech.back.entity.MeasureData
        */ insert 
        into
            measure_data
            (created_time, data, data_logger_id, measure_data_id) 
        values
            (?, ?, ?, ?)
2021-11-12 13:35:30.339  INFO 19256 --- [    Test worker] p6spy                                    : #1636691730339 | took 0ms | statement | connection 12| url jdbc:h2:tcp://localhost/~/greentech
/* insert kr.co.greetech.back.entity.MeasureData */ insert into measure_data (created_time, data, data_logger_id, measure_data_id) values (?, ?, ?, ?)
/* insert kr.co.greetech.back.entity.MeasureData */ insert into measure_data (created_time, data, data_logger_id, measure_data_id) values ('2021-11-12T13:35:30.309+0900', 'data', 23, 27);
2021-11-12 13:35:30.340 DEBUG 19256 --- [    Test worker] org.hibernate.SQL                        : 
    /* insert kr.co.greetech.back.entity.MeasureData
        */ insert 
        into
            measure_data
            (created_time, data, data_logger_id, measure_data_id) 
        values
            (?, ?, ?, ?)
2021-11-12 13:35:30.340  INFO 19256 --- [    Test worker] p6spy                                    : #1636691730340 | took 0ms | statement | connection 12| url jdbc:h2:tcp://localhost/~/greentech
/* insert kr.co.greetech.back.entity.MeasureData */ insert into measure_data (created_time, data, data_logger_id, measure_data_id) values (?, ?, ?, ?)
/* insert kr.co.greetech.back.entity.MeasureData */ insert into measure_data (created_time, data, data_logger_id, measure_data_id) values ('2021-11-12T13:35:30.309+0900', 'data', 23, 28);
2021-11-12 13:35:30.341 DEBUG 19256 --- [    Test worker] org.hibernate.SQL                        : 
    /* select
        generatedAlias0 
    from
        FcmToken as generatedAlias0 
    left join
        generatedAlias0.company as generatedAlias1 
    where
        generatedAlias1.id=:param0 */ select
            fcmtoken0_.fcm_token_id as fcm_toke1_2_,
            fcmtoken0_.created_time as created_2_2_,
            fcmtoken0_.last_modified_time as last_mod3_2_,
            fcmtoken0_.company_id as company_5_2_,
            fcmtoken0_.fcm_token as fcm_toke4_2_ 
        from
            fcm_token fcmtoken0_ 
        left outer join
            company company1_ 
                on fcmtoken0_.company_id=company1_.company_id 
        where
            company1_.company_id=?
2021-11-12 13:35:30.342  INFO 19256 --- [    Test worker] p6spy                                    : #1636691730342 | took 0ms | statement | connection 12| url jdbc:h2:tcp://localhost/~/greentech
/* select generatedAlias0 from FcmToken as generatedAlias0 left join generatedAlias0.company as generatedAlias1 where generatedAlias1.id=:param0 */ select fcmtoken0_.fcm_token_id as fcm_toke1_2_, fcmtoken0_.created_time as created_2_2_, fcmtoken0_.last_modified_time as last_mod3_2_, fcmtoken0_.company_id as company_5_2_, fcmtoken0_.fcm_token as fcm_toke4_2_ from fcm_token fcmtoken0_ left outer join company company1_ on fcmtoken0_.company_id=company1_.company_id where company1_.company_id=?
/* select generatedAlias0 from FcmToken as generatedAlias0 left join generatedAlias0.company as generatedAlias1 where generatedAlias1.id=:param0 */ select fcmtoken0_.fcm_token_id as fcm_toke1_2_, fcmtoken0_.created_time as created_2_2_, fcmtoken0_.last_modified_time as last_mod3_2_, fcmtoken0_.company_id as company_5_2_, fcmtoken0_.fcm_token as fcm_toke4_2_ from fcm_token fcmtoken0_ left outer join company company1_ on fcmtoken0_.company_id=company1_.company_id where company1_.company_id=22;
2021-11-12 13:35:30.347 DEBUG 19256 --- [    Test worker] org.hibernate.SQL                        : 
    /* select
        measureData.data,
        measureData.createdTime 
    from
        MeasureData measureData 
    where
        measureData.dataLogger.id = ?1 
        and measureData.createdTime between ?2 and ?3 
    order by
        measureData.createdTime desc */ select
            measuredat0_.data as col_0_0_,
            measuredat0_.created_time as col_1_0_ 
        from
            measure_data measuredat0_ 
        where
            measuredat0_.data_logger_id=? 
            and (
                measuredat0_.created_time between ? and ?
            ) 
        order by
            measuredat0_.created_time desc limit ?
2021-11-12 13:35:30.349  INFO 19256 --- [    Test worker] p6spy                                    : #1636691730349 | took 0ms | statement | connection 12| url jdbc:h2:tcp://localhost/~/greentech
/* select measureData.data, measureData.createdTime
from MeasureData measureData
where measureData.dataLogger.id = ?1 and measureData.createdTime between ?2 and ?3
order by measureData.createdTime desc */ select measuredat0_.data as col_0_0_, measuredat0_.created_time as col_1_0_ from measure_data measuredat0_ where measuredat0_.data_logger_id=? and (measuredat0_.created_time between ? and ?) order by measuredat0_.created_time desc limit ?
/* select measureData.data, measureData.createdTime
from MeasureData measureData
where measureData.dataLogger.id = 231 and measureData.createdTime between '2021-11-11T13:35:30.343+0900'2 and '2021-11-13T13:35:30.343+0900'3
order by measureData.createdTime desc */ select measuredat0_.data as col_0_0_, measuredat0_.created_time as col_1_0_ from measure_data measuredat0_ where measuredat0_.data_logger_id=100 and (measuredat0_.created_time between NULL and ?) order by measuredat0_.created_time desc limit ?;
2021-11-12 13:35:30.355  INFO 19256 --- [    Test worker] p6spy                                    : #1636691730355 | took 0ms | rollback | connection 12| url jdbc:h2:tcp://localhost/~/greentech

;
2021-11-12 13:35:30.355  INFO 19256 --- [    Test worker] o.s.t.c.transaction.TransactionContext   : Rolled back transaction for test: [DefaultTestContext@2bd2fa2c testClass = MeasureDataServiceTest, testInstance = kr.co.greetech.back.service.MeasureDataServiceTest@356c8fa9, testMethod = addMeasureDataDtos@MeasureDataServiceTest, testException = [null], mergedContextConfiguration = [WebMergedContextConfiguration@67e42fd6 testClass = MeasureDataServiceTest, locations = '{}', classes = '{class kr.co.greetech.back.BackApplication}', contextInitializerClasses = '[]', activeProfiles = '{}', propertySourceLocations = '{}', propertySourceProperties = '{org.springframework.boot.test.context.SpringBootTestContextBootstrapper=true}', contextCustomizers = set[org.springframework.boot.test.autoconfigure.actuate.metrics.MetricsExportContextCustomizerFactory$DisableMetricExportContextCustomizer@74e47444, org.springframework.boot.test.autoconfigure.properties.PropertyMappingContextCustomizer@0, org.springframework.boot.test.autoconfigure.web.servlet.WebDriverContextCustomizerFactory$Customizer@24fb6a80, org.springframework.boot.test.context.filter.ExcludeFilterContextCustomizer@6722db6e, org.springframework.boot.test.json.DuplicateJsonObjectContextCustomizerFactory$DuplicateJsonObjectContextCustomizer@7a48e6e2, org.springframework.boot.test.mock.mockito.MockitoContextCustomizer@0, org.springframework.boot.test.web.client.TestRestTemplateContextCustomizer@45be7cd5, org.springframework.boot.test.context.SpringBootTestArgs@1, org.springframework.boot.test.context.SpringBootTestWebEnvironment@398dada8], resourceBasePath = 'src/main/webapp', contextLoader = 'org.springframework.boot.test.context.SpringBootContextLoader', parent = [null]], attributes = map['org.springframework.test.context.web.ServletTestExecutionListener.activateListener' -> true, 'org.springframework.test.context.web.ServletTestExecutionListener.populatedRequestContextHolder' -> true, 'org.springframework.test.context.web.ServletTestExecutionListener.resetRequestContextHolder' -> true, 'org.springframework.test.context.event.ApplicationEventsTestExecutionListener.recordApplicationEvents' -> false]]
2021-11-12 13:35:30.358  INFO 19256 --- [    Test worker] o.s.t.c.transaction.TransactionContext   : Began transaction (1) for test context [DefaultTestContext@2bd2fa2c testClass = MeasureDataServiceTest, testInstance = kr.co.greetech.back.service.MeasureDataServiceTest@61377842, testMethod = last@MeasureDataServiceTest, testException = [null], mergedContextConfiguration = [WebMergedContextConfiguration@67e42fd6 testClass = MeasureDataServiceTest, locations = '{}', classes = '{class kr.co.greetech.back.BackApplication}', contextInitializerClasses = '[]', activeProfiles = '{}', propertySourceLocations = '{}', propertySourceProperties = '{org.springframework.boot.test.context.SpringBootTestContextBootstrapper=true}', contextCustomizers = set[org.springframework.boot.test.autoconfigure.actuate.metrics.MetricsExportContextCustomizerFactory$DisableMetricExportContextCustomizer@74e47444, org.springframework.boot.test.autoconfigure.properties.PropertyMappingContextCustomizer@0, org.springframework.boot.test.autoconfigure.web.servlet.WebDriverContextCustomizerFactory$Customizer@24fb6a80, org.springframework.boot.test.context.filter.ExcludeFilterContextCustomizer@6722db6e, org.springframework.boot.test.json.DuplicateJsonObjectContextCustomizerFactory$DuplicateJsonObjectContextCustomizer@7a48e6e2, org.springframework.boot.test.mock.mockito.MockitoContextCustomizer@0, org.springframework.boot.test.web.client.TestRestTemplateContextCustomizer@45be7cd5, org.springframework.boot.test.context.SpringBootTestArgs@1, org.springframework.boot.test.context.SpringBootTestWebEnvironment@398dada8], resourceBasePath = 'src/main/webapp', contextLoader = 'org.springframework.boot.test.context.SpringBootContextLoader', parent = [null]], attributes = map['org.springframework.test.context.web.ServletTestExecutionListener.activateListener' -> true, 'org.springframework.test.context.web.ServletTestExecutionListener.populatedRequestContextHolder' -> true, 'org.springframework.test.context.web.ServletTestExecutionListener.resetRequestContextHolder' -> true, 'org.springframework.test.context.event.ApplicationEventsTestExecutionListener.recordApplicationEvents' -> false]]; transaction manager [org.springframework.orm.jpa.JpaTransactionManager@37289e90]; rollback [true]
2021-11-12 13:35:30.360 DEBUG 19256 --- [    Test worker] org.hibernate.SQL                        : 
    call next value for hibernate_sequence
2021-11-12 13:35:30.360  INFO 19256 --- [    Test worker] p6spy                                    : #1636691730360 | took 0ms | statement | connection 13| url jdbc:h2:tcp://localhost/~/greentech
call next value for hibernate_sequence
call next value for hibernate_sequence;
2021-11-12 13:35:30.361 DEBUG 19256 --- [    Test worker] org.hibernate.SQL                        : 
    call next value for hibernate_sequence
2021-11-12 13:35:30.362  INFO 19256 --- [    Test worker] p6spy                                    : #1636691730362 | took 0ms | statement | connection 13| url jdbc:h2:tcp://localhost/~/greentech
call next value for hibernate_sequence
call next value for hibernate_sequence;
2021-11-12 13:35:30.363 DEBUG 19256 --- [    Test worker] org.hibernate.SQL                        : 
    call next value for hibernate_sequence
2021-11-12 13:35:30.363  INFO 19256 --- [    Test worker] p6spy                                    : #1636691730363 | took 0ms | statement | connection 13| url jdbc:h2:tcp://localhost/~/greentech
call next value for hibernate_sequence
call next value for hibernate_sequence;
2021-11-12 13:35:30.364 DEBUG 19256 --- [    Test worker] org.hibernate.SQL                        : 
    call next value for hibernate_sequence
2021-11-12 13:35:30.364  INFO 19256 --- [    Test worker] p6spy                                    : #1636691730364 | took 0ms | statement | connection 13| url jdbc:h2:tcp://localhost/~/greentech
call next value for hibernate_sequence
call next value for hibernate_sequence;
2021-11-12 13:35:30.365 DEBUG 19256 --- [    Test worker] org.hibernate.SQL                        : 
    call next value for hibernate_sequence
2021-11-12 13:35:30.366  INFO 19256 --- [    Test worker] p6spy                                    : #1636691730366 | took 0ms | statement | connection 13| url jdbc:h2:tcp://localhost/~/greentech
call next value for hibernate_sequence
call next value for hibernate_sequence;
2021-11-12 13:35:30.366 DEBUG 19256 --- [    Test worker] org.hibernate.SQL                        : 
    call next value for hibernate_sequence
2021-11-12 13:35:30.367  INFO 19256 --- [    Test worker] p6spy                                    : #1636691730367 | took 0ms | statement | connection 13| url jdbc:h2:tcp://localhost/~/greentech
call next value for hibernate_sequence
call next value for hibernate_sequence;
2021-11-12 13:35:30.367 DEBUG 19256 --- [    Test worker] org.hibernate.SQL                        : 
    call next value for hibernate_sequence
2021-11-12 13:35:30.368  INFO 19256 --- [    Test worker] p6spy                                    : #1636691730368 | took 0ms | statement | connection 13| url jdbc:h2:tcp://localhost/~/greentech
call next value for hibernate_sequence
call next value for hibernate_sequence;
2021-11-12 13:35:30.370 DEBUG 19256 --- [    Test worker] org.hibernate.SQL                        : 
    /* insert kr.co.greetech.back.entity.Company
        */ insert 
        into
            company
            (created_time, last_modified_time, login_id, login_pw, name, company_id) 
        values
            (?, ?, ?, ?, ?, ?)
2021-11-12 13:35:30.371  INFO 19256 --- [    Test worker] p6spy                                    : #1636691730371 | took 0ms | statement | connection 13| url jdbc:h2:tcp://localhost/~/greentech
/* insert kr.co.greetech.back.entity.Company */ insert into company (created_time, last_modified_time, login_id, login_pw, name, company_id) values (?, ?, ?, ?, ?, ?)
/* insert kr.co.greetech.back.entity.Company */ insert into company (created_time, last_modified_time, login_id, login_pw, name, company_id) values ('2021-11-12T13:35:30.359+0900', '2021-11-12T13:35:30.359+0900', 'abcdefg', 'abcdefg1!', 'company', 29);
2021-11-12 13:35:30.371 DEBUG 19256 --- [    Test worker] org.hibernate.SQL                        : 
    /* insert kr.co.greetech.back.entity.DataLogger
        */ insert 
        into
            data_logger
            (created_time, last_modified_time, channel_name, company_id, model_name, unit, data_logger_id) 
        values
            (?, ?, ?, ?, ?, ?, ?)
2021-11-12 13:35:30.373  INFO 19256 --- [    Test worker] p6spy                                    : #1636691730373 | took 0ms | statement | connection 13| url jdbc:h2:tcp://localhost/~/greentech
/* insert kr.co.greetech.back.entity.DataLogger */ insert into data_logger (created_time, last_modified_time, channel_name, company_id, model_name, unit, data_logger_id) values (?, ?, ?, ?, ?, ?, ?)
/* insert kr.co.greetech.back.entity.DataLogger */ insert into data_logger (created_time, last_modified_time, channel_name, company_id, model_name, unit, data_logger_id) values ('2021-11-12T13:35:30.361+0900', '2021-11-12T13:35:30.361+0900', '', 29, 'dataLogger', '', 30);
2021-11-12 13:35:30.373 DEBUG 19256 --- [    Test worker] org.hibernate.SQL                        : 
    /* insert kr.co.greetech.back.entity.MeasureData
        */ insert 
        into
            measure_data
            (created_time, data, data_logger_id, measure_data_id) 
        values
            (?, ?, ?, ?)
2021-11-12 13:35:30.374  INFO 19256 --- [    Test worker] p6spy                                    : #1636691730374 | took 0ms | statement | connection 13| url jdbc:h2:tcp://localhost/~/greentech
/* insert kr.co.greetech.back.entity.MeasureData */ insert into measure_data (created_time, data, data_logger_id, measure_data_id) values (?, ?, ?, ?)
/* insert kr.co.greetech.back.entity.MeasureData */ insert into measure_data (created_time, data, data_logger_id, measure_data_id) values ('2021-11-12T13:35:30.362+0900', 'data', 30, 31);
2021-11-12 13:35:30.375 DEBUG 19256 --- [    Test worker] org.hibernate.SQL                        : 
    /* insert kr.co.greetech.back.entity.MeasureData
        */ insert 
        into
            measure_data
            (created_time, data, data_logger_id, measure_data_id) 
        values
            (?, ?, ?, ?)
2021-11-12 13:35:30.376  INFO 19256 --- [    Test worker] p6spy                                    : #1636691730376 | took 0ms | statement | connection 13| url jdbc:h2:tcp://localhost/~/greentech
/* insert kr.co.greetech.back.entity.MeasureData */ insert into measure_data (created_time, data, data_logger_id, measure_data_id) values (?, ?, ?, ?)
/* insert kr.co.greetech.back.entity.MeasureData */ insert into measure_data (created_time, data, data_logger_id, measure_data_id) values ('2021-11-12T13:35:30.362+0900', 'data', 30, 32);
2021-11-12 13:35:30.376 DEBUG 19256 --- [    Test worker] org.hibernate.SQL                        : 
    /* insert kr.co.greetech.back.entity.MeasureData
        */ insert 
        into
            measure_data
            (created_time, data, data_logger_id, measure_data_id) 
        values
            (?, ?, ?, ?)
2021-11-12 13:35:30.377  INFO 19256 --- [    Test worker] p6spy                                    : #1636691730377 | took 0ms | statement | connection 13| url jdbc:h2:tcp://localhost/~/greentech
/* insert kr.co.greetech.back.entity.MeasureData */ insert into measure_data (created_time, data, data_logger_id, measure_data_id) values (?, ?, ?, ?)
/* insert kr.co.greetech.back.entity.MeasureData */ insert into measure_data (created_time, data, data_logger_id, measure_data_id) values ('2021-11-12T13:35:30.362+0900', 'data', 30, 33);
2021-11-12 13:35:30.377 DEBUG 19256 --- [    Test worker] org.hibernate.SQL                        : 
    /* insert kr.co.greetech.back.entity.MeasureData
        */ insert 
        into
            measure_data
            (created_time, data, data_logger_id, measure_data_id) 
        values
            (?, ?, ?, ?)
2021-11-12 13:35:30.379  INFO 19256 --- [    Test worker] p6spy                                    : #1636691730378 | took 0ms | statement | connection 13| url jdbc:h2:tcp://localhost/~/greentech
/* insert kr.co.greetech.back.entity.MeasureData */ insert into measure_data (created_time, data, data_logger_id, measure_data_id) values (?, ?, ?, ?)
/* insert kr.co.greetech.back.entity.MeasureData */ insert into measure_data (created_time, data, data_logger_id, measure_data_id) values ('2021-11-12T13:35:30.362+0900', 'data', 30, 34);
2021-11-12 13:35:30.379 DEBUG 19256 --- [    Test worker] org.hibernate.SQL                        : 
    /* insert kr.co.greetech.back.entity.MeasureData
        */ insert 
        into
            measure_data
            (created_time, data, data_logger_id, measure_data_id) 
        values
            (?, ?, ?, ?)
2021-11-12 13:35:30.380  INFO 19256 --- [    Test worker] p6spy                                    : #1636691730380 | took 0ms | statement | connection 13| url jdbc:h2:tcp://localhost/~/greentech
/* insert kr.co.greetech.back.entity.MeasureData */ insert into measure_data (created_time, data, data_logger_id, measure_data_id) values (?, ?, ?, ?)
/* insert kr.co.greetech.back.entity.MeasureData */ insert into measure_data (created_time, data, data_logger_id, measure_data_id) values ('2021-11-12T13:35:30.362+0900', 'data', 30, 35);
2021-11-12 13:35:30.380 DEBUG 19256 --- [    Test worker] org.hibernate.SQL                        : 
    /* select
        generatedAlias0 
    from
        FcmToken as generatedAlias0 
    left join
        generatedAlias0.company as generatedAlias1 
    where
        generatedAlias1.id=:param0 */ select
            fcmtoken0_.fcm_token_id as fcm_toke1_2_,
            fcmtoken0_.created_time as created_2_2_,
            fcmtoken0_.last_modified_time as last_mod3_2_,
            fcmtoken0_.company_id as company_5_2_,
            fcmtoken0_.fcm_token as fcm_toke4_2_ 
        from
            fcm_token fcmtoken0_ 
        left outer join
            company company1_ 
                on fcmtoken0_.company_id=company1_.company_id 
        where
            company1_.company_id=?
2021-11-12 13:35:30.381  INFO 19256 --- [    Test worker] p6spy                                    : #1636691730381 | took 0ms | statement | connection 13| url jdbc:h2:tcp://localhost/~/greentech
/* select generatedAlias0 from FcmToken as generatedAlias0 left join generatedAlias0.company as generatedAlias1 where generatedAlias1.id=:param0 */ select fcmtoken0_.fcm_token_id as fcm_toke1_2_, fcmtoken0_.created_time as created_2_2_, fcmtoken0_.last_modified_time as last_mod3_2_, fcmtoken0_.company_id as company_5_2_, fcmtoken0_.fcm_token as fcm_toke4_2_ from fcm_token fcmtoken0_ left outer join company company1_ on fcmtoken0_.company_id=company1_.company_id where company1_.company_id=?
/* select generatedAlias0 from FcmToken as generatedAlias0 left join generatedAlias0.company as generatedAlias1 where generatedAlias1.id=:param0 */ select fcmtoken0_.fcm_token_id as fcm_toke1_2_, fcmtoken0_.created_time as created_2_2_, fcmtoken0_.last_modified_time as last_mod3_2_, fcmtoken0_.company_id as company_5_2_, fcmtoken0_.fcm_token as fcm_toke4_2_ from fcm_token fcmtoken0_ left outer join company company1_ on fcmtoken0_.company_id=company1_.company_id where company1_.company_id=29;
2021-11-12 13:35:30.385 DEBUG 19256 --- [    Test worker] org.hibernate.SQL                        : 
    /* select
        measureData.data,
        measureData.createdTime 
    from
        MeasureData measureData 
    where
        measureData.dataLogger.id = ?1 
    order by
        measureData.createdTime desc */ select
            measuredat0_.data as col_0_0_,
            measuredat0_.created_time as col_1_0_ 
        from
            measure_data measuredat0_ 
        where
            measuredat0_.data_logger_id=? 
        order by
            measuredat0_.created_time desc limit ?
2021-11-12 13:35:30.386  INFO 19256 --- [    Test worker] p6spy                                    : #1636691730386 | took 0ms | statement | connection 13| url jdbc:h2:tcp://localhost/~/greentech
/* select measureData.data, measureData.createdTime
from MeasureData measureData
where measureData.dataLogger.id = ?1
order by measureData.createdTime desc */ select measuredat0_.data as col_0_0_, measuredat0_.created_time as col_1_0_ from measure_data measuredat0_ where measuredat0_.data_logger_id=? order by measuredat0_.created_time desc limit ?
/* select measureData.data, measureData.createdTime
from MeasureData measureData
where measureData.dataLogger.id = 301
order by measureData.createdTime desc */ select measuredat0_.data as col_0_0_, measuredat0_.created_time as col_1_0_ from measure_data measuredat0_ where measuredat0_.data_logger_id=10 order by measuredat0_.created_time desc limit NULL;
2021-11-12 13:35:30.390  INFO 19256 --- [    Test worker] p6spy                                    : #1636691730390 | took 0ms | rollback | connection 13| url jdbc:h2:tcp://localhost/~/greentech

;
2021-11-12 13:35:30.391  INFO 19256 --- [    Test worker] o.s.t.c.transaction.TransactionContext   : Rolled back transaction for test: [DefaultTestContext@2bd2fa2c testClass = MeasureDataServiceTest, testInstance = kr.co.greetech.back.service.MeasureDataServiceTest@61377842, testMethod = last@MeasureDataServiceTest, testException = [null], mergedContextConfiguration = [WebMergedContextConfiguration@67e42fd6 testClass = MeasureDataServiceTest, locations = '{}', classes = '{class kr.co.greetech.back.BackApplication}', contextInitializerClasses = '[]', activeProfiles = '{}', propertySourceLocations = '{}', propertySourceProperties = '{org.springframework.boot.test.context.SpringBootTestContextBootstrapper=true}', contextCustomizers = set[org.springframework.boot.test.autoconfigure.actuate.metrics.MetricsExportContextCustomizerFactory$DisableMetricExportContextCustomizer@74e47444, org.springframework.boot.test.autoconfigure.properties.PropertyMappingContextCustomizer@0, org.springframework.boot.test.autoconfigure.web.servlet.WebDriverContextCustomizerFactory$Customizer@24fb6a80, org.springframework.boot.test.context.filter.ExcludeFilterContextCustomizer@6722db6e, org.springframework.boot.test.json.DuplicateJsonObjectContextCustomizerFactory$DuplicateJsonObjectContextCustomizer@7a48e6e2, org.springframework.boot.test.mock.mockito.MockitoContextCustomizer@0, org.springframework.boot.test.web.client.TestRestTemplateContextCustomizer@45be7cd5, org.springframework.boot.test.context.SpringBootTestArgs@1, org.springframework.boot.test.context.SpringBootTestWebEnvironment@398dada8], resourceBasePath = 'src/main/webapp', contextLoader = 'org.springframework.boot.test.context.SpringBootContextLoader', parent = [null]], attributes = map['org.springframework.test.context.web.ServletTestExecutionListener.activateListener' -> true, 'org.springframework.test.context.web.ServletTestExecutionListener.populatedRequestContextHolder' -> true, 'org.springframework.test.context.web.ServletTestExecutionListener.resetRequestContextHolder' -> true, 'org.springframework.test.context.event.ApplicationEventsTestExecutionListener.recordApplicationEvents' -> false]]
]]></system-out>
  <system-err><![CDATA[]]></system-err>
</testsuite>
