<?xml version="1.0" encoding="UTF-8"?>
<testsuite name="kr.co.greetech.back.repository.DataLoggerRepositoryTest" tests="1" skipped="0" failures="0" errors="0" timestamp="2021-10-25T06:10:37" hostname="LAPTOP-JLJ2VI1H" time="0.039">
  <properties/>
  <testcase name="findByCompanyId()" classname="kr.co.greetech.back.repository.DataLoggerRepositoryTest" time="0.039"/>
  <system-out><![CDATA[2021-10-25 15:10:37.811  INFO 2876 --- [    Test worker] b.t.a.o.j.DataJpaTestContextBootstrapper : Neither @ContextConfiguration nor @ContextHierarchy found for test class [kr.co.greetech.back.repository.DataLoggerRepositoryTest], using SpringBootContextLoader
2021-10-25 15:10:37.812  INFO 2876 --- [    Test worker] o.s.t.c.support.AbstractContextLoader    : Could not detect default resource locations for test class [kr.co.greetech.back.repository.DataLoggerRepositoryTest]: no resource found for suffixes {-context.xml, Context.groovy}.
2021-10-25 15:10:37.812  INFO 2876 --- [    Test worker] t.c.s.AnnotationConfigContextLoaderUtils : Could not detect default configuration classes for test class [kr.co.greetech.back.repository.DataLoggerRepositoryTest]: DataLoggerRepositoryTest does not declare any static, non-private, non-final, nested classes annotated with @Configuration.
2021-10-25 15:10:37.815  INFO 2876 --- [    Test worker] .b.t.c.SpringBootTestContextBootstrapper : Found @SpringBootConfiguration kr.co.greetech.back.BackApplication for test class kr.co.greetech.back.repository.DataLoggerRepositoryTest
2021-10-25 15:10:37.816  INFO 2876 --- [    Test worker] b.t.a.o.j.DataJpaTestContextBootstrapper : Loaded default TestExecutionListener class names from location [META-INF/spring.factories]: [org.springframework.boot.test.autoconfigure.restdocs.RestDocsTestExecutionListener, org.springframework.boot.test.autoconfigure.web.client.MockRestServiceServerResetTestExecutionListener, org.springframework.boot.test.autoconfigure.web.servlet.MockMvcPrintOnlyOnFailureTestExecutionListener, org.springframework.boot.test.autoconfigure.web.servlet.WebDriverTestExecutionListener, org.springframework.boot.test.autoconfigure.webservices.client.MockWebServiceServerTestExecutionListener, org.springframework.boot.test.mock.mockito.MockitoTestExecutionListener, org.springframework.boot.test.mock.mockito.ResetMocksTestExecutionListener, org.springframework.test.context.web.ServletTestExecutionListener, org.springframework.test.context.support.DirtiesContextBeforeModesTestExecutionListener, org.springframework.test.context.event.ApplicationEventsTestExecutionListener, org.springframework.test.context.support.DependencyInjectionTestExecutionListener, org.springframework.test.context.support.DirtiesContextTestExecutionListener, org.springframework.test.context.transaction.TransactionalTestExecutionListener, org.springframework.test.context.jdbc.SqlScriptsTestExecutionListener, org.springframework.test.context.event.EventPublishingTestExecutionListener]
2021-10-25 15:10:37.816  INFO 2876 --- [    Test worker] b.t.a.o.j.DataJpaTestContextBootstrapper : Using TestExecutionListeners: [org.springframework.test.context.web.ServletTestExecutionListener@207bf6d8, org.springframework.test.context.support.DirtiesContextBeforeModesTestExecutionListener@5cdb7b, org.springframework.test.context.event.ApplicationEventsTestExecutionListener@3dcc59f5, org.springframework.boot.test.mock.mockito.MockitoTestExecutionListener@16b1dee7, org.springframework.boot.test.autoconfigure.SpringBootDependencyInjectionTestExecutionListener@690337df, org.springframework.test.context.support.DirtiesContextTestExecutionListener@f62ae87, org.springframework.test.context.transaction.TransactionalTestExecutionListener@50be5d6f, org.springframework.test.context.jdbc.SqlScriptsTestExecutionListener@48e0e779, org.springframework.test.context.event.EventPublishingTestExecutionListener@38ad8c75, org.springframework.boot.test.autoconfigure.restdocs.RestDocsTestExecutionListener@22a10b71, org.springframework.boot.test.autoconfigure.web.client.MockRestServiceServerResetTestExecutionListener@d67f6f, org.springframework.boot.test.autoconfigure.web.servlet.MockMvcPrintOnlyOnFailureTestExecutionListener@4fc28b23, org.springframework.boot.test.autoconfigure.web.servlet.WebDriverTestExecutionListener@1b58788a, org.springframework.boot.test.autoconfigure.webservices.client.MockWebServiceServerTestExecutionListener@31881213, org.springframework.boot.test.mock.mockito.ResetMocksTestExecutionListener@2162e4a]
2021-10-25 15:10:37.822  INFO 2876 --- [    Test worker] o.s.t.c.transaction.TransactionContext   : Began transaction (1) for test context [DefaultTestContext@43ac1fa0 testClass = DataLoggerRepositoryTest, testInstance = kr.co.greetech.back.repository.DataLoggerRepositoryTest@2ba7828b, testMethod = findByCompanyId@DataLoggerRepositoryTest, testException = [null], mergedContextConfiguration = [MergedContextConfiguration@3e6945c6 testClass = DataLoggerRepositoryTest, locations = '{}', classes = '{class kr.co.greetech.back.BackApplication}', contextInitializerClasses = '[]', activeProfiles = '{}', propertySourceLocations = '{}', propertySourceProperties = '{org.springframework.boot.test.autoconfigure.orm.jpa.DataJpaTestContextBootstrapper=true}', contextCustomizers = set[org.springframework.boot.test.autoconfigure.OverrideAutoConfigurationContextCustomizerFactory$DisableAutoConfigurationContextCustomizer@4420f4d4, org.springframework.boot.test.autoconfigure.actuate.metrics.MetricsExportContextCustomizerFactory$DisableMetricExportContextCustomizer@7894f09b, org.springframework.boot.test.autoconfigure.filter.TypeExcludeFiltersContextCustomizer@351584c0, org.springframework.boot.test.autoconfigure.properties.PropertyMappingContextCustomizer@1c8e105, org.springframework.boot.test.autoconfigure.web.servlet.WebDriverContextCustomizerFactory$Customizer@650eab8, [ImportsContextCustomizer@16e6a643 key = [org.springframework.boot.autoconfigure.cache.CacheAutoConfiguration, org.springframework.boot.autoconfigure.data.jpa.JpaRepositoriesAutoConfiguration, org.springframework.boot.autoconfigure.flyway.FlywayAutoConfiguration, org.springframework.boot.autoconfigure.jdbc.DataSourceAutoConfiguration, org.springframework.boot.autoconfigure.jdbc.DataSourceTransactionManagerAutoConfiguration, org.springframework.boot.autoconfigure.jdbc.JdbcTemplateAutoConfiguration, org.springframework.boot.autoconfigure.liquibase.LiquibaseAutoConfiguration, org.springframework.boot.autoconfigure.orm.jpa.HibernateJpaAutoConfiguration, org.springframework.boot.autoconfigure.sql.init.SqlInitializationAutoConfiguration, org.springframework.boot.autoconfigure.transaction.TransactionAutoConfiguration, org.springframework.boot.test.autoconfigure.jdbc.TestDatabaseAutoConfiguration, org.springframework.boot.test.autoconfigure.orm.jpa.TestEntityManagerAutoConfiguration]], org.springframework.boot.test.context.filter.ExcludeFilterContextCustomizer@4f2c9ba6, org.springframework.boot.test.json.DuplicateJsonObjectContextCustomizerFactory$DuplicateJsonObjectContextCustomizer@24d4d7c9, org.springframework.boot.test.mock.mockito.MockitoContextCustomizer@0, org.springframework.boot.test.context.SpringBootTestArgs@1, org.springframework.boot.test.context.SpringBootTestWebEnvironment@0], contextLoader = 'org.springframework.boot.test.context.SpringBootContextLoader', parent = [null]], attributes = map['org.springframework.test.context.event.ApplicationEventsTestExecutionListener.recordApplicationEvents' -> false]]; transaction manager [org.springframework.orm.jpa.JpaTransactionManager@50a1c2f3]; rollback [true]
2021-10-25 15:10:37.824 DEBUG 2876 --- [    Test worker] org.hibernate.SQL                        : 
    call next value for hibernate_sequence
Hibernate: 
    call next value for hibernate_sequence
2021-10-25 15:10:37.833 DEBUG 2876 --- [    Test worker] org.hibernate.SQL                        : 
    call next value for hibernate_sequence
Hibernate: 
    call next value for hibernate_sequence
2021-10-25 15:10:37.834 DEBUG 2876 --- [    Test worker] org.hibernate.SQL                        : 
    call next value for hibernate_sequence
Hibernate: 
    call next value for hibernate_sequence
2021-10-25 15:10:37.834 DEBUG 2876 --- [    Test worker] org.hibernate.SQL                        : 
    call next value for hibernate_sequence
Hibernate: 
    call next value for hibernate_sequence
2021-10-25 15:10:37.836 DEBUG 2876 --- [    Test worker] org.hibernate.SQL                        : 
    call next value for hibernate_sequence
Hibernate: 
    call next value for hibernate_sequence
2021-10-25 15:10:37.837 DEBUG 2876 --- [    Test worker] org.hibernate.SQL                        : 
    call next value for hibernate_sequence
Hibernate: 
    call next value for hibernate_sequence
2021-10-25 15:10:37.841 DEBUG 2876 --- [    Test worker] org.hibernate.SQL                        : 
    /* insert kr.co.greetech.back.entity.Company
        */ insert 
        into
            company
            (created_time, last_modified_time, login_id, login_pw, name, company_id) 
        values
            (?, ?, ?, ?, ?, ?)
Hibernate: 
    /* insert kr.co.greetech.back.entity.Company
        */ insert 
        into
            company
            (created_time, last_modified_time, login_id, login_pw, name, company_id) 
        values
            (?, ?, ?, ?, ?, ?)
2021-10-25 15:10:37.842 DEBUG 2876 --- [    Test worker] org.hibernate.SQL                        : 
    /* insert kr.co.greetech.back.entity.DataLogger
        */ insert 
        into
            data_logger
            (created_time, last_modified_time, channel_name, company_id, model_name, unit, data_logger_id) 
        values
            (?, ?, ?, ?, ?, ?, ?)
Hibernate: 
    /* insert kr.co.greetech.back.entity.DataLogger
        */ insert 
        into
            data_logger
            (created_time, last_modified_time, channel_name, company_id, model_name, unit, data_logger_id) 
        values
            (?, ?, ?, ?, ?, ?, ?)
2021-10-25 15:10:37.844 DEBUG 2876 --- [    Test worker] org.hibernate.SQL                        : 
    /* insert kr.co.greetech.back.entity.DataLogger
        */ insert 
        into
            data_logger
            (created_time, last_modified_time, channel_name, company_id, model_name, unit, data_logger_id) 
        values
            (?, ?, ?, ?, ?, ?, ?)
Hibernate: 
    /* insert kr.co.greetech.back.entity.DataLogger
        */ insert 
        into
            data_logger
            (created_time, last_modified_time, channel_name, company_id, model_name, unit, data_logger_id) 
        values
            (?, ?, ?, ?, ?, ?, ?)
2021-10-25 15:10:37.845 DEBUG 2876 --- [    Test worker] org.hibernate.SQL                        : 
    /* insert kr.co.greetech.back.entity.DataLogger
        */ insert 
        into
            data_logger
            (created_time, last_modified_time, channel_name, company_id, model_name, unit, data_logger_id) 
        values
            (?, ?, ?, ?, ?, ?, ?)
Hibernate: 
    /* insert kr.co.greetech.back.entity.DataLogger
        */ insert 
        into
            data_logger
            (created_time, last_modified_time, channel_name, company_id, model_name, unit, data_logger_id) 
        values
            (?, ?, ?, ?, ?, ?, ?)
2021-10-25 15:10:37.846 DEBUG 2876 --- [    Test worker] org.hibernate.SQL                        : 
    /* insert kr.co.greetech.back.entity.DataLogger
        */ insert 
        into
            data_logger
            (created_time, last_modified_time, channel_name, company_id, model_name, unit, data_logger_id) 
        values
            (?, ?, ?, ?, ?, ?, ?)
Hibernate: 
    /* insert kr.co.greetech.back.entity.DataLogger
        */ insert 
        into
            data_logger
            (created_time, last_modified_time, channel_name, company_id, model_name, unit, data_logger_id) 
        values
            (?, ?, ?, ?, ?, ?, ?)
2021-10-25 15:10:37.847 DEBUG 2876 --- [    Test worker] org.hibernate.SQL                        : 
    /* insert kr.co.greetech.back.entity.DataLogger
        */ insert 
        into
            data_logger
            (created_time, last_modified_time, channel_name, company_id, model_name, unit, data_logger_id) 
        values
            (?, ?, ?, ?, ?, ?, ?)
Hibernate: 
    /* insert kr.co.greetech.back.entity.DataLogger
        */ insert 
        into
            data_logger
            (created_time, last_modified_time, channel_name, company_id, model_name, unit, data_logger_id) 
        values
            (?, ?, ?, ?, ?, ?, ?)
2021-10-25 15:10:37.848 DEBUG 2876 --- [    Test worker] org.hibernate.SQL                        : 
    /* select
        generatedAlias0 
    from
        Company as generatedAlias0 */ select
            company0_.company_id as company_1_0_,
            company0_.created_time as created_2_0_,
            company0_.last_modified_time as last_mod3_0_,
            company0_.login_id as login_id4_0_,
            company0_.login_pw as login_pw5_0_,
            company0_.name as name6_0_ 
        from
            company company0_
Hibernate: 
    /* select
        generatedAlias0 
    from
        Company as generatedAlias0 */ select
            company0_.company_id as company_1_0_,
            company0_.created_time as created_2_0_,
            company0_.last_modified_time as last_mod3_0_,
            company0_.login_id as login_id4_0_,
            company0_.login_pw as login_pw5_0_,
            company0_.name as name6_0_ 
        from
            company company0_
2021-10-25 15:10:37.854 DEBUG 2876 --- [    Test worker] org.hibernate.SQL                        : 
    /* select
        generatedAlias0 
    from
        DataLogger as generatedAlias0 
    left join
        generatedAlias0.company as generatedAlias1 
    where
        generatedAlias1.id=:param0 */ select
            datalogger0_.data_logger_id as data_log1_1_,
            datalogger0_.created_time as created_2_1_,
            datalogger0_.last_modified_time as last_mod3_1_,
            datalogger0_.channel_name as channel_4_1_,
            datalogger0_.company_id as company_7_1_,
            datalogger0_.model_name as model_na5_1_,
            datalogger0_.unit as unit6_1_ 
        from
            data_logger datalogger0_ 
        left outer join
            company company1_ 
                on datalogger0_.company_id=company1_.company_id 
        where
            company1_.company_id=?
Hibernate: 
    /* select
        generatedAlias0 
    from
        DataLogger as generatedAlias0 
    left join
        generatedAlias0.company as generatedAlias1 
    where
        generatedAlias1.id=:param0 */ select
            datalogger0_.data_logger_id as data_log1_1_,
            datalogger0_.created_time as created_2_1_,
            datalogger0_.last_modified_time as last_mod3_1_,
            datalogger0_.channel_name as channel_4_1_,
            datalogger0_.company_id as company_7_1_,
            datalogger0_.model_name as model_na5_1_,
            datalogger0_.unit as unit6_1_ 
        from
            data_logger datalogger0_ 
        left outer join
            company company1_ 
                on datalogger0_.company_id=company1_.company_id 
        where
            company1_.company_id=?
2021-10-25 15:10:37.859  INFO 2876 --- [    Test worker] o.s.t.c.transaction.TransactionContext   : Rolled back transaction for test: [DefaultTestContext@43ac1fa0 testClass = DataLoggerRepositoryTest, testInstance = kr.co.greetech.back.repository.DataLoggerRepositoryTest@2ba7828b, testMethod = findByCompanyId@DataLoggerRepositoryTest, testException = [null], mergedContextConfiguration = [MergedContextConfiguration@3e6945c6 testClass = DataLoggerRepositoryTest, locations = '{}', classes = '{class kr.co.greetech.back.BackApplication}', contextInitializerClasses = '[]', activeProfiles = '{}', propertySourceLocations = '{}', propertySourceProperties = '{org.springframework.boot.test.autoconfigure.orm.jpa.DataJpaTestContextBootstrapper=true}', contextCustomizers = set[org.springframework.boot.test.autoconfigure.OverrideAutoConfigurationContextCustomizerFactory$DisableAutoConfigurationContextCustomizer@4420f4d4, org.springframework.boot.test.autoconfigure.actuate.metrics.MetricsExportContextCustomizerFactory$DisableMetricExportContextCustomizer@7894f09b, org.springframework.boot.test.autoconfigure.filter.TypeExcludeFiltersContextCustomizer@351584c0, org.springframework.boot.test.autoconfigure.properties.PropertyMappingContextCustomizer@1c8e105, org.springframework.boot.test.autoconfigure.web.servlet.WebDriverContextCustomizerFactory$Customizer@650eab8, [ImportsContextCustomizer@16e6a643 key = [org.springframework.boot.autoconfigure.cache.CacheAutoConfiguration, org.springframework.boot.autoconfigure.data.jpa.JpaRepositoriesAutoConfiguration, org.springframework.boot.autoconfigure.flyway.FlywayAutoConfiguration, org.springframework.boot.autoconfigure.jdbc.DataSourceAutoConfiguration, org.springframework.boot.autoconfigure.jdbc.DataSourceTransactionManagerAutoConfiguration, org.springframework.boot.autoconfigure.jdbc.JdbcTemplateAutoConfiguration, org.springframework.boot.autoconfigure.liquibase.LiquibaseAutoConfiguration, org.springframework.boot.autoconfigure.orm.jpa.HibernateJpaAutoConfiguration, org.springframework.boot.autoconfigure.sql.init.SqlInitializationAutoConfiguration, org.springframework.boot.autoconfigure.transaction.TransactionAutoConfiguration, org.springframework.boot.test.autoconfigure.jdbc.TestDatabaseAutoConfiguration, org.springframework.boot.test.autoconfigure.orm.jpa.TestEntityManagerAutoConfiguration]], org.springframework.boot.test.context.filter.ExcludeFilterContextCustomizer@4f2c9ba6, org.springframework.boot.test.json.DuplicateJsonObjectContextCustomizerFactory$DuplicateJsonObjectContextCustomizer@24d4d7c9, org.springframework.boot.test.mock.mockito.MockitoContextCustomizer@0, org.springframework.boot.test.context.SpringBootTestArgs@1, org.springframework.boot.test.context.SpringBootTestWebEnvironment@0], contextLoader = 'org.springframework.boot.test.context.SpringBootContextLoader', parent = [null]], attributes = map['org.springframework.test.context.event.ApplicationEventsTestExecutionListener.recordApplicationEvents' -> false]]
]]></system-out>
  <system-err><![CDATA[]]></system-err>
</testsuite>
